------Begin Mplus Model Run: 05Oct2015 08:54:47------
Target directory: C:/Users/iLife Admin/Documents/GitHub/RADC/outputs/pairs/grip_bostonstoryimm
Run options:
	Recursive (run models in subdirectories): FALSE
	Show output on console: FALSE
	Replace existing outfile: always
------
Currently running model: b1_female_a_grip_bostonstoryimm_10.inp
Currently running model: b1_female_a_grip_bostonstoryimm_11.inp
Currently running model: b1_female_a_grip_bostonstoryimm_12.inp
Currently running model: b1_female_a_grip_bostonstoryimm_13.inp
Currently running model: b1_female_a_grip_bostonstoryimm_14.inp
Currently running model: b1_female_a_grip_bostonstoryimm_15.inp
Currently running model: b1_female_a_grip_bostonstoryimm_16.inp
Currently running model: b1_female_a_grip_bostonstoryimm_17.inp
Currently running model: b1_female_a_grip_bostonstoryimm_18.inp
Currently running model: b1_female_a_grip_bostonstoryimm_4.inp
Currently running model: b1_female_a_grip_bostonstoryimm_5.inp
Currently running model: b1_female_a_grip_bostonstoryimm_6.inp
Currently running model: b1_female_a_grip_bostonstoryimm_7.inp
Currently running model: b1_female_a_grip_bostonstoryimm_8.inp
Currently running model: b1_female_a_grip_bostonstoryimm_9.inp
Currently running model: b1_male_a_grip_bostonstoryimm_10.inp
Currently running model: b1_male_a_grip_bostonstoryimm_11.inp
Currently running model: b1_male_a_grip_bostonstoryimm_12.inp
Currently running model: b1_male_a_grip_bostonstoryimm_13.inp
Currently running model: b1_male_a_grip_bostonstoryimm_14.inp
Currently running model: b1_male_a_grip_bostonstoryimm_15.inp
Currently running model: b1_male_a_grip_bostonstoryimm_16.inp
Currently running model: b1_male_a_grip_bostonstoryimm_17.inp
Currently running model: b1_male_a_grip_bostonstoryimm_18.inp
Currently running model: b1_male_a_grip_bostonstoryimm_4.inp
Currently running model: b1_male_a_grip_bostonstoryimm_5.inp
Currently running model: b1_male_a_grip_bostonstoryimm_6.inp
Currently running model: b1_male_a_grip_bostonstoryimm_7.inp
Currently running model: b1_male_a_grip_bostonstoryimm_8.inp
Currently running model: b1_male_a_grip_bostonstoryimm_9.inp

------End Mplus Model Run: 05Oct2015 09:16:53------
