------Begin Mplus Model Run: 05Oct2015 09:29:20------
Target directory: C:/Users/iLife Admin/Documents/GitHub/RADC/outputs/pairs/grip_complexidea
Run options:
	Recursive (run models in subdirectories): FALSE
	Show output on console: FALSE
	Replace existing outfile: always
------
Currently running model: b1_female_a_grip_complexidea_10.inp
Currently running model: b1_female_a_grip_complexidea_11.inp
Currently running model: b1_female_a_grip_complexidea_12.inp
Currently running model: b1_female_a_grip_complexidea_13.inp
Currently running model: b1_female_a_grip_complexidea_14.inp
Currently running model: b1_female_a_grip_complexidea_15.inp
Currently running model: b1_female_a_grip_complexidea_16.inp
Currently running model: b1_female_a_grip_complexidea_17.inp
Currently running model: b1_female_a_grip_complexidea_18.inp
Currently running model: b1_female_a_grip_complexidea_4.inp
Currently running model: b1_female_a_grip_complexidea_5.inp
Currently running model: b1_female_a_grip_complexidea_6.inp
Currently running model: b1_female_a_grip_complexidea_7.inp
Currently running model: b1_female_a_grip_complexidea_8.inp
Currently running model: b1_female_a_grip_complexidea_9.inp
Currently running model: b1_male_a_grip_complexidea_10.inp
Currently running model: b1_male_a_grip_complexidea_11.inp
Currently running model: b1_male_a_grip_complexidea_12.inp
Currently running model: b1_male_a_grip_complexidea_13.inp
Currently running model: b1_male_a_grip_complexidea_14.inp
Currently running model: b1_male_a_grip_complexidea_15.inp
Currently running model: b1_male_a_grip_complexidea_16.inp
Currently running model: b1_male_a_grip_complexidea_17.inp
Currently running model: b1_male_a_grip_complexidea_18.inp
Currently running model: b1_male_a_grip_complexidea_4.inp
Currently running model: b1_male_a_grip_complexidea_5.inp
Currently running model: b1_male_a_grip_complexidea_6.inp
Currently running model: b1_male_a_grip_complexidea_7.inp
Currently running model: b1_male_a_grip_complexidea_8.inp
Currently running model: b1_male_a_grip_complexidea_9.inp

------End Mplus Model Run: 05Oct2015 09:46:01------
