Mplus VERSION 7.3
MUTHEN & MUTHEN
10/04/2015   3:15 AM

INPUT INSTRUCTIONS

  TITLE:
  Your new title
  DATA:
  File = radcMAP_wide.dat;
  VARIABLE:
  Names are
  	projid study_x scaled_to_x agreeableness conscientiousness extraversion
  	neo_altruism neo_conscientiousness neo_trust openness anxiety_10items
  	neuroticism_12 neuroticism_6 age_bl age_death educ msex race spanish q1inc
  	apoe_genotype ldai_bl q3smo_bl q4smo_bl smoking married married2 age_at_visit_00
  	age_at_visit_01 age_at_visit_02 age_at_visit_03 age_at_visit_04 age_at_visit_05
  	age_at_visit_06 age_at_visit_07 age_at_visit_08 age_at_visit_09 age_at_visit_10
  	age_at_visit_11 age_at_visit_12 age_at_visit_13 age_at_visit_14 age_at_visit_15
  	age_at_visit_16 age_at_visit_17 age_at_visit_18 age_at_visit_19 age_at_visit_20
  	alcohol_g_00 alcohol_g_01 alcohol_g_02 alcohol_g_03 alcohol_g_04 alcohol_g_05
  	alcohol_g_06 alcohol_g_07 alcohol_g_08 alcohol_g_09 alcohol_g_10 alcohol_g_11
  	alcohol_g_12 alcohol_g_13 alcohol_g_14 alcohol_g_15 alcohol_g_16 alcohol_g_17
  	alcohol_g_18 alcohol_g_19 alcohol_g_20 bmi_00 bmi_01 bmi_02 bmi_03 bmi_04 bmi_05
  	bmi_06 bmi_07 bmi_08 bmi_09 bmi_10 bmi_11 bmi_12 bmi_13 bmi_14 bmi_15 bmi_16
  	bmi_17 bmi_18 bmi_19 bmi_20 bp11_00 bp11_01 bp11_02 bp11_03 bp11_04 bp11_05
  	bp11_06 bp11_07 bp11_08 bp11_09 bp11_10 bp11_11 bp11_12 bp11_13 bp11_14 bp11_15
  	bp11_16 bp11_17 bp11_18 bp11_19 bp11_20 bp2_00 bp2_01 bp2_02 bp2_03 bp2_04
  	bp2_05 bp2_06 bp2_07 bp2_08 bp2_09 bp2_10 bp2_11 bp2_12 bp2_13 bp2_14 bp2_15
  	bp2_16 bp2_17 bp2_18 bp2_19 bp2_20 bp3_00 bp3_01 bp3_02 bp3_03 bp3_04 bp3_05
  	bp3_06 bp3_07 bp3_08 bp3_09 bp3_10 bp31_00 bp31_01 bp31_02 bp31_03 bp31_04
  	bp31_05 bp31_06 bp31_07 bp31_08 bp31_09 bp3_11 bp31_10 bp31_11 bp31_12 bp31_13
  	bp31_14 bp31_15 bp31_16 bp31_17 bp31_18 bp31_19 bp3_12 bp31_20 bp3_13 bp3_14
  	bp3_15 bp3_16 bp3_17 bp3_18 bp3_19 bp3_20 bun_00 bun_01 bun_02 bun_03 bun_04
  	bun_05 bun_06 bun_07 bun_08 bun_09 bun_10 bun_11 bun_12 bun_13 bun_14 bun_15
  	bun_16 bun_17 bun_18 bun_19 bun_20 ca_00 ca_01 ca_02 ca_03 ca_04 ca_05 ca_06
  	ca_07 ca_08 ca_09 ca_10 ca_11 ca_12 ca_13 ca_14 ca_15 ca_16 ca_17 ca_18 ca_19
  	ca_20 cesdsum_00 cesdsum_01 cesdsum_02 cesdsum_03 cesdsum_04 cesdsum_05
  	cesdsum_06 cesdsum_07 cesdsum_08 cesdsum_09 cesdsum_10 cesdsum_11 cesdsum_12
  	cesdsum_13 cesdsum_14 cesdsum_15 cesdsum_16 cesdsum_17 cesdsum_18 cesdsum_19
  	cesdsum_20 chf_cum_00 chf_cum_01 chf_cum_02 chf_cum_03 chf_cum_04 chf_cum_05
  	chf_cum_06 chf_cum_07 chf_cum_08 chf_cum_09 chf_cum_10 chf_cum_11 chf_cum_12
  	chf_cum_13 chf_cum_14 chf_cum_15 chf_cum_16 chf_cum_17 chf_cum_18 chf_cum_19
  	chf_cum_20 chlstrl_00 chlstrl_01 chlstrl_02 chlstrl_03 chlstrl_04 chlstrl_05
  	chlstrl_06 chlstrl_07 chlstrl_08 chlstrl_09 chlstrl_10 chlstrl_11 chlstrl_12
  	chlstrl_13 chlstrl_14 chlstrl_15 chlstrl_16 chlstrl_17 chlstrl_18 chlstrl_19
  	chlstrl_20 cl_00 cl_01 cl_02 cl_03 cl_04 cl_05 cl_06 cl_07 cl_08 cl_09 cl_10
  	cl_11 cl_12 cl_13 cl_14 cl_15 cl_16 cl_17 cl_18 cl_19 cl_20 claudication_cum_00
  	claudication_cum_01 claudication_cum_02 claudication_cum_03 claudication_cum_04
  	claudication_cum_05 claudication_cum_06 claudication_cum_07 claudication_cum_08
  	claudication_cum_09 claudication_cum_10 claudication_cum_11 claudication_cum_12
  	claudication_cum_13 claudication_cum_14 claudication_cum_15 claudication_cum_16
  	claudication_cum_17 claudication_cum_18 claudication_cum_19 claudication_cum_20
  	co2_00 co2_01 co2_02 co2_03 co2_04 co2_05 co2_06 co2_07 co2_08 co2_09 co2_10
  	co2_11 co2_12 co2_13 co2_14 co2_15 co2_16 co2_17 co2_18 co2_19 co2_20 cogn_ep_00
  	cogn_ep_01 cogn_ep_02 cogn_ep_03 cogn_ep_04 cogn_ep_05 cogn_ep_06 cogn_ep_07
  	cogn_ep_08 cogn_ep_09 cogn_ep_10 cogn_ep_11 cogn_ep_12 cogn_ep_13 cogn_ep_14
  	cogn_ep_15 cogn_ep_16 cogn_ep_17 cogn_ep_18 cogn_ep_19 cogn_ep_20 cogn_global_00
  	cogn_global_01 cogn_global_02 cogn_global_03 cogn_global_04 cogn_global_05
  	cogn_global_06 cogn_global_07 cogn_global_08 cogn_global_09 cogn_global_10
  	cogn_global_11 cogn_global_12 cogn_global_13 cogn_global_14 cogn_global_15
  	cogn_global_16 cogn_global_17 cogn_global_18 cogn_global_19 cogn_global_20
  	cogn_po_00 cogn_po_01 cogn_po_02 cogn_po_03 cogn_po_04 cogn_po_05 cogn_po_06
  	cogn_po_07 cogn_po_08 cogn_po_09 cogn_po_10 cogn_po_11 cogn_po_12 cogn_po_13
  	cogn_po_14 cogn_po_15 cogn_po_16 cogn_po_17 cogn_po_18 cogn_po_19 cogn_po_20
  	cogn_ps_00 cogn_ps_01 cogn_ps_02 cogn_ps_03 cogn_ps_04 cogn_ps_05 cogn_ps_06
  	cogn_ps_07 cogn_ps_08 cogn_ps_09 cogn_ps_10 cogn_ps_11 cogn_ps_12 cogn_ps_13
  	cogn_ps_14 cogn_ps_15 cogn_ps_16 cogn_ps_17 cogn_ps_18 cogn_ps_19 cogn_ps_20
  	cogn_se_00 cogn_se_01 cogn_se_02 cogn_se_03 cogn_se_04 cogn_se_05 cogn_se_06
  	cogn_se_07 cogn_se_08 cogn_se_09 cogn_se_10 cogn_se_11 cogn_se_12 cogn_se_13
  	cogn_se_14 cogn_se_15 cogn_se_16 cogn_se_17 cogn_se_18 cogn_se_19 cogn_se_20
  	cogn_wo_00 cogn_wo_01 cogn_wo_02 cogn_wo_03 cogn_wo_04 cogn_wo_05 cogn_wo_06
  	cogn_wo_07 cogn_wo_08 cogn_wo_09 cogn_wo_10 cogn_wo_11 cogn_wo_12 cogn_wo_13
  	cogn_wo_14 cogn_wo_15 cogn_wo_16 cogn_wo_17 cogn_wo_18 cogn_wo_19 cogn_wo_20
  	crn_00 crn_01 crn_02 crn_03 crn_04 crn_05 crn_06 crn_07 crn_08 crn_09 crn_10
  	crn_11 crn_12 crn_13 crn_14 crn_15 crn_16 crn_17 crn_18 crn_19 crn_20
  	cts_bname_00 cts_bname_01 cts_bname_02 cts_bname_03 cts_bname_04 cts_bname_05
  	cts_bname_06 cts_bname_07 cts_bname_08 cts_bname_09 cts_bname_10 cts_bname_11
  	cts_bname_12 cts_bname_13 cts_bname_14 cts_bname_15 cts_bname_16 cts_bname_17
  	cts_bname_18 cts_bname_19 cts_bname_20 cts_catflu_00 cts_catflu_01 cts_catflu_02
  	cts_catflu_03 cts_catflu_04 cts_catflu_05 cts_catflu_06 cts_catflu_07
  	cts_catflu_08 cts_catflu_09 cts_catflu_10 cts_catflu_11 cts_catflu_12
  	cts_catflu_13 cts_catflu_14 cts_catflu_15 cts_catflu_16 cts_catflu_17
  	cts_catflu_18 cts_catflu_19 cts_catflu_20 cts_db_00 cts_db_01 cts_db_02
  	cts_db_03 cts_db_04 cts_db_05 cts_db_06 cts_db_07 cts_db_08 cts_db_09 cts_db_10
  	cts_db_11 cts_db_12 cts_db_13 cts_db_14 cts_db_15 cts_db_16 cts_db_17 cts_db_18
  	cts_db_19 cts_db_20 cts_delay_00 cts_delay_01 cts_delay_02 cts_delay_03
  	cts_delay_04 cts_delay_05 cts_delay_06 cts_delay_07 cts_delay_08 cts_delay_09
  	cts_delay_10 cts_delay_11 cts_delay_12 cts_delay_13 cts_delay_14 cts_delay_15
  	cts_delay_16 cts_delay_17 cts_delay_18 cts_delay_19 cts_delay_20 cts_df_00
  	cts_df_01 cts_df_02 cts_df_03 cts_df_04 cts_df_05 cts_df_06 cts_df_07 cts_df_08
  	cts_df_09 cts_df_10 cts_df_11 cts_df_12 cts_df_13 cts_df_14 cts_df_15 cts_df_16
  	cts_df_17 cts_df_18 cts_df_19 cts_df_20 cts_doperf_00 cts_doperf_01
  	cts_doperf_02 cts_doperf_03 cts_doperf_04 cts_doperf_05 cts_doperf_06
  	cts_doperf_07 cts_doperf_08 cts_doperf_09 cts_doperf_10 cts_doperf_11
  	cts_doperf_12 cts_doperf_13 cts_doperf_14 cts_doperf_15 cts_doperf_16
  	cts_doperf_17 cts_doperf_18 cts_doperf_19 cts_doperf_20 cts_ebdr_00 cts_ebdr_01
  	cts_ebdr_02 cts_ebdr_03 cts_ebdr_04 cts_ebdr_05 cts_ebdr_06 cts_ebdr_07
  	cts_ebdr_08 cts_ebdr_09 cts_ebdr_10 cts_ebdr_11 cts_ebdr_12 cts_ebdr_13
  	cts_ebdr_14 cts_ebdr_15 cts_ebdr_16 cts_ebdr_17 cts_ebdr_18 cts_ebdr_19
  	cts_ebdr_20 cts_ebmt_00 cts_ebmt_01 cts_ebmt_02 cts_ebmt_03 cts_ebmt_04
  	cts_ebmt_05 cts_ebmt_06 cts_ebmt_07 cts_ebmt_08 cts_ebmt_09 cts_ebmt_10
  	cts_ebmt_11 cts_ebmt_12 cts_ebmt_13 cts_ebmt_14 cts_ebmt_15 cts_ebmt_16
  	cts_ebmt_17 cts_ebmt_18 cts_ebmt_19 cts_ebmt_20 cts_idea_00 cts_idea_01
  	cts_idea_02 cts_idea_03 cts_idea_04 cts_idea_05 cts_idea_06 cts_idea_07
  	cts_idea_08 cts_idea_09 cts_idea_10 cts_idea_11 cts_idea_12 cts_idea_13
  	cts_idea_14 cts_idea_15 cts_idea_16 cts_idea_17 cts_idea_18 cts_idea_19
  	cts_idea_20 cts_lopair_00 cts_lopair_01 cts_lopair_02 cts_lopair_03
  	cts_lopair_04 cts_lopair_05 cts_lopair_06 cts_lopair_07 cts_lopair_08
  	cts_lopair_09 cts_lopair_10 cts_lopair_11 cts_lopair_12 cts_lopair_13
  	cts_lopair_14 cts_lopair_15 cts_lopair_16 cts_lopair_17 cts_lopair_18
  	cts_lopair_19 cts_lopair_20 cts_mmse30_00 cts_mmse30_01 cts_mmse30_02
  	cts_mmse30_03 cts_mmse30_04 cts_mmse30_05 cts_mmse30_06 cts_mmse30_07
  	cts_mmse30_08 cts_mmse30_09 cts_mmse30_10 cts_mmse30_11 cts_mmse30_12
  	cts_mmse30_13 cts_mmse30_14 cts_mmse30_15 cts_mmse30_16 cts_mmse30_17
  	cts_mmse30_18 cts_mmse30_19 cts_mmse30_20 cts_nccrtd_00 cts_nccrtd_01
  	cts_nccrtd_02 cts_nccrtd_03 cts_nccrtd_04 cts_nccrtd_05 cts_nccrtd_06
  	cts_nccrtd_07 cts_nccrtd_08 cts_nccrtd_09 cts_nccrtd_10 cts_nccrtd_11
  	cts_nccrtd_12 cts_nccrtd_13 cts_nccrtd_14 cts_nccrtd_15 cts_nccrtd_16
  	cts_nccrtd_17 cts_nccrtd_18 cts_nccrtd_19 cts_nccrtd_20 cts_pmat_00 cts_pmat_01
  	cts_pmat_02 cts_pmat_03 cts_pmat_04 cts_pmat_05 cts_pmat_06 cts_pmat_07
  	cts_pmat_08 cts_pmat_09 cts_pmat_10 cts_pmat_11 cts_pmat_12 cts_pmat_13
  	cts_pmat_14 cts_pmat_15 cts_pmat_16 cts_pmat_17 cts_pmat_18 cts_pmat_19
  	cts_pmat_20 cts_read_nart_00 cts_read_nart_01 cts_read_nart_02 cts_read_nart_03
  	cts_read_nart_04 cts_read_nart_05 cts_read_nart_06 cts_read_nart_07
  	cts_read_nart_08 cts_read_nart_09 cts_read_nart_10 cts_read_nart_11
  	cts_read_nart_12 cts_read_nart_13 cts_read_nart_14 cts_read_nart_15
  	cts_read_nart_16 cts_read_nart_17 cts_read_nart_18 cts_read_nart_19
  	cts_read_nart_20 cts_read_wrat_00 cts_read_wrat_01 cts_read_wrat_02
  	cts_read_wrat_03 cts_read_wrat_04 cts_read_wrat_05 cts_read_wrat_06
  	cts_read_wrat_07 cts_read_wrat_08 cts_read_wrat_09 cts_read_wrat_10
  	cts_read_wrat_11 cts_read_wrat_12 cts_read_wrat_13 cts_read_wrat_14
  	cts_read_wrat_15 cts_read_wrat_16 cts_read_wrat_17 cts_read_wrat_18
  	cts_read_wrat_19 cts_read_wrat_20 cts_sdmt_00 cts_sdmt_01 cts_sdmt_02
  	cts_sdmt_03 cts_sdmt_04 cts_sdmt_05 cts_sdmt_06 cts_sdmt_07 cts_sdmt_08
  	cts_sdmt_09 cts_sdmt_10 cts_sdmt_11 cts_sdmt_12 cts_sdmt_13 cts_sdmt_14
  	cts_sdmt_15 cts_sdmt_16 cts_sdmt_17 cts_sdmt_18 cts_sdmt_19 cts_sdmt_20
  	cts_story_00 cts_story_01 cts_story_02 cts_story_03 cts_story_04 cts_story_05
  	cts_story_06 cts_story_07 cts_story_08 cts_story_09 cts_story_10 cts_story_11
  	cts_story_12 cts_story_13 cts_story_14 cts_story_15 cts_story_16 cts_story_17
  	cts_story_18 cts_story_19 cts_story_20 cts_wli_00 cts_wli_01 cts_wli_02
  	cts_wli_03 cts_wli_04 cts_wli_05 cts_wli_06 cts_wli_07 cts_wli_08 cts_wli_09
  	cts_wli_10 cts_wli_11 cts_wli_12 cts_wli_13 cts_wli_14 cts_wli_15 cts_wli_16
  	cts_wli_17 cts_wli_18 cts_wli_19 cts_wli_20 cts_wlii_00 cts_wlii_01 cts_wlii_02
  	cts_wlii_03 cts_wlii_04 cts_wlii_05 cts_wlii_06 cts_wlii_07 cts_wlii_08
  	cts_wlii_09 cts_wlii_10 cts_wlii_11 cts_wlii_12 cts_wlii_13 cts_wlii_14
  	cts_wlii_15 cts_wlii_16 cts_wlii_17 cts_wlii_18 cts_wlii_19 cts_wlii_20
  	cts_wliii_00 cts_wliii_01 cts_wliii_02 cts_wliii_03 cts_wliii_04 cts_wliii_05
  	cts_wliii_06 cts_wliii_07 cts_wliii_08 cts_wliii_09 cts_wliii_10 cts_wliii_11
  	cts_wliii_12 cts_wliii_13 cts_wliii_14 cts_wliii_15 cts_wliii_16 cts_wliii_17
  	cts_wliii_18 cts_wliii_19 cts_wliii_20 dcfdx_00 dcfdx_01 dcfdx_02 dcfdx_03
  	dcfdx_04 dcfdx_05 dcfdx_06 dcfdx_07 dcfdx_08 dcfdx_09 dcfdx_10 dcfdx_11 dcfdx_12
  	dcfdx_13 dcfdx_14 dcfdx_15 dcfdx_16 dcfdx_17 dcfdx_18 dcfdx_19 dcfdx_20
  	dementia_00 dementia_01 dementia_02 dementia_03 dementia_04 dementia_05
  	dementia_06 dementia_07 dementia_08 dementia_09 dementia_10 dementia_11
  	dementia_12 dementia_13 dementia_14 dementia_15 dementia_16 dementia_17
  	dementia_18 dementia_19 dementia_20 dm_cum_00 dm_cum_01 dm_cum_02 dm_cum_03
  	dm_cum_04 dm_cum_05 dm_cum_06 dm_cum_07 dm_cum_08 dm_cum_09 dm_cum_10 dm_cum_11
  	dm_cum_12 dm_cum_13 dm_cum_14 dm_cum_15 dm_cum_16 dm_cum_17 dm_cum_18 dm_cum_19
  	dm_cum_20 fasting_00 fasting_01 fasting_02 fasting_03 fasting_04 fasting_05
  	fasting_06 fasting_07 fasting_08 fasting_09 fasting_10 fasting_11 fasting_12
  	fasting_13 fasting_14 fasting_15 fasting_16 fasting_17 fasting_18 fasting_19
  	fasting_20 fev_00 fev_01 fev_02 fev_03 fev_04 fev_05 fev_06 fev_07 fev_08 fev_09
  	fev_10 fev_11 fev_12 fev_13 fev_14 fev_15 fev_16 fev_17 fev_18 fev_19 fev_20
  	fu_year gait_speed_00 gait_speed_01 gait_speed_02 gait_speed_03 gait_speed_04
  	gait_speed_05 gait_speed_06 gait_speed_07 gait_speed_08 gait_speed_09
  	gait_speed_10 gait_speed_11 gait_speed_12 gait_speed_13 gait_speed_14
  	gait_speed_15 gait_speed_16 gait_speed_17 gait_speed_18 gait_speed_19
  	gait_speed_20 glucose_00 glucose_01 glucose_02 glucose_03 glucose_04 glucose_05
  	glucose_06 glucose_07 glucose_08 glucose_09 glucose_10 glucose_11 glucose_12
  	glucose_13 glucose_14 glucose_15 glucose_16 glucose_17 glucose_18 glucose_19
  	glucose_20 gripavg_00 gripavg_01 gripavg_02 gripavg_03 gripavg_04 gripavg_05
  	gripavg_06 gripavg_07 gripavg_08 gripavg_09 gripavg_10 gripavg_11 gripavg_12
  	gripavg_13 gripavg_14 gripavg_15 gripavg_16 gripavg_17 gripavg_18 gripavg_19
  	gripavg_20 hba1c_00 hba1c_01 hba1c_02 hba1c_03 hba1c_04 hba1c_05 hba1c_06
  	hba1c_07 hba1c_08 hba1c_09 hba1c_10 hba1c_11 hba1c_12 hba1c_13 hba1c_14 hba1c_15
  	hba1c_16 hba1c_17 hba1c_18 hba1c_19 hba1c_20 hdlchlstrl_00 hdlchlstrl_01
  	hdlchlstrl_02 hdlchlstrl_03 hdlchlstrl_04 hdlchlstrl_05 hdlchlstrl_06
  	hdlchlstrl_07 hdlchlstrl_08 hdlchlstrl_09 hdlchlstrl_10 hdlchlstrl_11
  	hdlchlstrl_12 hdlchlstrl_13 hdlchlstrl_14 hdlchlstrl_15 hdlchlstrl_16
  	hdlchlstrl_17 hdlchlstrl_18 hdlchlstrl_19 hdlchlstrl_20 hdlratio_00 hdlratio_01
  	hdlratio_02 hdlratio_03 hdlratio_04 hdlratio_05 hdlratio_06 hdlratio_07
  	hdlratio_08 hdlratio_09 hdlratio_10 hdlratio_11 hdlratio_12 hdlratio_13
  	hdlratio_14 hdlratio_15 hdlratio_16 hdlratio_17 hdlratio_18 hdlratio_19
  	hdlratio_20 heart_cum_00 heart_cum_01 heart_cum_02 heart_cum_03 heart_cum_04
  	heart_cum_05 heart_cum_06 heart_cum_07 heart_cum_08 heart_cum_09 heart_cum_10
  	heart_cum_11 heart_cum_12 heart_cum_13 heart_cum_14 heart_cum_15 heart_cum_16
  	heart_cum_17 heart_cum_18 heart_cum_19 heart_cum_20 htm_00 htm_01 htm_02 htm_03
  	htm_04 htm_05 htm_06 htm_07 htm_08 htm_09 htm_10 htm_11 htm_12 htm_13 htm_14
  	htm_15 htm_16 htm_17 htm_18 htm_19 htm_20 hypertension_cum_00
  	hypertension_cum_01 hypertension_cum_02 hypertension_cum_03 hypertension_cum_04
  	hypertension_cum_05 hypertension_cum_06 hypertension_cum_07 hypertension_cum_08
  	hypertension_cum_09 hypertension_cum_10 hypertension_cum_11 hypertension_cum_12
  	hypertension_cum_13 hypertension_cum_14 hypertension_cum_15 hypertension_cum_16
  	hypertension_cum_17 hypertension_cum_18 hypertension_cum_19 hypertension_cum_20
  	iadlsum_00 iadlsum_01 iadlsum_02 iadlsum_03 iadlsum_04 iadlsum_05 iadlsum_06
  	iadlsum_07 iadlsum_08 iadlsum_09 iadlsum_10 iadlsum_11 iadlsum_12 iadlsum_13
  	iadlsum_14 iadlsum_15 iadlsum_16 iadlsum_17 iadlsum_18 iadlsum_19 iadlsum_20
  	intrusion_00 intrusion_01 intrusion_02 intrusion_03 intrusion_04 intrusion_05
  	intrusion_06 intrusion_07 intrusion_08 intrusion_09 intrusion_10 intrusion_11
  	intrusion_12 intrusion_13 intrusion_14 intrusion_15 intrusion_16 intrusion_17
  	intrusion_18 intrusion_19 intrusion_20 k_00 k_01 k_02 k_03 k_04 k_05 k_06 k_07
  	k_08 k_09 k_10 k_11 k_12 k_13 k_14 k_15 k_16 k_17 k_18 k_19 k_20 katzsum_00
  	katzsum_01 katzsum_02 katzsum_03 katzsum_04 katzsum_05 katzsum_06 katzsum_07
  	katzsum_08 katzsum_09 katzsum_10 katzsum_11 katzsum_12 katzsum_13 katzsum_14
  	katzsum_15 katzsum_16 katzsum_17 katzsum_18 katzsum_19 katzsum_20 ldlchlstrl_00
  	ldlchlstrl_01 ldlchlstrl_02 ldlchlstrl_03 ldlchlstrl_04 ldlchlstrl_05
  	ldlchlstrl_06 ldlchlstrl_07 ldlchlstrl_08 ldlchlstrl_09 ldlchlstrl_10
  	ldlchlstrl_11 ldlchlstrl_12 ldlchlstrl_13 ldlchlstrl_14 ldlchlstrl_15
  	ldlchlstrl_16 ldlchlstrl_17 ldlchlstrl_18 ldlchlstrl_19 ldlchlstrl_20 mep_00
  	mep_01 mep_02 mep_03 mep_04 mep_05 mep_06 mep_07 mep_08 mep_09 mep_10 mep_11
  	mep_12 mep_13 mep_14 mep_15 mep_16 mep_17 mep_18 mep_19 mep_20 mip_00 mip_01
  	mip_02 mip_03 mip_04 mip_05 mip_06 mip_07 mip_08 mip_09 mip_10 mip_11 mip_12
  	mip_13 mip_14 mip_15 mip_16 mip_17 mip_18 mip_19 mip_20 na_00 na_01 na_02 na_03
  	na_04 na_05 na_06 na_07 na_08 na_09 na_10 na_11 na_12 na_13 na_14 na_15 na_16
  	na_17 na_18 na_19 na_20 neglifeevents_00 neglifeevents_01 neglifeevents_02
  	neglifeevents_03 neglifeevents_04 neglifeevents_05 neglifeevents_06
  	neglifeevents_07 neglifeevents_08 neglifeevents_09 neglifeevents_10
  	neglifeevents_11 neglifeevents_12 neglifeevents_13 neglifeevents_14
  	neglifeevents_15 neglifeevents_16 neglifeevents_17 neglifeevents_18
  	neglifeevents_19 neglifeevents_20 negsocexchange_00 negsocexchange_01
  	negsocexchange_02 negsocexchange_03 negsocexchange_04 negsocexchange_05
  	negsocexchange_06 negsocexchange_07 negsocexchange_08 negsocexchange_09
  	negsocexchange_10 negsocexchange_11 negsocexchange_12 negsocexchange_13
  	negsocexchange_14 negsocexchange_15 negsocexchange_16 negsocexchange_17
  	negsocexchange_18 negsocexchange_19 negsocexchange_20 nohelp_00 nohelp_01
  	nohelp_02 nohelp_03 nohelp_04 nohelp_05 nohelp_06 nohelp_07 nohelp_08 nohelp_09
  	nohelp_10 nohelp_11 nohelp_12 nohelp_13 nohelp_14 nohelp_15 nohelp_16 nohelp_17
  	nohelp_18 nohelp_19 nohelp_20 panas_00 panas_01 panas_02 panas_03 panas_04
  	panas_05 panas_06 panas_07 panas_08 panas_09 panas_10 panas_11 panas_12 panas_13
  	panas_14 panas_15 panas_16 panas_17 panas_18 panas_19 panas_20
  	perceivedstress_00 perceivedstress_01 perceivedstress_02 perceivedstress_03
  	perceivedstress_04 perceivedstress_05 perceivedstress_06 perceivedstress_07
  	perceivedstress_08 perceivedstress_09 perceivedstress_10 perceivedstress_11
  	perceivedstress_12 perceivedstress_13 perceivedstress_14 perceivedstress_15
  	perceivedstress_16 perceivedstress_17 perceivedstress_18 perceivedstress_19
  	perceivedstress_20 phys5itemsum_00 phys5itemsum_01 phys5itemsum_02
  	phys5itemsum_03 phys5itemsum_04 phys5itemsum_05 phys5itemsum_06 phys5itemsum_07
  	phys5itemsum_08 phys5itemsum_09 phys5itemsum_10 phys5itemsum_11 phys5itemsum_12
  	phys5itemsum_13 phys5itemsum_14 phys5itemsum_15 phys5itemsum_16 phys5itemsum_17
  	phys5itemsum_18 phys5itemsum_19 phys5itemsum_20 pvc_00 pvc_01 pvc_02 pvc_03
  	pvc_04 pvc_05 pvc_06 pvc_07 pvc_08 pvc_09 pvc_10 pvc_11 pvc_12 pvc_13 pvc_14
  	pvc_15 pvc_16 pvc_17 pvc_18 pvc_19 pvc_20 r_depres_00 r_depres_01 r_depres_02
  	r_depres_03 r_depres_04 r_depres_05 r_depres_06 r_depres_07 r_depres_08
  	r_depres_09 r_depres_10 r_depres_11 r_depres_12 r_depres_13 r_depres_14
  	r_depres_15 r_depres_16 r_depres_17 r_depres_18 r_depres_19 r_depres_20
  	rejection_00 rejection_01 rejection_02 rejection_03 rejection_04 rejection_05
  	rejection_06 rejection_07 rejection_08 rejection_09 rejection_10 rejection_11
  	rejection_12 rejection_13 rejection_14 rejection_15 rejection_16 rejection_17
  	rejection_18 rejection_19 rejection_20 rosbscl_00 rosbscl_01 rosbscl_02
  	rosbscl_03 rosbscl_04 rosbscl_05 rosbscl_06 rosbscl_07 rosbscl_08 rosbscl_09
  	rosbscl_10 rosbscl_11 rosbscl_12 rosbscl_13 rosbscl_14 rosbscl_15 rosbscl_16
  	rosbscl_17 rosbscl_18 rosbscl_19 rosbscl_20 rosbsum_00 rosbsum_01 rosbsum_02
  	rosbsum_03 rosbsum_04 rosbsum_05 rosbsum_06 rosbsum_07 rosbsum_08 rosbsum_09
  	rosbsum_10 rosbsum_11 rosbsum_12 rosbsum_13 rosbsum_14 rosbsum_15 rosbsum_16
  	rosbsum_17 rosbsum_18 rosbsum_19 rosbsum_20 r_stroke_00 r_stroke_01 r_stroke_02
  	r_stroke_03 r_stroke_04 r_stroke_05 r_stroke_06 r_stroke_07 r_stroke_08
  	r_stroke_09 r_stroke_10 r_stroke_11 r_stroke_12 r_stroke_13 r_stroke_14
  	r_stroke_15 r_stroke_16 r_stroke_17 r_stroke_18 r_stroke_19 r_stroke_20
  	scaled_to_y stroke_cum_00 stroke_cum_01 stroke_cum_02 stroke_cum_03
  	stroke_cum_04 stroke_cum_05 stroke_cum_06 stroke_cum_07 stroke_cum_08
  	stroke_cum_09 stroke_cum_10 stroke_cum_11 stroke_cum_12 stroke_cum_13
  	stroke_cum_14 stroke_cum_15 stroke_cum_16 stroke_cum_17 stroke_cum_18
  	stroke_cum_19 stroke_cum_20 study_y thyroid_cum_00 thyroid_cum_01 thyroid_cum_02
  	thyroid_cum_03 thyroid_cum_04 thyroid_cum_05 thyroid_cum_06 thyroid_cum_07
  	thyroid_cum_08 thyroid_cum_09 thyroid_cum_10 thyroid_cum_11 thyroid_cum_12
  	thyroid_cum_13 thyroid_cum_14 thyroid_cum_15 thyroid_cum_16 thyroid_cum_17
  	thyroid_cum_18 thyroid_cum_19 thyroid_cum_20 unsympathetic_00 unsympathetic_01
  	unsympathetic_02 unsympathetic_03 unsympathetic_04 unsympathetic_05
  	unsympathetic_06 unsympathetic_07 unsympathetic_08 unsympathetic_09
  	unsympathetic_10 unsympathetic_11 unsympathetic_12 unsympathetic_13
  	unsympathetic_14 unsympathetic_15 unsympathetic_16 unsympathetic_17
  	unsympathetic_18 unsympathetic_19 unsympathetic_20 vasc_3dis_sum_00
  	vasc_3dis_sum_01 vasc_3dis_sum_02 vasc_3dis_sum_03 vasc_3dis_sum_04
  	vasc_3dis_sum_05 vasc_3dis_sum_06 vasc_3dis_sum_07 vasc_3dis_sum_08
  	vasc_3dis_sum_09 vasc_3dis_sum_10 vasc_3dis_sum_11 vasc_3dis_sum_12
  	vasc_3dis_sum_13 vasc_3dis_sum_14 vasc_3dis_sum_15 vasc_3dis_sum_16
  	vasc_3dis_sum_17 vasc_3dis_sum_18 vasc_3dis_sum_19 vasc_3dis_sum_20
  	vasc_4dis_sum_00 vasc_4dis_sum_01 vasc_4dis_sum_02 vasc_4dis_sum_03
  	vasc_4dis_sum_04 vasc_4dis_sum_05 vasc_4dis_sum_06 vasc_4dis_sum_07
  	vasc_4dis_sum_08 vasc_4dis_sum_09 vasc_4dis_sum_10 vasc_4dis_sum_11
  	vasc_4dis_sum_12 vasc_4dis_sum_13 vasc_4dis_sum_14 vasc_4dis_sum_15
  	vasc_4dis_sum_16 vasc_4dis_sum_17 vasc_4dis_sum_18 vasc_4dis_sum_19
  	vasc_4dis_sum_20 vasc_risks_sum_00 vasc_risks_sum_01 vasc_risks_sum_02
  	vasc_risks_sum_03 vasc_risks_sum_04 vasc_risks_sum_05 vasc_risks_sum_06
  	vasc_risks_sum_07 vasc_risks_sum_08 vasc_risks_sum_09 vasc_risks_sum_10
  	vasc_risks_sum_11 vasc_risks_sum_12 vasc_risks_sum_13 vasc_risks_sum_14
  	vasc_risks_sum_15 vasc_risks_sum_16 vasc_risks_sum_17 vasc_risks_sum_18
  	vasc_risks_sum_19 vasc_risks_sum_20 vision_00 vision_01 vision_02 vision_03
  	vision_04 vision_05 vision_06 vision_07 vision_08 vision_09 vision_10 vision_11
  	vision_12 vision_13 vision_14 vision_15 vision_16 vision_17 vision_18 vision_19
  	vision_20 visionlog_00 visionlog_01 visionlog_02 visionlog_03 visionlog_04
  	visionlog_05 visionlog_06 visionlog_07 visionlog_08 visionlog_09 visionlog_10
  	visionlog_11 visionlog_12 visionlog_13 visionlog_14 visionlog_15 visionlog_16
  	visionlog_17 visionlog_18 visionlog_19 visionlog_20 wtkg_00 wtkg_01 wtkg_02
  	wtkg_03 wtkg_04 wtkg_05 wtkg_06 wtkg_07 wtkg_08 wtkg_09 wtkg_10 wtkg_11 wtkg_12
  	wtkg_13 wtkg_14 wtkg_15 wtkg_16 wtkg_17 wtkg_18 wtkg_19 wtkg_20 T0 T1 T2 T3 T4
  	T5 T6 T7 T8 T9 T10 T11 T12 T13 T14 T15 T16 T17 T18 T19 T20;
  Missing are all (-9999);
  USEVAR are
  !define the variables used in the analysis
  	time1-time15
  	p1-p15
  	c1-c15
  	Bage;
  	
  TSCORES are
  !define the time points
  	time1-time15;
  USEOBSERVATIONS are
  !select a subset of observations
  	msex EQ 1 and
  	dementia_00 NE 1 and dementia_01 NE 1 and dementia_02 NE 1 and
  	dementia_03 NE 1 and dementia_04 NE 1 and dementia_05 NE 1 and
  	dementia_06 NE 1 and dementia_07 NE 1 and dementia_08 NE 1 and
  	dementia_09 NE 1 and dementia_10 NE 1 and dementia_11 NE 1 and
  	dementia_12 NE 1 and dementia_13 NE 1 and dementia_14 NE 1 and
  	dementia_15 NE 1 and dementia_16 NE 1 and dementia_17 NE 1 and
  	dementia_18 NE 1 and dementia_19 NE 1 and dementia_20 NE 1;
  DEFINE:
  !assign variables to the process p
  	p1= gripavg_00;
  	p2= gripavg_01;
  	p3= gripavg_02;
  	p4= gripavg_03;
  	p5= gripavg_04;
  	p6= gripavg_05;
  	p7= gripavg_06;
  	p8= gripavg_07;
  	p9= gripavg_08;
  	p10=gripavg_09;
  	p11=gripavg_10;
  	p12=gripavg_11;
  	p13=gripavg_12;
  	p14=gripavg_13;
  	p15=gripavg_14;
  	p16=gripavg_15;
  	p17=gripavg_16;
  	p18=gripavg_17;
  	p19=gripavg_18;
  	p20=gripavg_19;
  	p21=gripavg_20;
  !assign variables to the process c
  	c1= cts_mmse30_00;
  	c2= cts_mmse30_01;
  	c3= cts_mmse30_02;
  	c4= cts_mmse30_03;
  	c5= cts_mmse30_04;
  	c6= cts_mmse30_05;
  	c7= cts_mmse30_06;
  	c8= cts_mmse30_07;
  	c9= cts_mmse30_08;
  	c10=cts_mmse30_09;
  	c11=cts_mmse30_10;
  	c12=cts_mmse30_11;
  	c13=cts_mmse30_12;
  	c14=cts_mmse30_13;
  	c15=cts_mmse30_14;
  	c16=cts_mmse30_15;
  	c17=cts_mmse30_16;
  	c18=cts_mmse30_17;
  	c19=cts_mmse30_18;
  	c20=cts_mmse30_19;
  	c21=cts_mmse30_20;
  !assign variables to time points
  	time1= T0;
  	time2= T1;
  	time3= T2;
  	time4= T3;
  	time5= T4;
  	time6= T5;
  	time7= T6;
  	time8= T7;
  	time9= T8;
  	time10=T9;
  	time11=T10;
  	time12=T11;
  	time13=T12;
  	time14=T13;
  	time15=T14;
  	time16=T15;
  	time17=T16;
  	time18=T17;
  	time19=T18;
  	time20=T19;
  	time21=T20;
  !define the second-level terms
  	Bage=age_bl-70;   !Age centered at 70 baseline
  		!Dage=age_death;
  		!Sex=msex;         !0=female
  	Educ=educ-7;     ! Centered at 7 years
  		!SEP=SESgrp; couldn't find
  		!Marstat;
  	Height=htm_00-1.60;
  		!Weight
  		!BMI
  		!SmokHist=smoking;
  		!Alcohol;
  		!CompExp;
  		!PhysAct;
  		!BP;
  		!DepSymp;
  		!Cardio;
  		!Diab;
  		!MorbInd;
  		!BageEduc=Bage*Educ;
  ANALYSIS:
  TYPE = RANDOM;
  COVERAGE=.00;
  MODEL:
  !first-level equation
  	ip sp | p1-p15 AT time1-time15;
  	ic sc | c1-c15 AT time1-time15;
  !variance of the first-level terms	
  	ip (v_ip);
  	sp (v_sp);
  	ic (v_ic);
  	sc (v_sc);
  !covariance among first-level terms	
  	ip WITH sp (c_ipsp);
  	ip WITH ic (c_ipic);
  	ip WITH sc (c_ipsc);
  	sp WITH ic (c_spic);
  	sp WITH sc (c_spsc);
  	ic WITH sc (c_icsc);
  !second-level equation	
  	ip sp ic sc ON Bage;
  !residual means	
  	p1-p15 (res_p);
  	c1-c15 (res_c);
  !Paired covariances constrained to be equal across t	
  	p1-p15 pwith c1-c15(res_cov);
  MODEL CONSTRAINT:
  !assigns labels to new parameters;
  	NEW r_ipic;
  	NEW r_spsc;
  	NEW r_res_pc;
  !
  	r_ipic = c_ipic/((v_ip**0.5)*(v_ic**0.5));
  	r_spsc = c_spsc/((v_sp**0.5)*(v_sc**0.5));
  	r_res_pc = res_cov/((res_p**0.5)*(res_c**0.5));
  OUTPUT: sampstat cinterval;
  PLOT: Type is Plot1 Plot2 Plot3;



*** WARNING
  Data set contains cases with missing on all variables except
  x-variables.  These cases were not included in the analysis.
  Number of cases with missing on all variables except x-variables:  15
   1 WARNING(S) FOUND IN THE INPUT INSTRUCTIONS




Your new title

SUMMARY OF ANALYSIS

Number of groups                                                 1
Number of observations                                         336

Number of dependent variables                                   30
Number of independent variables                                  1
Number of continuous latent variables                            4

Observed dependent variables

  Continuous
   P1          P2          P3          P4          P5          P6
   P7          P8          P9          P10         P11         P12
   P13         P14         P15         C1          C2          C3
   C4          C5          C6          C7          C8          C9
   C10         C11         C12         C13         C14         C15

Observed independent variables
   BAGE

Continuous latent variables
   IP          SP          IC          SC

Variables with special functions

  Time scores
   TIME1       TIME2       TIME3       TIME4       TIME5       TIME6
   TIME7       TIME8       TIME9       TIME10      TIME11      TIME12
   TIME13      TIME14      TIME15


Estimator                                                      MLR
Information matrix                                        OBSERVED
Maximum number of iterations                                   100
Convergence criterion                                    0.100D-05
Maximum number of EM iterations                                500
Convergence criteria for the EM algorithm
  Loglikelihood change                                   0.100D-02
  Relative loglikelihood change                          0.100D-05
  Derivative                                             0.100D-03
Minimum variance                                         0.100D-03
Maximum number of steepest descent iterations                   20
Maximum number of iterations for H1                           2000
Convergence criterion for H1                             0.100D-03
Optimization algorithm                                         EMA

Input data file(s)
  radcMAP_wide.dat
Input data format  FREE


SUMMARY OF DATA

     Number of missing data patterns           139


COVARIANCE COVERAGE OF DATA

Minimum covariance coverage value   0.000


     PROPORTION OF DATA PRESENT


           Covariance Coverage
              P1            P2            P3            P4            P5
              ________      ________      ________      ________      ________
 P1             0.878
 P2             0.607         0.616
 P3             0.473         0.440         0.482
 P4             0.366         0.333         0.327         0.435
 P5             0.226         0.196         0.196         0.256         0.286
 P6             0.110         0.095         0.089         0.125         0.125
 P7             0.095         0.071         0.057         0.083         0.068
 P8             0.146         0.137         0.128         0.131         0.101
 P9             0.164         0.155         0.155         0.131         0.095
 P10            0.119         0.119         0.116         0.122         0.092
 P11            0.089         0.095         0.095         0.092         0.074
 P12            0.039         0.042         0.042         0.042         0.036
 P13            0.000         0.000         0.000         0.012         0.012
 P14            0.000         0.000         0.000         0.012         0.012
 P15            0.000         0.000         0.000         0.006         0.006
 C1             0.878         0.616         0.482         0.435         0.286
 C2             0.699         0.604         0.470         0.426         0.277
 C3             0.589         0.512         0.482         0.426         0.280
 C4             0.488         0.414         0.387         0.426         0.277
 C5             0.429         0.372         0.348         0.354         0.280
 C6             0.312         0.271         0.253         0.253         0.199
 C7             0.271         0.238         0.223         0.226         0.173
 C8             0.226         0.211         0.196         0.188         0.140
 C9             0.190         0.182         0.182         0.152         0.107
 C10            0.134         0.134         0.134         0.128         0.098
 C11            0.098         0.104         0.104         0.113         0.092
 C12            0.042         0.045         0.045         0.060         0.054
 C13            0.000         0.000         0.000         0.015         0.015
 C14            0.000         0.000         0.000         0.012         0.012
 C15            0.000         0.000         0.000         0.006         0.006
 BAGE           0.878         0.616         0.482         0.435         0.286


           Covariance Coverage
              P6            P7            P8            P9            P10
              ________      ________      ________      ________      ________
 P6             0.170
 P7             0.083         0.143
 P8             0.089         0.095         0.185
 P9             0.077         0.071         0.134         0.193
 P10            0.054         0.042         0.098         0.116         0.140
 P11            0.042         0.012         0.062         0.080         0.089
 P12            0.030         0.003         0.024         0.027         0.033
 P13            0.012         0.012         0.012         0.009         0.012
 P14            0.012         0.012         0.012         0.009         0.009
 P15            0.006         0.006         0.006         0.006         0.006
 C1             0.170         0.143         0.185         0.193         0.140
 C2             0.161         0.128         0.179         0.188         0.137
 C3             0.170         0.140         0.185         0.193         0.137
 C4             0.161         0.134         0.179         0.185         0.137
 C5             0.164         0.137         0.179         0.188         0.131
 C6             0.167         0.134         0.176         0.185         0.128
 C7             0.131         0.137         0.179         0.193         0.140
 C8             0.113         0.110         0.185         0.190         0.140
 C9             0.080         0.074         0.146         0.188         0.134
 C10            0.062         0.057         0.113         0.128         0.134
 C11            0.054         0.024         0.080         0.098         0.104
 C12            0.045         0.018         0.039         0.042         0.048
 C13            0.015         0.015         0.015         0.012         0.012
 C14            0.012         0.012         0.012         0.009         0.009
 C15            0.006         0.006         0.006         0.006         0.006
 BAGE           0.170         0.143         0.185         0.193         0.140


           Covariance Coverage
              P11           P12           P13           P14           P15
              ________      ________      ________      ________      ________
 P11            0.098
 P12            0.036         0.042
 P13            0.003         0.000         0.012
 P14            0.000         0.000         0.009         0.012
 P15            0.000         0.000         0.006         0.006         0.006
 C1             0.098         0.042         0.012         0.012         0.006
 C2             0.095         0.042         0.012         0.012         0.006
 C3             0.098         0.042         0.012         0.012         0.006
 C4             0.095         0.042         0.012         0.012         0.006
 C5             0.095         0.042         0.012         0.012         0.006
 C6             0.092         0.042         0.012         0.012         0.006
 C7             0.098         0.042         0.012         0.012         0.006
 C8             0.095         0.042         0.012         0.012         0.006
 C9             0.095         0.039         0.009         0.009         0.006
 C10            0.095         0.039         0.012         0.009         0.006
 C11            0.095         0.042         0.012         0.012         0.006
 C12            0.042         0.042         0.012         0.012         0.006
 C13            0.003         0.000         0.012         0.012         0.006
 C14            0.000         0.000         0.009         0.012         0.006
 C15            0.000         0.000         0.006         0.006         0.006
 BAGE           0.098         0.042         0.012         0.012         0.006


           Covariance Coverage
              C1            C2            C3            C4            C5
              ________      ________      ________      ________      ________
 C1             1.000
 C2             0.801         0.801
 C3             0.679         0.658         0.679
 C4             0.557         0.536         0.539         0.557
 C5             0.488         0.473         0.476         0.467         0.488
 C6             0.369         0.354         0.360         0.351         0.360
 C7             0.321         0.307         0.315         0.312         0.312
 C8             0.268         0.259         0.262         0.262         0.259
 C9             0.217         0.211         0.214         0.208         0.211
 C10            0.158         0.152         0.155         0.149         0.152
 C11            0.119         0.116         0.119         0.116         0.116
 C12            0.060         0.060         0.060         0.060         0.060
 C13            0.015         0.015         0.015         0.015         0.015
 C14            0.012         0.012         0.012         0.012         0.012
 C15            0.006         0.006         0.006         0.006         0.006
 BAGE           1.000         0.801         0.679         0.557         0.488


           Covariance Coverage
              C6            C7            C8            C9            C10
              ________      ________      ________      ________      ________
 C6             0.369
 C7             0.307         0.321
 C8             0.256         0.262         0.268
 C9             0.208         0.214         0.214         0.217
 C10            0.149         0.155         0.155         0.152         0.158
 C11            0.113         0.119         0.116         0.113         0.113
 C12            0.060         0.060         0.060         0.054         0.054
 C13            0.015         0.015         0.015         0.012         0.012
 C14            0.012         0.012         0.012         0.009         0.009
 C15            0.006         0.006         0.006         0.006         0.006
 BAGE           0.369         0.321         0.268         0.217         0.158


           Covariance Coverage
              C11           C12           C13           C14           C15
              ________      ________      ________      ________      ________
 C11            0.119
 C12            0.060         0.060
 C13            0.015         0.015         0.015
 C14            0.012         0.012         0.012         0.012
 C15            0.006         0.006         0.006         0.006         0.006
 BAGE           0.119         0.060         0.015         0.012         0.006


           Covariance Coverage
              BAGE
              ________
 BAGE           1.000


SAMPLE STATISTICS


     ESTIMATED SAMPLE STATISTICS


           Means
              P1            P2            P3            P4            P5
              ________      ________      ________      ________      ________
 1             68.937        67.439        66.274        64.743        61.668


           Means
              P6            P7            P8            P9            P10
              ________      ________      ________      ________      ________
 1             60.199        58.595        55.154        53.903        51.376


           Means
              P11           P12           P13           P14           P15
              ________      ________      ________      ________      ________
 1             49.020        48.127        45.629        54.693        58.365


           Means
              C1            C2            C3            C4            C5
              ________      ________      ________      ________      ________
 1             27.737        27.973        27.657        27.780        27.519


           Means
              C6            C7            C8            C9            C10
              ________      ________      ________      ________      ________
 1             27.327        27.242        27.257        26.893        26.639


           Means
              C11           C12           C13           C14           C15
              ________      ________      ________      ________      ________
 1             26.545        26.477        29.045        27.598        29.009


           Means
              BAGE
              ________
 1              9.732


           Covariances
              P1            P2            P3            P4            P5
              ________      ________      ________      ________      ________
 P1           370.671
 P2           337.175       372.681
 P3           338.445       338.424       382.172
 P4           303.247       314.795       322.254       353.067
 P5           298.247       304.253       318.806       315.491       334.074
 P6           295.999       299.996       313.382       318.666       313.699
 P7           308.688       289.586       274.123       266.661       286.947
 P8           300.372       308.135       310.770       292.449       296.445
 P9           299.323       313.587       313.875       333.006       322.332
 P10          284.986       283.959       294.204       329.608       333.948
 P11          314.011       316.439       326.357       371.817       363.366
 P12          247.613       273.999       250.872       263.450       262.733
 P13           93.930        98.014        97.271        78.737        79.227
 P14           24.462        25.450        27.331        11.612        12.088
 P15            2.448         2.580         1.741         0.808        -0.468
 C1            13.161        14.544        14.228        10.797        10.139
 C2            10.308        10.570        10.450         7.739         7.771
 C3             8.979         9.739        10.982         9.351         9.998
 C4            11.613        14.307        14.347        13.474        13.730
 C5            11.643        11.363        12.162        10.979        12.708
 C6            13.431        11.576        15.218        12.827        12.151
 C7            17.733        19.180        16.057        17.714        18.647
 C8            14.669        17.345        17.335        17.017        12.778
 C9            17.274        21.251        17.373        20.056        18.916
 C10           14.866        15.706        13.393        20.299        16.941
 C11           13.007        12.233         8.825        21.100        19.404
 C12           14.184        17.592        20.979        25.628        22.768
 C13            3.727         3.976         4.215         3.128         4.265
 C14           -2.831        -3.257        -2.013        -0.078         1.120
 C15           -2.176        -2.293        -1.547        -0.718         0.416
 BAGE         -57.326       -63.187       -60.841       -60.614       -56.204


           Covariances
              P6            P7            P8            P9            P10
              ________      ________      ________      ________      ________
 P6           368.955
 P7           354.670       471.595
 P8           322.595       338.016       350.450
 P9           318.927       276.535       319.009       410.924
 P10          335.670       265.993       321.834       405.909       468.405
 P11          374.282       299.712       343.401       411.378       460.643
 P12          259.254       252.198       260.708       302.803       292.631
 P13          104.333       124.389       110.753        79.255        79.719
 P14           21.171        34.139        20.026        -2.465        -9.990
 P15            1.262         2.377         0.731        -1.335        -2.552
 C1             9.896         8.062         9.681        12.798        10.716
 C2             6.632         6.429         8.055         8.151         6.436
 C3             9.648         7.847         8.614        11.042         8.413
 C4             8.230         5.495        12.530        14.167        13.684
 C5            14.986        19.938        13.618        10.760         7.474
 C6            13.009        14.505        14.142        14.154        10.097
 C7            14.614        10.869        15.920        21.418        20.828
 C8            12.084        14.377        16.616        15.019         7.081
 C9            15.730        16.496        18.152        22.576        20.010
 C10           16.296        16.229        20.777        24.679        22.159
 C11           11.976         6.226        19.422        28.309        34.221
 C12           17.192         4.895        16.201        29.277        29.255
 C13            3.269         4.339         5.299         4.013         4.782
 C14           -0.448        -2.393        -0.576         2.821         4.019
 C15           -1.122        -2.113        -0.650         1.187         2.269
 BAGE         -52.862       -67.612       -63.306       -61.074       -44.020


           Covariances
              P11           P12           P13           P14           P15
              ________      ________      ________      ________      ________
 P11          509.754
 P12          318.785       280.861
 P13           84.087        63.178        95.378
 P14           -4.334         2.578        26.325        15.349
 P15           -1.517         1.057         1.536         0.995         0.373
 C1            13.225         9.931         5.521         0.189        -0.301
 C2             7.661         7.266         0.033         0.688        -0.289
 C3             7.423         6.491         2.139         1.117        -0.587
 C4            12.814         7.277         0.191        -0.917        -0.572
 C5            10.016        10.829        -4.368        -1.527        -0.439
 C6             7.379         5.491         1.984        -0.316        -0.423
 C7            22.146        17.710        -2.099        -3.617        -0.576
 C8             9.125        12.859         5.219         0.672        -0.225
 C9            16.791        17.902         4.763        -1.826        -0.576
 C10           24.890        21.010        -0.207        -3.315        -0.523
 C11           33.038        17.148         3.544        -5.057        -1.152
 C12           28.093        20.454        -5.654        -3.446        -0.816
 C13            4.077         2.040         4.088         0.686        -0.092
 C14            3.346        -0.196        -2.509        -1.495        -0.484
 C15            1.348        -0.940        -1.365        -0.884        -0.330
 BAGE         -67.047       -45.175        -6.470        -2.931         0.936


           Covariances
              C1            C2            C3            C4            C5
              ________      ________      ________      ________      ________
 C1             5.976
 C2             2.807         3.826
 C3             2.123         1.819         3.960
 C4             2.711         1.755         1.926         3.981
 C5             2.340         2.094         2.305         2.646         5.100
 C6             2.643         2.045         2.120         2.138         3.025
 C7             2.887         2.387         2.621         2.492         3.226
 C8             2.722         2.287         2.699         2.934         3.065
 C9             3.103         2.339         2.575         3.159         3.377
 C10            2.563         2.208         2.501         2.338         3.476
 C11            2.171         1.255         2.052         2.899         1.540
 C12            4.101         3.208         3.963         4.426         4.146
 C13            0.696         0.193         0.066         0.682         0.055
 C14            0.232         0.379         0.998         0.516         0.667
 C15            0.268         0.257         0.522         0.509         0.391
 BAGE          -4.688        -4.191        -2.817        -4.249        -4.528


           Covariances
              C6            C7            C8            C9            C10
              ________      ________      ________      ________      ________
 C6             4.396
 C7             2.603         5.348
 C8             2.664         3.210         5.400
 C9             3.473         4.618         4.458         6.771
 C10            2.827         4.143         3.599         4.243         5.853
 C11            2.224         4.419         2.929         5.094         5.238
 C12            3.192         4.036         3.868         3.924         5.068
 C13            0.431         0.092         0.441         0.668         0.200
 C14            0.555         0.977         0.356         0.751         0.973
 C15            0.376         0.512         0.200         0.512         0.465
 BAGE          -4.588        -5.780        -3.743        -3.213        -5.655


           Covariances
              C11           C12           C13           C14           C15
              ________      ________      ________      ________      ________
 C11            9.131
 C12            3.969         9.578
 C13            0.839         0.201         0.413
 C14            1.587         1.171        -0.012         0.728
 C15            1.024         0.726         0.082         0.430         0.294
 BAGE          -4.422        -3.645        -0.597        -1.454        -0.832


           Covariances
              BAGE
              ________
 BAGE          51.255


           Correlations
              P1            P2            P3            P4            P5
              ________      ________      ________      ________      ________
 P1             1.000
 P2             0.907         1.000
 P3             0.899         0.897         1.000
 P4             0.838         0.868         0.877         1.000
 P5             0.848         0.862         0.892         0.919         1.000
 P6             0.800         0.809         0.835         0.883         0.894
 P7             0.738         0.691         0.646         0.654         0.723
 P8             0.833         0.853         0.849         0.831         0.866
 P9             0.767         0.801         0.792         0.874         0.870
 P10            0.684         0.680         0.695         0.811         0.844
 P11            0.722         0.726         0.739         0.876         0.881
 P12            0.767         0.847         0.766         0.837         0.858
 P13            0.500         0.520         0.509         0.429         0.444
 P14            0.324         0.336         0.357         0.158         0.169
 P15            0.208         0.219         0.146         0.070        -0.042
 C1             0.280         0.308         0.298         0.235         0.227
 C2             0.274         0.280         0.273         0.211         0.217
 C3             0.234         0.254         0.282         0.250         0.275
 C4             0.302         0.371         0.368         0.359         0.376
 C5             0.268         0.261         0.275         0.259         0.308
 C6             0.333         0.286         0.371         0.326         0.317
 C7             0.398         0.430         0.355         0.408         0.441
 C8             0.328         0.387         0.382         0.390         0.301
 C9             0.345         0.423         0.342         0.410         0.398
 C10            0.319         0.336         0.283         0.447         0.383
 C11            0.224         0.210         0.149         0.372         0.351
 C12            0.238         0.294         0.347         0.441         0.403
 C13            0.301         0.321         0.336         0.259         0.363
 C14           -0.172        -0.198        -0.121        -0.005         0.072
 C15           -0.208        -0.219        -0.146        -0.070         0.042
 BAGE          -0.416        -0.457        -0.435        -0.451        -0.430


           Correlations
              P6            P7            P8            P9            P10
              ________      ________      ________      ________      ________
 P6             1.000
 P7             0.850         1.000
 P8             0.897         0.831         1.000
 P9             0.819         0.628         0.841         1.000
 P10            0.807         0.566         0.794         0.925         1.000
 P11            0.863         0.611         0.812         0.899         0.943
 P12            0.805         0.693         0.831         0.891         0.807
 P13            0.556         0.587         0.606         0.400         0.377
 P14            0.281         0.401         0.273        -0.031        -0.118
 P15            0.108         0.179         0.064        -0.108        -0.193
 C1             0.211         0.152         0.212         0.258         0.203
 C2             0.177         0.151         0.220         0.206         0.152
 C3             0.252         0.182         0.231         0.274         0.195
 C4             0.215         0.127         0.335         0.350         0.317
 C5             0.345         0.407         0.322         0.235         0.153
 C6             0.323         0.319         0.360         0.333         0.223
 C7             0.329         0.216         0.368         0.457         0.416
 C8             0.271         0.285         0.382         0.319         0.141
 C9             0.315         0.292         0.373         0.428         0.355
 C10            0.351         0.309         0.459         0.503         0.423
 C11            0.206         0.095         0.343         0.462         0.523
 C12            0.289         0.073         0.280         0.467         0.437
 C13            0.265         0.311         0.441         0.308         0.344
 C14           -0.027        -0.129        -0.036         0.163         0.218
 C15           -0.108        -0.179        -0.064         0.108         0.193
 BAGE          -0.384        -0.435        -0.472        -0.421        -0.284


           Correlations
              P11           P12           P13           P14           P15
              ________      ________      ________      ________      ________
 P11            1.000
 P12            0.843         1.000
 P13            0.381         0.386         1.000
 P14           -0.049         0.039         0.688         1.000
 P15           -0.110         0.103         0.258         0.416         1.000
 C1             0.240         0.242         0.231         0.020        -0.202
 C2             0.173         0.222         0.002         0.090        -0.242
 C3             0.165         0.195         0.110         0.143        -0.483
 C4             0.284         0.218         0.010        -0.117        -0.470
 C5             0.196         0.286        -0.198        -0.173        -0.319
 C6             0.156         0.156         0.097        -0.038        -0.330
 C7             0.424         0.457        -0.093        -0.399        -0.408
 C8             0.174         0.330         0.230         0.074        -0.159
 C9             0.286         0.411         0.187        -0.179        -0.363
 C10            0.456         0.518        -0.009        -0.350        -0.354
 C11            0.484         0.339         0.120        -0.427        -0.624
 C12            0.402         0.394        -0.187        -0.284        -0.432
 C13            0.281         0.189         0.652         0.273        -0.235
 C14            0.174        -0.014        -0.301        -0.447        -0.930
 C15            0.110        -0.103        -0.258        -0.416        -0.995
 BAGE          -0.415        -0.377        -0.093        -0.104         0.214


           Correlations
              C1            C2            C3            C4            C5
              ________      ________      ________      ________      ________
 C1             1.000
 C2             0.587         1.000
 C3             0.436         0.467         1.000
 C4             0.556         0.450         0.485         1.000
 C5             0.424         0.474         0.513         0.587         1.000
 C6             0.516         0.499         0.508         0.511         0.639
 C7             0.511         0.528         0.569         0.540         0.618
 C8             0.479         0.503         0.584         0.633         0.584
 C9             0.488         0.460         0.497         0.608         0.575
 C10            0.433         0.467         0.520         0.484         0.636
 C11            0.294         0.212         0.341         0.481         0.226
 C12            0.542         0.530         0.643         0.717         0.593
 C13            0.443         0.154         0.052         0.532         0.038
 C14            0.111         0.227         0.588         0.303         0.346
 C15            0.202         0.242         0.483         0.470         0.319
 BAGE          -0.268        -0.299        -0.198        -0.297        -0.280


           Correlations
              C6            C7            C8            C9            C10
              ________      ________      ________      ________      ________
 C6             1.000
 C7             0.537         1.000
 C8             0.547         0.597         1.000
 C9             0.637         0.767         0.737         1.000
 C10            0.557         0.740         0.640         0.674         1.000
 C11            0.351         0.632         0.417         0.648         0.716
 C12            0.492         0.564         0.538         0.487         0.677
 C13            0.320         0.062         0.296         0.399         0.129
 C14            0.310         0.495         0.179         0.338         0.471
 C15            0.330         0.408         0.159         0.363         0.354
 BAGE          -0.306        -0.349        -0.225        -0.172        -0.326


           Correlations
              C11           C12           C13           C14           C15
              ________      ________      ________      ________      ________
 C11            1.000
 C12            0.424         1.000
 C13            0.432         0.101         1.000
 C14            0.616         0.444        -0.022         1.000
 C15            0.624         0.432         0.235         0.930         1.000
 BAGE          -0.204        -0.165        -0.130        -0.238        -0.214


           Correlations
              BAGE
              ________
 BAGE           1.000


     MAXIMUM LOG-LIKELIHOOD VALUE FOR THE UNRESTRICTED (H1) MODEL IS -8414.934


UNIVARIATE HIGHER-ORDER MOMENT DESCRIPTIVE STATISTICS


     UNIVARIATE HIGHER-ORDER MOMENT DESCRIPTIVE STATISTICS

         Variable/         Mean/     Skewness/   Minimum/ % with                Percentiles
        Sample Size      Variance    Kurtosis    Maximum  Min/Max      20%/60%    40%/80%    Median

     P1                   69.024      -0.147       0.000    0.34%      53.250     64.250     69.000
             295.000     379.729       0.481     124.250    0.34%      75.500     84.500
     P2                   69.268      -0.028      21.500    0.48%      55.500     65.500     70.500
             207.000     299.037       0.480     130.250    0.48%      74.000     81.250
     P3                   69.685       0.089      18.500    0.62%      56.250     66.500     71.750
             162.000     311.172       0.677     127.500    0.62%      74.500     81.000
     P4                   66.118       0.144      20.250    0.68%      51.250     62.500     67.500
             146.000     311.095       0.528     125.000    0.68%      71.250     78.250
     P5                   65.076      -0.066      25.500    1.04%      50.000     60.500     65.250
              96.000     267.945      -0.262     100.750    1.04%      70.000     77.250
     P6                   64.390      -0.042      25.500    1.75%      47.500     62.000     66.750
              57.000     262.831      -0.084     107.750    1.75%      70.250     76.250
     P7                   65.031       0.409      32.250    2.08%      52.250     58.500     64.625
              48.000     335.330       0.311     112.250    2.08%      69.250     74.000
     P8                   61.448       0.483      23.750    1.61%      47.250     54.250     60.625
              62.000     315.156       0.815     121.750    1.61%      67.000     73.250
     P9                   62.223       0.452      27.500    1.54%      47.250     54.750     59.750
              65.000     275.691      -0.167     106.750    1.54%      65.500     78.250
     P10                  61.543       0.375      27.000    2.13%      42.500     58.000     60.750
              47.000     274.081      -0.203     101.500    2.13%      62.750     77.000
     P11                  60.333       0.722      32.250    3.03%      42.500     49.250     56.500
              33.000     382.347      -0.032     110.000    3.03%      61.250     75.000
     P12                  51.804       0.175      30.250    7.14%      32.000     50.500     53.000
              14.000     264.118      -1.080      80.750    7.14%      53.250     63.500
     P13                  47.438      -0.220      26.500   25.00%      26.500     44.000     48.625
               4.000     207.137      -1.181      66.000   25.00%      44.000     53.250
     P14                  54.188       0.153      47.750   25.00%      47.750     51.750     53.875
               4.000      25.137      -1.318      61.250   25.00%      51.750     56.000
     P15                  58.375       0.000      57.250   50.00%      57.250     57.250     58.375
               2.000       1.266      -2.000      59.500   50.00%      57.250     59.500
     C1                   27.737      -4.117       2.000    0.30%      26.000     28.000     28.000
             336.000       5.976      35.677      30.000   18.75%      29.000     29.000
     C2                   28.094      -1.496      18.000    0.37%      27.000     28.000     29.000
             269.000       3.291       3.682      30.000   22.68%      29.000     30.000
     C3                   27.857      -1.217      21.000    0.44%      27.000     28.000     28.000
             228.000       3.525       1.260      30.000   16.23%      29.000     29.000
     C4                   28.066      -1.145      21.000    0.53%      27.000     28.000     28.000
             187.000       3.240       1.333      30.000   24.60%      29.000     30.000
     C5                   27.866      -1.651      18.889    0.61%      26.000     28.000     28.000
             164.000       4.280       3.299      30.000   18.29%      29.000     29.000
     C6                   27.833      -0.937      21.000    0.81%      26.000     28.000     28.000
             124.000       3.227       0.930      30.000   19.35%      28.000     29.000
     C7                   27.882      -1.180      21.000    0.93%      26.000     28.000     28.000
             108.000       3.705       1.171      30.000   18.52%      29.000     29.000
     C8                   27.955      -0.816      22.000    1.11%      26.000     28.000     28.000
              90.000       3.885      -0.091      30.000   30.00%      29.000     30.000
     C9                   27.765      -1.455      20.000    1.37%      26.000     28.000     28.000
              73.000       4.131       2.730      30.000   17.81%      29.000     29.000
     C10                  27.491      -0.897      22.000    1.89%      26.000     27.000     28.000
              53.000       3.533       0.220      30.000    7.55%      29.000     29.000
     C11                  27.475      -0.681      22.000    2.50%      26.000     27.000     28.000
              40.000       4.049      -0.073      30.000   17.50%      28.000     29.000
     C12                  27.350      -1.373      20.000    5.00%      25.000     27.000     28.000
              20.000       5.827       1.855      30.000   15.00%      28.000     29.000
     C13                  29.200      -0.408      28.000   40.00%      28.000     28.000     30.000
               5.000       0.960      -1.833      30.000   60.00%      30.000     30.000
     C14                  27.500       0.000      26.000   25.00%      26.000     27.000     27.500
               4.000       1.250      -1.360      29.000   25.00%      27.000     28.000
     C15                  29.000       0.000      28.000   50.00%      28.000     28.000     29.000
               2.000       1.000      -2.000      30.000   50.00%      28.000     30.000
     BAGE                  9.732      -0.533     -12.094    0.30%       3.996      8.620     10.735
             336.000      51.255       0.023      25.242    0.30%      12.382     15.744


THE MODEL ESTIMATION TERMINATED NORMALLY



MODEL FIT INFORMATION

Number of Free Parameters                       21

Loglikelihood

          H0 Value                       -7894.474
          H0 Scaling Correction Factor      2.2599
            for MLR

Information Criteria

          Akaike (AIC)                   15830.948
          Bayesian (BIC)                 15911.107
          Sample-Size Adjusted BIC       15844.493
            (n* = (n + 2) / 24)



MODEL RESULTS

                                                    Two-Tailed
                    Estimate       S.E.  Est./S.E.    P-Value

 IP         ON
    BAGE              -1.145      0.136     -8.438      0.000

 SP         ON
    BAGE              -0.008      0.022     -0.379      0.705

 IC         ON
    BAGE              -0.085      0.022     -3.889      0.000

 SC         ON
    BAGE               0.000      0.003     -0.120      0.904

 IP       WITH
    SP                -7.920      2.622     -3.020      0.003
    IC                 7.565      2.405      3.146      0.002
    SC                 0.121      0.421      0.288      0.773

 SP       WITH
    IC                -0.595      0.492     -1.209      0.227
    SC                 0.109      0.072      1.521      0.128

 IC       WITH
    SC                -0.106      0.155     -0.682      0.495

 P1       WITH
    C1                 0.327      0.295      1.109      0.268

 P2       WITH
    C2                 0.327      0.295      1.109      0.268

 P3       WITH
    C3                 0.327      0.295      1.109      0.268

 P4       WITH
    C4                 0.327      0.295      1.109      0.268

 P5       WITH
    C5                 0.327      0.295      1.109      0.268

 P6       WITH
    C6                 0.327      0.295      1.109      0.268

 P7       WITH
    C7                 0.327      0.295      1.109      0.268

 P8       WITH
    C8                 0.327      0.295      1.109      0.268

 P9       WITH
    C9                 0.327      0.295      1.109      0.268

 P10      WITH
    C10                0.327      0.295      1.109      0.268

 P11      WITH
    C11                0.327      0.295      1.109      0.268

 P12      WITH
    C12                0.327      0.295      1.109      0.268

 P13      WITH
    C13                0.327      0.295      1.109      0.268

 P14      WITH
    C14                0.327      0.295      1.109      0.268

 P15      WITH
    C15                0.327      0.295      1.109      0.268

 Intercepts
    P1                 0.000      0.000    999.000    999.000
    P2                 0.000      0.000    999.000    999.000
    P3                 0.000      0.000    999.000    999.000
    P4                 0.000      0.000    999.000    999.000
    P5                 0.000      0.000    999.000    999.000
    P6                 0.000      0.000    999.000    999.000
    P7                 0.000      0.000    999.000    999.000
    P8                 0.000      0.000    999.000    999.000
    P9                 0.000      0.000    999.000    999.000
    P10                0.000      0.000    999.000    999.000
    P11                0.000      0.000    999.000    999.000
    P12                0.000      0.000    999.000    999.000
    P13                0.000      0.000    999.000    999.000
    P14                0.000      0.000    999.000    999.000
    P15                0.000      0.000    999.000    999.000
    C1                 0.000      0.000    999.000    999.000
    C2                 0.000      0.000    999.000    999.000
    C3                 0.000      0.000    999.000    999.000
    C4                 0.000      0.000    999.000    999.000
    C5                 0.000      0.000    999.000    999.000
    C6                 0.000      0.000    999.000    999.000
    C7                 0.000      0.000    999.000    999.000
    C8                 0.000      0.000    999.000    999.000
    C9                 0.000      0.000    999.000    999.000
    C10                0.000      0.000    999.000    999.000
    C11                0.000      0.000    999.000    999.000
    C12                0.000      0.000    999.000    999.000
    C13                0.000      0.000    999.000    999.000
    C14                0.000      0.000    999.000    999.000
    C15                0.000      0.000    999.000    999.000
    IP                80.585      1.784     45.163      0.000
    SP                -1.839      0.246     -7.477      0.000
    IC                28.687      0.160    179.775      0.000
    SC                -0.090      0.033     -2.758      0.006

 Residual Variances
    P1                34.861      2.349     14.843      0.000
    P2                34.861      2.349     14.843      0.000
    P3                34.861      2.349     14.843      0.000
    P4                34.861      2.349     14.843      0.000
    P5                34.861      2.349     14.843      0.000
    P6                34.861      2.349     14.843      0.000
    P7                34.861      2.349     14.843      0.000
    P8                34.861      2.349     14.843      0.000
    P9                34.861      2.349     14.843      0.000
    P10               34.861      2.349     14.843      0.000
    P11               34.861      2.349     14.843      0.000
    P12               34.861      2.349     14.843      0.000
    P13               34.861      2.349     14.843      0.000
    P14               34.861      2.349     14.843      0.000
    P15               34.861      2.349     14.843      0.000
    C1                 1.969      0.142     13.841      0.000
    C2                 1.969      0.142     13.841      0.000
    C3                 1.969      0.142     13.841      0.000
    C4                 1.969      0.142     13.841      0.000
    C5                 1.969      0.142     13.841      0.000
    C6                 1.969      0.142     13.841      0.000
    C7                 1.969      0.142     13.841      0.000
    C8                 1.969      0.142     13.841      0.000
    C9                 1.969      0.142     13.841      0.000
    C10                1.969      0.142     13.841      0.000
    C11                1.969      0.142     13.841      0.000
    C12                1.969      0.142     13.841      0.000
    C13                1.969      0.142     13.841      0.000
    C14                1.969      0.142     13.841      0.000
    C15                1.969      0.142     13.841      0.000
    IP               270.562     27.793      9.735      0.000
    SP                 2.104      0.670      3.140      0.002
    IC                 2.763      1.460      1.893      0.058
    SC                 0.031      0.021      1.460      0.144

New/Additional Parameters
    R_IPIC             0.277      0.060      4.574      0.000
    R_SPSC             0.426      0.205      2.077      0.038
    R_RES_PC           0.039      0.035      1.116      0.265


QUALITY OF NUMERICAL RESULTS

     Condition Number for the Information Matrix              0.169E-04
       (ratio of smallest to largest eigenvalue)


CONFIDENCE INTERVALS OF MODEL RESULTS

                  Lower .5%  Lower 2.5%    Lower 5%    Estimate    Upper 5%  Upper 2.5%   Upper .5%

 IP       ON
    BAGE            -1.495      -1.411      -1.369      -1.145      -0.922      -0.879      -0.796

 SP       ON
    BAGE            -0.065      -0.051      -0.044      -0.008       0.028       0.035       0.048

 IC       ON
    BAGE            -0.142      -0.129      -0.122      -0.085      -0.049      -0.042      -0.029

 SC       ON
    BAGE            -0.009      -0.007      -0.006       0.000       0.005       0.006       0.008

 IP       WITH
    SP             -14.674     -13.059     -12.233      -7.920      -3.606      -2.780      -1.165
    IC               1.371       2.852       3.609       7.565      11.521      12.278      13.759
    SC              -0.963      -0.704      -0.571       0.121       0.814       0.946       1.205

 SP       WITH
    IC              -1.862      -1.559      -1.404      -0.595       0.214       0.369       0.672
    SC              -0.076      -0.031      -0.009       0.109       0.227       0.250       0.294

 IC       WITH
    SC              -0.506      -0.410      -0.361      -0.106       0.149       0.198       0.294

 P1       WITH
    C1              -0.433      -0.251      -0.158       0.327       0.813       0.906       1.087

 P2       WITH
    C2              -0.433      -0.251      -0.158       0.327       0.813       0.906       1.087

 P3       WITH
    C3              -0.433      -0.251      -0.158       0.327       0.813       0.906       1.087

 P4       WITH
    C4              -0.433      -0.251      -0.158       0.327       0.813       0.906       1.087

 P5       WITH
    C5              -0.433      -0.251      -0.158       0.327       0.813       0.906       1.087

 P6       WITH
    C6              -0.433      -0.251      -0.158       0.327       0.813       0.906       1.087

 P7       WITH
    C7              -0.433      -0.251      -0.158       0.327       0.813       0.906       1.087

 P8       WITH
    C8              -0.433      -0.251      -0.158       0.327       0.813       0.906       1.087

 P9       WITH
    C9              -0.433      -0.251      -0.158       0.327       0.813       0.906       1.087

 P10      WITH
    C10             -0.433      -0.251      -0.158       0.327       0.813       0.906       1.087

 P11      WITH
    C11             -0.433      -0.251      -0.158       0.327       0.813       0.906       1.087

 P12      WITH
    C12             -0.433      -0.251      -0.158       0.327       0.813       0.906       1.087

 P13      WITH
    C13             -0.433      -0.251      -0.158       0.327       0.813       0.906       1.087

 P14      WITH
    C14             -0.433      -0.251      -0.158       0.327       0.813       0.906       1.087

 P15      WITH
    C15             -0.433      -0.251      -0.158       0.327       0.813       0.906       1.087

 Intercepts
    P1               0.000       0.000       0.000       0.000       0.000       0.000       0.000
    P2               0.000       0.000       0.000       0.000       0.000       0.000       0.000
    P3               0.000       0.000       0.000       0.000       0.000       0.000       0.000
    P4               0.000       0.000       0.000       0.000       0.000       0.000       0.000
    P5               0.000       0.000       0.000       0.000       0.000       0.000       0.000
    P6               0.000       0.000       0.000       0.000       0.000       0.000       0.000
    P7               0.000       0.000       0.000       0.000       0.000       0.000       0.000
    P8               0.000       0.000       0.000       0.000       0.000       0.000       0.000
    P9               0.000       0.000       0.000       0.000       0.000       0.000       0.000
    P10              0.000       0.000       0.000       0.000       0.000       0.000       0.000
    P11              0.000       0.000       0.000       0.000       0.000       0.000       0.000
    P12              0.000       0.000       0.000       0.000       0.000       0.000       0.000
    P13              0.000       0.000       0.000       0.000       0.000       0.000       0.000
    P14              0.000       0.000       0.000       0.000       0.000       0.000       0.000
    P15              0.000       0.000       0.000       0.000       0.000       0.000       0.000
    C1               0.000       0.000       0.000       0.000       0.000       0.000       0.000
    C2               0.000       0.000       0.000       0.000       0.000       0.000       0.000
    C3               0.000       0.000       0.000       0.000       0.000       0.000       0.000
    C4               0.000       0.000       0.000       0.000       0.000       0.000       0.000
    C5               0.000       0.000       0.000       0.000       0.000       0.000       0.000
    C6               0.000       0.000       0.000       0.000       0.000       0.000       0.000
    C7               0.000       0.000       0.000       0.000       0.000       0.000       0.000
    C8               0.000       0.000       0.000       0.000       0.000       0.000       0.000
    C9               0.000       0.000       0.000       0.000       0.000       0.000       0.000
    C10              0.000       0.000       0.000       0.000       0.000       0.000       0.000
    C11              0.000       0.000       0.000       0.000       0.000       0.000       0.000
    C12              0.000       0.000       0.000       0.000       0.000       0.000       0.000
    C13              0.000       0.000       0.000       0.000       0.000       0.000       0.000
    C14              0.000       0.000       0.000       0.000       0.000       0.000       0.000
    C15              0.000       0.000       0.000       0.000       0.000       0.000       0.000
    IP              75.989      77.087      77.649      80.585      83.520      84.082      85.181
    SP              -2.473      -2.321      -2.244      -1.839      -1.434      -1.357      -1.205
    IC              28.276      28.375      28.425      28.687      28.950      29.000      29.098
    SC              -0.174      -0.154      -0.144      -0.090      -0.036      -0.026      -0.006

 Residual Variances
    P1              28.811      30.258      30.998      34.861      38.724      39.464      40.911
    P2              28.811      30.258      30.998      34.861      38.724      39.464      40.911
    P3              28.811      30.258      30.998      34.861      38.724      39.464      40.911
    P4              28.811      30.258      30.998      34.861      38.724      39.464      40.911
    P5              28.811      30.258      30.998      34.861      38.724      39.464      40.911
    P6              28.811      30.258      30.998      34.861      38.724      39.464      40.911
    P7              28.811      30.258      30.998      34.861      38.724      39.464      40.911
    P8              28.811      30.258      30.998      34.861      38.724      39.464      40.911
    P9              28.811      30.258      30.998      34.861      38.724      39.464      40.911
    P10             28.811      30.258      30.998      34.861      38.724      39.464      40.911
    P11             28.811      30.258      30.998      34.861      38.724      39.464      40.911
    P12             28.811      30.258      30.998      34.861      38.724      39.464      40.911
    P13             28.811      30.258      30.998      34.861      38.724      39.464      40.911
    P14             28.811      30.258      30.998      34.861      38.724      39.464      40.911
    P15             28.811      30.258      30.998      34.861      38.724      39.464      40.911
    C1               1.603       1.691       1.735       1.969       2.204       2.248       2.336
    C2               1.603       1.691       1.735       1.969       2.204       2.248       2.336
    C3               1.603       1.691       1.735       1.969       2.204       2.248       2.336
    C4               1.603       1.691       1.735       1.969       2.204       2.248       2.336
    C5               1.603       1.691       1.735       1.969       2.204       2.248       2.336
    C6               1.603       1.691       1.735       1.969       2.204       2.248       2.336
    C7               1.603       1.691       1.735       1.969       2.204       2.248       2.336
    C8               1.603       1.691       1.735       1.969       2.204       2.248       2.336
    C9               1.603       1.691       1.735       1.969       2.204       2.248       2.336
    C10              1.603       1.691       1.735       1.969       2.204       2.248       2.336
    C11              1.603       1.691       1.735       1.969       2.204       2.248       2.336
    C12              1.603       1.691       1.735       1.969       2.204       2.248       2.336
    C13              1.603       1.691       1.735       1.969       2.204       2.248       2.336
    C14              1.603       1.691       1.735       1.969       2.204       2.248       2.336
    C15              1.603       1.691       1.735       1.969       2.204       2.248       2.336
    IP             198.973     216.088     224.842     270.562     316.281     325.036     342.151
    SP               0.378       0.791       1.002       2.104       3.206       3.418       3.830
    IC              -0.996      -0.098       0.362       2.763       5.164       5.624       6.523
    SC              -0.024      -0.011      -0.004       0.031       0.066       0.073       0.086

New/Additional Parameters
    R_IPIC           0.121       0.158       0.177       0.277       0.376       0.395       0.432
    R_SPSC          -0.102       0.024       0.089       0.426       0.763       0.827       0.954
    R_RES_PC        -0.052      -0.030      -0.019       0.039       0.098       0.109       0.131


SAMPLE STATISTICS FOR ESTIMATED FACTOR SCORES


     SAMPLE STATISTICS


           Means
              IP            IP_SE         SP            SP_SE         IC
              ________      ________      ________      ________      ________
 1             69.439         4.780        -1.920         1.123        27.856


           Means
              IC_SE         SC            SC_SE
              ________      ________      ________
 1              0.773        -0.094         0.148


           Covariances
              IP            IP_SE         SP            SP_SE         IC
              ________      ________      ________      ________      ________
 IP           307.822
 IP_SE         -5.295         7.127
 SP            -5.231         0.067         0.754
 SP_SE         -1.709         0.308         0.031         0.093
 IC            12.134        -0.645        -0.418        -0.132         2.518
 IC_SE         -0.742         0.156         0.021         0.029        -0.072
 SC             0.184         0.015         0.042         0.000        -0.054
 SC_SE         -0.144         0.021         0.003         0.007        -0.011


           Covariances
              IC_SE         SC            SC_SE
              ________      ________      ________
 IC_SE          0.022
 SC             0.001         0.009
 SC_SE          0.002         0.000         0.001


           Correlations
              IP            IP_SE         SP            SP_SE         IC
              ________      ________      ________      ________      ________
 IP             1.000
 IP_SE         -0.113         1.000
 SP            -0.343         0.029         1.000
 SP_SE         -0.319         0.379         0.116         1.000
 IC             0.436        -0.152        -0.303        -0.272         1.000
 IC_SE         -0.285         0.393         0.165         0.631        -0.304
 SC             0.113         0.063         0.527        -0.008        -0.366
 SC_SE         -0.324         0.317         0.150         0.965        -0.264


           Correlations
              IC_SE         SC            SC_SE
              ________      ________      ________
 IC_SE          1.000
 SC             0.100         1.000
 SC_SE          0.633        -0.005         1.000


PLOT INFORMATION

The following plots are available:

  Histograms (sample values, estimated factor scores)
  Scatterplots (sample values, estimated factor scores)
  Latent variable distribution plots

     Beginning Time:  03:15:44
        Ending Time:  03:16:25
       Elapsed Time:  00:00:41



MUTHEN & MUTHEN
3463 Stoner Ave.
Los Angeles, CA  90066

Tel: (310) 391-9971
Fax: (310) 391-8971
Web: www.StatModel.com
Support: Support@StatModel.com

Copyright (c) 1998-2014 Muthen & Muthen
