------Begin Mplus Model Run: 06Oct2015 10:01:22------
Target directory: C:/Users/iLife Admin/Documents/GitHub/RADC/outputs/pairs/grip_lmimmed
Run options:
	Recursive (run models in subdirectories): FALSE
	Show output on console: FALSE
	Replace existing outfile: always
------
Currently running model: b1_female_a_grip_lmimmed_10.inp
Currently running model: b1_female_a_grip_lmimmed_11.inp
Currently running model: b1_female_a_grip_lmimmed_12.inp
Currently running model: b1_female_a_grip_lmimmed_13.inp
Currently running model: b1_female_a_grip_lmimmed_14.inp
Currently running model: b1_female_a_grip_lmimmed_15.inp
Currently running model: b1_female_a_grip_lmimmed_16.inp
Currently running model: b1_female_a_grip_lmimmed_17.inp
Currently running model: b1_female_a_grip_lmimmed_18.inp
Currently running model: b1_female_a_grip_lmimmed_4.inp
Currently running model: b1_female_a_grip_lmimmed_5.inp
Currently running model: b1_female_a_grip_lmimmed_6.inp
Currently running model: b1_female_a_grip_lmimmed_7.inp
Currently running model: b1_female_a_grip_lmimmed_8.inp
Currently running model: b1_female_a_grip_lmimmed_9.inp
Currently running model: b1_male_a_grip_lmimmed_10.inp
Currently running model: b1_male_a_grip_lmimmed_11.inp
Currently running model: b1_male_a_grip_lmimmed_12.inp
Currently running model: b1_male_a_grip_lmimmed_13.inp
Currently running model: b1_male_a_grip_lmimmed_14.inp
Currently running model: b1_male_a_grip_lmimmed_15.inp
Currently running model: b1_male_a_grip_lmimmed_16.inp
Currently running model: b1_male_a_grip_lmimmed_17.inp
Currently running model: b1_male_a_grip_lmimmed_18.inp
Currently running model: b1_male_a_grip_lmimmed_4.inp
Currently running model: b1_male_a_grip_lmimmed_5.inp
Currently running model: b1_male_a_grip_lmimmed_6.inp
Currently running model: b1_male_a_grip_lmimmed_7.inp
Currently running model: b1_male_a_grip_lmimmed_8.inp
Currently running model: b1_male_a_grip_lmimmed_9.inp

------End Mplus Model Run: 06Oct2015 10:15:35------
