------Begin Mplus Model Run: 05Oct2015 00:15:47------
Target directory: C:/Users/iLife Admin/Documents/GitHub/RADC/outputs/pairs/grip_digitsf
Run options:
	Recursive (run models in subdirectories): FALSE
	Show output on console: FALSE
	Replace existing outfile: always
------
Currently running model: b1_female_a_grip_digitsf_10.inp
Currently running model: b1_female_a_grip_digitsf_11.inp
Currently running model: b1_female_a_grip_digitsf_12.inp
Currently running model: b1_female_a_grip_digitsf_13.inp
Currently running model: b1_female_a_grip_digitsf_14.inp
Currently running model: b1_female_a_grip_digitsf_15.inp
Currently running model: b1_female_a_grip_digitsf_16.inp
Currently running model: b1_female_a_grip_digitsf_17.inp
Currently running model: b1_female_a_grip_digitsf_18.inp
Currently running model: b1_female_a_grip_digitsf_4.inp
Currently running model: b1_female_a_grip_digitsf_5.inp
Currently running model: b1_female_a_grip_digitsf_6.inp
Currently running model: b1_female_a_grip_digitsf_7.inp
Currently running model: b1_female_a_grip_digitsf_8.inp
Currently running model: b1_female_a_grip_digitsf_9.inp
Currently running model: b1_male_a_grip_digitsf_10.inp
Currently running model: b1_male_a_grip_digitsf_11.inp
Currently running model: b1_male_a_grip_digitsf_12.inp
Currently running model: b1_male_a_grip_digitsf_13.inp
Currently running model: b1_male_a_grip_digitsf_14.inp
Currently running model: b1_male_a_grip_digitsf_15.inp
Currently running model: b1_male_a_grip_digitsf_16.inp
Currently running model: b1_male_a_grip_digitsf_17.inp
Currently running model: b1_male_a_grip_digitsf_18.inp
Currently running model: b1_male_a_grip_digitsf_4.inp
Currently running model: b1_male_a_grip_digitsf_5.inp
Currently running model: b1_male_a_grip_digitsf_6.inp
Currently running model: b1_male_a_grip_digitsf_7.inp
Currently running model: b1_male_a_grip_digitsf_8.inp
Currently running model: b1_male_a_grip_digitsf_9.inp

------End Mplus Model Run: 05Oct2015 00:31:13------
