------Begin Mplus Model Run: 04Oct2015 23:57:59------
Target directory: C:/Users/iLife Admin/Documents/GitHub/RADC/outputs/pairs/grip_lmdelayed
Run options:
	Recursive (run models in subdirectories): FALSE
	Show output on console: FALSE
	Replace existing outfile: always
------
Currently running model: b1_female_a_grip_lmdelayed_10.inp
Currently running model: b1_female_a_grip_lmdelayed_11.inp
Currently running model: b1_female_a_grip_lmdelayed_12.inp
Currently running model: b1_female_a_grip_lmdelayed_13.inp
Currently running model: b1_female_a_grip_lmdelayed_14.inp
Currently running model: b1_female_a_grip_lmdelayed_15.inp
Currently running model: b1_female_a_grip_lmdelayed_16.inp
Currently running model: b1_female_a_grip_lmdelayed_17.inp
Currently running model: b1_female_a_grip_lmdelayed_18.inp
Currently running model: b1_female_a_grip_lmdelayed_4.inp
Currently running model: b1_female_a_grip_lmdelayed_5.inp
Currently running model: b1_female_a_grip_lmdelayed_6.inp
Currently running model: b1_female_a_grip_lmdelayed_7.inp
Currently running model: b1_female_a_grip_lmdelayed_8.inp
Currently running model: b1_female_a_grip_lmdelayed_9.inp
Currently running model: b1_male_a_grip_lmdelayed_10.inp
Currently running model: b1_male_a_grip_lmdelayed_11.inp
Currently running model: b1_male_a_grip_lmdelayed_12.inp
Currently running model: b1_male_a_grip_lmdelayed_13.inp
Currently running model: b1_male_a_grip_lmdelayed_14.inp
Currently running model: b1_male_a_grip_lmdelayed_15.inp
Currently running model: b1_male_a_grip_lmdelayed_16.inp
Currently running model: b1_male_a_grip_lmdelayed_17.inp
Currently running model: b1_male_a_grip_lmdelayed_18.inp
Currently running model: b1_male_a_grip_lmdelayed_4.inp
Currently running model: b1_male_a_grip_lmdelayed_5.inp
Currently running model: b1_male_a_grip_lmdelayed_6.inp
Currently running model: b1_male_a_grip_lmdelayed_7.inp
Currently running model: b1_male_a_grip_lmdelayed_8.inp
Currently running model: b1_male_a_grip_lmdelayed_9.inp

------End Mplus Model Run: 05Oct2015 00:09:20------
