Mplus VERSION 7.3
MUTHEN & MUTHEN
10/04/2015  11:48 PM

INPUT INSTRUCTIONS

  TITLE:
  Your new title
  DATA:
  File = radcMAP_wide.dat;
  VARIABLE:
  Names are
  	projid study_x scaled_to_x agreeableness conscientiousness extraversion
  	neo_altruism neo_conscientiousness neo_trust openness anxiety_10items
  	neuroticism_12 neuroticism_6 age_bl age_death educ msex race spanish q1inc
  	apoe_genotype ldai_bl q3smo_bl q4smo_bl smoking married married2 age_at_visit_00
  	age_at_visit_01 age_at_visit_02 age_at_visit_03 age_at_visit_04 age_at_visit_05
  	age_at_visit_06 age_at_visit_07 age_at_visit_08 age_at_visit_09 age_at_visit_10
  	age_at_visit_11 age_at_visit_12 age_at_visit_13 age_at_visit_14 age_at_visit_15
  	age_at_visit_16 age_at_visit_17 age_at_visit_18 age_at_visit_19 age_at_visit_20
  	alcohol_g_00 alcohol_g_01 alcohol_g_02 alcohol_g_03 alcohol_g_04 alcohol_g_05
  	alcohol_g_06 alcohol_g_07 alcohol_g_08 alcohol_g_09 alcohol_g_10 alcohol_g_11
  	alcohol_g_12 alcohol_g_13 alcohol_g_14 alcohol_g_15 alcohol_g_16 alcohol_g_17
  	alcohol_g_18 alcohol_g_19 alcohol_g_20 bmi_00 bmi_01 bmi_02 bmi_03 bmi_04 bmi_05
  	bmi_06 bmi_07 bmi_08 bmi_09 bmi_10 bmi_11 bmi_12 bmi_13 bmi_14 bmi_15 bmi_16
  	bmi_17 bmi_18 bmi_19 bmi_20 bp11_00 bp11_01 bp11_02 bp11_03 bp11_04 bp11_05
  	bp11_06 bp11_07 bp11_08 bp11_09 bp11_10 bp11_11 bp11_12 bp11_13 bp11_14 bp11_15
  	bp11_16 bp11_17 bp11_18 bp11_19 bp11_20 bp2_00 bp2_01 bp2_02 bp2_03 bp2_04
  	bp2_05 bp2_06 bp2_07 bp2_08 bp2_09 bp2_10 bp2_11 bp2_12 bp2_13 bp2_14 bp2_15
  	bp2_16 bp2_17 bp2_18 bp2_19 bp2_20 bp3_00 bp3_01 bp3_02 bp3_03 bp3_04 bp3_05
  	bp3_06 bp3_07 bp3_08 bp3_09 bp3_10 bp31_00 bp31_01 bp31_02 bp31_03 bp31_04
  	bp31_05 bp31_06 bp31_07 bp31_08 bp31_09 bp3_11 bp31_10 bp31_11 bp31_12 bp31_13
  	bp31_14 bp31_15 bp31_16 bp31_17 bp31_18 bp31_19 bp3_12 bp31_20 bp3_13 bp3_14
  	bp3_15 bp3_16 bp3_17 bp3_18 bp3_19 bp3_20 bun_00 bun_01 bun_02 bun_03 bun_04
  	bun_05 bun_06 bun_07 bun_08 bun_09 bun_10 bun_11 bun_12 bun_13 bun_14 bun_15
  	bun_16 bun_17 bun_18 bun_19 bun_20 ca_00 ca_01 ca_02 ca_03 ca_04 ca_05 ca_06
  	ca_07 ca_08 ca_09 ca_10 ca_11 ca_12 ca_13 ca_14 ca_15 ca_16 ca_17 ca_18 ca_19
  	ca_20 cesdsum_00 cesdsum_01 cesdsum_02 cesdsum_03 cesdsum_04 cesdsum_05
  	cesdsum_06 cesdsum_07 cesdsum_08 cesdsum_09 cesdsum_10 cesdsum_11 cesdsum_12
  	cesdsum_13 cesdsum_14 cesdsum_15 cesdsum_16 cesdsum_17 cesdsum_18 cesdsum_19
  	cesdsum_20 chf_cum_00 chf_cum_01 chf_cum_02 chf_cum_03 chf_cum_04 chf_cum_05
  	chf_cum_06 chf_cum_07 chf_cum_08 chf_cum_09 chf_cum_10 chf_cum_11 chf_cum_12
  	chf_cum_13 chf_cum_14 chf_cum_15 chf_cum_16 chf_cum_17 chf_cum_18 chf_cum_19
  	chf_cum_20 chlstrl_00 chlstrl_01 chlstrl_02 chlstrl_03 chlstrl_04 chlstrl_05
  	chlstrl_06 chlstrl_07 chlstrl_08 chlstrl_09 chlstrl_10 chlstrl_11 chlstrl_12
  	chlstrl_13 chlstrl_14 chlstrl_15 chlstrl_16 chlstrl_17 chlstrl_18 chlstrl_19
  	chlstrl_20 cl_00 cl_01 cl_02 cl_03 cl_04 cl_05 cl_06 cl_07 cl_08 cl_09 cl_10
  	cl_11 cl_12 cl_13 cl_14 cl_15 cl_16 cl_17 cl_18 cl_19 cl_20 claudication_cum_00
  	claudication_cum_01 claudication_cum_02 claudication_cum_03 claudication_cum_04
  	claudication_cum_05 claudication_cum_06 claudication_cum_07 claudication_cum_08
  	claudication_cum_09 claudication_cum_10 claudication_cum_11 claudication_cum_12
  	claudication_cum_13 claudication_cum_14 claudication_cum_15 claudication_cum_16
  	claudication_cum_17 claudication_cum_18 claudication_cum_19 claudication_cum_20
  	co2_00 co2_01 co2_02 co2_03 co2_04 co2_05 co2_06 co2_07 co2_08 co2_09 co2_10
  	co2_11 co2_12 co2_13 co2_14 co2_15 co2_16 co2_17 co2_18 co2_19 co2_20 cogn_ep_00
  	cogn_ep_01 cogn_ep_02 cogn_ep_03 cogn_ep_04 cogn_ep_05 cogn_ep_06 cogn_ep_07
  	cogn_ep_08 cogn_ep_09 cogn_ep_10 cogn_ep_11 cogn_ep_12 cogn_ep_13 cogn_ep_14
  	cogn_ep_15 cogn_ep_16 cogn_ep_17 cogn_ep_18 cogn_ep_19 cogn_ep_20 cogn_global_00
  	cogn_global_01 cogn_global_02 cogn_global_03 cogn_global_04 cogn_global_05
  	cogn_global_06 cogn_global_07 cogn_global_08 cogn_global_09 cogn_global_10
  	cogn_global_11 cogn_global_12 cogn_global_13 cogn_global_14 cogn_global_15
  	cogn_global_16 cogn_global_17 cogn_global_18 cogn_global_19 cogn_global_20
  	cogn_po_00 cogn_po_01 cogn_po_02 cogn_po_03 cogn_po_04 cogn_po_05 cogn_po_06
  	cogn_po_07 cogn_po_08 cogn_po_09 cogn_po_10 cogn_po_11 cogn_po_12 cogn_po_13
  	cogn_po_14 cogn_po_15 cogn_po_16 cogn_po_17 cogn_po_18 cogn_po_19 cogn_po_20
  	cogn_ps_00 cogn_ps_01 cogn_ps_02 cogn_ps_03 cogn_ps_04 cogn_ps_05 cogn_ps_06
  	cogn_ps_07 cogn_ps_08 cogn_ps_09 cogn_ps_10 cogn_ps_11 cogn_ps_12 cogn_ps_13
  	cogn_ps_14 cogn_ps_15 cogn_ps_16 cogn_ps_17 cogn_ps_18 cogn_ps_19 cogn_ps_20
  	cogn_se_00 cogn_se_01 cogn_se_02 cogn_se_03 cogn_se_04 cogn_se_05 cogn_se_06
  	cogn_se_07 cogn_se_08 cogn_se_09 cogn_se_10 cogn_se_11 cogn_se_12 cogn_se_13
  	cogn_se_14 cogn_se_15 cogn_se_16 cogn_se_17 cogn_se_18 cogn_se_19 cogn_se_20
  	cogn_wo_00 cogn_wo_01 cogn_wo_02 cogn_wo_03 cogn_wo_04 cogn_wo_05 cogn_wo_06
  	cogn_wo_07 cogn_wo_08 cogn_wo_09 cogn_wo_10 cogn_wo_11 cogn_wo_12 cogn_wo_13
  	cogn_wo_14 cogn_wo_15 cogn_wo_16 cogn_wo_17 cogn_wo_18 cogn_wo_19 cogn_wo_20
  	crn_00 crn_01 crn_02 crn_03 crn_04 crn_05 crn_06 crn_07 crn_08 crn_09 crn_10
  	crn_11 crn_12 crn_13 crn_14 crn_15 crn_16 crn_17 crn_18 crn_19 crn_20
  	cts_bname_00 cts_bname_01 cts_bname_02 cts_bname_03 cts_bname_04 cts_bname_05
  	cts_bname_06 cts_bname_07 cts_bname_08 cts_bname_09 cts_bname_10 cts_bname_11
  	cts_bname_12 cts_bname_13 cts_bname_14 cts_bname_15 cts_bname_16 cts_bname_17
  	cts_bname_18 cts_bname_19 cts_bname_20 cts_catflu_00 cts_catflu_01 cts_catflu_02
  	cts_catflu_03 cts_catflu_04 cts_catflu_05 cts_catflu_06 cts_catflu_07
  	cts_catflu_08 cts_catflu_09 cts_catflu_10 cts_catflu_11 cts_catflu_12
  	cts_catflu_13 cts_catflu_14 cts_catflu_15 cts_catflu_16 cts_catflu_17
  	cts_catflu_18 cts_catflu_19 cts_catflu_20 cts_db_00 cts_db_01 cts_db_02
  	cts_db_03 cts_db_04 cts_db_05 cts_db_06 cts_db_07 cts_db_08 cts_db_09 cts_db_10
  	cts_db_11 cts_db_12 cts_db_13 cts_db_14 cts_db_15 cts_db_16 cts_db_17 cts_db_18
  	cts_db_19 cts_db_20 cts_delay_00 cts_delay_01 cts_delay_02 cts_delay_03
  	cts_delay_04 cts_delay_05 cts_delay_06 cts_delay_07 cts_delay_08 cts_delay_09
  	cts_delay_10 cts_delay_11 cts_delay_12 cts_delay_13 cts_delay_14 cts_delay_15
  	cts_delay_16 cts_delay_17 cts_delay_18 cts_delay_19 cts_delay_20 cts_df_00
  	cts_df_01 cts_df_02 cts_df_03 cts_df_04 cts_df_05 cts_df_06 cts_df_07 cts_df_08
  	cts_df_09 cts_df_10 cts_df_11 cts_df_12 cts_df_13 cts_df_14 cts_df_15 cts_df_16
  	cts_df_17 cts_df_18 cts_df_19 cts_df_20 cts_doperf_00 cts_doperf_01
  	cts_doperf_02 cts_doperf_03 cts_doperf_04 cts_doperf_05 cts_doperf_06
  	cts_doperf_07 cts_doperf_08 cts_doperf_09 cts_doperf_10 cts_doperf_11
  	cts_doperf_12 cts_doperf_13 cts_doperf_14 cts_doperf_15 cts_doperf_16
  	cts_doperf_17 cts_doperf_18 cts_doperf_19 cts_doperf_20 cts_ebdr_00 cts_ebdr_01
  	cts_ebdr_02 cts_ebdr_03 cts_ebdr_04 cts_ebdr_05 cts_ebdr_06 cts_ebdr_07
  	cts_ebdr_08 cts_ebdr_09 cts_ebdr_10 cts_ebdr_11 cts_ebdr_12 cts_ebdr_13
  	cts_ebdr_14 cts_ebdr_15 cts_ebdr_16 cts_ebdr_17 cts_ebdr_18 cts_ebdr_19
  	cts_ebdr_20 cts_ebmt_00 cts_ebmt_01 cts_ebmt_02 cts_ebmt_03 cts_ebmt_04
  	cts_ebmt_05 cts_ebmt_06 cts_ebmt_07 cts_ebmt_08 cts_ebmt_09 cts_ebmt_10
  	cts_ebmt_11 cts_ebmt_12 cts_ebmt_13 cts_ebmt_14 cts_ebmt_15 cts_ebmt_16
  	cts_ebmt_17 cts_ebmt_18 cts_ebmt_19 cts_ebmt_20 cts_idea_00 cts_idea_01
  	cts_idea_02 cts_idea_03 cts_idea_04 cts_idea_05 cts_idea_06 cts_idea_07
  	cts_idea_08 cts_idea_09 cts_idea_10 cts_idea_11 cts_idea_12 cts_idea_13
  	cts_idea_14 cts_idea_15 cts_idea_16 cts_idea_17 cts_idea_18 cts_idea_19
  	cts_idea_20 cts_lopair_00 cts_lopair_01 cts_lopair_02 cts_lopair_03
  	cts_lopair_04 cts_lopair_05 cts_lopair_06 cts_lopair_07 cts_lopair_08
  	cts_lopair_09 cts_lopair_10 cts_lopair_11 cts_lopair_12 cts_lopair_13
  	cts_lopair_14 cts_lopair_15 cts_lopair_16 cts_lopair_17 cts_lopair_18
  	cts_lopair_19 cts_lopair_20 cts_mmse30_00 cts_mmse30_01 cts_mmse30_02
  	cts_mmse30_03 cts_mmse30_04 cts_mmse30_05 cts_mmse30_06 cts_mmse30_07
  	cts_mmse30_08 cts_mmse30_09 cts_mmse30_10 cts_mmse30_11 cts_mmse30_12
  	cts_mmse30_13 cts_mmse30_14 cts_mmse30_15 cts_mmse30_16 cts_mmse30_17
  	cts_mmse30_18 cts_mmse30_19 cts_mmse30_20 cts_nccrtd_00 cts_nccrtd_01
  	cts_nccrtd_02 cts_nccrtd_03 cts_nccrtd_04 cts_nccrtd_05 cts_nccrtd_06
  	cts_nccrtd_07 cts_nccrtd_08 cts_nccrtd_09 cts_nccrtd_10 cts_nccrtd_11
  	cts_nccrtd_12 cts_nccrtd_13 cts_nccrtd_14 cts_nccrtd_15 cts_nccrtd_16
  	cts_nccrtd_17 cts_nccrtd_18 cts_nccrtd_19 cts_nccrtd_20 cts_pmat_00 cts_pmat_01
  	cts_pmat_02 cts_pmat_03 cts_pmat_04 cts_pmat_05 cts_pmat_06 cts_pmat_07
  	cts_pmat_08 cts_pmat_09 cts_pmat_10 cts_pmat_11 cts_pmat_12 cts_pmat_13
  	cts_pmat_14 cts_pmat_15 cts_pmat_16 cts_pmat_17 cts_pmat_18 cts_pmat_19
  	cts_pmat_20 cts_read_nart_00 cts_read_nart_01 cts_read_nart_02 cts_read_nart_03
  	cts_read_nart_04 cts_read_nart_05 cts_read_nart_06 cts_read_nart_07
  	cts_read_nart_08 cts_read_nart_09 cts_read_nart_10 cts_read_nart_11
  	cts_read_nart_12 cts_read_nart_13 cts_read_nart_14 cts_read_nart_15
  	cts_read_nart_16 cts_read_nart_17 cts_read_nart_18 cts_read_nart_19
  	cts_read_nart_20 cts_read_wrat_00 cts_read_wrat_01 cts_read_wrat_02
  	cts_read_wrat_03 cts_read_wrat_04 cts_read_wrat_05 cts_read_wrat_06
  	cts_read_wrat_07 cts_read_wrat_08 cts_read_wrat_09 cts_read_wrat_10
  	cts_read_wrat_11 cts_read_wrat_12 cts_read_wrat_13 cts_read_wrat_14
  	cts_read_wrat_15 cts_read_wrat_16 cts_read_wrat_17 cts_read_wrat_18
  	cts_read_wrat_19 cts_read_wrat_20 cts_sdmt_00 cts_sdmt_01 cts_sdmt_02
  	cts_sdmt_03 cts_sdmt_04 cts_sdmt_05 cts_sdmt_06 cts_sdmt_07 cts_sdmt_08
  	cts_sdmt_09 cts_sdmt_10 cts_sdmt_11 cts_sdmt_12 cts_sdmt_13 cts_sdmt_14
  	cts_sdmt_15 cts_sdmt_16 cts_sdmt_17 cts_sdmt_18 cts_sdmt_19 cts_sdmt_20
  	cts_story_00 cts_story_01 cts_story_02 cts_story_03 cts_story_04 cts_story_05
  	cts_story_06 cts_story_07 cts_story_08 cts_story_09 cts_story_10 cts_story_11
  	cts_story_12 cts_story_13 cts_story_14 cts_story_15 cts_story_16 cts_story_17
  	cts_story_18 cts_story_19 cts_story_20 cts_wli_00 cts_wli_01 cts_wli_02
  	cts_wli_03 cts_wli_04 cts_wli_05 cts_wli_06 cts_wli_07 cts_wli_08 cts_wli_09
  	cts_wli_10 cts_wli_11 cts_wli_12 cts_wli_13 cts_wli_14 cts_wli_15 cts_wli_16
  	cts_wli_17 cts_wli_18 cts_wli_19 cts_wli_20 cts_wlii_00 cts_wlii_01 cts_wlii_02
  	cts_wlii_03 cts_wlii_04 cts_wlii_05 cts_wlii_06 cts_wlii_07 cts_wlii_08
  	cts_wlii_09 cts_wlii_10 cts_wlii_11 cts_wlii_12 cts_wlii_13 cts_wlii_14
  	cts_wlii_15 cts_wlii_16 cts_wlii_17 cts_wlii_18 cts_wlii_19 cts_wlii_20
  	cts_wliii_00 cts_wliii_01 cts_wliii_02 cts_wliii_03 cts_wliii_04 cts_wliii_05
  	cts_wliii_06 cts_wliii_07 cts_wliii_08 cts_wliii_09 cts_wliii_10 cts_wliii_11
  	cts_wliii_12 cts_wliii_13 cts_wliii_14 cts_wliii_15 cts_wliii_16 cts_wliii_17
  	cts_wliii_18 cts_wliii_19 cts_wliii_20 dcfdx_00 dcfdx_01 dcfdx_02 dcfdx_03
  	dcfdx_04 dcfdx_05 dcfdx_06 dcfdx_07 dcfdx_08 dcfdx_09 dcfdx_10 dcfdx_11 dcfdx_12
  	dcfdx_13 dcfdx_14 dcfdx_15 dcfdx_16 dcfdx_17 dcfdx_18 dcfdx_19 dcfdx_20
  	dementia_00 dementia_01 dementia_02 dementia_03 dementia_04 dementia_05
  	dementia_06 dementia_07 dementia_08 dementia_09 dementia_10 dementia_11
  	dementia_12 dementia_13 dementia_14 dementia_15 dementia_16 dementia_17
  	dementia_18 dementia_19 dementia_20 dm_cum_00 dm_cum_01 dm_cum_02 dm_cum_03
  	dm_cum_04 dm_cum_05 dm_cum_06 dm_cum_07 dm_cum_08 dm_cum_09 dm_cum_10 dm_cum_11
  	dm_cum_12 dm_cum_13 dm_cum_14 dm_cum_15 dm_cum_16 dm_cum_17 dm_cum_18 dm_cum_19
  	dm_cum_20 fasting_00 fasting_01 fasting_02 fasting_03 fasting_04 fasting_05
  	fasting_06 fasting_07 fasting_08 fasting_09 fasting_10 fasting_11 fasting_12
  	fasting_13 fasting_14 fasting_15 fasting_16 fasting_17 fasting_18 fasting_19
  	fasting_20 fev_00 fev_01 fev_02 fev_03 fev_04 fev_05 fev_06 fev_07 fev_08 fev_09
  	fev_10 fev_11 fev_12 fev_13 fev_14 fev_15 fev_16 fev_17 fev_18 fev_19 fev_20
  	fu_year gait_speed_00 gait_speed_01 gait_speed_02 gait_speed_03 gait_speed_04
  	gait_speed_05 gait_speed_06 gait_speed_07 gait_speed_08 gait_speed_09
  	gait_speed_10 gait_speed_11 gait_speed_12 gait_speed_13 gait_speed_14
  	gait_speed_15 gait_speed_16 gait_speed_17 gait_speed_18 gait_speed_19
  	gait_speed_20 glucose_00 glucose_01 glucose_02 glucose_03 glucose_04 glucose_05
  	glucose_06 glucose_07 glucose_08 glucose_09 glucose_10 glucose_11 glucose_12
  	glucose_13 glucose_14 glucose_15 glucose_16 glucose_17 glucose_18 glucose_19
  	glucose_20 gripavg_00 gripavg_01 gripavg_02 gripavg_03 gripavg_04 gripavg_05
  	gripavg_06 gripavg_07 gripavg_08 gripavg_09 gripavg_10 gripavg_11 gripavg_12
  	gripavg_13 gripavg_14 gripavg_15 gripavg_16 gripavg_17 gripavg_18 gripavg_19
  	gripavg_20 hba1c_00 hba1c_01 hba1c_02 hba1c_03 hba1c_04 hba1c_05 hba1c_06
  	hba1c_07 hba1c_08 hba1c_09 hba1c_10 hba1c_11 hba1c_12 hba1c_13 hba1c_14 hba1c_15
  	hba1c_16 hba1c_17 hba1c_18 hba1c_19 hba1c_20 hdlchlstrl_00 hdlchlstrl_01
  	hdlchlstrl_02 hdlchlstrl_03 hdlchlstrl_04 hdlchlstrl_05 hdlchlstrl_06
  	hdlchlstrl_07 hdlchlstrl_08 hdlchlstrl_09 hdlchlstrl_10 hdlchlstrl_11
  	hdlchlstrl_12 hdlchlstrl_13 hdlchlstrl_14 hdlchlstrl_15 hdlchlstrl_16
  	hdlchlstrl_17 hdlchlstrl_18 hdlchlstrl_19 hdlchlstrl_20 hdlratio_00 hdlratio_01
  	hdlratio_02 hdlratio_03 hdlratio_04 hdlratio_05 hdlratio_06 hdlratio_07
  	hdlratio_08 hdlratio_09 hdlratio_10 hdlratio_11 hdlratio_12 hdlratio_13
  	hdlratio_14 hdlratio_15 hdlratio_16 hdlratio_17 hdlratio_18 hdlratio_19
  	hdlratio_20 heart_cum_00 heart_cum_01 heart_cum_02 heart_cum_03 heart_cum_04
  	heart_cum_05 heart_cum_06 heart_cum_07 heart_cum_08 heart_cum_09 heart_cum_10
  	heart_cum_11 heart_cum_12 heart_cum_13 heart_cum_14 heart_cum_15 heart_cum_16
  	heart_cum_17 heart_cum_18 heart_cum_19 heart_cum_20 htm_00 htm_01 htm_02 htm_03
  	htm_04 htm_05 htm_06 htm_07 htm_08 htm_09 htm_10 htm_11 htm_12 htm_13 htm_14
  	htm_15 htm_16 htm_17 htm_18 htm_19 htm_20 hypertension_cum_00
  	hypertension_cum_01 hypertension_cum_02 hypertension_cum_03 hypertension_cum_04
  	hypertension_cum_05 hypertension_cum_06 hypertension_cum_07 hypertension_cum_08
  	hypertension_cum_09 hypertension_cum_10 hypertension_cum_11 hypertension_cum_12
  	hypertension_cum_13 hypertension_cum_14 hypertension_cum_15 hypertension_cum_16
  	hypertension_cum_17 hypertension_cum_18 hypertension_cum_19 hypertension_cum_20
  	iadlsum_00 iadlsum_01 iadlsum_02 iadlsum_03 iadlsum_04 iadlsum_05 iadlsum_06
  	iadlsum_07 iadlsum_08 iadlsum_09 iadlsum_10 iadlsum_11 iadlsum_12 iadlsum_13
  	iadlsum_14 iadlsum_15 iadlsum_16 iadlsum_17 iadlsum_18 iadlsum_19 iadlsum_20
  	intrusion_00 intrusion_01 intrusion_02 intrusion_03 intrusion_04 intrusion_05
  	intrusion_06 intrusion_07 intrusion_08 intrusion_09 intrusion_10 intrusion_11
  	intrusion_12 intrusion_13 intrusion_14 intrusion_15 intrusion_16 intrusion_17
  	intrusion_18 intrusion_19 intrusion_20 k_00 k_01 k_02 k_03 k_04 k_05 k_06 k_07
  	k_08 k_09 k_10 k_11 k_12 k_13 k_14 k_15 k_16 k_17 k_18 k_19 k_20 katzsum_00
  	katzsum_01 katzsum_02 katzsum_03 katzsum_04 katzsum_05 katzsum_06 katzsum_07
  	katzsum_08 katzsum_09 katzsum_10 katzsum_11 katzsum_12 katzsum_13 katzsum_14
  	katzsum_15 katzsum_16 katzsum_17 katzsum_18 katzsum_19 katzsum_20 ldlchlstrl_00
  	ldlchlstrl_01 ldlchlstrl_02 ldlchlstrl_03 ldlchlstrl_04 ldlchlstrl_05
  	ldlchlstrl_06 ldlchlstrl_07 ldlchlstrl_08 ldlchlstrl_09 ldlchlstrl_10
  	ldlchlstrl_11 ldlchlstrl_12 ldlchlstrl_13 ldlchlstrl_14 ldlchlstrl_15
  	ldlchlstrl_16 ldlchlstrl_17 ldlchlstrl_18 ldlchlstrl_19 ldlchlstrl_20 mep_00
  	mep_01 mep_02 mep_03 mep_04 mep_05 mep_06 mep_07 mep_08 mep_09 mep_10 mep_11
  	mep_12 mep_13 mep_14 mep_15 mep_16 mep_17 mep_18 mep_19 mep_20 mip_00 mip_01
  	mip_02 mip_03 mip_04 mip_05 mip_06 mip_07 mip_08 mip_09 mip_10 mip_11 mip_12
  	mip_13 mip_14 mip_15 mip_16 mip_17 mip_18 mip_19 mip_20 na_00 na_01 na_02 na_03
  	na_04 na_05 na_06 na_07 na_08 na_09 na_10 na_11 na_12 na_13 na_14 na_15 na_16
  	na_17 na_18 na_19 na_20 neglifeevents_00 neglifeevents_01 neglifeevents_02
  	neglifeevents_03 neglifeevents_04 neglifeevents_05 neglifeevents_06
  	neglifeevents_07 neglifeevents_08 neglifeevents_09 neglifeevents_10
  	neglifeevents_11 neglifeevents_12 neglifeevents_13 neglifeevents_14
  	neglifeevents_15 neglifeevents_16 neglifeevents_17 neglifeevents_18
  	neglifeevents_19 neglifeevents_20 negsocexchange_00 negsocexchange_01
  	negsocexchange_02 negsocexchange_03 negsocexchange_04 negsocexchange_05
  	negsocexchange_06 negsocexchange_07 negsocexchange_08 negsocexchange_09
  	negsocexchange_10 negsocexchange_11 negsocexchange_12 negsocexchange_13
  	negsocexchange_14 negsocexchange_15 negsocexchange_16 negsocexchange_17
  	negsocexchange_18 negsocexchange_19 negsocexchange_20 nohelp_00 nohelp_01
  	nohelp_02 nohelp_03 nohelp_04 nohelp_05 nohelp_06 nohelp_07 nohelp_08 nohelp_09
  	nohelp_10 nohelp_11 nohelp_12 nohelp_13 nohelp_14 nohelp_15 nohelp_16 nohelp_17
  	nohelp_18 nohelp_19 nohelp_20 panas_00 panas_01 panas_02 panas_03 panas_04
  	panas_05 panas_06 panas_07 panas_08 panas_09 panas_10 panas_11 panas_12 panas_13
  	panas_14 panas_15 panas_16 panas_17 panas_18 panas_19 panas_20
  	perceivedstress_00 perceivedstress_01 perceivedstress_02 perceivedstress_03
  	perceivedstress_04 perceivedstress_05 perceivedstress_06 perceivedstress_07
  	perceivedstress_08 perceivedstress_09 perceivedstress_10 perceivedstress_11
  	perceivedstress_12 perceivedstress_13 perceivedstress_14 perceivedstress_15
  	perceivedstress_16 perceivedstress_17 perceivedstress_18 perceivedstress_19
  	perceivedstress_20 phys5itemsum_00 phys5itemsum_01 phys5itemsum_02
  	phys5itemsum_03 phys5itemsum_04 phys5itemsum_05 phys5itemsum_06 phys5itemsum_07
  	phys5itemsum_08 phys5itemsum_09 phys5itemsum_10 phys5itemsum_11 phys5itemsum_12
  	phys5itemsum_13 phys5itemsum_14 phys5itemsum_15 phys5itemsum_16 phys5itemsum_17
  	phys5itemsum_18 phys5itemsum_19 phys5itemsum_20 pvc_00 pvc_01 pvc_02 pvc_03
  	pvc_04 pvc_05 pvc_06 pvc_07 pvc_08 pvc_09 pvc_10 pvc_11 pvc_12 pvc_13 pvc_14
  	pvc_15 pvc_16 pvc_17 pvc_18 pvc_19 pvc_20 r_depres_00 r_depres_01 r_depres_02
  	r_depres_03 r_depres_04 r_depres_05 r_depres_06 r_depres_07 r_depres_08
  	r_depres_09 r_depres_10 r_depres_11 r_depres_12 r_depres_13 r_depres_14
  	r_depres_15 r_depres_16 r_depres_17 r_depres_18 r_depres_19 r_depres_20
  	rejection_00 rejection_01 rejection_02 rejection_03 rejection_04 rejection_05
  	rejection_06 rejection_07 rejection_08 rejection_09 rejection_10 rejection_11
  	rejection_12 rejection_13 rejection_14 rejection_15 rejection_16 rejection_17
  	rejection_18 rejection_19 rejection_20 rosbscl_00 rosbscl_01 rosbscl_02
  	rosbscl_03 rosbscl_04 rosbscl_05 rosbscl_06 rosbscl_07 rosbscl_08 rosbscl_09
  	rosbscl_10 rosbscl_11 rosbscl_12 rosbscl_13 rosbscl_14 rosbscl_15 rosbscl_16
  	rosbscl_17 rosbscl_18 rosbscl_19 rosbscl_20 rosbsum_00 rosbsum_01 rosbsum_02
  	rosbsum_03 rosbsum_04 rosbsum_05 rosbsum_06 rosbsum_07 rosbsum_08 rosbsum_09
  	rosbsum_10 rosbsum_11 rosbsum_12 rosbsum_13 rosbsum_14 rosbsum_15 rosbsum_16
  	rosbsum_17 rosbsum_18 rosbsum_19 rosbsum_20 r_stroke_00 r_stroke_01 r_stroke_02
  	r_stroke_03 r_stroke_04 r_stroke_05 r_stroke_06 r_stroke_07 r_stroke_08
  	r_stroke_09 r_stroke_10 r_stroke_11 r_stroke_12 r_stroke_13 r_stroke_14
  	r_stroke_15 r_stroke_16 r_stroke_17 r_stroke_18 r_stroke_19 r_stroke_20
  	scaled_to_y stroke_cum_00 stroke_cum_01 stroke_cum_02 stroke_cum_03
  	stroke_cum_04 stroke_cum_05 stroke_cum_06 stroke_cum_07 stroke_cum_08
  	stroke_cum_09 stroke_cum_10 stroke_cum_11 stroke_cum_12 stroke_cum_13
  	stroke_cum_14 stroke_cum_15 stroke_cum_16 stroke_cum_17 stroke_cum_18
  	stroke_cum_19 stroke_cum_20 study_y thyroid_cum_00 thyroid_cum_01 thyroid_cum_02
  	thyroid_cum_03 thyroid_cum_04 thyroid_cum_05 thyroid_cum_06 thyroid_cum_07
  	thyroid_cum_08 thyroid_cum_09 thyroid_cum_10 thyroid_cum_11 thyroid_cum_12
  	thyroid_cum_13 thyroid_cum_14 thyroid_cum_15 thyroid_cum_16 thyroid_cum_17
  	thyroid_cum_18 thyroid_cum_19 thyroid_cum_20 unsympathetic_00 unsympathetic_01
  	unsympathetic_02 unsympathetic_03 unsympathetic_04 unsympathetic_05
  	unsympathetic_06 unsympathetic_07 unsympathetic_08 unsympathetic_09
  	unsympathetic_10 unsympathetic_11 unsympathetic_12 unsympathetic_13
  	unsympathetic_14 unsympathetic_15 unsympathetic_16 unsympathetic_17
  	unsympathetic_18 unsympathetic_19 unsympathetic_20 vasc_3dis_sum_00
  	vasc_3dis_sum_01 vasc_3dis_sum_02 vasc_3dis_sum_03 vasc_3dis_sum_04
  	vasc_3dis_sum_05 vasc_3dis_sum_06 vasc_3dis_sum_07 vasc_3dis_sum_08
  	vasc_3dis_sum_09 vasc_3dis_sum_10 vasc_3dis_sum_11 vasc_3dis_sum_12
  	vasc_3dis_sum_13 vasc_3dis_sum_14 vasc_3dis_sum_15 vasc_3dis_sum_16
  	vasc_3dis_sum_17 vasc_3dis_sum_18 vasc_3dis_sum_19 vasc_3dis_sum_20
  	vasc_4dis_sum_00 vasc_4dis_sum_01 vasc_4dis_sum_02 vasc_4dis_sum_03
  	vasc_4dis_sum_04 vasc_4dis_sum_05 vasc_4dis_sum_06 vasc_4dis_sum_07
  	vasc_4dis_sum_08 vasc_4dis_sum_09 vasc_4dis_sum_10 vasc_4dis_sum_11
  	vasc_4dis_sum_12 vasc_4dis_sum_13 vasc_4dis_sum_14 vasc_4dis_sum_15
  	vasc_4dis_sum_16 vasc_4dis_sum_17 vasc_4dis_sum_18 vasc_4dis_sum_19
  	vasc_4dis_sum_20 vasc_risks_sum_00 vasc_risks_sum_01 vasc_risks_sum_02
  	vasc_risks_sum_03 vasc_risks_sum_04 vasc_risks_sum_05 vasc_risks_sum_06
  	vasc_risks_sum_07 vasc_risks_sum_08 vasc_risks_sum_09 vasc_risks_sum_10
  	vasc_risks_sum_11 vasc_risks_sum_12 vasc_risks_sum_13 vasc_risks_sum_14
  	vasc_risks_sum_15 vasc_risks_sum_16 vasc_risks_sum_17 vasc_risks_sum_18
  	vasc_risks_sum_19 vasc_risks_sum_20 vision_00 vision_01 vision_02 vision_03
  	vision_04 vision_05 vision_06 vision_07 vision_08 vision_09 vision_10 vision_11
  	vision_12 vision_13 vision_14 vision_15 vision_16 vision_17 vision_18 vision_19
  	vision_20 visionlog_00 visionlog_01 visionlog_02 visionlog_03 visionlog_04
  	visionlog_05 visionlog_06 visionlog_07 visionlog_08 visionlog_09 visionlog_10
  	visionlog_11 visionlog_12 visionlog_13 visionlog_14 visionlog_15 visionlog_16
  	visionlog_17 visionlog_18 visionlog_19 visionlog_20 wtkg_00 wtkg_01 wtkg_02
  	wtkg_03 wtkg_04 wtkg_05 wtkg_06 wtkg_07 wtkg_08 wtkg_09 wtkg_10 wtkg_11 wtkg_12
  	wtkg_13 wtkg_14 wtkg_15 wtkg_16 wtkg_17 wtkg_18 wtkg_19 wtkg_20 T0 T1 T2 T3 T4
  	T5 T6 T7 T8 T9 T10 T11 T12 T13 T14 T15 T16 T17 T18 T19 T20;
  Missing are all (-9999);
  USEVAR are
  !define the variables used in the analysis
  	time1-time15
  	p1-p15
  	c1-c15
  	Bage;
  	
  TSCORES are
  !define the time points
  	time1-time15;
  USEOBSERVATIONS are
  !select a subset of observations
  	msex EQ 1 and
  	dementia_00 NE 1 and dementia_01 NE 1 and dementia_02 NE 1 and
  	dementia_03 NE 1 and dementia_04 NE 1 and dementia_05 NE 1 and
  	dementia_06 NE 1 and dementia_07 NE 1 and dementia_08 NE 1 and
  	dementia_09 NE 1 and dementia_10 NE 1 and dementia_11 NE 1 and
  	dementia_12 NE 1 and dementia_13 NE 1 and dementia_14 NE 1 and
  	dementia_15 NE 1 and dementia_16 NE 1 and dementia_17 NE 1 and
  	dementia_18 NE 1 and dementia_19 NE 1 and dementia_20 NE 1;
  DEFINE:
  !assign variables to the process p
  	p1= gripavg_00;
  	p2= gripavg_01;
  	p3= gripavg_02;
  	p4= gripavg_03;
  	p5= gripavg_04;
  	p6= gripavg_05;
  	p7= gripavg_06;
  	p8= gripavg_07;
  	p9= gripavg_08;
  	p10=gripavg_09;
  	p11=gripavg_10;
  	p12=gripavg_11;
  	p13=gripavg_12;
  	p14=gripavg_13;
  	p15=gripavg_14;
  	p16=gripavg_15;
  	p17=gripavg_16;
  	p18=gripavg_17;
  	p19=gripavg_18;
  	p20=gripavg_19;
  	p21=gripavg_20;
  !assign variables to the process c
  	c1= cts_db_00;
  	c2= cts_db_01;
  	c3= cts_db_02;
  	c4= cts_db_03;
  	c5= cts_db_04;
  	c6= cts_db_05;
  	c7= cts_db_06;
  	c8= cts_db_07;
  	c9= cts_db_08;
  	c10=cts_db_09;
  	c11=cts_db_10;
  	c12=cts_db_11;
  	c13=cts_db_12;
  	c14=cts_db_13;
  	c15=cts_db_14;
  	c16=cts_db_15;
  	c17=cts_db_16;
  	c18=cts_db_17;
  	c19=cts_db_18;
  	c20=cts_db_19;
  	c21=cts_db_20;
  !assign variables to time points
  	time1= T0;
  	time2= T1;
  	time3= T2;
  	time4= T3;
  	time5= T4;
  	time6= T5;
  	time7= T6;
  	time8= T7;
  	time9= T8;
  	time10=T9;
  	time11=T10;
  	time12=T11;
  	time13=T12;
  	time14=T13;
  	time15=T14;
  	time16=T15;
  	time17=T16;
  	time18=T17;
  	time19=T18;
  	time20=T19;
  	time21=T20;
  !define the second-level terms
  	Bage=age_bl-70;   !Age centered at 70 baseline
  		!Dage=age_death;
  		!Sex=msex;         !0=female
  	Educ=educ-7;     ! Centered at 7 years
  		!SEP=SESgrp; couldn't find
  		!Marstat;
  	Height=htm_00-1.60;
  		!Weight
  		!BMI
  		!SmokHist=smoking;
  		!Alcohol;
  		!CompExp;
  		!PhysAct;
  		!BP;
  		!DepSymp;
  		!Cardio;
  		!Diab;
  		!MorbInd;
  		!BageEduc=Bage*Educ;
  ANALYSIS:
  TYPE = RANDOM;
  COVERAGE=.00;
  MODEL:
  !first-level equation
  	ip sp | p1-p15 AT time1-time15;
  	ic sc | c1-c15 AT time1-time15;
  !variance of the first-level terms	
  	ip (v_ip);
  	sp (v_sp);
  	ic (v_ic);
  	sc (v_sc);
  !covariance among first-level terms	
  	ip WITH sp (c_ipsp);
  	ip WITH ic (c_ipic);
  	ip WITH sc (c_ipsc);
  	sp WITH ic (c_spic);
  	sp WITH sc (c_spsc);
  	ic WITH sc (c_icsc);
  !second-level equation	
  	ip sp ic sc ON Bage;
  !residual means	
  	p1-p15 (res_p);
  	c1-c15 (res_c);
  !Paired covariances constrained to be equal across t	
  	p1-p15 pwith c1-c15(res_cov);
  MODEL CONSTRAINT:
  !assigns labels to new parameters;
  	NEW r_ipic;
  	NEW r_spsc;
  	NEW r_res_pc;
  !
  	r_ipic = c_ipic/((v_ip**0.5)*(v_ic**0.5));
  	r_spsc = c_spsc/((v_sp**0.5)*(v_sc**0.5));
  	r_res_pc = res_cov/((res_p**0.5)*(res_c**0.5));
  OUTPUT: sampstat cinterval;
  PLOT: Type is Plot1 Plot2 Plot3;



*** WARNING
  Data set contains cases with missing on all variables except
  x-variables.  These cases were not included in the analysis.
  Number of cases with missing on all variables except x-variables:  15
   1 WARNING(S) FOUND IN THE INPUT INSTRUCTIONS




Your new title

SUMMARY OF ANALYSIS

Number of groups                                                 1
Number of observations                                         336

Number of dependent variables                                   30
Number of independent variables                                  1
Number of continuous latent variables                            4

Observed dependent variables

  Continuous
   P1          P2          P3          P4          P5          P6
   P7          P8          P9          P10         P11         P12
   P13         P14         P15         C1          C2          C3
   C4          C5          C6          C7          C8          C9
   C10         C11         C12         C13         C14         C15

Observed independent variables
   BAGE

Continuous latent variables
   IP          SP          IC          SC

Variables with special functions

  Time scores
   TIME1       TIME2       TIME3       TIME4       TIME5       TIME6
   TIME7       TIME8       TIME9       TIME10      TIME11      TIME12
   TIME13      TIME14      TIME15


Estimator                                                      MLR
Information matrix                                        OBSERVED
Maximum number of iterations                                   100
Convergence criterion                                    0.100D-05
Maximum number of EM iterations                                500
Convergence criteria for the EM algorithm
  Loglikelihood change                                   0.100D-02
  Relative loglikelihood change                          0.100D-05
  Derivative                                             0.100D-03
Minimum variance                                         0.100D-03
Maximum number of steepest descent iterations                   20
Maximum number of iterations for H1                           2000
Convergence criterion for H1                             0.100D-03
Optimization algorithm                                         EMA

Input data file(s)
  radcMAP_wide.dat
Input data format  FREE


SUMMARY OF DATA

     Number of missing data patterns           140


COVARIANCE COVERAGE OF DATA

Minimum covariance coverage value   0.000


     PROPORTION OF DATA PRESENT


           Covariance Coverage
              P1            P2            P3            P4            P5
              ________      ________      ________      ________      ________
 P1             0.878
 P2             0.607         0.616
 P3             0.473         0.440         0.482
 P4             0.366         0.333         0.327         0.435
 P5             0.226         0.196         0.196         0.256         0.286
 P6             0.110         0.095         0.089         0.125         0.125
 P7             0.095         0.071         0.057         0.083         0.068
 P8             0.146         0.137         0.128         0.131         0.101
 P9             0.164         0.155         0.155         0.131         0.095
 P10            0.119         0.119         0.116         0.122         0.092
 P11            0.089         0.095         0.095         0.092         0.074
 P12            0.039         0.042         0.042         0.042         0.036
 P13            0.000         0.000         0.000         0.012         0.012
 P14            0.000         0.000         0.000         0.012         0.012
 P15            0.000         0.000         0.000         0.006         0.006
 C1             0.878         0.616         0.482         0.435         0.286
 C2             0.699         0.604         0.470         0.426         0.277
 C3             0.589         0.512         0.482         0.426         0.280
 C4             0.491         0.417         0.390         0.429         0.280
 C5             0.426         0.369         0.345         0.354         0.277
 C6             0.315         0.271         0.253         0.253         0.199
 C7             0.274         0.238         0.223         0.226         0.173
 C8             0.226         0.211         0.196         0.185         0.137
 C9             0.199         0.190         0.190         0.161         0.110
 C10            0.140         0.137         0.137         0.134         0.095
 C11            0.101         0.104         0.104         0.116         0.092
 C12            0.042         0.045         0.045         0.060         0.054
 C13            0.000         0.000         0.000         0.015         0.015
 C14            0.000         0.000         0.000         0.012         0.012
 C15            0.000         0.000         0.000         0.006         0.006
 BAGE           0.878         0.616         0.482         0.435         0.286


           Covariance Coverage
              P6            P7            P8            P9            P10
              ________      ________      ________      ________      ________
 P6             0.170
 P7             0.083         0.143
 P8             0.089         0.095         0.185
 P9             0.077         0.071         0.134         0.193
 P10            0.054         0.042         0.098         0.116         0.140
 P11            0.042         0.012         0.062         0.080         0.089
 P12            0.030         0.003         0.024         0.027         0.033
 P13            0.012         0.012         0.012         0.009         0.012
 P14            0.012         0.012         0.012         0.009         0.009
 P15            0.006         0.006         0.006         0.006         0.006
 C1             0.170         0.143         0.185         0.193         0.140
 C2             0.161         0.128         0.179         0.188         0.137
 C3             0.170         0.140         0.185         0.193         0.137
 C4             0.164         0.134         0.179         0.185         0.137
 C5             0.161         0.137         0.179         0.188         0.131
 C6             0.167         0.134         0.176         0.185         0.128
 C7             0.131         0.137         0.179         0.193         0.140
 C8             0.110         0.107         0.182         0.188         0.137
 C9             0.083         0.074         0.152         0.188         0.134
 C10            0.062         0.054         0.116         0.128         0.137
 C11            0.054         0.024         0.083         0.098         0.104
 C12            0.045         0.018         0.039         0.042         0.048
 C13            0.015         0.015         0.015         0.012         0.012
 C14            0.012         0.012         0.012         0.009         0.009
 C15            0.006         0.006         0.006         0.006         0.006
 BAGE           0.170         0.143         0.185         0.193         0.140


           Covariance Coverage
              P11           P12           P13           P14           P15
              ________      ________      ________      ________      ________
 P11            0.098
 P12            0.036         0.042
 P13            0.003         0.000         0.012
 P14            0.000         0.000         0.009         0.012
 P15            0.000         0.000         0.006         0.006         0.006
 C1             0.098         0.042         0.012         0.012         0.006
 C2             0.095         0.042         0.012         0.012         0.006
 C3             0.098         0.042         0.012         0.012         0.006
 C4             0.095         0.042         0.012         0.012         0.006
 C5             0.095         0.042         0.012         0.012         0.006
 C6             0.092         0.042         0.012         0.012         0.006
 C7             0.098         0.042         0.012         0.012         0.006
 C8             0.095         0.042         0.012         0.012         0.006
 C9             0.098         0.042         0.009         0.009         0.006
 C10            0.092         0.039         0.012         0.009         0.006
 C11            0.092         0.042         0.012         0.012         0.006
 C12            0.042         0.042         0.012         0.012         0.006
 C13            0.003         0.000         0.012         0.012         0.006
 C14            0.000         0.000         0.009         0.012         0.006
 C15            0.000         0.000         0.006         0.006         0.006
 BAGE           0.098         0.042         0.012         0.012         0.006


           Covariance Coverage
              C1            C2            C3            C4            C5
              ________      ________      ________      ________      ________
 C1             1.000
 C2             0.801         0.801
 C3             0.679         0.658         0.679
 C4             0.560         0.539         0.542         0.560
 C5             0.488         0.473         0.476         0.470         0.488
 C6             0.372         0.357         0.363         0.354         0.360
 C7             0.324         0.310         0.318         0.312         0.315
 C8             0.265         0.256         0.259         0.259         0.259
 C9             0.226         0.220         0.223         0.217         0.220
 C10            0.161         0.158         0.158         0.155         0.155
 C11            0.122         0.122         0.122         0.119         0.119
 C12            0.060         0.060         0.060         0.060         0.060
 C13            0.015         0.015         0.015         0.015         0.015
 C14            0.012         0.012         0.012         0.012         0.012
 C15            0.006         0.006         0.006         0.006         0.006
 BAGE           1.000         0.801         0.679         0.560         0.488


           Covariance Coverage
              C6            C7            C8            C9            C10
              ________      ________      ________      ________      ________
 C6             0.372
 C7             0.310         0.324
 C8             0.256         0.259         0.265
 C9             0.217         0.223         0.223         0.226
 C10            0.152         0.158         0.161         0.158         0.161
 C11            0.116         0.122         0.122         0.119         0.116
 C12            0.060         0.060         0.060         0.057         0.054
 C13            0.015         0.015         0.015         0.012         0.012
 C14            0.012         0.012         0.012         0.009         0.009
 C15            0.006         0.006         0.006         0.006         0.006
 BAGE           0.372         0.324         0.265         0.226         0.161


           Covariance Coverage
              C11           C12           C13           C14           C15
              ________      ________      ________      ________      ________
 C11            0.122
 C12            0.060         0.060
 C13            0.015         0.015         0.015
 C14            0.012         0.012         0.012         0.012
 C15            0.006         0.006         0.006         0.006         0.006
 BAGE           0.122         0.060         0.015         0.012         0.006


           Covariance Coverage
              BAGE
              ________
 BAGE           1.000


SAMPLE STATISTICS


     ESTIMATED SAMPLE STATISTICS


           Means
              P1            P2            P3            P4            P5
              ________      ________      ________      ________      ________
 1             69.372        67.511        66.632        64.482        61.470


           Means
              P6            P7            P8            P9            P10
              ________      ________      ________      ________      ________
 1             59.594        57.441        55.675        54.145        52.508


           Means
              P11           P12           P13           P14           P15
              ________      ________      ________      ________      ________
 1             49.441        46.933        46.512        53.828        58.358


           Means
              C1            C2            C3            C4            C5
              ________      ________      ________      ________      ________
 1              6.196         6.285         6.265         6.077         6.387


           Means
              C6            C7            C8            C9            C10
              ________      ________      ________      ________      ________
 1              6.225         6.041         6.204         5.511         5.635


           Means
              C11           C12           C13           C14           C15
              ________      ________      ________      ________      ________
 1              5.889         4.946         5.248         4.680         6.508


           Means
              BAGE
              ________
 1              9.732


           Covariances
              P1            P2            P3            P4            P5
              ________      ________      ________      ________      ________
 P1           380.180
 P2           326.878       347.445
 P3           345.457       324.086       385.999
 P4           309.125       303.788       327.727       353.785
 P5           282.466       260.932       294.883       295.608       298.000
 P6           275.289       283.687       299.611       300.980       273.501
 P7           272.372       272.897       264.454       273.616       265.566
 P8           297.723       302.032       306.911       319.339       285.612
 P9           279.327       295.131       300.129       324.114       308.563
 P10          247.032       267.223       258.361       309.266       281.908
 P11          299.655       310.170       328.460       375.099       339.187
 P12          234.826       260.439       232.603       242.461       203.320
 P13           73.342        68.088        74.309        80.132        85.602
 P14           16.264        10.791        16.148        18.926        19.034
 P15            1.622         1.248         1.710         1.519         1.147
 C1             3.723         3.831         5.820         3.629         3.165
 C2             2.503         5.188         4.038         3.624         0.704
 C3             3.711         4.905         7.616         4.849         3.867
 C4             4.395         6.894         7.467         7.529         4.496
 C5             2.527         7.171         5.252         5.732         4.483
 C6             2.399         5.175         4.083         4.114         4.349
 C7             5.415         9.649         8.234         8.893         4.834
 C8             0.607         4.310         2.110         4.167         0.899
 C9             2.982         4.059         4.933         7.605         4.275
 C10            3.548         3.150         4.294         9.489         7.490
 C11            2.608         7.185         3.968         6.067         6.526
 C12           15.602        17.119        13.848        17.727        18.053
 C13            4.265         3.535         3.531         3.396         5.488
 C14            2.732         1.601         2.532         2.756         3.111
 C15           -0.721        -0.555        -0.760        -0.675        -0.510
 BAGE         -57.196       -60.401       -59.347       -62.597       -51.347


           Covariances
              P6            P7            P8            P9            P10
              ________      ________      ________      ________      ________
 P6           325.965
 P7           281.473       346.640
 P8           307.236       299.585       374.026
 P9           312.586       295.927       340.759       404.940
 P10          284.293       268.233       326.880       364.012       368.026
 P11          340.662       328.223       372.369       391.733       388.902
 P12          211.894       219.889       247.032       232.006       218.647
 P13           97.421        99.122       102.138        91.488        87.849
 P14           20.789        18.855        22.545        12.467        13.556
 P15            1.274         0.731         1.238         0.596         0.276
 C1             9.264        -0.001         1.802        -2.174        -1.376
 C2             7.800         2.462         2.071        -3.578         0.150
 C3             7.536         2.190         2.579        -0.265        -3.656
 C4             7.988         3.037         6.777         4.740         5.085
 C5             7.011         6.193         0.639         0.242        -1.447
 C6             7.104         1.632         5.372         3.242         2.147
 C7            10.887         2.428         5.452         7.301         4.729
 C8             5.350        -2.045         5.082        -0.402         1.788
 C9             7.091         0.015         8.164         4.078         3.209
 C10            8.845         6.092         9.621         4.913         6.304
 C11            7.471         5.206        10.665         7.939         6.589
 C12           15.395        17.819        21.161        19.865        20.137
 C13            5.389         6.716         7.133         6.031         7.073
 C14            3.052         2.969         3.731         1.964         2.352
 C15           -0.566        -0.325        -0.550        -0.265        -0.123
 BAGE         -64.441       -63.213       -64.842       -49.239       -44.266


           Covariances
              P11           P12           P13           P14           P15
              ________      ________      ________      ________      ________
 P11          472.566
 P12          263.212       255.927
 P13          104.561        57.380        76.655
 P14           21.476         6.120         9.923         6.708
 P15            1.265         1.315         0.755         0.276         0.144
 C1             3.260         4.433        -1.079         0.806         0.129
 C2             3.305         4.736        -2.185         1.251         0.019
 C3             1.431         6.765        -4.016         1.436         0.240
 C4             7.585         5.794        -4.428         0.511        -0.216
 C5             2.057        10.039        -3.048        -0.346        -0.099
 C6             7.610         6.248         0.825         0.039         0.131
 C7             8.599         8.684        -5.763        -0.350         0.059
 C8             4.177        11.389        -0.108         0.833         0.004
 C9             6.676        10.751        -4.530         1.633         0.043
 C10           10.336         3.528        -0.626         2.716        -0.030
 C11            8.562         7.709        -1.583         1.245         0.058
 C12           23.411        16.066         4.752         1.206        -0.072
 C13            7.329         1.535         6.049         0.828        -0.085
 C14            3.645         0.608         1.732         1.134         0.049
 C15           -0.562        -0.585        -0.335        -0.123        -0.063
 BAGE         -73.408       -54.949       -14.524        -3.877         0.371


           Covariances
              C1            C2            C3            C4            C5
              ________      ________      ________      ________      ________
 C1             4.176
 C2             2.758         4.588
 C3             2.462         2.601         3.911
 C4             2.680         2.992         2.598         4.562
 C5             2.576         3.228         2.759         3.177         4.977
 C6             2.467         2.946         2.166         2.981         3.112
 C7             2.124         2.402         2.525         2.680         2.930
 C8             2.617         2.889         2.429         3.165         2.873
 C9             2.471         2.593         3.079         2.872         2.772
 C10            1.481         1.594         1.659         2.144         1.827
 C11            1.870         1.479         1.471         1.984         2.027
 C12            1.249         0.515         0.157         1.791         1.400
 C13           -0.322         0.045        -0.774        -0.071        -0.522
 C14            0.099         0.248         0.181         0.093        -0.159
 C15           -0.057        -0.008        -0.107         0.096         0.044
 BAGE          -1.624        -2.328        -2.857        -2.070        -2.096


           Covariances
              C6            C7            C8            C9            C10
              ________      ________      ________      ________      ________
 C6             4.771
 C7             2.949         4.101
 C8             2.963         2.370         4.618
 C9             2.194         2.655         3.119         4.914
 C10            1.492         1.947         1.862         2.485         3.079
 C11            2.193         1.718         2.008         2.187         1.711
 C12            1.543         0.649         1.355         1.376         1.400
 C13            0.153        -0.897        -0.020        -0.688        -0.212
 C14            0.070        -0.146         0.115         0.189         0.376
 C15           -0.058        -0.026        -0.002        -0.019         0.014
 BAGE          -2.027        -3.189        -2.067        -2.294        -2.496


           Covariances
              C11           C12           C13           C14           C15
              ________      ________      ________      ________      ________
 C11            3.822
 C12            2.302         3.267
 C13           -0.072         0.564         0.921
 C14            0.222         0.223         0.213         0.211
 C15           -0.026         0.032         0.038        -0.022         0.028
 BAGE          -1.321        -1.862        -1.106        -0.476        -0.165


           Covariances
              BAGE
              ________
 BAGE          51.255


           Correlations
              P1            P2            P3            P4            P5
              ________      ________      ________      ________      ________
 P1             1.000
 P2             0.899         1.000
 P3             0.902         0.885         1.000
 P4             0.843         0.866         0.887         1.000
 P5             0.839         0.811         0.869         0.910         1.000
 P6             0.782         0.843         0.845         0.886         0.878
 P7             0.750         0.786         0.723         0.781         0.826
 P8             0.790         0.838         0.808         0.878         0.855
 P9             0.712         0.787         0.759         0.856         0.888
 P10            0.660         0.747         0.685         0.857         0.851
 P11            0.707         0.765         0.769         0.917         0.904
 P12            0.753         0.873         0.740         0.806         0.736
 P13            0.430         0.417         0.432         0.487         0.566
 P14            0.322         0.224         0.317         0.388         0.426
 P15            0.219         0.177         0.229         0.213         0.175
 C1             0.093         0.101         0.145         0.094         0.090
 C2             0.060         0.130         0.096         0.090         0.019
 C3             0.096         0.133         0.196         0.130         0.113
 C4             0.106         0.173         0.178         0.187         0.122
 C5             0.058         0.172         0.120         0.137         0.116
 C6             0.056         0.127         0.095         0.100         0.115
 C7             0.137         0.256         0.207         0.233         0.138
 C8             0.014         0.108         0.050         0.103         0.024
 C9             0.069         0.098         0.113         0.182         0.112
 C10            0.104         0.096         0.125         0.288         0.247
 C11            0.068         0.197         0.103         0.165         0.193
 C12            0.443         0.508         0.390         0.521         0.579
 C13            0.228         0.198         0.187         0.188         0.331
 C14            0.305         0.187         0.281         0.319         0.393
 C15           -0.219        -0.177        -0.229        -0.213        -0.175
 BAGE          -0.410        -0.453        -0.422        -0.465        -0.415


           Correlations
              P6            P7            P8            P9            P10
              ________      ________      ________      ________      ________
 P6             1.000
 P7             0.837         1.000
 P8             0.880         0.832         1.000
 P9             0.860         0.790         0.876         1.000
 P10            0.821         0.751         0.881         0.943         1.000
 P11            0.868         0.811         0.886         0.895         0.933
 P12            0.734         0.738         0.798         0.721         0.712
 P13            0.616         0.608         0.603         0.519         0.523
 P14            0.445         0.391         0.450         0.239         0.273
 P15            0.186         0.103         0.169         0.078         0.038
 C1             0.251         0.000         0.046        -0.053        -0.035
 C2             0.202         0.062         0.050        -0.083         0.004
 C3             0.211         0.059         0.067        -0.007        -0.096
 C4             0.207         0.076         0.164         0.110         0.124
 C5             0.174         0.149         0.015         0.005        -0.034
 C6             0.180         0.040         0.127         0.074         0.051
 C7             0.298         0.064         0.139         0.179         0.122
 C8             0.138        -0.051         0.122        -0.009         0.043
 C9             0.177         0.000         0.190         0.091         0.075
 C10            0.279         0.186         0.284         0.139         0.187
 C11            0.212         0.143         0.282         0.202         0.176
 C12            0.472         0.529         0.605         0.546         0.581
 C13            0.311         0.376         0.384         0.312         0.384
 C14            0.368         0.347         0.420         0.213         0.267
 C15           -0.186        -0.103        -0.169        -0.078        -0.038
 BAGE          -0.499        -0.474        -0.468        -0.342        -0.322


           Correlations
              P11           P12           P13           P14           P15
              ________      ________      ________      ________      ________
 P11            1.000
 P12            0.757         1.000
 P13            0.549         0.410         1.000
 P14            0.381         0.148         0.438         1.000
 P15            0.153         0.217         0.227         0.281         1.000
 C1             0.073         0.136        -0.060         0.152         0.166
 C2             0.071         0.138        -0.116         0.226         0.023
 C3             0.033         0.214        -0.232         0.280         0.319
 C4             0.163         0.170        -0.237         0.092        -0.267
 C5             0.042         0.281        -0.156        -0.060        -0.117
 C6             0.160         0.179         0.043         0.007         0.159
 C7             0.195         0.268        -0.325        -0.067         0.077
 C8             0.089         0.331        -0.006         0.150         0.005
 C9             0.139         0.303        -0.233         0.284         0.051
 C10            0.271         0.126        -0.041         0.598        -0.046
 C11            0.201         0.246        -0.093         0.246         0.078
 C12            0.596         0.556         0.300         0.258        -0.106
 C13            0.351         0.100         0.720         0.333        -0.235
 C14            0.365         0.083         0.431         0.954         0.281
 C15           -0.153        -0.217        -0.227        -0.281        -0.990
 BAGE          -0.472        -0.480        -0.232        -0.209         0.137


           Correlations
              C1            C2            C3            C4            C5
              ________      ________      ________      ________      ________
 C1             1.000
 C2             0.630         1.000
 C3             0.609         0.614         1.000
 C4             0.614         0.654         0.615         1.000
 C5             0.565         0.675         0.625         0.667         1.000
 C6             0.553         0.630         0.501         0.639         0.639
 C7             0.513         0.554         0.631         0.619         0.649
 C8             0.596         0.628         0.572         0.689         0.599
 C9             0.545         0.546         0.702         0.607         0.561
 C10            0.413         0.424         0.478         0.572         0.467
 C11            0.468         0.353         0.380         0.475         0.465
 C12            0.338         0.133         0.044         0.464         0.347
 C13           -0.164         0.022        -0.408        -0.035        -0.244
 C14            0.106         0.253         0.199         0.095        -0.155
 C15           -0.166        -0.023        -0.319         0.267         0.117
 BAGE          -0.111        -0.152        -0.202        -0.135        -0.131


           Correlations
              C6            C7            C8            C9            C10
              ________      ________      ________      ________      ________
 C6             1.000
 C7             0.667         1.000
 C8             0.631         0.545         1.000
 C9             0.453         0.591         0.655         1.000
 C10            0.389         0.548         0.494         0.639         1.000
 C11            0.514         0.434         0.478         0.505         0.499
 C12            0.391         0.177         0.349         0.343         0.442
 C13            0.073        -0.462        -0.010        -0.323        -0.126
 C14            0.070        -0.158         0.116         0.186         0.467
 C15           -0.159        -0.077        -0.005        -0.051         0.046
 BAGE          -0.130        -0.220        -0.134        -0.145        -0.199


           Correlations
              C11           C12           C13           C14           C15
              ________      ________      ________      ________      ________
 C11            1.000
 C12            0.652         1.000
 C13           -0.038         0.325         1.000
 C14            0.247         0.269         0.485         1.000
 C15           -0.078         0.106         0.235        -0.281         1.000
 BAGE          -0.094        -0.144        -0.161        -0.145        -0.137


           Correlations
              BAGE
              ________
 BAGE           1.000


     MAXIMUM LOG-LIKELIHOOD VALUE FOR THE UNRESTRICTED (H1) MODEL IS -8297.890


UNIVARIATE HIGHER-ORDER MOMENT DESCRIPTIVE STATISTICS


     UNIVARIATE HIGHER-ORDER MOMENT DESCRIPTIVE STATISTICS

         Variable/         Mean/     Skewness/   Minimum/ % with                Percentiles
        Sample Size      Variance    Kurtosis    Maximum  Min/Max      20%/60%    40%/80%    Median

     P1                   69.024      -0.147       0.000    0.34%      53.250     64.250     69.000
             295.000     379.729       0.481     124.250    0.34%      75.500     84.500
     P2                   69.268      -0.028      21.500    0.48%      55.500     65.500     70.500
             207.000     299.037       0.480     130.250    0.48%      74.000     81.250
     P3                   69.685       0.089      18.500    0.62%      56.250     66.500     71.750
             162.000     311.172       0.677     127.500    0.62%      74.500     81.000
     P4                   66.118       0.144      20.250    0.68%      51.250     62.500     67.500
             146.000     311.095       0.528     125.000    0.68%      71.250     78.250
     P5                   65.076      -0.066      25.500    1.04%      50.000     60.500     65.250
              96.000     267.945      -0.262     100.750    1.04%      70.000     77.250
     P6                   64.390      -0.042      25.500    1.75%      47.500     62.000     66.750
              57.000     262.831      -0.084     107.750    1.75%      70.250     76.250
     P7                   65.031       0.409      32.250    2.08%      52.250     58.500     64.625
              48.000     335.330       0.311     112.250    2.08%      69.250     74.000
     P8                   61.448       0.483      23.750    1.61%      47.250     54.250     60.625
              62.000     315.156       0.815     121.750    1.61%      67.000     73.250
     P9                   62.223       0.452      27.500    1.54%      47.250     54.750     59.750
              65.000     275.691      -0.167     106.750    1.54%      65.500     78.250
     P10                  61.543       0.375      27.000    2.13%      42.500     58.000     60.750
              47.000     274.081      -0.203     101.500    2.13%      62.750     77.000
     P11                  60.333       0.722      32.250    3.03%      42.500     49.250     56.500
              33.000     382.347      -0.032     110.000    3.03%      61.250     75.000
     P12                  51.804       0.175      30.250    7.14%      32.000     50.500     53.000
              14.000     264.118      -1.080      80.750    7.14%      53.250     63.500
     P13                  47.438      -0.220      26.500   25.00%      26.500     44.000     48.625
               4.000     207.137      -1.181      66.000   25.00%      44.000     53.250
     P14                  54.188       0.153      47.750   25.00%      47.750     51.750     53.875
               4.000      25.137      -1.318      61.250   25.00%      51.750     56.000
     P15                  58.375       0.000      57.250   50.00%      57.250     57.250     58.375
               2.000       1.266      -2.000      59.500   50.00%      57.250     59.500
     C1                    6.196       0.223       0.000    0.30%       4.000      6.000      6.000
             336.000       4.176      -0.229      11.000    1.79%       6.000      8.000
     C2                    6.316       0.293       1.000    0.37%       5.000      6.000      6.000
             269.000       4.551      -0.181      12.000    1.12%       7.000      8.000
     C3                    6.360       0.290       2.000    1.75%       5.000      6.000      6.000
             228.000       3.862      -0.387      11.000    1.75%       7.000      8.000
     C4                    6.165       0.266       0.000    0.53%       4.000      6.000      6.000
             188.000       4.446      -0.052      12.000    0.53%       6.000      8.000
     C5                    6.470       0.438       2.000    1.22%       5.000      6.000      6.000
             164.000       4.712      -0.316      12.000    1.83%       7.000      8.000
     C6                    6.344       0.312       2.000    4.00%       5.000      6.000      6.000
             125.000       4.370       0.200      12.000    1.60%       7.000      8.000
     C7                    6.147       0.458       2.000    0.92%       4.000      5.000      6.000
             109.000       3.942      -0.277      12.000    0.92%       7.000      8.000
     C8                    6.393       0.197       2.000    2.25%       5.000      6.000      6.000
              89.000       4.171      -0.330      11.000    3.37%       7.000      8.000
     C9                    5.776       0.371       0.000    1.32%       4.000      5.000      6.000
              76.000       3.753       0.983      11.000    2.63%       6.000      7.000
     C10                   5.833      -0.404       1.000    1.85%       4.000      6.000      6.000
              54.000       2.176       0.773       9.000    3.70%       6.000      7.000
     C11                   6.122       0.663       3.000    4.88%       5.000      5.000      5.000
              41.000       3.327      -0.072      11.000    2.44%       6.000      8.000
     C12                   5.750       0.268       3.000   10.00%       4.000      6.000      6.000
              20.000       2.688      -0.270       9.000   10.00%       6.000      6.000
     C13                   5.400      -0.111       4.000   40.00%       4.000      4.000      6.000
               5.000       1.440      -1.602       7.000   20.00%       6.000      6.000
     C14                   4.750       0.493       4.000   50.00%       4.000      4.000      4.500
               4.000       0.688      -1.372       6.000   25.00%       4.000      5.000
     C15                   6.500       0.000       6.000   50.00%       6.000      6.000      6.500
               2.000       0.250      -2.000       7.000   50.00%       6.000      7.000
     BAGE                  9.732      -0.533     -12.094    0.30%       3.996      8.620     10.735
             336.000      51.255       0.023      25.242    0.30%      12.382     15.744


THE MODEL ESTIMATION TERMINATED NORMALLY



MODEL FIT INFORMATION

Number of Free Parameters                       21

Loglikelihood

          H0 Value                       -7776.599
          H0 Scaling Correction Factor      1.1987
            for MLR

Information Criteria

          Akaike (AIC)                   15595.198
          Bayesian (BIC)                 15675.357
          Sample-Size Adjusted BIC       15608.743
            (n* = (n + 2) / 24)



MODEL RESULTS

                                                    Two-Tailed
                    Estimate       S.E.  Est./S.E.    P-Value

 IP         ON
    BAGE              -1.144      0.136     -8.420      0.000

 SP         ON
    BAGE              -0.013      0.022     -0.618      0.537

 IC         ON
    BAGE              -0.040      0.016     -2.472      0.013

 SC         ON
    BAGE               0.000      0.002     -0.112      0.911

 IP       WITH
    SP                -8.266      2.721     -3.038      0.002
    IC                 2.162      1.955      1.106      0.269
    SC                -0.108      0.255     -0.424      0.671

 SP       WITH
    IC                -0.174      0.293     -0.594      0.553
    SC                 0.069      0.043      1.585      0.113

 IC       WITH
    SC                -0.067      0.031     -2.143      0.032

 P1       WITH
    C1                 0.811      0.276      2.933      0.003

 P2       WITH
    C2                 0.811      0.276      2.933      0.003

 P3       WITH
    C3                 0.811      0.276      2.933      0.003

 P4       WITH
    C4                 0.811      0.276      2.933      0.003

 P5       WITH
    C5                 0.811      0.276      2.933      0.003

 P6       WITH
    C6                 0.811      0.276      2.933      0.003

 P7       WITH
    C7                 0.811      0.276      2.933      0.003

 P8       WITH
    C8                 0.811      0.276      2.933      0.003

 P9       WITH
    C9                 0.811      0.276      2.933      0.003

 P10      WITH
    C10                0.811      0.276      2.933      0.003

 P11      WITH
    C11                0.811      0.276      2.933      0.003

 P12      WITH
    C12                0.811      0.276      2.933      0.003

 P13      WITH
    C13                0.811      0.276      2.933      0.003

 P14      WITH
    C14                0.811      0.276      2.933      0.003

 P15      WITH
    C15                0.811      0.276      2.933      0.003

 Intercepts
    P1                 0.000      0.000    999.000    999.000
    P2                 0.000      0.000    999.000    999.000
    P3                 0.000      0.000    999.000    999.000
    P4                 0.000      0.000    999.000    999.000
    P5                 0.000      0.000    999.000    999.000
    P6                 0.000      0.000    999.000    999.000
    P7                 0.000      0.000    999.000    999.000
    P8                 0.000      0.000    999.000    999.000
    P9                 0.000      0.000    999.000    999.000
    P10                0.000      0.000    999.000    999.000
    P11                0.000      0.000    999.000    999.000
    P12                0.000      0.000    999.000    999.000
    P13                0.000      0.000    999.000    999.000
    P14                0.000      0.000    999.000    999.000
    P15                0.000      0.000    999.000    999.000
    C1                 0.000      0.000    999.000    999.000
    C2                 0.000      0.000    999.000    999.000
    C3                 0.000      0.000    999.000    999.000
    C4                 0.000      0.000    999.000    999.000
    C5                 0.000      0.000    999.000    999.000
    C6                 0.000      0.000    999.000    999.000
    C7                 0.000      0.000    999.000    999.000
    C8                 0.000      0.000    999.000    999.000
    C9                 0.000      0.000    999.000    999.000
    C10                0.000      0.000    999.000    999.000
    C11                0.000      0.000    999.000    999.000
    C12                0.000      0.000    999.000    999.000
    C13                0.000      0.000    999.000    999.000
    C14                0.000      0.000    999.000    999.000
    C15                0.000      0.000    999.000    999.000
    IP                80.661      1.782     45.269      0.000
    SP                -1.786      0.246     -7.255      0.000
    IC                 6.680      0.201     33.214      0.000
    SC                -0.039      0.028     -1.421      0.155

 Residual Variances
    P1                34.663      2.337     14.834      0.000
    P2                34.663      2.337     14.834      0.000
    P3                34.663      2.337     14.834      0.000
    P4                34.663      2.337     14.834      0.000
    P5                34.663      2.337     14.834      0.000
    P6                34.663      2.337     14.834      0.000
    P7                34.663      2.337     14.834      0.000
    P8                34.663      2.337     14.834      0.000
    P9                34.663      2.337     14.834      0.000
    P10               34.663      2.337     14.834      0.000
    P11               34.663      2.337     14.834      0.000
    P12               34.663      2.337     14.834      0.000
    P13               34.663      2.337     14.834      0.000
    P14               34.663      2.337     14.834      0.000
    P15               34.663      2.337     14.834      0.000
    C1                 1.691      0.086     19.704      0.000
    C2                 1.691      0.086     19.704      0.000
    C3                 1.691      0.086     19.704      0.000
    C4                 1.691      0.086     19.704      0.000
    C5                 1.691      0.086     19.704      0.000
    C6                 1.691      0.086     19.704      0.000
    C7                 1.691      0.086     19.704      0.000
    C8                 1.691      0.086     19.704      0.000
    C9                 1.691      0.086     19.704      0.000
    C10                1.691      0.086     19.704      0.000
    C11                1.691      0.086     19.704      0.000
    C12                1.691      0.086     19.704      0.000
    C13                1.691      0.086     19.704      0.000
    C14                1.691      0.086     19.704      0.000
    C15                1.691      0.086     19.704      0.000
    IP               271.651     27.835      9.759      0.000
    SP                 2.160      0.752      2.874      0.004
    IC                 2.785      0.246     11.310      0.000
    SC                 0.009      0.005      1.693      0.090

New/Additional Parameters
    R_IPIC             0.079      0.071      1.111      0.267
    R_SPSC             0.500      0.202      2.477      0.013
    R_RES_PC           0.106      0.036      2.971      0.003


QUALITY OF NUMERICAL RESULTS

     Condition Number for the Information Matrix              0.192E-04
       (ratio of smallest to largest eigenvalue)


CONFIDENCE INTERVALS OF MODEL RESULTS

                  Lower .5%  Lower 2.5%    Lower 5%    Estimate    Upper 5%  Upper 2.5%   Upper .5%

 IP       ON
    BAGE            -1.494      -1.411      -1.368      -1.144      -0.921      -0.878      -0.794

 SP       ON
    BAGE            -0.069      -0.056      -0.049      -0.013       0.022       0.029       0.042

 IC       ON
    BAGE            -0.082      -0.072      -0.067      -0.040      -0.013      -0.008       0.002

 SC       ON
    BAGE            -0.006      -0.005      -0.004       0.000       0.004       0.004       0.006

 IP       WITH
    SP             -15.275     -13.599     -12.742      -8.266      -3.790      -2.933      -1.257
    IC              -2.874      -1.670      -1.055       2.162       5.378       5.994       7.198
    SC              -0.765      -0.608      -0.528      -0.108       0.311       0.392       0.549

 SP       WITH
    IC              -0.928      -0.747      -0.655      -0.174       0.308       0.400       0.580
    SC              -0.043      -0.016      -0.003       0.069       0.140       0.154       0.181

 IC       WITH
    SC              -0.147      -0.127      -0.118      -0.067      -0.015      -0.006       0.013

 P1       WITH
    C1               0.099       0.269       0.356       0.811       1.265       1.352       1.523

 P2       WITH
    C2               0.099       0.269       0.356       0.811       1.265       1.352       1.523

 P3       WITH
    C3               0.099       0.269       0.356       0.811       1.265       1.352       1.523

 P4       WITH
    C4               0.099       0.269       0.356       0.811       1.265       1.352       1.523

 P5       WITH
    C5               0.099       0.269       0.356       0.811       1.265       1.352       1.523

 P6       WITH
    C6               0.099       0.269       0.356       0.811       1.265       1.352       1.523

 P7       WITH
    C7               0.099       0.269       0.356       0.811       1.265       1.352       1.523

 P8       WITH
    C8               0.099       0.269       0.356       0.811       1.265       1.352       1.523

 P9       WITH
    C9               0.099       0.269       0.356       0.811       1.265       1.352       1.523

 P10      WITH
    C10              0.099       0.269       0.356       0.811       1.265       1.352       1.523

 P11      WITH
    C11              0.099       0.269       0.356       0.811       1.265       1.352       1.523

 P12      WITH
    C12              0.099       0.269       0.356       0.811       1.265       1.352       1.523

 P13      WITH
    C13              0.099       0.269       0.356       0.811       1.265       1.352       1.523

 P14      WITH
    C14              0.099       0.269       0.356       0.811       1.265       1.352       1.523

 P15      WITH
    C15              0.099       0.269       0.356       0.811       1.265       1.352       1.523

 Intercepts
    P1               0.000       0.000       0.000       0.000       0.000       0.000       0.000
    P2               0.000       0.000       0.000       0.000       0.000       0.000       0.000
    P3               0.000       0.000       0.000       0.000       0.000       0.000       0.000
    P4               0.000       0.000       0.000       0.000       0.000       0.000       0.000
    P5               0.000       0.000       0.000       0.000       0.000       0.000       0.000
    P6               0.000       0.000       0.000       0.000       0.000       0.000       0.000
    P7               0.000       0.000       0.000       0.000       0.000       0.000       0.000
    P8               0.000       0.000       0.000       0.000       0.000       0.000       0.000
    P9               0.000       0.000       0.000       0.000       0.000       0.000       0.000
    P10              0.000       0.000       0.000       0.000       0.000       0.000       0.000
    P11              0.000       0.000       0.000       0.000       0.000       0.000       0.000
    P12              0.000       0.000       0.000       0.000       0.000       0.000       0.000
    P13              0.000       0.000       0.000       0.000       0.000       0.000       0.000
    P14              0.000       0.000       0.000       0.000       0.000       0.000       0.000
    P15              0.000       0.000       0.000       0.000       0.000       0.000       0.000
    C1               0.000       0.000       0.000       0.000       0.000       0.000       0.000
    C2               0.000       0.000       0.000       0.000       0.000       0.000       0.000
    C3               0.000       0.000       0.000       0.000       0.000       0.000       0.000
    C4               0.000       0.000       0.000       0.000       0.000       0.000       0.000
    C5               0.000       0.000       0.000       0.000       0.000       0.000       0.000
    C6               0.000       0.000       0.000       0.000       0.000       0.000       0.000
    C7               0.000       0.000       0.000       0.000       0.000       0.000       0.000
    C8               0.000       0.000       0.000       0.000       0.000       0.000       0.000
    C9               0.000       0.000       0.000       0.000       0.000       0.000       0.000
    C10              0.000       0.000       0.000       0.000       0.000       0.000       0.000
    C11              0.000       0.000       0.000       0.000       0.000       0.000       0.000
    C12              0.000       0.000       0.000       0.000       0.000       0.000       0.000
    C13              0.000       0.000       0.000       0.000       0.000       0.000       0.000
    C14              0.000       0.000       0.000       0.000       0.000       0.000       0.000
    C15              0.000       0.000       0.000       0.000       0.000       0.000       0.000
    IP              76.071      77.169      77.730      80.661      83.592      84.153      85.251
    SP              -2.420      -2.269      -2.191      -1.786      -1.381      -1.304      -1.152
    IC               6.162       6.285       6.349       6.680       7.010       7.074       7.198
    SC              -0.110      -0.093      -0.085      -0.039       0.006       0.015       0.032

 Residual Variances
    P1              28.644      30.083      30.819      34.663      38.507      39.243      40.682
    P2              28.644      30.083      30.819      34.663      38.507      39.243      40.682
    P3              28.644      30.083      30.819      34.663      38.507      39.243      40.682
    P4              28.644      30.083      30.819      34.663      38.507      39.243      40.682
    P5              28.644      30.083      30.819      34.663      38.507      39.243      40.682
    P6              28.644      30.083      30.819      34.663      38.507      39.243      40.682
    P7              28.644      30.083      30.819      34.663      38.507      39.243      40.682
    P8              28.644      30.083      30.819      34.663      38.507      39.243      40.682
    P9              28.644      30.083      30.819      34.663      38.507      39.243      40.682
    P10             28.644      30.083      30.819      34.663      38.507      39.243      40.682
    P11             28.644      30.083      30.819      34.663      38.507      39.243      40.682
    P12             28.644      30.083      30.819      34.663      38.507      39.243      40.682
    P13             28.644      30.083      30.819      34.663      38.507      39.243      40.682
    P14             28.644      30.083      30.819      34.663      38.507      39.243      40.682
    P15             28.644      30.083      30.819      34.663      38.507      39.243      40.682
    C1               1.470       1.523       1.550       1.691       1.833       1.860       1.913
    C2               1.470       1.523       1.550       1.691       1.833       1.860       1.913
    C3               1.470       1.523       1.550       1.691       1.833       1.860       1.913
    C4               1.470       1.523       1.550       1.691       1.833       1.860       1.913
    C5               1.470       1.523       1.550       1.691       1.833       1.860       1.913
    C6               1.470       1.523       1.550       1.691       1.833       1.860       1.913
    C7               1.470       1.523       1.550       1.691       1.833       1.860       1.913
    C8               1.470       1.523       1.550       1.691       1.833       1.860       1.913
    C9               1.470       1.523       1.550       1.691       1.833       1.860       1.913
    C10              1.470       1.523       1.550       1.691       1.833       1.860       1.913
    C11              1.470       1.523       1.550       1.691       1.833       1.860       1.913
    C12              1.470       1.523       1.550       1.691       1.833       1.860       1.913
    C13              1.470       1.523       1.550       1.691       1.833       1.860       1.913
    C14              1.470       1.523       1.550       1.691       1.833       1.860       1.913
    C15              1.470       1.523       1.550       1.691       1.833       1.860       1.913
    IP             199.953     217.094     225.862     271.651     317.440     326.208     343.349
    SP               0.224       0.687       0.924       2.160       3.397       3.634       4.097
    IC               2.151       2.303       2.380       2.785       3.190       3.268       3.420
    SC              -0.005      -0.001       0.000       0.009       0.017       0.019       0.022

New/Additional Parameters
    R_IPIC          -0.104      -0.060      -0.038       0.079       0.195       0.217       0.261
    R_SPSC          -0.020       0.105       0.168       0.500       0.833       0.896       1.021
    R_RES_PC         0.014       0.036       0.047       0.106       0.164       0.176       0.198


SAMPLE STATISTICS FOR ESTIMATED FACTOR SCORES


     SAMPLE STATISTICS


           Means
              IP            IP_SE         SP            SP_SE         IC
              ________      ________      ________      ________      ________
 1             69.526         4.813        -1.916         1.143         6.289


           Means
              IC_SE         SC            SC_SE
              ________      ________      ________
 1              0.693        -0.042         0.082


           Covariances
              IP            IP_SE         SP            SP_SE         IC
              ________      ________      ________      ________      ________
 IP           307.953
 IP_SE         -4.593         7.639
 SP            -5.133        -0.029         0.764
 SP_SE         -1.737         0.334         0.028         0.099
 IC             4.140        -0.034        -0.072        -0.032         2.355
 IC_SE         -0.905         0.186         0.018         0.038        -0.027
 SC            -0.033        -0.002         0.024         0.001        -0.044
 SC_SE         -0.043         0.007         0.001         0.002        -0.001


           Covariances
              IC_SE         SC            SC_SE
              ________      ________      ________
 IC_SE          0.032
 SC             0.001         0.002
 SC_SE          0.001         0.000         0.000


           Correlations
              IP            IP_SE         SP            SP_SE         IC
              ________      ________      ________      ________      ________
 IP             1.000
 IP_SE         -0.095         1.000
 SP            -0.335        -0.012         1.000
 SP_SE         -0.314         0.383         0.101         1.000
 IC             0.154        -0.008        -0.054        -0.066         1.000
 IC_SE         -0.289         0.376         0.118         0.680        -0.098
 SC            -0.042        -0.017         0.596         0.077        -0.638
 SC_SE         -0.324         0.321         0.125         0.972        -0.084


           Correlations
              IC_SE         SC            SC_SE
              ________      ________      ________
 IC_SE          1.000
 SC             0.072         1.000
 SC_SE          0.697         0.100         1.000


PLOT INFORMATION

The following plots are available:

  Histograms (sample values, estimated factor scores)
  Scatterplots (sample values, estimated factor scores)
  Latent variable distribution plots

     Beginning Time:  23:48:25
        Ending Time:  23:49:01
       Elapsed Time:  00:00:36



MUTHEN & MUTHEN
3463 Stoner Ave.
Los Angeles, CA  90066

Tel: (310) 391-9971
Fax: (310) 391-8971
Web: www.StatModel.com
Support: Support@StatModel.com

Copyright (c) 1998-2014 Muthen & Muthen
