------Begin Mplus Model Run: 04Oct2015 23:39:20------
Target directory: C:/Users/iLife Admin/Documents/GitHub/RADC/outputs/pairs/grip_digitsb
Run options:
	Recursive (run models in subdirectories): FALSE
	Show output on console: FALSE
	Replace existing outfile: always
------
Currently running model: b1_female_a_grip_digitsb_10.inp
Currently running model: b1_female_a_grip_digitsb_11.inp
Currently running model: b1_female_a_grip_digitsb_12.inp
Currently running model: b1_female_a_grip_digitsb_13.inp
Currently running model: b1_female_a_grip_digitsb_14.inp
Currently running model: b1_female_a_grip_digitsb_15.inp
Currently running model: b1_female_a_grip_digitsb_16.inp
Currently running model: b1_female_a_grip_digitsb_4.inp
Currently running model: b1_female_a_grip_digitsb_5.inp
Currently running model: b1_female_a_grip_digitsb_6.inp
Currently running model: b1_female_a_grip_digitsb_7.inp
Currently running model: b1_female_a_grip_digitsb_8.inp
Currently running model: b1_female_a_grip_digitsb_9.inp
Currently running model: b1_male_a_grip_digitsb_10.inp
Currently running model: b1_male_a_grip_digitsb_11.inp
Currently running model: b1_male_a_grip_digitsb_12.inp
Currently running model: b1_male_a_grip_digitsb_13.inp
Currently running model: b1_male_a_grip_digitsb_14.inp
Currently running model: b1_male_a_grip_digitsb_15.inp
Currently running model: b1_male_a_grip_digitsb_16.inp
Currently running model: b1_male_a_grip_digitsb_4.inp
Currently running model: b1_male_a_grip_digitsb_5.inp
Currently running model: b1_male_a_grip_digitsb_6.inp
Currently running model: b1_male_a_grip_digitsb_7.inp
Currently running model: b1_male_a_grip_digitsb_8.inp
Currently running model: b1_male_a_grip_digitsb_9.inp

------End Mplus Model Run: 04Oct2015 23:50:38------
