Mplus VERSION 7.3
MUTHEN & MUTHEN
10/04/2015   2:49 AM

INPUT INSTRUCTIONS

  TITLE:
  Your new title
  DATA:
  File = radcMAP_wide.dat;
  VARIABLE:
  Names are
  	projid study_x scaled_to_x agreeableness conscientiousness extraversion
  	neo_altruism neo_conscientiousness neo_trust openness anxiety_10items
  	neuroticism_12 neuroticism_6 age_bl age_death educ msex race spanish q1inc
  	apoe_genotype ldai_bl q3smo_bl q4smo_bl smoking married married2 age_at_visit_00
  	age_at_visit_01 age_at_visit_02 age_at_visit_03 age_at_visit_04 age_at_visit_05
  	age_at_visit_06 age_at_visit_07 age_at_visit_08 age_at_visit_09 age_at_visit_10
  	age_at_visit_11 age_at_visit_12 age_at_visit_13 age_at_visit_14 age_at_visit_15
  	age_at_visit_16 age_at_visit_17 age_at_visit_18 age_at_visit_19 age_at_visit_20
  	alcohol_g_00 alcohol_g_01 alcohol_g_02 alcohol_g_03 alcohol_g_04 alcohol_g_05
  	alcohol_g_06 alcohol_g_07 alcohol_g_08 alcohol_g_09 alcohol_g_10 alcohol_g_11
  	alcohol_g_12 alcohol_g_13 alcohol_g_14 alcohol_g_15 alcohol_g_16 alcohol_g_17
  	alcohol_g_18 alcohol_g_19 alcohol_g_20 bmi_00 bmi_01 bmi_02 bmi_03 bmi_04 bmi_05
  	bmi_06 bmi_07 bmi_08 bmi_09 bmi_10 bmi_11 bmi_12 bmi_13 bmi_14 bmi_15 bmi_16
  	bmi_17 bmi_18 bmi_19 bmi_20 bp11_00 bp11_01 bp11_02 bp11_03 bp11_04 bp11_05
  	bp11_06 bp11_07 bp11_08 bp11_09 bp11_10 bp11_11 bp11_12 bp11_13 bp11_14 bp11_15
  	bp11_16 bp11_17 bp11_18 bp11_19 bp11_20 bp2_00 bp2_01 bp2_02 bp2_03 bp2_04
  	bp2_05 bp2_06 bp2_07 bp2_08 bp2_09 bp2_10 bp2_11 bp2_12 bp2_13 bp2_14 bp2_15
  	bp2_16 bp2_17 bp2_18 bp2_19 bp2_20 bp3_00 bp3_01 bp3_02 bp3_03 bp3_04 bp3_05
  	bp3_06 bp3_07 bp3_08 bp3_09 bp3_10 bp31_00 bp31_01 bp31_02 bp31_03 bp31_04
  	bp31_05 bp31_06 bp31_07 bp31_08 bp31_09 bp3_11 bp31_10 bp31_11 bp31_12 bp31_13
  	bp31_14 bp31_15 bp31_16 bp31_17 bp31_18 bp31_19 bp3_12 bp31_20 bp3_13 bp3_14
  	bp3_15 bp3_16 bp3_17 bp3_18 bp3_19 bp3_20 bun_00 bun_01 bun_02 bun_03 bun_04
  	bun_05 bun_06 bun_07 bun_08 bun_09 bun_10 bun_11 bun_12 bun_13 bun_14 bun_15
  	bun_16 bun_17 bun_18 bun_19 bun_20 ca_00 ca_01 ca_02 ca_03 ca_04 ca_05 ca_06
  	ca_07 ca_08 ca_09 ca_10 ca_11 ca_12 ca_13 ca_14 ca_15 ca_16 ca_17 ca_18 ca_19
  	ca_20 cesdsum_00 cesdsum_01 cesdsum_02 cesdsum_03 cesdsum_04 cesdsum_05
  	cesdsum_06 cesdsum_07 cesdsum_08 cesdsum_09 cesdsum_10 cesdsum_11 cesdsum_12
  	cesdsum_13 cesdsum_14 cesdsum_15 cesdsum_16 cesdsum_17 cesdsum_18 cesdsum_19
  	cesdsum_20 chf_cum_00 chf_cum_01 chf_cum_02 chf_cum_03 chf_cum_04 chf_cum_05
  	chf_cum_06 chf_cum_07 chf_cum_08 chf_cum_09 chf_cum_10 chf_cum_11 chf_cum_12
  	chf_cum_13 chf_cum_14 chf_cum_15 chf_cum_16 chf_cum_17 chf_cum_18 chf_cum_19
  	chf_cum_20 chlstrl_00 chlstrl_01 chlstrl_02 chlstrl_03 chlstrl_04 chlstrl_05
  	chlstrl_06 chlstrl_07 chlstrl_08 chlstrl_09 chlstrl_10 chlstrl_11 chlstrl_12
  	chlstrl_13 chlstrl_14 chlstrl_15 chlstrl_16 chlstrl_17 chlstrl_18 chlstrl_19
  	chlstrl_20 cl_00 cl_01 cl_02 cl_03 cl_04 cl_05 cl_06 cl_07 cl_08 cl_09 cl_10
  	cl_11 cl_12 cl_13 cl_14 cl_15 cl_16 cl_17 cl_18 cl_19 cl_20 claudication_cum_00
  	claudication_cum_01 claudication_cum_02 claudication_cum_03 claudication_cum_04
  	claudication_cum_05 claudication_cum_06 claudication_cum_07 claudication_cum_08
  	claudication_cum_09 claudication_cum_10 claudication_cum_11 claudication_cum_12
  	claudication_cum_13 claudication_cum_14 claudication_cum_15 claudication_cum_16
  	claudication_cum_17 claudication_cum_18 claudication_cum_19 claudication_cum_20
  	co2_00 co2_01 co2_02 co2_03 co2_04 co2_05 co2_06 co2_07 co2_08 co2_09 co2_10
  	co2_11 co2_12 co2_13 co2_14 co2_15 co2_16 co2_17 co2_18 co2_19 co2_20 cogn_ep_00
  	cogn_ep_01 cogn_ep_02 cogn_ep_03 cogn_ep_04 cogn_ep_05 cogn_ep_06 cogn_ep_07
  	cogn_ep_08 cogn_ep_09 cogn_ep_10 cogn_ep_11 cogn_ep_12 cogn_ep_13 cogn_ep_14
  	cogn_ep_15 cogn_ep_16 cogn_ep_17 cogn_ep_18 cogn_ep_19 cogn_ep_20 cogn_global_00
  	cogn_global_01 cogn_global_02 cogn_global_03 cogn_global_04 cogn_global_05
  	cogn_global_06 cogn_global_07 cogn_global_08 cogn_global_09 cogn_global_10
  	cogn_global_11 cogn_global_12 cogn_global_13 cogn_global_14 cogn_global_15
  	cogn_global_16 cogn_global_17 cogn_global_18 cogn_global_19 cogn_global_20
  	cogn_po_00 cogn_po_01 cogn_po_02 cogn_po_03 cogn_po_04 cogn_po_05 cogn_po_06
  	cogn_po_07 cogn_po_08 cogn_po_09 cogn_po_10 cogn_po_11 cogn_po_12 cogn_po_13
  	cogn_po_14 cogn_po_15 cogn_po_16 cogn_po_17 cogn_po_18 cogn_po_19 cogn_po_20
  	cogn_ps_00 cogn_ps_01 cogn_ps_02 cogn_ps_03 cogn_ps_04 cogn_ps_05 cogn_ps_06
  	cogn_ps_07 cogn_ps_08 cogn_ps_09 cogn_ps_10 cogn_ps_11 cogn_ps_12 cogn_ps_13
  	cogn_ps_14 cogn_ps_15 cogn_ps_16 cogn_ps_17 cogn_ps_18 cogn_ps_19 cogn_ps_20
  	cogn_se_00 cogn_se_01 cogn_se_02 cogn_se_03 cogn_se_04 cogn_se_05 cogn_se_06
  	cogn_se_07 cogn_se_08 cogn_se_09 cogn_se_10 cogn_se_11 cogn_se_12 cogn_se_13
  	cogn_se_14 cogn_se_15 cogn_se_16 cogn_se_17 cogn_se_18 cogn_se_19 cogn_se_20
  	cogn_wo_00 cogn_wo_01 cogn_wo_02 cogn_wo_03 cogn_wo_04 cogn_wo_05 cogn_wo_06
  	cogn_wo_07 cogn_wo_08 cogn_wo_09 cogn_wo_10 cogn_wo_11 cogn_wo_12 cogn_wo_13
  	cogn_wo_14 cogn_wo_15 cogn_wo_16 cogn_wo_17 cogn_wo_18 cogn_wo_19 cogn_wo_20
  	crn_00 crn_01 crn_02 crn_03 crn_04 crn_05 crn_06 crn_07 crn_08 crn_09 crn_10
  	crn_11 crn_12 crn_13 crn_14 crn_15 crn_16 crn_17 crn_18 crn_19 crn_20
  	cts_bname_00 cts_bname_01 cts_bname_02 cts_bname_03 cts_bname_04 cts_bname_05
  	cts_bname_06 cts_bname_07 cts_bname_08 cts_bname_09 cts_bname_10 cts_bname_11
  	cts_bname_12 cts_bname_13 cts_bname_14 cts_bname_15 cts_bname_16 cts_bname_17
  	cts_bname_18 cts_bname_19 cts_bname_20 cts_catflu_00 cts_catflu_01 cts_catflu_02
  	cts_catflu_03 cts_catflu_04 cts_catflu_05 cts_catflu_06 cts_catflu_07
  	cts_catflu_08 cts_catflu_09 cts_catflu_10 cts_catflu_11 cts_catflu_12
  	cts_catflu_13 cts_catflu_14 cts_catflu_15 cts_catflu_16 cts_catflu_17
  	cts_catflu_18 cts_catflu_19 cts_catflu_20 cts_db_00 cts_db_01 cts_db_02
  	cts_db_03 cts_db_04 cts_db_05 cts_db_06 cts_db_07 cts_db_08 cts_db_09 cts_db_10
  	cts_db_11 cts_db_12 cts_db_13 cts_db_14 cts_db_15 cts_db_16 cts_db_17 cts_db_18
  	cts_db_19 cts_db_20 cts_delay_00 cts_delay_01 cts_delay_02 cts_delay_03
  	cts_delay_04 cts_delay_05 cts_delay_06 cts_delay_07 cts_delay_08 cts_delay_09
  	cts_delay_10 cts_delay_11 cts_delay_12 cts_delay_13 cts_delay_14 cts_delay_15
  	cts_delay_16 cts_delay_17 cts_delay_18 cts_delay_19 cts_delay_20 cts_df_00
  	cts_df_01 cts_df_02 cts_df_03 cts_df_04 cts_df_05 cts_df_06 cts_df_07 cts_df_08
  	cts_df_09 cts_df_10 cts_df_11 cts_df_12 cts_df_13 cts_df_14 cts_df_15 cts_df_16
  	cts_df_17 cts_df_18 cts_df_19 cts_df_20 cts_doperf_00 cts_doperf_01
  	cts_doperf_02 cts_doperf_03 cts_doperf_04 cts_doperf_05 cts_doperf_06
  	cts_doperf_07 cts_doperf_08 cts_doperf_09 cts_doperf_10 cts_doperf_11
  	cts_doperf_12 cts_doperf_13 cts_doperf_14 cts_doperf_15 cts_doperf_16
  	cts_doperf_17 cts_doperf_18 cts_doperf_19 cts_doperf_20 cts_ebdr_00 cts_ebdr_01
  	cts_ebdr_02 cts_ebdr_03 cts_ebdr_04 cts_ebdr_05 cts_ebdr_06 cts_ebdr_07
  	cts_ebdr_08 cts_ebdr_09 cts_ebdr_10 cts_ebdr_11 cts_ebdr_12 cts_ebdr_13
  	cts_ebdr_14 cts_ebdr_15 cts_ebdr_16 cts_ebdr_17 cts_ebdr_18 cts_ebdr_19
  	cts_ebdr_20 cts_ebmt_00 cts_ebmt_01 cts_ebmt_02 cts_ebmt_03 cts_ebmt_04
  	cts_ebmt_05 cts_ebmt_06 cts_ebmt_07 cts_ebmt_08 cts_ebmt_09 cts_ebmt_10
  	cts_ebmt_11 cts_ebmt_12 cts_ebmt_13 cts_ebmt_14 cts_ebmt_15 cts_ebmt_16
  	cts_ebmt_17 cts_ebmt_18 cts_ebmt_19 cts_ebmt_20 cts_idea_00 cts_idea_01
  	cts_idea_02 cts_idea_03 cts_idea_04 cts_idea_05 cts_idea_06 cts_idea_07
  	cts_idea_08 cts_idea_09 cts_idea_10 cts_idea_11 cts_idea_12 cts_idea_13
  	cts_idea_14 cts_idea_15 cts_idea_16 cts_idea_17 cts_idea_18 cts_idea_19
  	cts_idea_20 cts_lopair_00 cts_lopair_01 cts_lopair_02 cts_lopair_03
  	cts_lopair_04 cts_lopair_05 cts_lopair_06 cts_lopair_07 cts_lopair_08
  	cts_lopair_09 cts_lopair_10 cts_lopair_11 cts_lopair_12 cts_lopair_13
  	cts_lopair_14 cts_lopair_15 cts_lopair_16 cts_lopair_17 cts_lopair_18
  	cts_lopair_19 cts_lopair_20 cts_mmse30_00 cts_mmse30_01 cts_mmse30_02
  	cts_mmse30_03 cts_mmse30_04 cts_mmse30_05 cts_mmse30_06 cts_mmse30_07
  	cts_mmse30_08 cts_mmse30_09 cts_mmse30_10 cts_mmse30_11 cts_mmse30_12
  	cts_mmse30_13 cts_mmse30_14 cts_mmse30_15 cts_mmse30_16 cts_mmse30_17
  	cts_mmse30_18 cts_mmse30_19 cts_mmse30_20 cts_nccrtd_00 cts_nccrtd_01
  	cts_nccrtd_02 cts_nccrtd_03 cts_nccrtd_04 cts_nccrtd_05 cts_nccrtd_06
  	cts_nccrtd_07 cts_nccrtd_08 cts_nccrtd_09 cts_nccrtd_10 cts_nccrtd_11
  	cts_nccrtd_12 cts_nccrtd_13 cts_nccrtd_14 cts_nccrtd_15 cts_nccrtd_16
  	cts_nccrtd_17 cts_nccrtd_18 cts_nccrtd_19 cts_nccrtd_20 cts_pmat_00 cts_pmat_01
  	cts_pmat_02 cts_pmat_03 cts_pmat_04 cts_pmat_05 cts_pmat_06 cts_pmat_07
  	cts_pmat_08 cts_pmat_09 cts_pmat_10 cts_pmat_11 cts_pmat_12 cts_pmat_13
  	cts_pmat_14 cts_pmat_15 cts_pmat_16 cts_pmat_17 cts_pmat_18 cts_pmat_19
  	cts_pmat_20 cts_read_nart_00 cts_read_nart_01 cts_read_nart_02 cts_read_nart_03
  	cts_read_nart_04 cts_read_nart_05 cts_read_nart_06 cts_read_nart_07
  	cts_read_nart_08 cts_read_nart_09 cts_read_nart_10 cts_read_nart_11
  	cts_read_nart_12 cts_read_nart_13 cts_read_nart_14 cts_read_nart_15
  	cts_read_nart_16 cts_read_nart_17 cts_read_nart_18 cts_read_nart_19
  	cts_read_nart_20 cts_read_wrat_00 cts_read_wrat_01 cts_read_wrat_02
  	cts_read_wrat_03 cts_read_wrat_04 cts_read_wrat_05 cts_read_wrat_06
  	cts_read_wrat_07 cts_read_wrat_08 cts_read_wrat_09 cts_read_wrat_10
  	cts_read_wrat_11 cts_read_wrat_12 cts_read_wrat_13 cts_read_wrat_14
  	cts_read_wrat_15 cts_read_wrat_16 cts_read_wrat_17 cts_read_wrat_18
  	cts_read_wrat_19 cts_read_wrat_20 cts_sdmt_00 cts_sdmt_01 cts_sdmt_02
  	cts_sdmt_03 cts_sdmt_04 cts_sdmt_05 cts_sdmt_06 cts_sdmt_07 cts_sdmt_08
  	cts_sdmt_09 cts_sdmt_10 cts_sdmt_11 cts_sdmt_12 cts_sdmt_13 cts_sdmt_14
  	cts_sdmt_15 cts_sdmt_16 cts_sdmt_17 cts_sdmt_18 cts_sdmt_19 cts_sdmt_20
  	cts_story_00 cts_story_01 cts_story_02 cts_story_03 cts_story_04 cts_story_05
  	cts_story_06 cts_story_07 cts_story_08 cts_story_09 cts_story_10 cts_story_11
  	cts_story_12 cts_story_13 cts_story_14 cts_story_15 cts_story_16 cts_story_17
  	cts_story_18 cts_story_19 cts_story_20 cts_wli_00 cts_wli_01 cts_wli_02
  	cts_wli_03 cts_wli_04 cts_wli_05 cts_wli_06 cts_wli_07 cts_wli_08 cts_wli_09
  	cts_wli_10 cts_wli_11 cts_wli_12 cts_wli_13 cts_wli_14 cts_wli_15 cts_wli_16
  	cts_wli_17 cts_wli_18 cts_wli_19 cts_wli_20 cts_wlii_00 cts_wlii_01 cts_wlii_02
  	cts_wlii_03 cts_wlii_04 cts_wlii_05 cts_wlii_06 cts_wlii_07 cts_wlii_08
  	cts_wlii_09 cts_wlii_10 cts_wlii_11 cts_wlii_12 cts_wlii_13 cts_wlii_14
  	cts_wlii_15 cts_wlii_16 cts_wlii_17 cts_wlii_18 cts_wlii_19 cts_wlii_20
  	cts_wliii_00 cts_wliii_01 cts_wliii_02 cts_wliii_03 cts_wliii_04 cts_wliii_05
  	cts_wliii_06 cts_wliii_07 cts_wliii_08 cts_wliii_09 cts_wliii_10 cts_wliii_11
  	cts_wliii_12 cts_wliii_13 cts_wliii_14 cts_wliii_15 cts_wliii_16 cts_wliii_17
  	cts_wliii_18 cts_wliii_19 cts_wliii_20 dcfdx_00 dcfdx_01 dcfdx_02 dcfdx_03
  	dcfdx_04 dcfdx_05 dcfdx_06 dcfdx_07 dcfdx_08 dcfdx_09 dcfdx_10 dcfdx_11 dcfdx_12
  	dcfdx_13 dcfdx_14 dcfdx_15 dcfdx_16 dcfdx_17 dcfdx_18 dcfdx_19 dcfdx_20
  	dementia_00 dementia_01 dementia_02 dementia_03 dementia_04 dementia_05
  	dementia_06 dementia_07 dementia_08 dementia_09 dementia_10 dementia_11
  	dementia_12 dementia_13 dementia_14 dementia_15 dementia_16 dementia_17
  	dementia_18 dementia_19 dementia_20 dm_cum_00 dm_cum_01 dm_cum_02 dm_cum_03
  	dm_cum_04 dm_cum_05 dm_cum_06 dm_cum_07 dm_cum_08 dm_cum_09 dm_cum_10 dm_cum_11
  	dm_cum_12 dm_cum_13 dm_cum_14 dm_cum_15 dm_cum_16 dm_cum_17 dm_cum_18 dm_cum_19
  	dm_cum_20 fasting_00 fasting_01 fasting_02 fasting_03 fasting_04 fasting_05
  	fasting_06 fasting_07 fasting_08 fasting_09 fasting_10 fasting_11 fasting_12
  	fasting_13 fasting_14 fasting_15 fasting_16 fasting_17 fasting_18 fasting_19
  	fasting_20 fev_00 fev_01 fev_02 fev_03 fev_04 fev_05 fev_06 fev_07 fev_08 fev_09
  	fev_10 fev_11 fev_12 fev_13 fev_14 fev_15 fev_16 fev_17 fev_18 fev_19 fev_20
  	fu_year gait_speed_00 gait_speed_01 gait_speed_02 gait_speed_03 gait_speed_04
  	gait_speed_05 gait_speed_06 gait_speed_07 gait_speed_08 gait_speed_09
  	gait_speed_10 gait_speed_11 gait_speed_12 gait_speed_13 gait_speed_14
  	gait_speed_15 gait_speed_16 gait_speed_17 gait_speed_18 gait_speed_19
  	gait_speed_20 glucose_00 glucose_01 glucose_02 glucose_03 glucose_04 glucose_05
  	glucose_06 glucose_07 glucose_08 glucose_09 glucose_10 glucose_11 glucose_12
  	glucose_13 glucose_14 glucose_15 glucose_16 glucose_17 glucose_18 glucose_19
  	glucose_20 gripavg_00 gripavg_01 gripavg_02 gripavg_03 gripavg_04 gripavg_05
  	gripavg_06 gripavg_07 gripavg_08 gripavg_09 gripavg_10 gripavg_11 gripavg_12
  	gripavg_13 gripavg_14 gripavg_15 gripavg_16 gripavg_17 gripavg_18 gripavg_19
  	gripavg_20 hba1c_00 hba1c_01 hba1c_02 hba1c_03 hba1c_04 hba1c_05 hba1c_06
  	hba1c_07 hba1c_08 hba1c_09 hba1c_10 hba1c_11 hba1c_12 hba1c_13 hba1c_14 hba1c_15
  	hba1c_16 hba1c_17 hba1c_18 hba1c_19 hba1c_20 hdlchlstrl_00 hdlchlstrl_01
  	hdlchlstrl_02 hdlchlstrl_03 hdlchlstrl_04 hdlchlstrl_05 hdlchlstrl_06
  	hdlchlstrl_07 hdlchlstrl_08 hdlchlstrl_09 hdlchlstrl_10 hdlchlstrl_11
  	hdlchlstrl_12 hdlchlstrl_13 hdlchlstrl_14 hdlchlstrl_15 hdlchlstrl_16
  	hdlchlstrl_17 hdlchlstrl_18 hdlchlstrl_19 hdlchlstrl_20 hdlratio_00 hdlratio_01
  	hdlratio_02 hdlratio_03 hdlratio_04 hdlratio_05 hdlratio_06 hdlratio_07
  	hdlratio_08 hdlratio_09 hdlratio_10 hdlratio_11 hdlratio_12 hdlratio_13
  	hdlratio_14 hdlratio_15 hdlratio_16 hdlratio_17 hdlratio_18 hdlratio_19
  	hdlratio_20 heart_cum_00 heart_cum_01 heart_cum_02 heart_cum_03 heart_cum_04
  	heart_cum_05 heart_cum_06 heart_cum_07 heart_cum_08 heart_cum_09 heart_cum_10
  	heart_cum_11 heart_cum_12 heart_cum_13 heart_cum_14 heart_cum_15 heart_cum_16
  	heart_cum_17 heart_cum_18 heart_cum_19 heart_cum_20 htm_00 htm_01 htm_02 htm_03
  	htm_04 htm_05 htm_06 htm_07 htm_08 htm_09 htm_10 htm_11 htm_12 htm_13 htm_14
  	htm_15 htm_16 htm_17 htm_18 htm_19 htm_20 hypertension_cum_00
  	hypertension_cum_01 hypertension_cum_02 hypertension_cum_03 hypertension_cum_04
  	hypertension_cum_05 hypertension_cum_06 hypertension_cum_07 hypertension_cum_08
  	hypertension_cum_09 hypertension_cum_10 hypertension_cum_11 hypertension_cum_12
  	hypertension_cum_13 hypertension_cum_14 hypertension_cum_15 hypertension_cum_16
  	hypertension_cum_17 hypertension_cum_18 hypertension_cum_19 hypertension_cum_20
  	iadlsum_00 iadlsum_01 iadlsum_02 iadlsum_03 iadlsum_04 iadlsum_05 iadlsum_06
  	iadlsum_07 iadlsum_08 iadlsum_09 iadlsum_10 iadlsum_11 iadlsum_12 iadlsum_13
  	iadlsum_14 iadlsum_15 iadlsum_16 iadlsum_17 iadlsum_18 iadlsum_19 iadlsum_20
  	intrusion_00 intrusion_01 intrusion_02 intrusion_03 intrusion_04 intrusion_05
  	intrusion_06 intrusion_07 intrusion_08 intrusion_09 intrusion_10 intrusion_11
  	intrusion_12 intrusion_13 intrusion_14 intrusion_15 intrusion_16 intrusion_17
  	intrusion_18 intrusion_19 intrusion_20 k_00 k_01 k_02 k_03 k_04 k_05 k_06 k_07
  	k_08 k_09 k_10 k_11 k_12 k_13 k_14 k_15 k_16 k_17 k_18 k_19 k_20 katzsum_00
  	katzsum_01 katzsum_02 katzsum_03 katzsum_04 katzsum_05 katzsum_06 katzsum_07
  	katzsum_08 katzsum_09 katzsum_10 katzsum_11 katzsum_12 katzsum_13 katzsum_14
  	katzsum_15 katzsum_16 katzsum_17 katzsum_18 katzsum_19 katzsum_20 ldlchlstrl_00
  	ldlchlstrl_01 ldlchlstrl_02 ldlchlstrl_03 ldlchlstrl_04 ldlchlstrl_05
  	ldlchlstrl_06 ldlchlstrl_07 ldlchlstrl_08 ldlchlstrl_09 ldlchlstrl_10
  	ldlchlstrl_11 ldlchlstrl_12 ldlchlstrl_13 ldlchlstrl_14 ldlchlstrl_15
  	ldlchlstrl_16 ldlchlstrl_17 ldlchlstrl_18 ldlchlstrl_19 ldlchlstrl_20 mep_00
  	mep_01 mep_02 mep_03 mep_04 mep_05 mep_06 mep_07 mep_08 mep_09 mep_10 mep_11
  	mep_12 mep_13 mep_14 mep_15 mep_16 mep_17 mep_18 mep_19 mep_20 mip_00 mip_01
  	mip_02 mip_03 mip_04 mip_05 mip_06 mip_07 mip_08 mip_09 mip_10 mip_11 mip_12
  	mip_13 mip_14 mip_15 mip_16 mip_17 mip_18 mip_19 mip_20 na_00 na_01 na_02 na_03
  	na_04 na_05 na_06 na_07 na_08 na_09 na_10 na_11 na_12 na_13 na_14 na_15 na_16
  	na_17 na_18 na_19 na_20 neglifeevents_00 neglifeevents_01 neglifeevents_02
  	neglifeevents_03 neglifeevents_04 neglifeevents_05 neglifeevents_06
  	neglifeevents_07 neglifeevents_08 neglifeevents_09 neglifeevents_10
  	neglifeevents_11 neglifeevents_12 neglifeevents_13 neglifeevents_14
  	neglifeevents_15 neglifeevents_16 neglifeevents_17 neglifeevents_18
  	neglifeevents_19 neglifeevents_20 negsocexchange_00 negsocexchange_01
  	negsocexchange_02 negsocexchange_03 negsocexchange_04 negsocexchange_05
  	negsocexchange_06 negsocexchange_07 negsocexchange_08 negsocexchange_09
  	negsocexchange_10 negsocexchange_11 negsocexchange_12 negsocexchange_13
  	negsocexchange_14 negsocexchange_15 negsocexchange_16 negsocexchange_17
  	negsocexchange_18 negsocexchange_19 negsocexchange_20 nohelp_00 nohelp_01
  	nohelp_02 nohelp_03 nohelp_04 nohelp_05 nohelp_06 nohelp_07 nohelp_08 nohelp_09
  	nohelp_10 nohelp_11 nohelp_12 nohelp_13 nohelp_14 nohelp_15 nohelp_16 nohelp_17
  	nohelp_18 nohelp_19 nohelp_20 panas_00 panas_01 panas_02 panas_03 panas_04
  	panas_05 panas_06 panas_07 panas_08 panas_09 panas_10 panas_11 panas_12 panas_13
  	panas_14 panas_15 panas_16 panas_17 panas_18 panas_19 panas_20
  	perceivedstress_00 perceivedstress_01 perceivedstress_02 perceivedstress_03
  	perceivedstress_04 perceivedstress_05 perceivedstress_06 perceivedstress_07
  	perceivedstress_08 perceivedstress_09 perceivedstress_10 perceivedstress_11
  	perceivedstress_12 perceivedstress_13 perceivedstress_14 perceivedstress_15
  	perceivedstress_16 perceivedstress_17 perceivedstress_18 perceivedstress_19
  	perceivedstress_20 phys5itemsum_00 phys5itemsum_01 phys5itemsum_02
  	phys5itemsum_03 phys5itemsum_04 phys5itemsum_05 phys5itemsum_06 phys5itemsum_07
  	phys5itemsum_08 phys5itemsum_09 phys5itemsum_10 phys5itemsum_11 phys5itemsum_12
  	phys5itemsum_13 phys5itemsum_14 phys5itemsum_15 phys5itemsum_16 phys5itemsum_17
  	phys5itemsum_18 phys5itemsum_19 phys5itemsum_20 pvc_00 pvc_01 pvc_02 pvc_03
  	pvc_04 pvc_05 pvc_06 pvc_07 pvc_08 pvc_09 pvc_10 pvc_11 pvc_12 pvc_13 pvc_14
  	pvc_15 pvc_16 pvc_17 pvc_18 pvc_19 pvc_20 r_depres_00 r_depres_01 r_depres_02
  	r_depres_03 r_depres_04 r_depres_05 r_depres_06 r_depres_07 r_depres_08
  	r_depres_09 r_depres_10 r_depres_11 r_depres_12 r_depres_13 r_depres_14
  	r_depres_15 r_depres_16 r_depres_17 r_depres_18 r_depres_19 r_depres_20
  	rejection_00 rejection_01 rejection_02 rejection_03 rejection_04 rejection_05
  	rejection_06 rejection_07 rejection_08 rejection_09 rejection_10 rejection_11
  	rejection_12 rejection_13 rejection_14 rejection_15 rejection_16 rejection_17
  	rejection_18 rejection_19 rejection_20 rosbscl_00 rosbscl_01 rosbscl_02
  	rosbscl_03 rosbscl_04 rosbscl_05 rosbscl_06 rosbscl_07 rosbscl_08 rosbscl_09
  	rosbscl_10 rosbscl_11 rosbscl_12 rosbscl_13 rosbscl_14 rosbscl_15 rosbscl_16
  	rosbscl_17 rosbscl_18 rosbscl_19 rosbscl_20 rosbsum_00 rosbsum_01 rosbsum_02
  	rosbsum_03 rosbsum_04 rosbsum_05 rosbsum_06 rosbsum_07 rosbsum_08 rosbsum_09
  	rosbsum_10 rosbsum_11 rosbsum_12 rosbsum_13 rosbsum_14 rosbsum_15 rosbsum_16
  	rosbsum_17 rosbsum_18 rosbsum_19 rosbsum_20 r_stroke_00 r_stroke_01 r_stroke_02
  	r_stroke_03 r_stroke_04 r_stroke_05 r_stroke_06 r_stroke_07 r_stroke_08
  	r_stroke_09 r_stroke_10 r_stroke_11 r_stroke_12 r_stroke_13 r_stroke_14
  	r_stroke_15 r_stroke_16 r_stroke_17 r_stroke_18 r_stroke_19 r_stroke_20
  	scaled_to_y stroke_cum_00 stroke_cum_01 stroke_cum_02 stroke_cum_03
  	stroke_cum_04 stroke_cum_05 stroke_cum_06 stroke_cum_07 stroke_cum_08
  	stroke_cum_09 stroke_cum_10 stroke_cum_11 stroke_cum_12 stroke_cum_13
  	stroke_cum_14 stroke_cum_15 stroke_cum_16 stroke_cum_17 stroke_cum_18
  	stroke_cum_19 stroke_cum_20 study_y thyroid_cum_00 thyroid_cum_01 thyroid_cum_02
  	thyroid_cum_03 thyroid_cum_04 thyroid_cum_05 thyroid_cum_06 thyroid_cum_07
  	thyroid_cum_08 thyroid_cum_09 thyroid_cum_10 thyroid_cum_11 thyroid_cum_12
  	thyroid_cum_13 thyroid_cum_14 thyroid_cum_15 thyroid_cum_16 thyroid_cum_17
  	thyroid_cum_18 thyroid_cum_19 thyroid_cum_20 unsympathetic_00 unsympathetic_01
  	unsympathetic_02 unsympathetic_03 unsympathetic_04 unsympathetic_05
  	unsympathetic_06 unsympathetic_07 unsympathetic_08 unsympathetic_09
  	unsympathetic_10 unsympathetic_11 unsympathetic_12 unsympathetic_13
  	unsympathetic_14 unsympathetic_15 unsympathetic_16 unsympathetic_17
  	unsympathetic_18 unsympathetic_19 unsympathetic_20 vasc_3dis_sum_00
  	vasc_3dis_sum_01 vasc_3dis_sum_02 vasc_3dis_sum_03 vasc_3dis_sum_04
  	vasc_3dis_sum_05 vasc_3dis_sum_06 vasc_3dis_sum_07 vasc_3dis_sum_08
  	vasc_3dis_sum_09 vasc_3dis_sum_10 vasc_3dis_sum_11 vasc_3dis_sum_12
  	vasc_3dis_sum_13 vasc_3dis_sum_14 vasc_3dis_sum_15 vasc_3dis_sum_16
  	vasc_3dis_sum_17 vasc_3dis_sum_18 vasc_3dis_sum_19 vasc_3dis_sum_20
  	vasc_4dis_sum_00 vasc_4dis_sum_01 vasc_4dis_sum_02 vasc_4dis_sum_03
  	vasc_4dis_sum_04 vasc_4dis_sum_05 vasc_4dis_sum_06 vasc_4dis_sum_07
  	vasc_4dis_sum_08 vasc_4dis_sum_09 vasc_4dis_sum_10 vasc_4dis_sum_11
  	vasc_4dis_sum_12 vasc_4dis_sum_13 vasc_4dis_sum_14 vasc_4dis_sum_15
  	vasc_4dis_sum_16 vasc_4dis_sum_17 vasc_4dis_sum_18 vasc_4dis_sum_19
  	vasc_4dis_sum_20 vasc_risks_sum_00 vasc_risks_sum_01 vasc_risks_sum_02
  	vasc_risks_sum_03 vasc_risks_sum_04 vasc_risks_sum_05 vasc_risks_sum_06
  	vasc_risks_sum_07 vasc_risks_sum_08 vasc_risks_sum_09 vasc_risks_sum_10
  	vasc_risks_sum_11 vasc_risks_sum_12 vasc_risks_sum_13 vasc_risks_sum_14
  	vasc_risks_sum_15 vasc_risks_sum_16 vasc_risks_sum_17 vasc_risks_sum_18
  	vasc_risks_sum_19 vasc_risks_sum_20 vision_00 vision_01 vision_02 vision_03
  	vision_04 vision_05 vision_06 vision_07 vision_08 vision_09 vision_10 vision_11
  	vision_12 vision_13 vision_14 vision_15 vision_16 vision_17 vision_18 vision_19
  	vision_20 visionlog_00 visionlog_01 visionlog_02 visionlog_03 visionlog_04
  	visionlog_05 visionlog_06 visionlog_07 visionlog_08 visionlog_09 visionlog_10
  	visionlog_11 visionlog_12 visionlog_13 visionlog_14 visionlog_15 visionlog_16
  	visionlog_17 visionlog_18 visionlog_19 visionlog_20 wtkg_00 wtkg_01 wtkg_02
  	wtkg_03 wtkg_04 wtkg_05 wtkg_06 wtkg_07 wtkg_08 wtkg_09 wtkg_10 wtkg_11 wtkg_12
  	wtkg_13 wtkg_14 wtkg_15 wtkg_16 wtkg_17 wtkg_18 wtkg_19 wtkg_20 T0 T1 T2 T3 T4
  	T5 T6 T7 T8 T9 T10 T11 T12 T13 T14 T15 T16 T17 T18 T19 T20;
  Missing are all (-9999);
  USEVAR are
  !define the variables used in the analysis
  	time1-time10
  	p1-p10
  	c1-c10
  	Bage;
  	
  TSCORES are
  !define the time points
  	time1-time10;
  USEOBSERVATIONS are
  !select a subset of observations
  	msex EQ 0 and
  	dementia_00 NE 1 and dementia_01 NE 1 and dementia_02 NE 1 and
  	dementia_03 NE 1 and dementia_04 NE 1 and dementia_05 NE 1 and
  	dementia_06 NE 1 and dementia_07 NE 1 and dementia_08 NE 1 and
  	dementia_09 NE 1 and dementia_10 NE 1 and dementia_11 NE 1 and
  	dementia_12 NE 1 and dementia_13 NE 1 and dementia_14 NE 1 and
  	dementia_15 NE 1 and dementia_16 NE 1 and dementia_17 NE 1 and
  	dementia_18 NE 1 and dementia_19 NE 1 and dementia_20 NE 1;
  DEFINE:
  !assign variables to the process p
  	p1= gripavg_00;
  	p2= gripavg_01;
  	p3= gripavg_02;
  	p4= gripavg_03;
  	p5= gripavg_04;
  	p6= gripavg_05;
  	p7= gripavg_06;
  	p8= gripavg_07;
  	p9= gripavg_08;
  	p10=gripavg_09;
  	p11=gripavg_10;
  	p12=gripavg_11;
  	p13=gripavg_12;
  	p14=gripavg_13;
  	p15=gripavg_14;
  	p16=gripavg_15;
  	p17=gripavg_16;
  	p18=gripavg_17;
  	p19=gripavg_18;
  	p20=gripavg_19;
  	p21=gripavg_20;
  !assign variables to the process c
  	c1= cts_wli_00;
  	c2= cts_wli_01;
  	c3= cts_wli_02;
  	c4= cts_wli_03;
  	c5= cts_wli_04;
  	c6= cts_wli_05;
  	c7= cts_wli_06;
  	c8= cts_wli_07;
  	c9= cts_wli_08;
  	c10=cts_wli_09;
  	c11=cts_wli_10;
  	c12=cts_wli_11;
  	c13=cts_wli_12;
  	c14=cts_wli_13;
  	c15=cts_wli_14;
  	c16=cts_wli_15;
  	c17=cts_wli_16;
  	c18=cts_wli_17;
  	c19=cts_wli_18;
  	c20=cts_wli_19;
  	c21=cts_wli_20;
  !assign variables to time points
  	time1= T0;
  	time2= T1;
  	time3= T2;
  	time4= T3;
  	time5= T4;
  	time6= T5;
  	time7= T6;
  	time8= T7;
  	time9= T8;
  	time10=T9;
  	time11=T10;
  	time12=T11;
  	time13=T12;
  	time14=T13;
  	time15=T14;
  	time16=T15;
  	time17=T16;
  	time18=T17;
  	time19=T18;
  	time20=T19;
  	time21=T20;
  !define the second-level terms
  	Bage=age_bl-70;   !Age centered at 70 baseline
  		!Dage=age_death;
  		!Sex=msex;         !0=female
  	Educ=educ-7;     ! Centered at 7 years
  		!SEP=SESgrp; couldn't find
  		!Marstat;
  	Height=htm_00-1.60;
  		!Weight
  		!BMI
  		!SmokHist=smoking;
  		!Alcohol;
  		!CompExp;
  		!PhysAct;
  		!BP;
  		!DepSymp;
  		!Cardio;
  		!Diab;
  		!MorbInd;
  		!BageEduc=Bage*Educ;
  ANALYSIS:
  TYPE = RANDOM;
  COVERAGE=.00;
  MODEL:
  !first-level equation
  	ip sp | p1-p10 AT time1-time10;
  	ic sc | c1-c10 AT time1-time10;
  !variance of the first-level terms	
  	ip (v_ip);
  	sp (v_sp);
  	ic (v_ic);
  	sc (v_sc);
  !covariance among first-level terms	
  	ip WITH sp (c_ipsp);
  	ip WITH ic (c_ipic);
  	ip WITH sc (c_ipsc);
  	sp WITH ic (c_spic);
  	sp WITH sc (c_spsc);
  	ic WITH sc (c_icsc);
  !second-level equation	
  	ip sp ic sc ON Bage;
  !residual means	
  	p1-p10 (res_p);
  	c1-c10 (res_c);
  !Paired covariances constrained to be equal across t	
  	p1-p10 pwith c1-c10(res_cov);
  MODEL CONSTRAINT:
  !assigns labels to new parameters;
  	NEW r_ipic;
  	NEW r_spsc;
  	NEW r_res_pc;
  !
  	r_ipic = c_ipic/((v_ip**0.5)*(v_ic**0.5));
  	r_spsc = c_spsc/((v_sp**0.5)*(v_sc**0.5));
  	r_res_pc = res_cov/((res_p**0.5)*(res_c**0.5));
  OUTPUT: sampstat cinterval;
  PLOT: Type is Plot1 Plot2 Plot3;



*** WARNING
  Data set contains cases with missing on all variables.
  These cases were not included in the analysis.
  Number of cases with missing on all variables:  1
*** WARNING
  Data set contains cases with missing on all variables except
  x-variables.  These cases were not included in the analysis.
  Number of cases with missing on all variables except x-variables:  49
   2 WARNING(S) FOUND IN THE INPUT INSTRUCTIONS




Your new title

SUMMARY OF ANALYSIS

Number of groups                                                 1
Number of observations                                         961

Number of dependent variables                                   20
Number of independent variables                                  1
Number of continuous latent variables                            4

Observed dependent variables

  Continuous
   P1          P2          P3          P4          P5          P6
   P7          P8          P9          P10         C1          C2
   C3          C4          C5          C6          C7          C8
   C9          C10

Observed independent variables
   BAGE

Continuous latent variables
   IP          SP          IC          SC

Variables with special functions

  Time scores
   TIME1       TIME2       TIME3       TIME4       TIME5       TIME6
   TIME7       TIME8       TIME9       TIME10


Estimator                                                      MLR
Information matrix                                        OBSERVED
Maximum number of iterations                                   100
Convergence criterion                                    0.100D-05
Maximum number of EM iterations                                500
Convergence criteria for the EM algorithm
  Loglikelihood change                                   0.100D-02
  Relative loglikelihood change                          0.100D-05
  Derivative                                             0.100D-03
Minimum variance                                         0.100D-03
Maximum number of steepest descent iterations                   20
Maximum number of iterations for H1                           2000
Convergence criterion for H1                             0.100D-03
Optimization algorithm                                         EMA

Input data file(s)
  radcMAP_wide.dat
Input data format  FREE


SUMMARY OF DATA

     Number of missing data patterns           305


COVARIANCE COVERAGE OF DATA

Minimum covariance coverage value   0.000


     PROPORTION OF DATA PRESENT


           Covariance Coverage
              P1            P2            P3            P4            P5
              ________      ________      ________      ________      ________
 P1             0.895
 P2             0.634         0.642
 P3             0.502         0.456         0.523
 P4             0.339         0.300         0.309         0.415
 P5             0.221         0.183         0.190         0.241         0.290
 P6             0.129         0.102         0.112         0.129         0.127
 P7             0.121         0.098         0.084         0.095         0.094
 P8             0.145         0.136         0.127         0.114         0.109
 P9             0.175         0.163         0.156         0.135         0.111
 P10            0.138         0.132         0.128         0.104         0.078
 C1             0.894         0.641         0.523         0.415         0.290
 C2             0.753         0.636         0.509         0.405         0.280
 C3             0.626         0.529         0.519         0.403         0.280
 C4             0.515         0.437         0.409         0.411         0.282
 C5             0.413         0.345         0.323         0.313         0.284
 C6             0.324         0.271         0.256         0.243         0.200
 C7             0.288         0.248         0.226         0.214         0.181
 C8             0.240         0.221         0.203         0.179         0.158
 C9             0.205         0.191         0.181         0.156         0.127
 C10            0.149         0.144         0.145         0.140         0.111
 BAGE           0.895         0.642         0.523         0.415         0.290


           Covariance Coverage
              P6            P7            P8            P9            P10
              ________      ________      ________      ________      ________
 P6             0.191
 P7             0.116         0.177
 P8             0.118         0.121         0.194
 P9             0.092         0.086         0.132         0.207
 P10            0.061         0.059         0.096         0.127         0.151
 C1             0.191         0.177         0.194         0.207         0.151
 C2             0.187         0.172         0.190         0.204         0.149
 C3             0.184         0.165         0.186         0.203         0.150
 C4             0.185         0.168         0.189         0.201         0.144
 C5             0.181         0.168         0.188         0.203         0.147
 C6             0.189         0.165         0.188         0.200         0.147
 C7             0.160         0.174         0.186         0.194         0.144
 C8             0.144         0.140         0.191         0.196         0.146
 C9             0.113         0.105         0.158         0.200         0.142
 C10            0.093         0.085         0.132         0.154         0.146
 BAGE           0.191         0.177         0.194         0.207         0.151


           Covariance Coverage
              C1            C2            C3            C4            C5
              ________      ________      ________      ________      ________
 C1             0.999
 C2             0.844         0.845
 C3             0.716         0.692         0.716
 C4             0.595         0.578         0.568         0.595
 C5             0.485         0.469         0.458         0.461         0.485
 C6             0.387         0.380         0.371         0.371         0.363
 C7             0.345         0.337         0.330         0.331         0.332
 C8             0.293         0.287         0.283         0.282         0.286
 C9             0.247         0.243         0.240         0.238         0.240
 C10            0.189         0.186         0.185         0.185         0.184
 BAGE           0.999         0.845         0.716         0.595         0.485


           Covariance Coverage
              C6            C7            C8            C9            C10
              ________      ________      ________      ________      ________
 C6             0.387
 C7             0.320         0.345
 C8             0.284         0.279         0.293
 C9             0.241         0.231         0.237         0.247
 C10            0.184         0.180         0.185         0.180         0.189
 BAGE           0.387         0.345         0.293         0.247         0.189


           Covariance Coverage
              BAGE
              ________
 BAGE           1.000


SAMPLE STATISTICS


     ESTIMATED SAMPLE STATISTICS


           Means
              P1            P2            P3            P4            P5
              ________      ________      ________      ________      ________
 1             41.528        40.274        39.733        38.164        36.544


           Means
              P6            P7            P8            P9            P10
              ________      ________      ________      ________      ________
 1             35.269        34.087        32.421        32.100        31.737


           Means
              C1            C2            C3            C4            C5
              ________      ________      ________      ________      ________
 1             18.022        18.571        18.620        19.094        18.867


           Means
              C6            C7            C8            C9            C10
              ________      ________      ________      ________      ________
 1             18.711        18.735        18.449        18.159        17.495


           Means
              BAGE
              ________
 1              8.539


           Covariances
              P1            P2            P3            P4            P5
              ________      ________      ________      ________      ________
 P1           153.320
 P2           133.289       157.119
 P3           127.637       130.238       144.938
 P4           128.478       129.369       130.706       151.548
 P5           134.335       132.143       132.037       140.668       161.285
 P6           133.815       131.828       131.022       140.960       146.226
 P7           123.197       127.301       132.563       139.330       141.913
 P8           113.837       114.783       113.454       122.598       126.044
 P9           118.791       118.971       124.964       119.350       124.440
 P10          128.402       126.220       129.817       132.475       137.028
 C1            14.602        12.110        12.883        12.874        14.908
 C2            14.108        13.392        13.936        14.556        14.769
 C3            17.212        15.977        16.761        18.752        21.005
 C4            18.396        15.941        17.314        19.109        19.721
 C5            18.969        18.112        16.707        20.775        22.504
 C6            21.745        19.317        20.331        23.913        24.532
 C7            21.107        20.575        19.915        22.298        22.606
 C8            16.073        15.259        15.174        17.576        18.381
 C9            22.672        23.343        21.696        24.995        23.992
 C10           25.696        26.424        24.928        32.171        32.868
 BAGE         -41.656       -42.258       -44.424       -45.061       -44.651


           Covariances
              P6            P7            P8            P9            P10
              ________      ________      ________      ________      ________
 P6           169.980
 P7           150.960       170.996
 P8           132.508       134.549       145.005
 P9           136.836       136.501       120.323       152.481
 P10          146.308       147.366       124.152       133.481       162.545
 C1            14.741        15.056        14.612        13.390        13.918
 C2            17.062        14.917        17.067        14.096        11.831
 C3            20.708        19.334        19.651        17.959        17.877
 C4            20.711        19.813        20.843        19.650        19.657
 C5            21.929        21.960        22.885        19.495        18.735
 C6            26.036        23.749        24.546        24.947        24.170
 C7            28.647        23.782        24.617        23.714        22.826
 C8            20.904        20.730        19.774        19.924        19.949
 C9            25.742        25.762        24.559        23.451        23.850
 C10           33.437        31.427        29.985        31.940        32.114
 BAGE         -56.411       -54.803       -46.750       -45.287       -52.805


           Covariances
              C1            C2            C3            C4            C5
              ________      ________      ________      ________      ________
 C1            18.209
 C2            12.432        17.849
 C3            13.114        13.349        21.088
 C4            12.418        13.025        16.141        23.107
 C5            12.512        13.519        15.883        17.024        23.475
 C6            13.840        14.385        17.488        18.304        19.551
 C7            13.855        14.705        17.420        18.002        19.556
 C8            12.780        13.978        17.108        17.340        19.562
 C9            13.869        14.686        17.701        17.687        19.428
 C10           13.622        15.365        19.713        20.618        22.750
 BAGE          -7.110       -10.594        -9.696       -11.487       -11.070


           Covariances
              C6            C7            C8            C9            C10
              ________      ________      ________      ________      ________
 C6            27.576
 C7            21.534        27.495
 C8            20.001        21.299        26.954
 C9            22.312        23.090        22.879        29.657
 C10           25.773        24.821        25.671        26.807        37.679
 BAGE         -14.358       -13.938       -12.058       -15.355       -17.335


           Covariances
              BAGE
              ________
 BAGE          62.718


           Correlations
              P1            P2            P3            P4            P5
              ________      ________      ________      ________      ________
 P1             1.000
 P2             0.859         1.000
 P3             0.856         0.863         1.000
 P4             0.843         0.838         0.882         1.000
 P5             0.854         0.830         0.864         0.900         1.000
 P6             0.829         0.807         0.835         0.878         0.883
 P7             0.761         0.777         0.842         0.866         0.855
 P8             0.763         0.760         0.783         0.827         0.824
 P9             0.777         0.769         0.841         0.785         0.794
 P10            0.813         0.790         0.846         0.844         0.846
 C1             0.276         0.226         0.251         0.245         0.275
 C2             0.270         0.253         0.274         0.280         0.275
 C3             0.303         0.278         0.303         0.332         0.360
 C4             0.309         0.265         0.299         0.323         0.323
 C5             0.316         0.298         0.286         0.348         0.366
 C6             0.334         0.293         0.322         0.370         0.368
 C7             0.325         0.313         0.315         0.345         0.339
 C8             0.250         0.234         0.243         0.275         0.279
 C9             0.336         0.342         0.331         0.373         0.347
 C10            0.338         0.343         0.337         0.426         0.422
 BAGE          -0.425        -0.426        -0.466        -0.462        -0.444


           Correlations
              P6            P7            P8            P9            P10
              ________      ________      ________      ________      ________
 P6             1.000
 P7             0.885         1.000
 P8             0.844         0.854         1.000
 P9             0.850         0.845         0.809         1.000
 P10            0.880         0.884         0.809         0.848         1.000
 C1             0.265         0.270         0.284         0.254         0.256
 C2             0.310         0.270         0.335         0.270         0.220
 C3             0.346         0.322         0.355         0.317         0.305
 C4             0.330         0.315         0.360         0.331         0.321
 C5             0.347         0.347         0.392         0.326         0.303
 C6             0.380         0.346         0.388         0.385         0.361
 C7             0.419         0.347         0.390         0.366         0.341
 C8             0.309         0.305         0.316         0.311         0.301
 C9             0.363         0.362         0.375         0.349         0.344
 C10            0.418         0.392         0.406         0.421         0.410
 BAGE          -0.546        -0.529        -0.490        -0.463        -0.523


           Correlations
              C1            C2            C3            C4            C5
              ________      ________      ________      ________      ________
 C1             1.000
 C2             0.690         1.000
 C3             0.669         0.688         1.000
 C4             0.605         0.641         0.731         1.000
 C5             0.605         0.660         0.714         0.731         1.000
 C6             0.618         0.648         0.725         0.725         0.768
 C7             0.619         0.664         0.723         0.714         0.770
 C8             0.577         0.637         0.718         0.695         0.778
 C9             0.597         0.638         0.708         0.676         0.736
 C10            0.520         0.592         0.699         0.699         0.765
 BAGE          -0.210        -0.317        -0.267        -0.302        -0.289


           Correlations
              C6            C7            C8            C9            C10
              ________      ________      ________      ________      ________
 C6             1.000
 C7             0.782         1.000
 C8             0.734         0.782         1.000
 C9             0.780         0.809         0.809         1.000
 C10            0.800         0.771         0.806         0.802         1.000
 BAGE          -0.345        -0.336        -0.293        -0.356        -0.357


           Correlations
              BAGE
              ________
 BAGE           1.000


     MAXIMUM LOG-LIKELIHOOD VALUE FOR THE UNRESTRICTED (H1) MODEL IS -27694.428


UNIVARIATE HIGHER-ORDER MOMENT DESCRIPTIVE STATISTICS


     UNIVARIATE HIGHER-ORDER MOMENT DESCRIPTIVE STATISTICS

         Variable/         Mean/     Skewness/   Minimum/ % with                Percentiles
        Sample Size      Variance    Kurtosis    Maximum  Min/Max      20%/60%    40%/80%    Median

     P1                   41.234       0.305       5.250    0.12%      30.500     38.000     41.000
             860.000     154.056       0.428      97.750    0.12%      43.500     50.750
     P2                   39.813       0.155       0.000    0.16%      29.750     36.500     39.750
             617.000     146.923       0.363      85.000    0.16%      42.250     49.750
     P3                   39.924       0.091       0.000    0.20%      29.500     36.750     39.750
             503.000     134.693      -0.206      72.500    0.20%      42.500     50.250
     P4                   38.681       0.167       6.000    0.25%      28.750     35.000     38.500
             399.000     131.151      -0.039      73.750    0.25%      41.250     47.750
     P5                   38.333       0.331       0.000    0.36%      28.333     35.250     38.000
             279.000     148.188       0.546      76.250    0.36%      40.250     47.500
     P6                   38.692       0.073       9.750    0.54%      28.000     35.750     39.250
             184.000     136.184      -0.447      65.000    0.54%      40.750     48.750
     P7                   38.472       0.246      11.250    0.59%      27.250     35.000     38.000
             170.000     154.262      -0.114      76.750    0.59%      42.250     49.250
     P8                   36.447       0.092       8.250    0.54%      26.667     33.250     35.625
             186.000     128.555      -0.330      63.750    0.54%      39.000     46.750
     P9                   34.877       0.225       6.250    0.50%      24.250     32.000     33.750
             199.000     141.041      -0.379      66.500    0.50%      36.500     46.250
     P10                  35.847       0.374       5.750    0.69%      24.250     31.750     35.250
             145.000     144.037       0.208      78.000    0.69%      39.000     46.000
     C1                   18.025      -0.183       0.000    0.10%      14.000     17.000     18.000
             960.000      18.212      -0.013      30.000    0.10%      19.000     22.000
     C2                   18.752      -0.179       4.000    0.12%      15.000     18.000     19.000
             812.000      17.154      -0.010      30.000    0.25%      20.000     22.000
     C3                   18.913      -0.197       5.000    0.15%      15.000     18.000     19.000
             688.000      20.443      -0.172      30.000    0.87%      20.000     23.000
     C4                   19.663      -0.143       7.000    0.17%      16.000     19.000     20.000
             572.000      20.905      -0.246      30.000    1.57%      21.000     24.000
     C5                   19.717       0.001       6.000    0.21%      16.000     18.000     20.000
             466.000      20.606      -0.164      30.000    1.72%      21.000     24.000
     C6                   19.925      -0.177       3.000    0.27%      16.000     19.000     20.000
             372.000      23.005       0.114      30.000    2.96%      21.000     24.000
     C7                   19.883      -0.228       3.000    0.30%      16.000     19.000     20.000
             332.000      22.706      -0.089      30.000    1.51%      21.000     24.000
     C8                   19.911      -0.020       8.000    0.71%      16.000     18.000     19.000
             282.000      21.208      -0.535      30.000    0.71%      21.000     24.000
     C9                   19.878       0.010       9.000    0.84%      15.000     19.000     20.000
             237.000      22.107      -0.438      30.000    2.11%      21.000     24.000
     C10                  19.692      -0.118       7.000    1.10%      15.000     19.000     20.000
             182.000      29.202      -0.604      30.000    3.85%      21.000     24.000
     BAGE                  8.539      -0.468     -16.653    0.10%       1.830      7.520      9.529
             961.000      62.718       0.025      28.708    0.10%      11.133     15.172


THE MODEL ESTIMATION TERMINATED NORMALLY



MODEL FIT INFORMATION

Number of Free Parameters                       21

Loglikelihood

          H0 Value                      -24566.039
          H0 Scaling Correction Factor      1.1776
            for MLR

Information Criteria

          Akaike (AIC)                   49174.078
          Bayesian (BIC)                 49276.306
          Sample-Size Adjusted BIC       49209.610
            (n* = (n + 2) / 24)



MODEL RESULTS

                                                    Two-Tailed
                    Estimate       S.E.  Est./S.E.    P-Value

 IP         ON
    BAGE              -0.669      0.050    -13.255      0.000

 SP         ON
    BAGE              -0.019      0.007     -2.621      0.009

 IC         ON
    BAGE              -0.132      0.016     -8.193      0.000

 SC         ON
    BAGE              -0.013      0.003     -4.391      0.000

 IP       WITH
    SP                -2.443      0.732     -3.337      0.001
    IC                 8.836      1.477      5.983      0.000
    SC                 0.290      0.258      1.123      0.261

 SP       WITH
    IC                -0.085      0.214     -0.398      0.691
    SC                 0.064      0.027      2.425      0.015

 IC       WITH
    SC                 0.113      0.100      1.128      0.259

 P1       WITH
    C1                 0.189      0.260      0.726      0.468

 P2       WITH
    C2                 0.189      0.260      0.726      0.468

 P3       WITH
    C3                 0.189      0.260      0.726      0.468

 P4       WITH
    C4                 0.189      0.260      0.726      0.468

 P5       WITH
    C5                 0.189      0.260      0.726      0.468

 P6       WITH
    C6                 0.189      0.260      0.726      0.468

 P7       WITH
    C7                 0.189      0.260      0.726      0.468

 P8       WITH
    C8                 0.189      0.260      0.726      0.468

 P9       WITH
    C9                 0.189      0.260      0.726      0.468

 P10      WITH
    C10                0.189      0.260      0.726      0.468

 Intercepts
    P1                 0.000      0.000    999.000    999.000
    P2                 0.000      0.000    999.000    999.000
    P3                 0.000      0.000    999.000    999.000
    P4                 0.000      0.000    999.000    999.000
    P5                 0.000      0.000    999.000    999.000
    P6                 0.000      0.000    999.000    999.000
    P7                 0.000      0.000    999.000    999.000
    P8                 0.000      0.000    999.000    999.000
    P9                 0.000      0.000    999.000    999.000
    P10                0.000      0.000    999.000    999.000
    C1                 0.000      0.000    999.000    999.000
    C2                 0.000      0.000    999.000    999.000
    C3                 0.000      0.000    999.000    999.000
    C4                 0.000      0.000    999.000    999.000
    C5                 0.000      0.000    999.000    999.000
    C6                 0.000      0.000    999.000    999.000
    C7                 0.000      0.000    999.000    999.000
    C8                 0.000      0.000    999.000    999.000
    C9                 0.000      0.000    999.000    999.000
    C10                0.000      0.000    999.000    999.000
    IP                47.342      0.617     76.745      0.000
    SP                -1.035      0.083    -12.508      0.000
    IC                19.551      0.191    102.426      0.000
    SC                 0.140      0.030      4.630      0.000

 Residual Variances
    P1                21.858      0.932     23.440      0.000
    P2                21.858      0.932     23.440      0.000
    P3                21.858      0.932     23.440      0.000
    P4                21.858      0.932     23.440      0.000
    P5                21.858      0.932     23.440      0.000
    P6                21.858      0.932     23.440      0.000
    P7                21.858      0.932     23.440      0.000
    P8                21.858      0.932     23.440      0.000
    P9                21.858      0.932     23.440      0.000
    P10               21.858      0.932     23.440      0.000
    C1                 6.287      0.172     36.454      0.000
    C2                 6.287      0.172     36.454      0.000
    C3                 6.287      0.172     36.454      0.000
    C4                 6.287      0.172     36.454      0.000
    C5                 6.287      0.172     36.454      0.000
    C6                 6.287      0.172     36.454      0.000
    C7                 6.287      0.172     36.454      0.000
    C8                 6.287      0.172     36.454      0.000
    C9                 6.287      0.172     36.454      0.000
    C10                6.287      0.172     36.454      0.000
    IP               107.724      6.387     16.867      0.000
    SP                 0.425      0.107      3.980      0.000
    IC                11.526      0.701     16.440      0.000
    SC                 0.146      0.023      6.236      0.000

New/Additional Parameters
    R_IPIC             0.251      0.039      6.454      0.000
    R_SPSC             0.259      0.098      2.637      0.008
    R_RES_PC           0.016      0.022      0.725      0.469


QUALITY OF NUMERICAL RESULTS

     Condition Number for the Information Matrix              0.437E-05
       (ratio of smallest to largest eigenvalue)


CONFIDENCE INTERVALS OF MODEL RESULTS

                  Lower .5%  Lower 2.5%    Lower 5%    Estimate    Upper 5%  Upper 2.5%   Upper .5%

 IP       ON
    BAGE            -0.799      -0.768      -0.752      -0.669      -0.586      -0.570      -0.539

 SP       ON
    BAGE            -0.038      -0.034      -0.031      -0.019      -0.007      -0.005       0.000

 IC       ON
    BAGE            -0.173      -0.163      -0.158      -0.132      -0.105      -0.100      -0.090

 SC       ON
    BAGE            -0.020      -0.019      -0.018      -0.013      -0.008      -0.007      -0.005

 IP       WITH
    SP              -4.328      -3.877      -3.647      -2.443      -1.239      -1.008      -0.557
    IC               5.032       5.941       6.406       8.836      11.265      11.730      12.640
    SC              -0.375      -0.216      -0.135       0.290       0.715       0.796       0.955

 SP       WITH
    IC              -0.636      -0.505      -0.437      -0.085       0.267       0.334       0.466
    SC              -0.004       0.012       0.021       0.064       0.108       0.117       0.133

 IC       WITH
    SC              -0.145      -0.083      -0.052       0.113       0.277       0.309       0.370

 P1       WITH
    C1              -0.480      -0.320      -0.239       0.189       0.616       0.698       0.857

 P2       WITH
    C2              -0.480      -0.320      -0.239       0.189       0.616       0.698       0.857

 P3       WITH
    C3              -0.480      -0.320      -0.239       0.189       0.616       0.698       0.857

 P4       WITH
    C4              -0.480      -0.320      -0.239       0.189       0.616       0.698       0.857

 P5       WITH
    C5              -0.480      -0.320      -0.239       0.189       0.616       0.698       0.857

 P6       WITH
    C6              -0.480      -0.320      -0.239       0.189       0.616       0.698       0.857

 P7       WITH
    C7              -0.480      -0.320      -0.239       0.189       0.616       0.698       0.857

 P8       WITH
    C8              -0.480      -0.320      -0.239       0.189       0.616       0.698       0.857

 P9       WITH
    C9              -0.480      -0.320      -0.239       0.189       0.616       0.698       0.857

 P10      WITH
    C10             -0.480      -0.320      -0.239       0.189       0.616       0.698       0.857

 Intercepts
    P1               0.000       0.000       0.000       0.000       0.000       0.000       0.000
    P2               0.000       0.000       0.000       0.000       0.000       0.000       0.000
    P3               0.000       0.000       0.000       0.000       0.000       0.000       0.000
    P4               0.000       0.000       0.000       0.000       0.000       0.000       0.000
    P5               0.000       0.000       0.000       0.000       0.000       0.000       0.000
    P6               0.000       0.000       0.000       0.000       0.000       0.000       0.000
    P7               0.000       0.000       0.000       0.000       0.000       0.000       0.000
    P8               0.000       0.000       0.000       0.000       0.000       0.000       0.000
    P9               0.000       0.000       0.000       0.000       0.000       0.000       0.000
    P10              0.000       0.000       0.000       0.000       0.000       0.000       0.000
    C1               0.000       0.000       0.000       0.000       0.000       0.000       0.000
    C2               0.000       0.000       0.000       0.000       0.000       0.000       0.000
    C3               0.000       0.000       0.000       0.000       0.000       0.000       0.000
    C4               0.000       0.000       0.000       0.000       0.000       0.000       0.000
    C5               0.000       0.000       0.000       0.000       0.000       0.000       0.000
    C6               0.000       0.000       0.000       0.000       0.000       0.000       0.000
    C7               0.000       0.000       0.000       0.000       0.000       0.000       0.000
    C8               0.000       0.000       0.000       0.000       0.000       0.000       0.000
    C9               0.000       0.000       0.000       0.000       0.000       0.000       0.000
    C10              0.000       0.000       0.000       0.000       0.000       0.000       0.000
    IP              45.753      46.133      46.327      47.342      48.356      48.551      48.931
    SP              -1.249      -1.198      -1.171      -1.035      -0.899      -0.873      -0.822
    IC              19.060      19.177      19.237      19.551      19.865      19.925      20.043
    SC               0.062       0.081       0.090       0.140       0.190       0.199       0.218

 Residual Variances
    P1              19.456      20.030      20.324      21.858      23.392      23.685      24.260
    P2              19.456      20.030      20.324      21.858      23.392      23.685      24.260
    P3              19.456      20.030      20.324      21.858      23.392      23.685      24.260
    P4              19.456      20.030      20.324      21.858      23.392      23.685      24.260
    P5              19.456      20.030      20.324      21.858      23.392      23.685      24.260
    P6              19.456      20.030      20.324      21.858      23.392      23.685      24.260
    P7              19.456      20.030      20.324      21.858      23.392      23.685      24.260
    P8              19.456      20.030      20.324      21.858      23.392      23.685      24.260
    P9              19.456      20.030      20.324      21.858      23.392      23.685      24.260
    P10             19.456      20.030      20.324      21.858      23.392      23.685      24.260
    C1               5.842       5.949       6.003       6.287       6.570       6.625       6.731
    C2               5.842       5.949       6.003       6.287       6.570       6.625       6.731
    C3               5.842       5.949       6.003       6.287       6.570       6.625       6.731
    C4               5.842       5.949       6.003       6.287       6.570       6.625       6.731
    C5               5.842       5.949       6.003       6.287       6.570       6.625       6.731
    C6               5.842       5.949       6.003       6.287       6.570       6.625       6.731
    C7               5.842       5.949       6.003       6.287       6.570       6.625       6.731
    C8               5.842       5.949       6.003       6.287       6.570       6.625       6.731
    C9               5.842       5.949       6.003       6.287       6.570       6.625       6.731
    C10              5.842       5.949       6.003       6.287       6.570       6.625       6.731
    IP              91.273      95.206      97.218     107.724     118.230     120.242     124.175
    SP               0.150       0.216       0.250       0.425       0.601       0.635       0.701
    IC               9.720      10.152      10.373      11.526      12.680      12.900      13.332
    SC               0.086       0.100       0.107       0.146       0.184       0.192       0.206

New/Additional Parameters
    R_IPIC           0.151       0.175       0.187       0.251       0.315       0.327       0.351
    R_SPSC           0.006       0.066       0.097       0.259       0.420       0.451       0.511
    R_RES_PC        -0.041      -0.027      -0.020       0.016       0.053       0.060       0.073


SAMPLE STATISTICS FOR ESTIMATED FACTOR SCORES


     SAMPLE STATISTICS


           Means
              IP            IP_SE         SP            SP_SE         IC
              ________      ________      ________      ________      ________
 1             41.632         3.205        -1.199         0.562        18.426


           Means
              IC_SE         SC            SC_SE
              ________      ________      ________
 1              1.376         0.030         0.313


           Covariances
              IP            IP_SE         SP            SP_SE         IC
              ________      ________      ________      ________      ________
 IP           124.038
 IP_SE         -0.533         1.453
 SP            -0.913         0.001         0.127
 SP_SE         -0.153         0.037         0.001         0.005
 IC            14.032        -0.707         0.121        -0.055        10.650
 IC_SE         -0.367         0.174         0.003         0.010        -0.200
 SC             0.868        -0.004         0.035        -0.001         0.349
 SC_SE         -0.174         0.027         0.001         0.004        -0.056


           Covariances
              IC_SE         SC            SC_SE
              ________      ________      ________
 IC_SE          0.073
 SC            -0.003         0.054
 SC_SE          0.011        -0.002         0.004


           Correlations
              IP            IP_SE         SP            SP_SE         IC
              ________      ________      ________      ________      ________
 IP             1.000
 IP_SE         -0.040         1.000
 SP            -0.230         0.002         1.000
 SP_SE         -0.188         0.420         0.023         1.000
 IC             0.386        -0.180         0.104        -0.228         1.000
 IC_SE         -0.122         0.534         0.031         0.506        -0.227
 SC             0.336        -0.015         0.423        -0.065         0.460
 SC_SE         -0.241         0.348         0.057         0.879        -0.265


           Correlations
              IC_SE         SC            SC_SE
              ________      ________      ________
 IC_SE          1.000
 SC            -0.052         1.000
 SC_SE          0.647        -0.101         1.000


PLOT INFORMATION

The following plots are available:

  Histograms (sample values, estimated factor scores)
  Scatterplots (sample values, estimated factor scores)
  Latent variable distribution plots

     Beginning Time:  02:49:54
        Ending Time:  02:50:18
       Elapsed Time:  00:00:24



MUTHEN & MUTHEN
3463 Stoner Ave.
Los Angeles, CA  90066

Tel: (310) 391-9971
Fax: (310) 391-8971
Web: www.StatModel.com
Support: Support@StatModel.com

Copyright (c) 1998-2014 Muthen & Muthen
