Mplus VERSION 7.3
MUTHEN & MUTHEN
10/05/2015   1:10 AM

INPUT INSTRUCTIONS

  TITLE:
  Your new title
  DATA:
  File = radcMAP_wide.dat;
  VARIABLE:
  Names are
  	projid study_x scaled_to_x agreeableness conscientiousness extraversion
  	neo_altruism neo_conscientiousness neo_trust openness anxiety_10items
  	neuroticism_12 neuroticism_6 age_bl age_death educ msex race spanish q1inc
  	apoe_genotype ldai_bl q3smo_bl q4smo_bl smoking married married2 age_at_visit_00
  	age_at_visit_01 age_at_visit_02 age_at_visit_03 age_at_visit_04 age_at_visit_05
  	age_at_visit_06 age_at_visit_07 age_at_visit_08 age_at_visit_09 age_at_visit_10
  	age_at_visit_11 age_at_visit_12 age_at_visit_13 age_at_visit_14 age_at_visit_15
  	age_at_visit_16 age_at_visit_17 age_at_visit_18 age_at_visit_19 age_at_visit_20
  	alcohol_g_00 alcohol_g_01 alcohol_g_02 alcohol_g_03 alcohol_g_04 alcohol_g_05
  	alcohol_g_06 alcohol_g_07 alcohol_g_08 alcohol_g_09 alcohol_g_10 alcohol_g_11
  	alcohol_g_12 alcohol_g_13 alcohol_g_14 alcohol_g_15 alcohol_g_16 alcohol_g_17
  	alcohol_g_18 alcohol_g_19 alcohol_g_20 bmi_00 bmi_01 bmi_02 bmi_03 bmi_04 bmi_05
  	bmi_06 bmi_07 bmi_08 bmi_09 bmi_10 bmi_11 bmi_12 bmi_13 bmi_14 bmi_15 bmi_16
  	bmi_17 bmi_18 bmi_19 bmi_20 bp11_00 bp11_01 bp11_02 bp11_03 bp11_04 bp11_05
  	bp11_06 bp11_07 bp11_08 bp11_09 bp11_10 bp11_11 bp11_12 bp11_13 bp11_14 bp11_15
  	bp11_16 bp11_17 bp11_18 bp11_19 bp11_20 bp2_00 bp2_01 bp2_02 bp2_03 bp2_04
  	bp2_05 bp2_06 bp2_07 bp2_08 bp2_09 bp2_10 bp2_11 bp2_12 bp2_13 bp2_14 bp2_15
  	bp2_16 bp2_17 bp2_18 bp2_19 bp2_20 bp3_00 bp3_01 bp3_02 bp3_03 bp3_04 bp3_05
  	bp3_06 bp3_07 bp3_08 bp3_09 bp3_10 bp31_00 bp31_01 bp31_02 bp31_03 bp31_04
  	bp31_05 bp31_06 bp31_07 bp31_08 bp31_09 bp3_11 bp31_10 bp31_11 bp31_12 bp31_13
  	bp31_14 bp31_15 bp31_16 bp31_17 bp31_18 bp31_19 bp3_12 bp31_20 bp3_13 bp3_14
  	bp3_15 bp3_16 bp3_17 bp3_18 bp3_19 bp3_20 bun_00 bun_01 bun_02 bun_03 bun_04
  	bun_05 bun_06 bun_07 bun_08 bun_09 bun_10 bun_11 bun_12 bun_13 bun_14 bun_15
  	bun_16 bun_17 bun_18 bun_19 bun_20 ca_00 ca_01 ca_02 ca_03 ca_04 ca_05 ca_06
  	ca_07 ca_08 ca_09 ca_10 ca_11 ca_12 ca_13 ca_14 ca_15 ca_16 ca_17 ca_18 ca_19
  	ca_20 cesdsum_00 cesdsum_01 cesdsum_02 cesdsum_03 cesdsum_04 cesdsum_05
  	cesdsum_06 cesdsum_07 cesdsum_08 cesdsum_09 cesdsum_10 cesdsum_11 cesdsum_12
  	cesdsum_13 cesdsum_14 cesdsum_15 cesdsum_16 cesdsum_17 cesdsum_18 cesdsum_19
  	cesdsum_20 chf_cum_00 chf_cum_01 chf_cum_02 chf_cum_03 chf_cum_04 chf_cum_05
  	chf_cum_06 chf_cum_07 chf_cum_08 chf_cum_09 chf_cum_10 chf_cum_11 chf_cum_12
  	chf_cum_13 chf_cum_14 chf_cum_15 chf_cum_16 chf_cum_17 chf_cum_18 chf_cum_19
  	chf_cum_20 chlstrl_00 chlstrl_01 chlstrl_02 chlstrl_03 chlstrl_04 chlstrl_05
  	chlstrl_06 chlstrl_07 chlstrl_08 chlstrl_09 chlstrl_10 chlstrl_11 chlstrl_12
  	chlstrl_13 chlstrl_14 chlstrl_15 chlstrl_16 chlstrl_17 chlstrl_18 chlstrl_19
  	chlstrl_20 cl_00 cl_01 cl_02 cl_03 cl_04 cl_05 cl_06 cl_07 cl_08 cl_09 cl_10
  	cl_11 cl_12 cl_13 cl_14 cl_15 cl_16 cl_17 cl_18 cl_19 cl_20 claudication_cum_00
  	claudication_cum_01 claudication_cum_02 claudication_cum_03 claudication_cum_04
  	claudication_cum_05 claudication_cum_06 claudication_cum_07 claudication_cum_08
  	claudication_cum_09 claudication_cum_10 claudication_cum_11 claudication_cum_12
  	claudication_cum_13 claudication_cum_14 claudication_cum_15 claudication_cum_16
  	claudication_cum_17 claudication_cum_18 claudication_cum_19 claudication_cum_20
  	co2_00 co2_01 co2_02 co2_03 co2_04 co2_05 co2_06 co2_07 co2_08 co2_09 co2_10
  	co2_11 co2_12 co2_13 co2_14 co2_15 co2_16 co2_17 co2_18 co2_19 co2_20 cogn_ep_00
  	cogn_ep_01 cogn_ep_02 cogn_ep_03 cogn_ep_04 cogn_ep_05 cogn_ep_06 cogn_ep_07
  	cogn_ep_08 cogn_ep_09 cogn_ep_10 cogn_ep_11 cogn_ep_12 cogn_ep_13 cogn_ep_14
  	cogn_ep_15 cogn_ep_16 cogn_ep_17 cogn_ep_18 cogn_ep_19 cogn_ep_20 cogn_global_00
  	cogn_global_01 cogn_global_02 cogn_global_03 cogn_global_04 cogn_global_05
  	cogn_global_06 cogn_global_07 cogn_global_08 cogn_global_09 cogn_global_10
  	cogn_global_11 cogn_global_12 cogn_global_13 cogn_global_14 cogn_global_15
  	cogn_global_16 cogn_global_17 cogn_global_18 cogn_global_19 cogn_global_20
  	cogn_po_00 cogn_po_01 cogn_po_02 cogn_po_03 cogn_po_04 cogn_po_05 cogn_po_06
  	cogn_po_07 cogn_po_08 cogn_po_09 cogn_po_10 cogn_po_11 cogn_po_12 cogn_po_13
  	cogn_po_14 cogn_po_15 cogn_po_16 cogn_po_17 cogn_po_18 cogn_po_19 cogn_po_20
  	cogn_ps_00 cogn_ps_01 cogn_ps_02 cogn_ps_03 cogn_ps_04 cogn_ps_05 cogn_ps_06
  	cogn_ps_07 cogn_ps_08 cogn_ps_09 cogn_ps_10 cogn_ps_11 cogn_ps_12 cogn_ps_13
  	cogn_ps_14 cogn_ps_15 cogn_ps_16 cogn_ps_17 cogn_ps_18 cogn_ps_19 cogn_ps_20
  	cogn_se_00 cogn_se_01 cogn_se_02 cogn_se_03 cogn_se_04 cogn_se_05 cogn_se_06
  	cogn_se_07 cogn_se_08 cogn_se_09 cogn_se_10 cogn_se_11 cogn_se_12 cogn_se_13
  	cogn_se_14 cogn_se_15 cogn_se_16 cogn_se_17 cogn_se_18 cogn_se_19 cogn_se_20
  	cogn_wo_00 cogn_wo_01 cogn_wo_02 cogn_wo_03 cogn_wo_04 cogn_wo_05 cogn_wo_06
  	cogn_wo_07 cogn_wo_08 cogn_wo_09 cogn_wo_10 cogn_wo_11 cogn_wo_12 cogn_wo_13
  	cogn_wo_14 cogn_wo_15 cogn_wo_16 cogn_wo_17 cogn_wo_18 cogn_wo_19 cogn_wo_20
  	crn_00 crn_01 crn_02 crn_03 crn_04 crn_05 crn_06 crn_07 crn_08 crn_09 crn_10
  	crn_11 crn_12 crn_13 crn_14 crn_15 crn_16 crn_17 crn_18 crn_19 crn_20
  	cts_bname_00 cts_bname_01 cts_bname_02 cts_bname_03 cts_bname_04 cts_bname_05
  	cts_bname_06 cts_bname_07 cts_bname_08 cts_bname_09 cts_bname_10 cts_bname_11
  	cts_bname_12 cts_bname_13 cts_bname_14 cts_bname_15 cts_bname_16 cts_bname_17
  	cts_bname_18 cts_bname_19 cts_bname_20 cts_catflu_00 cts_catflu_01 cts_catflu_02
  	cts_catflu_03 cts_catflu_04 cts_catflu_05 cts_catflu_06 cts_catflu_07
  	cts_catflu_08 cts_catflu_09 cts_catflu_10 cts_catflu_11 cts_catflu_12
  	cts_catflu_13 cts_catflu_14 cts_catflu_15 cts_catflu_16 cts_catflu_17
  	cts_catflu_18 cts_catflu_19 cts_catflu_20 cts_db_00 cts_db_01 cts_db_02
  	cts_db_03 cts_db_04 cts_db_05 cts_db_06 cts_db_07 cts_db_08 cts_db_09 cts_db_10
  	cts_db_11 cts_db_12 cts_db_13 cts_db_14 cts_db_15 cts_db_16 cts_db_17 cts_db_18
  	cts_db_19 cts_db_20 cts_delay_00 cts_delay_01 cts_delay_02 cts_delay_03
  	cts_delay_04 cts_delay_05 cts_delay_06 cts_delay_07 cts_delay_08 cts_delay_09
  	cts_delay_10 cts_delay_11 cts_delay_12 cts_delay_13 cts_delay_14 cts_delay_15
  	cts_delay_16 cts_delay_17 cts_delay_18 cts_delay_19 cts_delay_20 cts_df_00
  	cts_df_01 cts_df_02 cts_df_03 cts_df_04 cts_df_05 cts_df_06 cts_df_07 cts_df_08
  	cts_df_09 cts_df_10 cts_df_11 cts_df_12 cts_df_13 cts_df_14 cts_df_15 cts_df_16
  	cts_df_17 cts_df_18 cts_df_19 cts_df_20 cts_doperf_00 cts_doperf_01
  	cts_doperf_02 cts_doperf_03 cts_doperf_04 cts_doperf_05 cts_doperf_06
  	cts_doperf_07 cts_doperf_08 cts_doperf_09 cts_doperf_10 cts_doperf_11
  	cts_doperf_12 cts_doperf_13 cts_doperf_14 cts_doperf_15 cts_doperf_16
  	cts_doperf_17 cts_doperf_18 cts_doperf_19 cts_doperf_20 cts_ebdr_00 cts_ebdr_01
  	cts_ebdr_02 cts_ebdr_03 cts_ebdr_04 cts_ebdr_05 cts_ebdr_06 cts_ebdr_07
  	cts_ebdr_08 cts_ebdr_09 cts_ebdr_10 cts_ebdr_11 cts_ebdr_12 cts_ebdr_13
  	cts_ebdr_14 cts_ebdr_15 cts_ebdr_16 cts_ebdr_17 cts_ebdr_18 cts_ebdr_19
  	cts_ebdr_20 cts_ebmt_00 cts_ebmt_01 cts_ebmt_02 cts_ebmt_03 cts_ebmt_04
  	cts_ebmt_05 cts_ebmt_06 cts_ebmt_07 cts_ebmt_08 cts_ebmt_09 cts_ebmt_10
  	cts_ebmt_11 cts_ebmt_12 cts_ebmt_13 cts_ebmt_14 cts_ebmt_15 cts_ebmt_16
  	cts_ebmt_17 cts_ebmt_18 cts_ebmt_19 cts_ebmt_20 cts_idea_00 cts_idea_01
  	cts_idea_02 cts_idea_03 cts_idea_04 cts_idea_05 cts_idea_06 cts_idea_07
  	cts_idea_08 cts_idea_09 cts_idea_10 cts_idea_11 cts_idea_12 cts_idea_13
  	cts_idea_14 cts_idea_15 cts_idea_16 cts_idea_17 cts_idea_18 cts_idea_19
  	cts_idea_20 cts_lopair_00 cts_lopair_01 cts_lopair_02 cts_lopair_03
  	cts_lopair_04 cts_lopair_05 cts_lopair_06 cts_lopair_07 cts_lopair_08
  	cts_lopair_09 cts_lopair_10 cts_lopair_11 cts_lopair_12 cts_lopair_13
  	cts_lopair_14 cts_lopair_15 cts_lopair_16 cts_lopair_17 cts_lopair_18
  	cts_lopair_19 cts_lopair_20 cts_mmse30_00 cts_mmse30_01 cts_mmse30_02
  	cts_mmse30_03 cts_mmse30_04 cts_mmse30_05 cts_mmse30_06 cts_mmse30_07
  	cts_mmse30_08 cts_mmse30_09 cts_mmse30_10 cts_mmse30_11 cts_mmse30_12
  	cts_mmse30_13 cts_mmse30_14 cts_mmse30_15 cts_mmse30_16 cts_mmse30_17
  	cts_mmse30_18 cts_mmse30_19 cts_mmse30_20 cts_nccrtd_00 cts_nccrtd_01
  	cts_nccrtd_02 cts_nccrtd_03 cts_nccrtd_04 cts_nccrtd_05 cts_nccrtd_06
  	cts_nccrtd_07 cts_nccrtd_08 cts_nccrtd_09 cts_nccrtd_10 cts_nccrtd_11
  	cts_nccrtd_12 cts_nccrtd_13 cts_nccrtd_14 cts_nccrtd_15 cts_nccrtd_16
  	cts_nccrtd_17 cts_nccrtd_18 cts_nccrtd_19 cts_nccrtd_20 cts_pmat_00 cts_pmat_01
  	cts_pmat_02 cts_pmat_03 cts_pmat_04 cts_pmat_05 cts_pmat_06 cts_pmat_07
  	cts_pmat_08 cts_pmat_09 cts_pmat_10 cts_pmat_11 cts_pmat_12 cts_pmat_13
  	cts_pmat_14 cts_pmat_15 cts_pmat_16 cts_pmat_17 cts_pmat_18 cts_pmat_19
  	cts_pmat_20 cts_read_nart_00 cts_read_nart_01 cts_read_nart_02 cts_read_nart_03
  	cts_read_nart_04 cts_read_nart_05 cts_read_nart_06 cts_read_nart_07
  	cts_read_nart_08 cts_read_nart_09 cts_read_nart_10 cts_read_nart_11
  	cts_read_nart_12 cts_read_nart_13 cts_read_nart_14 cts_read_nart_15
  	cts_read_nart_16 cts_read_nart_17 cts_read_nart_18 cts_read_nart_19
  	cts_read_nart_20 cts_read_wrat_00 cts_read_wrat_01 cts_read_wrat_02
  	cts_read_wrat_03 cts_read_wrat_04 cts_read_wrat_05 cts_read_wrat_06
  	cts_read_wrat_07 cts_read_wrat_08 cts_read_wrat_09 cts_read_wrat_10
  	cts_read_wrat_11 cts_read_wrat_12 cts_read_wrat_13 cts_read_wrat_14
  	cts_read_wrat_15 cts_read_wrat_16 cts_read_wrat_17 cts_read_wrat_18
  	cts_read_wrat_19 cts_read_wrat_20 cts_sdmt_00 cts_sdmt_01 cts_sdmt_02
  	cts_sdmt_03 cts_sdmt_04 cts_sdmt_05 cts_sdmt_06 cts_sdmt_07 cts_sdmt_08
  	cts_sdmt_09 cts_sdmt_10 cts_sdmt_11 cts_sdmt_12 cts_sdmt_13 cts_sdmt_14
  	cts_sdmt_15 cts_sdmt_16 cts_sdmt_17 cts_sdmt_18 cts_sdmt_19 cts_sdmt_20
  	cts_story_00 cts_story_01 cts_story_02 cts_story_03 cts_story_04 cts_story_05
  	cts_story_06 cts_story_07 cts_story_08 cts_story_09 cts_story_10 cts_story_11
  	cts_story_12 cts_story_13 cts_story_14 cts_story_15 cts_story_16 cts_story_17
  	cts_story_18 cts_story_19 cts_story_20 cts_wli_00 cts_wli_01 cts_wli_02
  	cts_wli_03 cts_wli_04 cts_wli_05 cts_wli_06 cts_wli_07 cts_wli_08 cts_wli_09
  	cts_wli_10 cts_wli_11 cts_wli_12 cts_wli_13 cts_wli_14 cts_wli_15 cts_wli_16
  	cts_wli_17 cts_wli_18 cts_wli_19 cts_wli_20 cts_wlii_00 cts_wlii_01 cts_wlii_02
  	cts_wlii_03 cts_wlii_04 cts_wlii_05 cts_wlii_06 cts_wlii_07 cts_wlii_08
  	cts_wlii_09 cts_wlii_10 cts_wlii_11 cts_wlii_12 cts_wlii_13 cts_wlii_14
  	cts_wlii_15 cts_wlii_16 cts_wlii_17 cts_wlii_18 cts_wlii_19 cts_wlii_20
  	cts_wliii_00 cts_wliii_01 cts_wliii_02 cts_wliii_03 cts_wliii_04 cts_wliii_05
  	cts_wliii_06 cts_wliii_07 cts_wliii_08 cts_wliii_09 cts_wliii_10 cts_wliii_11
  	cts_wliii_12 cts_wliii_13 cts_wliii_14 cts_wliii_15 cts_wliii_16 cts_wliii_17
  	cts_wliii_18 cts_wliii_19 cts_wliii_20 dcfdx_00 dcfdx_01 dcfdx_02 dcfdx_03
  	dcfdx_04 dcfdx_05 dcfdx_06 dcfdx_07 dcfdx_08 dcfdx_09 dcfdx_10 dcfdx_11 dcfdx_12
  	dcfdx_13 dcfdx_14 dcfdx_15 dcfdx_16 dcfdx_17 dcfdx_18 dcfdx_19 dcfdx_20
  	dementia_00 dementia_01 dementia_02 dementia_03 dementia_04 dementia_05
  	dementia_06 dementia_07 dementia_08 dementia_09 dementia_10 dementia_11
  	dementia_12 dementia_13 dementia_14 dementia_15 dementia_16 dementia_17
  	dementia_18 dementia_19 dementia_20 dm_cum_00 dm_cum_01 dm_cum_02 dm_cum_03
  	dm_cum_04 dm_cum_05 dm_cum_06 dm_cum_07 dm_cum_08 dm_cum_09 dm_cum_10 dm_cum_11
  	dm_cum_12 dm_cum_13 dm_cum_14 dm_cum_15 dm_cum_16 dm_cum_17 dm_cum_18 dm_cum_19
  	dm_cum_20 fasting_00 fasting_01 fasting_02 fasting_03 fasting_04 fasting_05
  	fasting_06 fasting_07 fasting_08 fasting_09 fasting_10 fasting_11 fasting_12
  	fasting_13 fasting_14 fasting_15 fasting_16 fasting_17 fasting_18 fasting_19
  	fasting_20 fev_00 fev_01 fev_02 fev_03 fev_04 fev_05 fev_06 fev_07 fev_08 fev_09
  	fev_10 fev_11 fev_12 fev_13 fev_14 fev_15 fev_16 fev_17 fev_18 fev_19 fev_20
  	fu_year gait_speed_00 gait_speed_01 gait_speed_02 gait_speed_03 gait_speed_04
  	gait_speed_05 gait_speed_06 gait_speed_07 gait_speed_08 gait_speed_09
  	gait_speed_10 gait_speed_11 gait_speed_12 gait_speed_13 gait_speed_14
  	gait_speed_15 gait_speed_16 gait_speed_17 gait_speed_18 gait_speed_19
  	gait_speed_20 glucose_00 glucose_01 glucose_02 glucose_03 glucose_04 glucose_05
  	glucose_06 glucose_07 glucose_08 glucose_09 glucose_10 glucose_11 glucose_12
  	glucose_13 glucose_14 glucose_15 glucose_16 glucose_17 glucose_18 glucose_19
  	glucose_20 gripavg_00 gripavg_01 gripavg_02 gripavg_03 gripavg_04 gripavg_05
  	gripavg_06 gripavg_07 gripavg_08 gripavg_09 gripavg_10 gripavg_11 gripavg_12
  	gripavg_13 gripavg_14 gripavg_15 gripavg_16 gripavg_17 gripavg_18 gripavg_19
  	gripavg_20 hba1c_00 hba1c_01 hba1c_02 hba1c_03 hba1c_04 hba1c_05 hba1c_06
  	hba1c_07 hba1c_08 hba1c_09 hba1c_10 hba1c_11 hba1c_12 hba1c_13 hba1c_14 hba1c_15
  	hba1c_16 hba1c_17 hba1c_18 hba1c_19 hba1c_20 hdlchlstrl_00 hdlchlstrl_01
  	hdlchlstrl_02 hdlchlstrl_03 hdlchlstrl_04 hdlchlstrl_05 hdlchlstrl_06
  	hdlchlstrl_07 hdlchlstrl_08 hdlchlstrl_09 hdlchlstrl_10 hdlchlstrl_11
  	hdlchlstrl_12 hdlchlstrl_13 hdlchlstrl_14 hdlchlstrl_15 hdlchlstrl_16
  	hdlchlstrl_17 hdlchlstrl_18 hdlchlstrl_19 hdlchlstrl_20 hdlratio_00 hdlratio_01
  	hdlratio_02 hdlratio_03 hdlratio_04 hdlratio_05 hdlratio_06 hdlratio_07
  	hdlratio_08 hdlratio_09 hdlratio_10 hdlratio_11 hdlratio_12 hdlratio_13
  	hdlratio_14 hdlratio_15 hdlratio_16 hdlratio_17 hdlratio_18 hdlratio_19
  	hdlratio_20 heart_cum_00 heart_cum_01 heart_cum_02 heart_cum_03 heart_cum_04
  	heart_cum_05 heart_cum_06 heart_cum_07 heart_cum_08 heart_cum_09 heart_cum_10
  	heart_cum_11 heart_cum_12 heart_cum_13 heart_cum_14 heart_cum_15 heart_cum_16
  	heart_cum_17 heart_cum_18 heart_cum_19 heart_cum_20 htm_00 htm_01 htm_02 htm_03
  	htm_04 htm_05 htm_06 htm_07 htm_08 htm_09 htm_10 htm_11 htm_12 htm_13 htm_14
  	htm_15 htm_16 htm_17 htm_18 htm_19 htm_20 hypertension_cum_00
  	hypertension_cum_01 hypertension_cum_02 hypertension_cum_03 hypertension_cum_04
  	hypertension_cum_05 hypertension_cum_06 hypertension_cum_07 hypertension_cum_08
  	hypertension_cum_09 hypertension_cum_10 hypertension_cum_11 hypertension_cum_12
  	hypertension_cum_13 hypertension_cum_14 hypertension_cum_15 hypertension_cum_16
  	hypertension_cum_17 hypertension_cum_18 hypertension_cum_19 hypertension_cum_20
  	iadlsum_00 iadlsum_01 iadlsum_02 iadlsum_03 iadlsum_04 iadlsum_05 iadlsum_06
  	iadlsum_07 iadlsum_08 iadlsum_09 iadlsum_10 iadlsum_11 iadlsum_12 iadlsum_13
  	iadlsum_14 iadlsum_15 iadlsum_16 iadlsum_17 iadlsum_18 iadlsum_19 iadlsum_20
  	intrusion_00 intrusion_01 intrusion_02 intrusion_03 intrusion_04 intrusion_05
  	intrusion_06 intrusion_07 intrusion_08 intrusion_09 intrusion_10 intrusion_11
  	intrusion_12 intrusion_13 intrusion_14 intrusion_15 intrusion_16 intrusion_17
  	intrusion_18 intrusion_19 intrusion_20 k_00 k_01 k_02 k_03 k_04 k_05 k_06 k_07
  	k_08 k_09 k_10 k_11 k_12 k_13 k_14 k_15 k_16 k_17 k_18 k_19 k_20 katzsum_00
  	katzsum_01 katzsum_02 katzsum_03 katzsum_04 katzsum_05 katzsum_06 katzsum_07
  	katzsum_08 katzsum_09 katzsum_10 katzsum_11 katzsum_12 katzsum_13 katzsum_14
  	katzsum_15 katzsum_16 katzsum_17 katzsum_18 katzsum_19 katzsum_20 ldlchlstrl_00
  	ldlchlstrl_01 ldlchlstrl_02 ldlchlstrl_03 ldlchlstrl_04 ldlchlstrl_05
  	ldlchlstrl_06 ldlchlstrl_07 ldlchlstrl_08 ldlchlstrl_09 ldlchlstrl_10
  	ldlchlstrl_11 ldlchlstrl_12 ldlchlstrl_13 ldlchlstrl_14 ldlchlstrl_15
  	ldlchlstrl_16 ldlchlstrl_17 ldlchlstrl_18 ldlchlstrl_19 ldlchlstrl_20 mep_00
  	mep_01 mep_02 mep_03 mep_04 mep_05 mep_06 mep_07 mep_08 mep_09 mep_10 mep_11
  	mep_12 mep_13 mep_14 mep_15 mep_16 mep_17 mep_18 mep_19 mep_20 mip_00 mip_01
  	mip_02 mip_03 mip_04 mip_05 mip_06 mip_07 mip_08 mip_09 mip_10 mip_11 mip_12
  	mip_13 mip_14 mip_15 mip_16 mip_17 mip_18 mip_19 mip_20 na_00 na_01 na_02 na_03
  	na_04 na_05 na_06 na_07 na_08 na_09 na_10 na_11 na_12 na_13 na_14 na_15 na_16
  	na_17 na_18 na_19 na_20 neglifeevents_00 neglifeevents_01 neglifeevents_02
  	neglifeevents_03 neglifeevents_04 neglifeevents_05 neglifeevents_06
  	neglifeevents_07 neglifeevents_08 neglifeevents_09 neglifeevents_10
  	neglifeevents_11 neglifeevents_12 neglifeevents_13 neglifeevents_14
  	neglifeevents_15 neglifeevents_16 neglifeevents_17 neglifeevents_18
  	neglifeevents_19 neglifeevents_20 negsocexchange_00 negsocexchange_01
  	negsocexchange_02 negsocexchange_03 negsocexchange_04 negsocexchange_05
  	negsocexchange_06 negsocexchange_07 negsocexchange_08 negsocexchange_09
  	negsocexchange_10 negsocexchange_11 negsocexchange_12 negsocexchange_13
  	negsocexchange_14 negsocexchange_15 negsocexchange_16 negsocexchange_17
  	negsocexchange_18 negsocexchange_19 negsocexchange_20 nohelp_00 nohelp_01
  	nohelp_02 nohelp_03 nohelp_04 nohelp_05 nohelp_06 nohelp_07 nohelp_08 nohelp_09
  	nohelp_10 nohelp_11 nohelp_12 nohelp_13 nohelp_14 nohelp_15 nohelp_16 nohelp_17
  	nohelp_18 nohelp_19 nohelp_20 panas_00 panas_01 panas_02 panas_03 panas_04
  	panas_05 panas_06 panas_07 panas_08 panas_09 panas_10 panas_11 panas_12 panas_13
  	panas_14 panas_15 panas_16 panas_17 panas_18 panas_19 panas_20
  	perceivedstress_00 perceivedstress_01 perceivedstress_02 perceivedstress_03
  	perceivedstress_04 perceivedstress_05 perceivedstress_06 perceivedstress_07
  	perceivedstress_08 perceivedstress_09 perceivedstress_10 perceivedstress_11
  	perceivedstress_12 perceivedstress_13 perceivedstress_14 perceivedstress_15
  	perceivedstress_16 perceivedstress_17 perceivedstress_18 perceivedstress_19
  	perceivedstress_20 phys5itemsum_00 phys5itemsum_01 phys5itemsum_02
  	phys5itemsum_03 phys5itemsum_04 phys5itemsum_05 phys5itemsum_06 phys5itemsum_07
  	phys5itemsum_08 phys5itemsum_09 phys5itemsum_10 phys5itemsum_11 phys5itemsum_12
  	phys5itemsum_13 phys5itemsum_14 phys5itemsum_15 phys5itemsum_16 phys5itemsum_17
  	phys5itemsum_18 phys5itemsum_19 phys5itemsum_20 pvc_00 pvc_01 pvc_02 pvc_03
  	pvc_04 pvc_05 pvc_06 pvc_07 pvc_08 pvc_09 pvc_10 pvc_11 pvc_12 pvc_13 pvc_14
  	pvc_15 pvc_16 pvc_17 pvc_18 pvc_19 pvc_20 r_depres_00 r_depres_01 r_depres_02
  	r_depres_03 r_depres_04 r_depres_05 r_depres_06 r_depres_07 r_depres_08
  	r_depres_09 r_depres_10 r_depres_11 r_depres_12 r_depres_13 r_depres_14
  	r_depres_15 r_depres_16 r_depres_17 r_depres_18 r_depres_19 r_depres_20
  	rejection_00 rejection_01 rejection_02 rejection_03 rejection_04 rejection_05
  	rejection_06 rejection_07 rejection_08 rejection_09 rejection_10 rejection_11
  	rejection_12 rejection_13 rejection_14 rejection_15 rejection_16 rejection_17
  	rejection_18 rejection_19 rejection_20 rosbscl_00 rosbscl_01 rosbscl_02
  	rosbscl_03 rosbscl_04 rosbscl_05 rosbscl_06 rosbscl_07 rosbscl_08 rosbscl_09
  	rosbscl_10 rosbscl_11 rosbscl_12 rosbscl_13 rosbscl_14 rosbscl_15 rosbscl_16
  	rosbscl_17 rosbscl_18 rosbscl_19 rosbscl_20 rosbsum_00 rosbsum_01 rosbsum_02
  	rosbsum_03 rosbsum_04 rosbsum_05 rosbsum_06 rosbsum_07 rosbsum_08 rosbsum_09
  	rosbsum_10 rosbsum_11 rosbsum_12 rosbsum_13 rosbsum_14 rosbsum_15 rosbsum_16
  	rosbsum_17 rosbsum_18 rosbsum_19 rosbsum_20 r_stroke_00 r_stroke_01 r_stroke_02
  	r_stroke_03 r_stroke_04 r_stroke_05 r_stroke_06 r_stroke_07 r_stroke_08
  	r_stroke_09 r_stroke_10 r_stroke_11 r_stroke_12 r_stroke_13 r_stroke_14
  	r_stroke_15 r_stroke_16 r_stroke_17 r_stroke_18 r_stroke_19 r_stroke_20
  	scaled_to_y stroke_cum_00 stroke_cum_01 stroke_cum_02 stroke_cum_03
  	stroke_cum_04 stroke_cum_05 stroke_cum_06 stroke_cum_07 stroke_cum_08
  	stroke_cum_09 stroke_cum_10 stroke_cum_11 stroke_cum_12 stroke_cum_13
  	stroke_cum_14 stroke_cum_15 stroke_cum_16 stroke_cum_17 stroke_cum_18
  	stroke_cum_19 stroke_cum_20 study_y thyroid_cum_00 thyroid_cum_01 thyroid_cum_02
  	thyroid_cum_03 thyroid_cum_04 thyroid_cum_05 thyroid_cum_06 thyroid_cum_07
  	thyroid_cum_08 thyroid_cum_09 thyroid_cum_10 thyroid_cum_11 thyroid_cum_12
  	thyroid_cum_13 thyroid_cum_14 thyroid_cum_15 thyroid_cum_16 thyroid_cum_17
  	thyroid_cum_18 thyroid_cum_19 thyroid_cum_20 unsympathetic_00 unsympathetic_01
  	unsympathetic_02 unsympathetic_03 unsympathetic_04 unsympathetic_05
  	unsympathetic_06 unsympathetic_07 unsympathetic_08 unsympathetic_09
  	unsympathetic_10 unsympathetic_11 unsympathetic_12 unsympathetic_13
  	unsympathetic_14 unsympathetic_15 unsympathetic_16 unsympathetic_17
  	unsympathetic_18 unsympathetic_19 unsympathetic_20 vasc_3dis_sum_00
  	vasc_3dis_sum_01 vasc_3dis_sum_02 vasc_3dis_sum_03 vasc_3dis_sum_04
  	vasc_3dis_sum_05 vasc_3dis_sum_06 vasc_3dis_sum_07 vasc_3dis_sum_08
  	vasc_3dis_sum_09 vasc_3dis_sum_10 vasc_3dis_sum_11 vasc_3dis_sum_12
  	vasc_3dis_sum_13 vasc_3dis_sum_14 vasc_3dis_sum_15 vasc_3dis_sum_16
  	vasc_3dis_sum_17 vasc_3dis_sum_18 vasc_3dis_sum_19 vasc_3dis_sum_20
  	vasc_4dis_sum_00 vasc_4dis_sum_01 vasc_4dis_sum_02 vasc_4dis_sum_03
  	vasc_4dis_sum_04 vasc_4dis_sum_05 vasc_4dis_sum_06 vasc_4dis_sum_07
  	vasc_4dis_sum_08 vasc_4dis_sum_09 vasc_4dis_sum_10 vasc_4dis_sum_11
  	vasc_4dis_sum_12 vasc_4dis_sum_13 vasc_4dis_sum_14 vasc_4dis_sum_15
  	vasc_4dis_sum_16 vasc_4dis_sum_17 vasc_4dis_sum_18 vasc_4dis_sum_19
  	vasc_4dis_sum_20 vasc_risks_sum_00 vasc_risks_sum_01 vasc_risks_sum_02
  	vasc_risks_sum_03 vasc_risks_sum_04 vasc_risks_sum_05 vasc_risks_sum_06
  	vasc_risks_sum_07 vasc_risks_sum_08 vasc_risks_sum_09 vasc_risks_sum_10
  	vasc_risks_sum_11 vasc_risks_sum_12 vasc_risks_sum_13 vasc_risks_sum_14
  	vasc_risks_sum_15 vasc_risks_sum_16 vasc_risks_sum_17 vasc_risks_sum_18
  	vasc_risks_sum_19 vasc_risks_sum_20 vision_00 vision_01 vision_02 vision_03
  	vision_04 vision_05 vision_06 vision_07 vision_08 vision_09 vision_10 vision_11
  	vision_12 vision_13 vision_14 vision_15 vision_16 vision_17 vision_18 vision_19
  	vision_20 visionlog_00 visionlog_01 visionlog_02 visionlog_03 visionlog_04
  	visionlog_05 visionlog_06 visionlog_07 visionlog_08 visionlog_09 visionlog_10
  	visionlog_11 visionlog_12 visionlog_13 visionlog_14 visionlog_15 visionlog_16
  	visionlog_17 visionlog_18 visionlog_19 visionlog_20 wtkg_00 wtkg_01 wtkg_02
  	wtkg_03 wtkg_04 wtkg_05 wtkg_06 wtkg_07 wtkg_08 wtkg_09 wtkg_10 wtkg_11 wtkg_12
  	wtkg_13 wtkg_14 wtkg_15 wtkg_16 wtkg_17 wtkg_18 wtkg_19 wtkg_20 T0 T1 T2 T3 T4
  	T5 T6 T7 T8 T9 T10 T11 T12 T13 T14 T15 T16 T17 T18 T19 T20;
  Missing are all (-9999);
  USEVAR are
  !define the variables used in the analysis
  	time1-time15
  	p1-p15
  	c1-c15
  	Bage;
  	
  TSCORES are
  !define the time points
  	time1-time15;
  USEOBSERVATIONS are
  !select a subset of observations
  	msex EQ 1 and
  	dementia_00 NE 1 and dementia_01 NE 1 and dementia_02 NE 1 and
  	dementia_03 NE 1 and dementia_04 NE 1 and dementia_05 NE 1 and
  	dementia_06 NE 1 and dementia_07 NE 1 and dementia_08 NE 1 and
  	dementia_09 NE 1 and dementia_10 NE 1 and dementia_11 NE 1 and
  	dementia_12 NE 1 and dementia_13 NE 1 and dementia_14 NE 1 and
  	dementia_15 NE 1 and dementia_16 NE 1 and dementia_17 NE 1 and
  	dementia_18 NE 1 and dementia_19 NE 1 and dementia_20 NE 1;
  DEFINE:
  !assign variables to the process p
  	p1= gripavg_00;
  	p2= gripavg_01;
  	p3= gripavg_02;
  	p4= gripavg_03;
  	p5= gripavg_04;
  	p6= gripavg_05;
  	p7= gripavg_06;
  	p8= gripavg_07;
  	p9= gripavg_08;
  	p10=gripavg_09;
  	p11=gripavg_10;
  	p12=gripavg_11;
  	p13=gripavg_12;
  	p14=gripavg_13;
  	p15=gripavg_14;
  	p16=gripavg_15;
  	p17=gripavg_16;
  	p18=gripavg_17;
  	p19=gripavg_18;
  	p20=gripavg_19;
  	p21=gripavg_20;
  !assign variables to the process c
  	c1= cts_ebdr_00;
  	c2= cts_ebdr_01;
  	c3= cts_ebdr_02;
  	c4= cts_ebdr_03;
  	c5= cts_ebdr_04;
  	c6= cts_ebdr_05;
  	c7= cts_ebdr_06;
  	c8= cts_ebdr_07;
  	c9= cts_ebdr_08;
  	c10=cts_ebdr_09;
  	c11=cts_ebdr_10;
  	c12=cts_ebdr_11;
  	c13=cts_ebdr_12;
  	c14=cts_ebdr_13;
  	c15=cts_ebdr_14;
  	c16=cts_ebdr_15;
  	c17=cts_ebdr_16;
  	c18=cts_ebdr_17;
  	c19=cts_ebdr_18;
  	c20=cts_ebdr_19;
  	c21=cts_ebdr_20;
  !assign variables to time points
  	time1= T0;
  	time2= T1;
  	time3= T2;
  	time4= T3;
  	time5= T4;
  	time6= T5;
  	time7= T6;
  	time8= T7;
  	time9= T8;
  	time10=T9;
  	time11=T10;
  	time12=T11;
  	time13=T12;
  	time14=T13;
  	time15=T14;
  	time16=T15;
  	time17=T16;
  	time18=T17;
  	time19=T18;
  	time20=T19;
  	time21=T20;
  !define the second-level terms
  	Bage=age_bl-70;   !Age centered at 70 baseline
  		!Dage=age_death;
  		!Sex=msex;         !0=female
  	Educ=educ-7;     ! Centered at 7 years
  		!SEP=SESgrp; couldn't find
  		!Marstat;
  	Height=htm_00-1.60;
  		!Weight
  		!BMI
  		!SmokHist=smoking;
  		!Alcohol;
  		!CompExp;
  		!PhysAct;
  		!BP;
  		!DepSymp;
  		!Cardio;
  		!Diab;
  		!MorbInd;
  		!BageEduc=Bage*Educ;
  ANALYSIS:
  TYPE = RANDOM;
  COVERAGE=.00;
  MODEL:
  !first-level equation
  	ip sp | p1-p15 AT time1-time15;
  	ic sc | c1-c15 AT time1-time15;
  !variance of the first-level terms	
  	ip (v_ip);
  	sp (v_sp);
  	ic (v_ic);
  	sc (v_sc);
  !covariance among first-level terms	
  	ip WITH sp (c_ipsp);
  	ip WITH ic (c_ipic);
  	ip WITH sc (c_ipsc);
  	sp WITH ic (c_spic);
  	sp WITH sc (c_spsc);
  	ic WITH sc (c_icsc);
  !second-level equation	
  	ip sp ic sc ON Bage;
  !residual means	
  	p1-p15 (res_p);
  	c1-c15 (res_c);
  !Paired covariances constrained to be equal across t	
  	p1-p15 pwith c1-c15(res_cov);
  MODEL CONSTRAINT:
  !assigns labels to new parameters;
  	NEW r_ipic;
  	NEW r_spsc;
  	NEW r_res_pc;
  !
  	r_ipic = c_ipic/((v_ip**0.5)*(v_ic**0.5));
  	r_spsc = c_spsc/((v_sp**0.5)*(v_sc**0.5));
  	r_res_pc = res_cov/((res_p**0.5)*(res_c**0.5));
  OUTPUT: sampstat cinterval;
  PLOT: Type is Plot1 Plot2 Plot3;



*** WARNING
  Data set contains cases with missing on all variables except
  x-variables.  These cases were not included in the analysis.
  Number of cases with missing on all variables except x-variables:  15
   1 WARNING(S) FOUND IN THE INPUT INSTRUCTIONS




Your new title

SUMMARY OF ANALYSIS

Number of groups                                                 1
Number of observations                                         336

Number of dependent variables                                   30
Number of independent variables                                  1
Number of continuous latent variables                            4

Observed dependent variables

  Continuous
   P1          P2          P3          P4          P5          P6
   P7          P8          P9          P10         P11         P12
   P13         P14         P15         C1          C2          C3
   C4          C5          C6          C7          C8          C9
   C10         C11         C12         C13         C14         C15

Observed independent variables
   BAGE

Continuous latent variables
   IP          SP          IC          SC

Variables with special functions

  Time scores
   TIME1       TIME2       TIME3       TIME4       TIME5       TIME6
   TIME7       TIME8       TIME9       TIME10      TIME11      TIME12
   TIME13      TIME14      TIME15


Estimator                                                      MLR
Information matrix                                        OBSERVED
Maximum number of iterations                                   100
Convergence criterion                                    0.100D-05
Maximum number of EM iterations                                500
Convergence criteria for the EM algorithm
  Loglikelihood change                                   0.100D-02
  Relative loglikelihood change                          0.100D-05
  Derivative                                             0.100D-03
Minimum variance                                         0.100D-03
Maximum number of steepest descent iterations                   20
Maximum number of iterations for H1                           2000
Convergence criterion for H1                             0.100D-03
Optimization algorithm                                         EMA

Input data file(s)
  radcMAP_wide.dat
Input data format  FREE


SUMMARY OF DATA

     Number of missing data patterns           138


COVARIANCE COVERAGE OF DATA

Minimum covariance coverage value   0.000


     PROPORTION OF DATA PRESENT


           Covariance Coverage
              P1            P2            P3            P4            P5
              ________      ________      ________      ________      ________
 P1             0.878
 P2             0.607         0.616
 P3             0.473         0.440         0.482
 P4             0.366         0.333         0.327         0.435
 P5             0.226         0.196         0.196         0.256         0.286
 P6             0.110         0.095         0.089         0.125         0.125
 P7             0.095         0.071         0.057         0.083         0.068
 P8             0.146         0.137         0.128         0.131         0.101
 P9             0.164         0.155         0.155         0.131         0.095
 P10            0.119         0.119         0.116         0.122         0.092
 P11            0.089         0.095         0.095         0.092         0.074
 P12            0.039         0.042         0.042         0.042         0.036
 P13            0.000         0.000         0.000         0.012         0.012
 P14            0.000         0.000         0.000         0.012         0.012
 P15            0.000         0.000         0.000         0.006         0.006
 C1             0.875         0.613         0.479         0.432         0.283
 C2             0.699         0.604         0.470         0.426         0.277
 C3             0.589         0.512         0.482         0.426         0.280
 C4             0.491         0.417         0.390         0.426         0.277
 C5             0.426         0.369         0.345         0.357         0.280
 C6             0.315         0.271         0.253         0.253         0.199
 C7             0.274         0.238         0.223         0.226         0.173
 C8             0.223         0.208         0.196         0.182         0.134
 C9             0.196         0.188         0.188         0.158         0.107
 C10            0.140         0.137         0.137         0.134         0.095
 C11            0.098         0.101         0.101         0.113         0.089
 C12            0.042         0.045         0.045         0.060         0.054
 C13            0.000         0.000         0.000         0.015         0.015
 C14            0.000         0.000         0.000         0.012         0.012
 C15            0.000         0.000         0.000         0.006         0.006
 BAGE           0.878         0.616         0.482         0.435         0.286


           Covariance Coverage
              P6            P7            P8            P9            P10
              ________      ________      ________      ________      ________
 P6             0.170
 P7             0.083         0.143
 P8             0.089         0.095         0.185
 P9             0.077         0.071         0.134         0.193
 P10            0.054         0.042         0.098         0.116         0.140
 P11            0.042         0.012         0.062         0.080         0.089
 P12            0.030         0.003         0.024         0.027         0.033
 P13            0.012         0.012         0.012         0.009         0.012
 P14            0.012         0.012         0.012         0.009         0.009
 P15            0.006         0.006         0.006         0.006         0.006
 C1             0.167         0.137         0.179         0.190         0.137
 C2             0.161         0.128         0.179         0.188         0.137
 C3             0.170         0.140         0.185         0.193         0.137
 C4             0.161         0.131         0.176         0.182         0.134
 C5             0.164         0.137         0.179         0.188         0.131
 C6             0.167         0.134         0.176         0.185         0.128
 C7             0.131         0.137         0.179         0.193         0.140
 C8             0.110         0.104         0.179         0.188         0.137
 C9             0.083         0.074         0.149         0.185         0.131
 C10            0.062         0.054         0.116         0.128         0.137
 C11            0.054         0.024         0.080         0.095         0.101
 C12            0.045         0.018         0.039         0.042         0.048
 C13            0.015         0.015         0.015         0.012         0.012
 C14            0.012         0.012         0.012         0.009         0.009
 C15            0.006         0.006         0.006         0.006         0.006
 BAGE           0.170         0.143         0.185         0.193         0.140


           Covariance Coverage
              P11           P12           P13           P14           P15
              ________      ________      ________      ________      ________
 P11            0.098
 P12            0.036         0.042
 P13            0.003         0.000         0.012
 P14            0.000         0.000         0.009         0.012
 P15            0.000         0.000         0.006         0.006         0.006
 C1             0.098         0.042         0.012         0.012         0.006
 C2             0.095         0.042         0.012         0.012         0.006
 C3             0.098         0.042         0.012         0.012         0.006
 C4             0.095         0.042         0.012         0.012         0.006
 C5             0.095         0.042         0.012         0.012         0.006
 C6             0.092         0.042         0.012         0.012         0.006
 C7             0.098         0.042         0.012         0.012         0.006
 C8             0.095         0.042         0.012         0.012         0.006
 C9             0.098         0.042         0.009         0.009         0.006
 C10            0.092         0.039         0.012         0.009         0.006
 C11            0.092         0.042         0.012         0.012         0.006
 C12            0.042         0.042         0.012         0.012         0.006
 C13            0.003         0.000         0.012         0.012         0.006
 C14            0.000         0.000         0.009         0.012         0.006
 C15            0.000         0.000         0.006         0.006         0.006
 BAGE           0.098         0.042         0.012         0.012         0.006


           Covariance Coverage
              C1            C2            C3            C4            C5
              ________      ________      ________      ________      ________
 C1             0.994
 C2             0.798         0.801
 C3             0.673         0.658         0.679
 C4             0.554         0.536         0.539         0.557
 C5             0.482         0.473         0.476         0.473         0.488
 C6             0.366         0.357         0.363         0.354         0.360
 C7             0.318         0.310         0.318         0.310         0.315
 C8             0.256         0.253         0.256         0.256         0.256
 C9             0.220         0.217         0.220         0.214         0.217
 C10            0.158         0.158         0.158         0.155         0.155
 C11            0.119         0.119         0.119         0.116         0.116
 C12            0.060         0.060         0.060         0.060         0.060
 C13            0.015         0.015         0.015         0.015         0.015
 C14            0.012         0.012         0.012         0.012         0.012
 C15            0.006         0.006         0.006         0.006         0.006
 BAGE           0.994         0.801         0.679         0.557         0.488


           Covariance Coverage
              C6            C7            C8            C9            C10
              ________      ________      ________      ________      ________
 C6             0.372
 C7             0.310         0.324
 C8             0.253         0.256         0.262
 C9             0.214         0.220         0.220         0.223
 C10            0.152         0.158         0.161         0.155         0.161
 C11            0.113         0.119         0.119         0.116         0.113
 C12            0.060         0.060         0.060         0.057         0.054
 C13            0.015         0.015         0.015         0.012         0.012
 C14            0.012         0.012         0.012         0.009         0.009
 C15            0.006         0.006         0.006         0.006         0.006
 BAGE           0.372         0.324         0.262         0.223         0.161


           Covariance Coverage
              C11           C12           C13           C14           C15
              ________      ________      ________      ________      ________
 C11            0.119
 C12            0.060         0.060
 C13            0.015         0.015         0.015
 C14            0.012         0.012         0.012         0.012
 C15            0.006         0.006         0.006         0.006         0.006
 BAGE           0.119         0.060         0.015         0.012         0.006


           Covariance Coverage
              BAGE
              ________
 BAGE           1.000


SAMPLE STATISTICS


     ESTIMATED SAMPLE STATISTICS


           Means
              P1            P2            P3            P4            P5
              ________      ________      ________      ________      ________
 1             69.184        67.645        66.479        64.501        61.474


           Means
              P6            P7            P8            P9            P10
              ________      ________      ________      ________      ________
 1             59.494        56.635        53.370        54.262        52.624


           Means
              P11           P12           P13           P14           P15
              ________      ________      ________      ________      ________
 1             49.485        49.351        43.793        53.249        58.300


           Means
              C1            C2            C3            C4            C5
              ________      ________      ________      ________      ________
 1              9.121         8.994         9.044         9.094         8.845


           Means
              C6            C7            C8            C9            C10
              ________      ________      ________      ________      ________
 1              8.882         8.551         8.668         8.884         8.316


           Means
              C11           C12           C13           C14           C15
              ________      ________      ________      ________      ________
 1              8.511         8.732         9.087         7.447        10.533


           Means
              BAGE
              ________
 1              9.732


           Covariances
              P1            P2            P3            P4            P5
              ________      ________      ________      ________      ________
 P1           378.409
 P2           332.038       361.437
 P3           338.946       328.524       377.000
 P4           300.119       303.850       319.504       338.410
 P5           297.905       297.263       318.621       315.738       348.892
 P6           296.553       275.228       305.739       317.441       320.559
 P7           291.533       267.234       266.520       272.361       299.631
 P8           273.546       269.123       303.852       290.827       298.985
 P9           282.453       269.370       291.610       310.451       305.041
 P10          249.097       226.740       251.616       298.071       286.370
 P11          270.193       268.104       296.572       342.110       331.749
 P12          235.938       225.419       202.034       206.624       195.791
 P13           89.290        64.749        88.162        80.984        76.340
 P14            7.762        16.147        16.266        14.251        16.572
 P15            1.081         1.142         1.012         0.513        -0.116
 C1             9.503         8.931         9.520         7.100         9.810
 C2             8.781         8.897         9.795         7.167         6.921
 C3             8.484         8.156         8.900         6.929         9.970
 C4             5.607         2.146         6.197         3.549         3.819
 C5            15.109        15.193        13.417        10.862        13.800
 C6             7.671        11.963        10.051         9.304         8.317
 C7            14.293        13.004        11.676        10.264        10.678
 C8            12.254        11.988        11.117         9.282        11.614
 C9             8.317         7.034         3.345         4.102         6.737
 C10            7.786         4.468         7.366         6.222         4.476
 C11            9.975        11.498        18.001        17.925        19.475
 C12           -1.296         5.792         4.144        12.830        10.148
 C13            3.741         2.672         4.708         5.294         5.549
 C14            3.851         2.897         4.873         5.294         2.444
 C15           -0.481        -0.507        -0.450        -0.228         0.051
 BAGE         -57.342       -64.305       -61.695       -59.586       -56.912


           Covariances
              P6            P7            P8            P9            P10
              ________      ________      ________      ________      ________
 P6           354.518
 P7           309.902       349.378
 P8           284.425       262.751       348.406
 P9           324.105       287.707       303.428       387.577
 P10          318.393       261.603       283.003       357.030       368.943
 P11          358.773       294.817       303.476       371.468       374.405
 P12          200.823       205.923       207.865       222.049       208.662
 P13           97.493        91.542        94.311       104.600       100.273
 P14           16.128        13.355        15.858        12.328         7.010
 P15           -0.672        -0.552         0.003        -1.061        -1.422
 C1            10.201         7.817         8.037         7.228         4.634
 C2            10.524         4.213         8.934         7.738         6.063
 C3             9.049         7.569         2.980         7.120         7.324
 C4             5.440         3.510         5.249        -0.018        -0.521
 C5            12.188         6.878         5.392        14.326        11.733
 C6            11.180        11.972        14.806        14.202        12.564
 C7            11.243        12.869         8.620         6.274         6.805
 C8            16.745        18.406         2.732        11.311         8.563
 C9             8.005        10.921         5.056         1.964         3.155
 C10            9.311        10.645         3.286         9.739        10.134
 C11           20.735        10.738        22.439        18.612        21.654
 C12            6.882         2.228        10.684         7.353         9.392
 C13            8.910         7.101         5.471         8.756         8.898
 C14            7.162         3.472         2.166         4.950         5.515
 C15            0.299         0.245        -0.001         0.471         0.632
 BAGE         -64.385       -64.401       -66.678       -69.744       -51.713


           Covariances
              P11           P12           P13           P14           P15
              ________      ________      ________      ________      ________
 P11          440.402
 P12          233.379       255.954
 P13           85.604        82.994        92.030
 P14            7.299         7.119        12.058         7.730
 P15           -0.736         1.888         0.200         0.399         0.245
 C1             8.551         5.789         2.578         1.917         0.007
 C2            12.873         6.812         1.421         1.330         0.186
 C3            11.867         6.943         1.098         0.213        -0.077
 C4             2.786         0.062         6.549         1.164        -0.260
 C5            13.597         8.173         1.485         0.535        -0.348
 C6            16.039        18.855         6.752         1.689        -0.180
 C7            12.941         4.825        -2.141        -1.740        -0.277
 C8            11.092         5.952        11.547         2.815        -0.224
 C9             8.225         5.588         4.729        -0.918        -0.431
 C10            8.018        -2.912         4.977        -0.565        -0.482
 C11           22.606        -2.671        -1.774         1.055        -0.350
 C12           14.988        -1.608        -0.634         1.390        -0.325
 C13            7.130        -1.418         3.399         0.127        -0.518
 C14            4.822        -0.892         2.250         0.693        -0.047
 C15            0.327        -0.839        -0.089        -0.177        -0.109
 BAGE         -66.728       -43.711        -7.539        -1.505         0.935


           Covariances
              C1            C2            C3            C4            C5
              ________      ________      ________      ________      ________
 C1             4.712
 C2             2.191         5.174
 C3             2.030         2.641         5.755
 C4             1.912         2.497         2.389         4.649
 C5             2.025         2.273         2.399         1.558         4.810
 C6             1.820         1.928         3.045         2.060         1.712
 C7             2.523         1.990         1.867         1.500         2.049
 C8             3.114         2.145         3.711         2.794         2.672
 C9             2.678         1.902         1.555         2.495         2.088
 C10            2.579         1.314         3.771         2.375         1.809
 C11            1.839         2.563         2.394         1.770         1.559
 C12            3.251         2.227         2.255         3.504         2.269
 C13            0.065        -0.227         0.049         0.965         0.838
 C14           -0.268         0.158        -0.218         0.314        -0.041
 C15           -0.003        -0.083         0.034         0.116         0.154
 BAGE          -3.172        -3.913        -2.095        -1.162        -1.767


           Covariances
              C6            C7            C8            C9            C10
              ________      ________      ________      ________      ________
 C6             5.698
 C7             1.713         5.871
 C8             2.769         3.083         7.073
 C9             1.309         3.302         3.158         6.793
 C10            2.198         3.297         4.522         3.597         7.814
 C11            1.876         2.500         0.950         0.352         3.567
 C12            2.762         3.365         2.441         2.902         3.735
 C13            0.643         0.661         1.127         0.531         1.174
 C14            0.044         0.111         0.556        -0.899         0.247
 C15            0.080         0.123         0.100         0.191         0.214
 BAGE          -4.149        -3.676        -3.026        -0.936         0.534


           Covariances
              C11           C12           C13           C14           C15
              ________      ________      ________      ________      ________
 C11            7.503
 C12            4.395         8.287
 C13            1.254         0.820         1.512
 C14            0.970         0.017         0.627         0.927
 C15            0.156         0.144         0.230         0.021         0.048
 BAGE          -1.412         0.587        -2.951        -0.615        -0.416


           Covariances
              BAGE
              ________
 BAGE          51.255


           Correlations
              P1            P2            P3            P4            P5
              ________      ________      ________      ________      ________
 P1             1.000
 P2             0.898         1.000
 P3             0.897         0.890         1.000
 P4             0.839         0.869         0.895         1.000
 P5             0.820         0.837         0.879         0.919         1.000
 P6             0.810         0.769         0.836         0.916         0.911
 P7             0.802         0.752         0.734         0.792         0.858
 P8             0.753         0.758         0.838         0.847         0.858
 P9             0.738         0.720         0.763         0.857         0.830
 P10            0.667         0.621         0.675         0.844         0.798
 P11            0.662         0.672         0.728         0.886         0.846
 P12            0.758         0.741         0.650         0.702         0.655
 P13            0.478         0.355         0.473         0.459         0.426
 P14            0.144         0.305         0.301         0.279         0.319
 P15            0.112         0.121         0.105         0.056        -0.013
 C1             0.225         0.216         0.226         0.178         0.242
 C2             0.198         0.206         0.222         0.171         0.163
 C3             0.182         0.179         0.191         0.157         0.222
 C4             0.134         0.052         0.148         0.089         0.095
 C5             0.354         0.364         0.315         0.269         0.337
 C6             0.165         0.264         0.217         0.212         0.187
 C7             0.303         0.282         0.248         0.230         0.236
 C8             0.237         0.237         0.215         0.190         0.234
 C9             0.164         0.142         0.066         0.086         0.138
 C10            0.143         0.084         0.136         0.121         0.086
 C11            0.187         0.221         0.338         0.356         0.381
 C12           -0.023         0.106         0.074         0.242         0.189
 C13            0.156         0.114         0.197         0.234         0.242
 C14            0.206         0.158         0.261         0.299         0.136
 C15           -0.112        -0.121        -0.105        -0.056         0.013
 BAGE          -0.412        -0.472        -0.444        -0.452        -0.426


           Correlations
              P6            P7            P8            P9            P10
              ________      ________      ________      ________      ________
 P6             1.000
 P7             0.881         1.000
 P8             0.809         0.753         1.000
 P9             0.874         0.782         0.826         1.000
 P10            0.880         0.729         0.789         0.944         1.000
 P11            0.908         0.752         0.775         0.899         0.929
 P12            0.667         0.689         0.696         0.705         0.679
 P13            0.540         0.511         0.527         0.554         0.544
 P14            0.308         0.257         0.306         0.225         0.131
 P15           -0.072        -0.060         0.000        -0.109        -0.150
 C1             0.250         0.193         0.198         0.169         0.111
 C2             0.246         0.099         0.210         0.173         0.139
 C3             0.200         0.169         0.067         0.151         0.159
 C4             0.134         0.087         0.130         0.000        -0.013
 C5             0.295         0.168         0.132         0.332         0.279
 C6             0.249         0.268         0.332         0.302         0.274
 C7             0.246         0.284         0.191         0.132         0.146
 C8             0.334         0.370         0.055         0.216         0.168
 C9             0.163         0.224         0.104         0.038         0.063
 C10            0.177         0.204         0.063         0.177         0.189
 C11            0.402         0.210         0.439         0.345         0.412
 C12            0.127         0.041         0.199         0.130         0.170
 C13            0.385         0.309         0.238         0.362         0.377
 C14            0.395         0.193         0.121         0.261         0.298
 C15            0.072         0.060         0.000         0.109         0.150
 BAGE          -0.478        -0.481        -0.499        -0.495        -0.376


           Correlations
              P11           P12           P13           P14           P15
              ________      ________      ________      ________      ________
 P11            1.000
 P12            0.695         1.000
 P13            0.425         0.541         1.000
 P14            0.125         0.160         0.452         1.000
 P15           -0.071         0.238         0.042         0.290         1.000
 C1             0.188         0.167         0.124         0.318         0.007
 C2             0.270         0.187         0.065         0.210         0.165
 C3             0.236         0.181         0.048         0.032        -0.065
 C4             0.062         0.002         0.317         0.194        -0.244
 C5             0.295         0.233         0.071         0.088        -0.320
 C6             0.320         0.494         0.295         0.254        -0.152
 C7             0.254         0.124        -0.092        -0.258        -0.231
 C8             0.199         0.140         0.453         0.381        -0.170
 C9             0.150         0.134         0.189        -0.127        -0.334
 C10            0.137        -0.065         0.186        -0.073        -0.348
 C11            0.393        -0.061        -0.068         0.139        -0.258
 C12            0.248        -0.035        -0.023         0.174        -0.228
 C13            0.276        -0.072         0.288         0.037        -0.851
 C14            0.239        -0.058         0.244         0.259        -0.099
 C15            0.071        -0.238        -0.042        -0.290        -0.999
 BAGE          -0.444        -0.382        -0.110        -0.076         0.264


           Correlations
              C1            C2            C3            C4            C5
              ________      ________      ________      ________      ________
 C1             1.000
 C2             0.444         1.000
 C3             0.390         0.484         1.000
 C4             0.408         0.509         0.462         1.000
 C5             0.425         0.456         0.456         0.330         1.000
 C6             0.351         0.355         0.532         0.400         0.327
 C7             0.480         0.361         0.321         0.287         0.385
 C8             0.539         0.355         0.582         0.487         0.458
 C9             0.473         0.321         0.249         0.444         0.365
 C10            0.425         0.207         0.562         0.394         0.295
 C11            0.309         0.411         0.364         0.300         0.259
 C12            0.520         0.340         0.327         0.565         0.359
 C13            0.024        -0.081         0.017         0.364         0.311
 C14           -0.128         0.072        -0.094         0.151        -0.019
 C15           -0.007        -0.165         0.065         0.244         0.320
 BAGE          -0.204        -0.240        -0.122        -0.075        -0.113


           Correlations
              C6            C7            C8            C9            C10
              ________      ________      ________      ________      ________
 C6             1.000
 C7             0.296         1.000
 C8             0.436         0.478         1.000
 C9             0.210         0.523         0.456         1.000
 C10            0.329         0.487         0.608         0.494         1.000
 C11            0.287         0.377         0.130         0.049         0.466
 C12            0.402         0.482         0.319         0.387         0.464
 C13            0.219         0.222         0.345         0.166         0.341
 C14            0.019         0.048         0.217        -0.358         0.092
 C15            0.152         0.231         0.170         0.334         0.348
 BAGE          -0.243        -0.212        -0.159        -0.050         0.027


           Correlations
              C11           C12           C13           C14           C15
              ________      ________      ________      ________      ________
 C11            1.000
 C12            0.557         1.000
 C13            0.372         0.232         1.000
 C14            0.368         0.006         0.530         1.000
 C15            0.258         0.228         0.851         0.099         1.000
 BAGE          -0.072         0.029        -0.335        -0.089        -0.264


           Correlations
              BAGE
              ________
 BAGE           1.000


     MAXIMUM LOG-LIKELIHOOD VALUE FOR THE UNRESTRICTED (H1) MODEL IS -8417.769


UNIVARIATE HIGHER-ORDER MOMENT DESCRIPTIVE STATISTICS


     UNIVARIATE HIGHER-ORDER MOMENT DESCRIPTIVE STATISTICS

         Variable/         Mean/     Skewness/   Minimum/ % with                Percentiles
        Sample Size      Variance    Kurtosis    Maximum  Min/Max      20%/60%    40%/80%    Median

     P1                   69.024      -0.147       0.000    0.34%      53.250     64.250     69.000
             295.000     379.729       0.481     124.250    0.34%      75.500     84.500
     P2                   69.268      -0.028      21.500    0.48%      55.500     65.500     70.500
             207.000     299.037       0.480     130.250    0.48%      74.000     81.250
     P3                   69.685       0.089      18.500    0.62%      56.250     66.500     71.750
             162.000     311.172       0.677     127.500    0.62%      74.500     81.000
     P4                   66.118       0.144      20.250    0.68%      51.250     62.500     67.500
             146.000     311.095       0.528     125.000    0.68%      71.250     78.250
     P5                   65.076      -0.066      25.500    1.04%      50.000     60.500     65.250
              96.000     267.945      -0.262     100.750    1.04%      70.000     77.250
     P6                   64.390      -0.042      25.500    1.75%      47.500     62.000     66.750
              57.000     262.831      -0.084     107.750    1.75%      70.250     76.250
     P7                   65.031       0.409      32.250    2.08%      52.250     58.500     64.625
              48.000     335.330       0.311     112.250    2.08%      69.250     74.000
     P8                   61.448       0.483      23.750    1.61%      47.250     54.250     60.625
              62.000     315.156       0.815     121.750    1.61%      67.000     73.250
     P9                   62.223       0.452      27.500    1.54%      47.250     54.750     59.750
              65.000     275.691      -0.167     106.750    1.54%      65.500     78.250
     P10                  61.543       0.375      27.000    2.13%      42.500     58.000     60.750
              47.000     274.081      -0.203     101.500    2.13%      62.750     77.000
     P11                  60.333       0.722      32.250    3.03%      42.500     49.250     56.500
              33.000     382.347      -0.032     110.000    3.03%      61.250     75.000
     P12                  51.804       0.175      30.250    7.14%      32.000     50.500     53.000
              14.000     264.118      -1.080      80.750    7.14%      53.250     63.500
     P13                  47.438      -0.220      26.500   25.00%      26.500     44.000     48.625
               4.000     207.137      -1.181      66.000   25.00%      44.000     53.250
     P14                  54.188       0.153      47.750   25.00%      47.750     51.750     53.875
               4.000      25.137      -1.318      61.250   25.00%      51.750     56.000
     P15                  58.375       0.000      57.250   50.00%      57.250     57.250     58.375
               2.000       1.266      -2.000      59.500   50.00%      57.250     59.500
     C1                    9.111      -1.240       0.000    1.50%       8.000      9.000      9.000
             334.000       4.697       3.144      12.000   13.47%      10.000     11.000
     C2                    9.093      -1.043       0.000    1.12%       7.000      9.000     10.000
             269.000       5.073       1.965      12.000   15.24%      10.000     11.000
     C3                    9.197      -1.314       0.000    1.75%       8.000      9.000     10.000
             228.000       5.641       2.766      12.000   19.30%      10.000     11.000
     C4                    9.273      -1.514       0.000    1.60%       8.000      9.000     10.000
             187.000       4.359       4.636      12.000   13.90%      10.000     11.000
     C5                    9.116      -1.192       0.000    1.22%       8.000      9.000      9.000
             164.000       4.517       3.112      12.000   13.41%      10.000     11.000
     C6                    9.120      -1.300       0.000    1.60%       8.000      9.000      9.000
             125.000       4.954       3.600      12.000   17.60%      10.000     11.000
     C7                    9.009      -1.324       0.000    1.83%       7.000      9.000      9.000
             109.000       5.238       3.166      12.000   13.76%      10.000     11.000
     C8                    9.159      -1.126       0.000    1.14%       8.000      9.000     10.000
              88.000       5.543       1.688      12.000   15.91%      10.000     11.000
     C9                    9.253      -1.393       0.000    1.33%       8.000      9.000     10.000
              75.000       5.816       2.660      12.000   20.00%      10.000     11.000
     C10                   8.648      -0.919       0.000    1.85%       7.000      8.000      9.000
              54.000       5.339       1.809      12.000    9.26%      10.000     11.000
     C11                   9.075      -1.382       0.000    2.50%       7.000      8.000      9.500
              40.000       5.169       4.027      12.000   15.00%      10.000     11.000
     C12                   8.300      -1.263       0.000    5.00%       6.000      8.000      8.500
              20.000       7.010       2.401      12.000   10.00%       9.000     10.000
     C13                   9.000       0.629       7.000   20.00%       7.000      8.000      8.000
               5.000       3.200      -1.047      12.000   20.00%       8.000     10.000
     C14                   7.500      -0.889       5.000   25.00%       5.000      8.000      8.000
               4.000       2.250      -0.815       9.000   25.00%       8.000      8.000
     C15                  10.500       0.000      10.000   50.00%      10.000     10.000     10.500
               2.000       0.250      -2.000      11.000   50.00%      10.000     11.000
     BAGE                  9.732      -0.533     -12.094    0.30%       3.996      8.620     10.735
             336.000      51.255       0.023      25.242    0.30%      12.382     15.744


THE MODEL ESTIMATION TERMINATED NORMALLY



MODEL FIT INFORMATION

Number of Free Parameters                       21

Loglikelihood

          H0 Value                       -8146.697
          H0 Scaling Correction Factor      1.3685
            for MLR

Information Criteria

          Akaike (AIC)                   16335.394
          Bayesian (BIC)                 16415.553
          Sample-Size Adjusted BIC       16348.939
            (n* = (n + 2) / 24)



MODEL RESULTS

                                                    Two-Tailed
                    Estimate       S.E.  Est./S.E.    P-Value

 IP         ON
    BAGE              -1.147      0.136     -8.442      0.000

 SP         ON
    BAGE              -0.013      0.022     -0.564      0.572

 IC         ON
    BAGE              -0.061      0.013     -4.664      0.000

 SC         ON
    BAGE               0.003      0.003      1.012      0.311

 IP       WITH
    SP                -8.085      2.710     -2.984      0.003
    IC                 5.303      1.895      2.798      0.005
    SC                 0.340      0.335      1.016      0.309

 SP       WITH
    IC                -0.212      0.263     -0.807      0.420
    SC                 0.020      0.037      0.546      0.585

 IC       WITH
    SC                 0.034      0.043      0.782      0.434

 P1       WITH
    C1                 0.344      0.390      0.881      0.378

 P2       WITH
    C2                 0.344      0.390      0.881      0.378

 P3       WITH
    C3                 0.344      0.390      0.881      0.378

 P4       WITH
    C4                 0.344      0.390      0.881      0.378

 P5       WITH
    C5                 0.344      0.390      0.881      0.378

 P6       WITH
    C6                 0.344      0.390      0.881      0.378

 P7       WITH
    C7                 0.344      0.390      0.881      0.378

 P8       WITH
    C8                 0.344      0.390      0.881      0.378

 P9       WITH
    C9                 0.344      0.390      0.881      0.378

 P10      WITH
    C10                0.344      0.390      0.881      0.378

 P11      WITH
    C11                0.344      0.390      0.881      0.378

 P12      WITH
    C12                0.344      0.390      0.881      0.378

 P13      WITH
    C13                0.344      0.390      0.881      0.378

 P14      WITH
    C14                0.344      0.390      0.881      0.378

 P15      WITH
    C15                0.344      0.390      0.881      0.378

 Intercepts
    P1                 0.000      0.000    999.000    999.000
    P2                 0.000      0.000    999.000    999.000
    P3                 0.000      0.000    999.000    999.000
    P4                 0.000      0.000    999.000    999.000
    P5                 0.000      0.000    999.000    999.000
    P6                 0.000      0.000    999.000    999.000
    P7                 0.000      0.000    999.000    999.000
    P8                 0.000      0.000    999.000    999.000
    P9                 0.000      0.000    999.000    999.000
    P10                0.000      0.000    999.000    999.000
    P11                0.000      0.000    999.000    999.000
    P12                0.000      0.000    999.000    999.000
    P13                0.000      0.000    999.000    999.000
    P14                0.000      0.000    999.000    999.000
    P15                0.000      0.000    999.000    999.000
    C1                 0.000      0.000    999.000    999.000
    C2                 0.000      0.000    999.000    999.000
    C3                 0.000      0.000    999.000    999.000
    C4                 0.000      0.000    999.000    999.000
    C5                 0.000      0.000    999.000    999.000
    C6                 0.000      0.000    999.000    999.000
    C7                 0.000      0.000    999.000    999.000
    C8                 0.000      0.000    999.000    999.000
    C9                 0.000      0.000    999.000    999.000
    C10                0.000      0.000    999.000    999.000
    C11                0.000      0.000    999.000    999.000
    C12                0.000      0.000    999.000    999.000
    C13                0.000      0.000    999.000    999.000
    C14                0.000      0.000    999.000    999.000
    C15                0.000      0.000    999.000    999.000
    IP                80.619      1.781     45.258      0.000
    SP                -1.810      0.246     -7.372      0.000
    IC                 9.726      0.152     64.046      0.000
    SC                -0.096      0.037     -2.602      0.009

 Residual Variances
    P1                34.829      2.342     14.873      0.000
    P2                34.829      2.342     14.873      0.000
    P3                34.829      2.342     14.873      0.000
    P4                34.829      2.342     14.873      0.000
    P5                34.829      2.342     14.873      0.000
    P6                34.829      2.342     14.873      0.000
    P7                34.829      2.342     14.873      0.000
    P8                34.829      2.342     14.873      0.000
    P9                34.829      2.342     14.873      0.000
    P10               34.829      2.342     14.873      0.000
    P11               34.829      2.342     14.873      0.000
    P12               34.829      2.342     14.873      0.000
    P13               34.829      2.342     14.873      0.000
    P14               34.829      2.342     14.873      0.000
    P15               34.829      2.342     14.873      0.000
    C1                 2.977      0.241     12.349      0.000
    C2                 2.977      0.241     12.349      0.000
    C3                 2.977      0.241     12.349      0.000
    C4                 2.977      0.241     12.349      0.000
    C5                 2.977      0.241     12.349      0.000
    C6                 2.977      0.241     12.349      0.000
    C7                 2.977      0.241     12.349      0.000
    C8                 2.977      0.241     12.349      0.000
    C9                 2.977      0.241     12.349      0.000
    C10                2.977      0.241     12.349      0.000
    C11                2.977      0.241     12.349      0.000
    C12                2.977      0.241     12.349      0.000
    C13                2.977      0.241     12.349      0.000
    C14                2.977      0.241     12.349      0.000
    C15                2.977      0.241     12.349      0.000
    IP               271.503     27.845      9.751      0.000
    SP                 2.067      0.681      3.036      0.002
    IC                 1.869      0.420      4.449      0.000
    SC                 0.012      0.010      1.242      0.214

New/Additional Parameters
    R_IPIC             0.235      0.077      3.062      0.002
    R_SPSC             0.130      0.233      0.559      0.576
    R_RES_PC           0.034      0.038      0.888      0.375


QUALITY OF NUMERICAL RESULTS

     Condition Number for the Information Matrix              0.186E-04
       (ratio of smallest to largest eigenvalue)


CONFIDENCE INTERVALS OF MODEL RESULTS

                  Lower .5%  Lower 2.5%    Lower 5%    Estimate    Upper 5%  Upper 2.5%   Upper .5%

 IP       ON
    BAGE            -1.497      -1.414      -1.371      -1.147      -0.924      -0.881      -0.797

 SP       ON
    BAGE            -0.070      -0.056      -0.049      -0.013       0.024       0.031       0.045

 IC       ON
    BAGE            -0.095      -0.087      -0.083      -0.061      -0.040      -0.035      -0.027

 SC       ON
    BAGE            -0.005      -0.003      -0.002       0.003       0.008       0.009       0.011

 IP       WITH
    SP             -15.065     -13.396     -12.543      -8.085      -3.627      -2.774      -1.105
    IC               0.422       1.589       2.186       5.303       8.420       9.017      10.184
    SC              -0.522      -0.316      -0.210       0.340       0.891       0.996       1.202

 SP       WITH
    IC              -0.890      -0.728      -0.645      -0.212       0.220       0.303       0.465
    SC              -0.076      -0.053      -0.041       0.020       0.082       0.094       0.117

 IC       WITH
    SC              -0.077      -0.051      -0.037       0.034       0.104       0.118       0.144

 P1       WITH
    C1              -0.660      -0.420      -0.298       0.344       0.985       1.107       1.347

 P2       WITH
    C2              -0.660      -0.420      -0.298       0.344       0.985       1.107       1.347

 P3       WITH
    C3              -0.660      -0.420      -0.298       0.344       0.985       1.107       1.347

 P4       WITH
    C4              -0.660      -0.420      -0.298       0.344       0.985       1.107       1.347

 P5       WITH
    C5              -0.660      -0.420      -0.298       0.344       0.985       1.107       1.347

 P6       WITH
    C6              -0.660      -0.420      -0.298       0.344       0.985       1.107       1.347

 P7       WITH
    C7              -0.660      -0.420      -0.298       0.344       0.985       1.107       1.347

 P8       WITH
    C8              -0.660      -0.420      -0.298       0.344       0.985       1.107       1.347

 P9       WITH
    C9              -0.660      -0.420      -0.298       0.344       0.985       1.107       1.347

 P10      WITH
    C10             -0.660      -0.420      -0.298       0.344       0.985       1.107       1.347

 P11      WITH
    C11             -0.660      -0.420      -0.298       0.344       0.985       1.107       1.347

 P12      WITH
    C12             -0.660      -0.420      -0.298       0.344       0.985       1.107       1.347

 P13      WITH
    C13             -0.660      -0.420      -0.298       0.344       0.985       1.107       1.347

 P14      WITH
    C14             -0.660      -0.420      -0.298       0.344       0.985       1.107       1.347

 P15      WITH
    C15             -0.660      -0.420      -0.298       0.344       0.985       1.107       1.347

 Intercepts
    P1               0.000       0.000       0.000       0.000       0.000       0.000       0.000
    P2               0.000       0.000       0.000       0.000       0.000       0.000       0.000
    P3               0.000       0.000       0.000       0.000       0.000       0.000       0.000
    P4               0.000       0.000       0.000       0.000       0.000       0.000       0.000
    P5               0.000       0.000       0.000       0.000       0.000       0.000       0.000
    P6               0.000       0.000       0.000       0.000       0.000       0.000       0.000
    P7               0.000       0.000       0.000       0.000       0.000       0.000       0.000
    P8               0.000       0.000       0.000       0.000       0.000       0.000       0.000
    P9               0.000       0.000       0.000       0.000       0.000       0.000       0.000
    P10              0.000       0.000       0.000       0.000       0.000       0.000       0.000
    P11              0.000       0.000       0.000       0.000       0.000       0.000       0.000
    P12              0.000       0.000       0.000       0.000       0.000       0.000       0.000
    P13              0.000       0.000       0.000       0.000       0.000       0.000       0.000
    P14              0.000       0.000       0.000       0.000       0.000       0.000       0.000
    P15              0.000       0.000       0.000       0.000       0.000       0.000       0.000
    C1               0.000       0.000       0.000       0.000       0.000       0.000       0.000
    C2               0.000       0.000       0.000       0.000       0.000       0.000       0.000
    C3               0.000       0.000       0.000       0.000       0.000       0.000       0.000
    C4               0.000       0.000       0.000       0.000       0.000       0.000       0.000
    C5               0.000       0.000       0.000       0.000       0.000       0.000       0.000
    C6               0.000       0.000       0.000       0.000       0.000       0.000       0.000
    C7               0.000       0.000       0.000       0.000       0.000       0.000       0.000
    C8               0.000       0.000       0.000       0.000       0.000       0.000       0.000
    C9               0.000       0.000       0.000       0.000       0.000       0.000       0.000
    C10              0.000       0.000       0.000       0.000       0.000       0.000       0.000
    C11              0.000       0.000       0.000       0.000       0.000       0.000       0.000
    C12              0.000       0.000       0.000       0.000       0.000       0.000       0.000
    C13              0.000       0.000       0.000       0.000       0.000       0.000       0.000
    C14              0.000       0.000       0.000       0.000       0.000       0.000       0.000
    C15              0.000       0.000       0.000       0.000       0.000       0.000       0.000
    IP              76.030      77.127      77.688      80.619      83.549      84.110      85.207
    SP              -2.443      -2.291      -2.214      -1.810      -1.406      -1.329      -1.178
    IC               9.335       9.428       9.476       9.726       9.976      10.024      10.117
    SC              -0.192      -0.169      -0.157      -0.096      -0.035      -0.024      -0.001

 Residual Variances
    P1              28.797      30.240      30.977      34.829      38.682      39.419      40.861
    P2              28.797      30.240      30.977      34.829      38.682      39.419      40.861
    P3              28.797      30.240      30.977      34.829      38.682      39.419      40.861
    P4              28.797      30.240      30.977      34.829      38.682      39.419      40.861
    P5              28.797      30.240      30.977      34.829      38.682      39.419      40.861
    P6              28.797      30.240      30.977      34.829      38.682      39.419      40.861
    P7              28.797      30.240      30.977      34.829      38.682      39.419      40.861
    P8              28.797      30.240      30.977      34.829      38.682      39.419      40.861
    P9              28.797      30.240      30.977      34.829      38.682      39.419      40.861
    P10             28.797      30.240      30.977      34.829      38.682      39.419      40.861
    P11             28.797      30.240      30.977      34.829      38.682      39.419      40.861
    P12             28.797      30.240      30.977      34.829      38.682      39.419      40.861
    P13             28.797      30.240      30.977      34.829      38.682      39.419      40.861
    P14             28.797      30.240      30.977      34.829      38.682      39.419      40.861
    P15             28.797      30.240      30.977      34.829      38.682      39.419      40.861
    C1               2.356       2.504       2.580       2.977       3.373       3.449       3.598
    C2               2.356       2.504       2.580       2.977       3.373       3.449       3.598
    C3               2.356       2.504       2.580       2.977       3.373       3.449       3.598
    C4               2.356       2.504       2.580       2.977       3.373       3.449       3.598
    C5               2.356       2.504       2.580       2.977       3.373       3.449       3.598
    C6               2.356       2.504       2.580       2.977       3.373       3.449       3.598
    C7               2.356       2.504       2.580       2.977       3.373       3.449       3.598
    C8               2.356       2.504       2.580       2.977       3.373       3.449       3.598
    C9               2.356       2.504       2.580       2.977       3.373       3.449       3.598
    C10              2.356       2.504       2.580       2.977       3.373       3.449       3.598
    C11              2.356       2.504       2.580       2.977       3.373       3.449       3.598
    C12              2.356       2.504       2.580       2.977       3.373       3.449       3.598
    C13              2.356       2.504       2.580       2.977       3.373       3.449       3.598
    C14              2.356       2.504       2.580       2.977       3.373       3.449       3.598
    C15              2.356       2.504       2.580       2.977       3.373       3.449       3.598
    IP             199.780     216.927     225.698     271.503     317.308     326.079     343.226
    SP               0.313       0.732       0.947       2.067       3.187       3.402       3.821
    IC               0.787       1.046       1.178       1.869       2.561       2.693       2.952
    SC              -0.013      -0.007      -0.004       0.012       0.028       0.031       0.037

New/Additional Parameters
    R_IPIC           0.037       0.085       0.109       0.235       0.362       0.386       0.433
    R_SPSC          -0.469      -0.326      -0.252       0.130       0.513       0.586       0.729
    R_RES_PC        -0.064      -0.041      -0.029       0.034       0.096       0.108       0.132


SAMPLE STATISTICS FOR ESTIMATED FACTOR SCORES


     SAMPLE STATISTICS


           Means
              IP            IP_SE         SP            SP_SE         IC
              ________      ________      ________      ________      ________
 1             69.455         4.803        -1.932         1.125         9.131


           Means
              IC_SE         SC            SC_SE
              ________      ________      ________
 1              0.761        -0.067         0.098


           Covariances
              IP            IP_SE         SP            SP_SE         IC
              ________      ________      ________      ________      ________
 IP           308.498
 IP_SE         -5.243         7.394
 SP            -5.063        -0.003         0.716
 SP_SE         -1.684         0.316         0.025         0.092
 IC             8.560        -0.461        -0.125        -0.084         1.453
 IC_SE         -0.885         0.184         0.017         0.038        -0.047
 SC             0.155        -0.003        -0.001        -0.002         0.029
 SC_SE         -0.057         0.009         0.001         0.003        -0.003


           Covariances
              IC_SE         SC            SC_SE
              ________      ________      ________
 IC_SE          0.029
 SC            -0.001         0.003
 SC_SE          0.001         0.000         0.000


           Correlations
              IP            IP_SE         SP            SP_SE         IC
              ________      ________      ________      ________      ________
 IP             1.000
 IP_SE         -0.110         1.000
 SP            -0.341        -0.001         1.000
 SP_SE         -0.316         0.382         0.096         1.000
 IC             0.404        -0.141        -0.123        -0.229         1.000
 IC_SE         -0.296         0.398         0.117         0.725        -0.230
 SC             0.168        -0.019        -0.019        -0.101         0.453
 SC_SE         -0.324         0.337         0.125         0.941        -0.216


           Correlations
              IC_SE         SC            SC_SE
              ________      ________      ________
 IC_SE          1.000
 SC            -0.096         1.000
 SC_SE          0.789        -0.095         1.000


PLOT INFORMATION

The following plots are available:

  Histograms (sample values, estimated factor scores)
  Scatterplots (sample values, estimated factor scores)
  Latent variable distribution plots

     Beginning Time:  01:10:45
        Ending Time:  08:42:57
       Elapsed Time:  07:32:12



MUTHEN & MUTHEN
3463 Stoner Ave.
Los Angeles, CA  90066

Tel: (310) 391-9971
Fax: (310) 391-8971
Web: www.StatModel.com
Support: Support@StatModel.com

Copyright (c) 1998-2014 Muthen & Muthen
