------Begin Mplus Model Run: 05Oct2015 00:55:04------
Target directory: C:/Users/iLife Admin/Documents/GitHub/RADC/outputs/pairs/grip_bostonstorydelay
Run options:
	Recursive (run models in subdirectories): FALSE
	Show output on console: FALSE
	Replace existing outfile: always
------
Currently running model: b1_female_a_grip_bostonstorydelay_10.inp
Currently running model: b1_female_a_grip_bostonstorydelay_11.inp
Currently running model: b1_female_a_grip_bostonstorydelay_12.inp
Currently running model: b1_female_a_grip_bostonstorydelay_13.inp
Currently running model: b1_female_a_grip_bostonstorydelay_14.inp
Currently running model: b1_female_a_grip_bostonstorydelay_15.inp
Currently running model: b1_female_a_grip_bostonstorydelay_16.inp
Currently running model: b1_female_a_grip_bostonstorydelay_17.inp
Currently running model: b1_female_a_grip_bostonstorydelay_18.inp
Currently running model: b1_female_a_grip_bostonstorydelay_4.inp
Currently running model: b1_female_a_grip_bostonstorydelay_5.inp
Currently running model: b1_female_a_grip_bostonstorydelay_6.inp
Currently running model: b1_female_a_grip_bostonstorydelay_7.inp
Currently running model: b1_female_a_grip_bostonstorydelay_8.inp
Currently running model: b1_female_a_grip_bostonstorydelay_9.inp
Currently running model: b1_male_a_grip_bostonstorydelay_10.inp
Currently running model: b1_male_a_grip_bostonstorydelay_11.inp
Currently running model: b1_male_a_grip_bostonstorydelay_12.inp
Currently running model: b1_male_a_grip_bostonstorydelay_13.inp
Currently running model: b1_male_a_grip_bostonstorydelay_14.inp
Currently running model: b1_male_a_grip_bostonstorydelay_15.inp
Currently running model: b1_male_a_grip_bostonstorydelay_16.inp
Currently running model: b1_male_a_grip_bostonstorydelay_17.inp
Currently running model: b1_male_a_grip_bostonstorydelay_18.inp
Currently running model: b1_male_a_grip_bostonstorydelay_4.inp
Currently running model: b1_male_a_grip_bostonstorydelay_5.inp
Currently running model: b1_male_a_grip_bostonstorydelay_6.inp
Currently running model: b1_male_a_grip_bostonstorydelay_7.inp
Currently running model: b1_male_a_grip_bostonstorydelay_8.inp
Currently running model: b1_male_a_grip_bostonstorydelay_9.inp

------End Mplus Model Run: 05Oct2015 08:45:38------
