------Begin Mplus Model Run: 05Oct2015 00:34:44------
Target directory: C:/Users/iLife Admin/Documents/GitHub/RADC/outputs/pairs/grip_digitordering
Run options:
	Recursive (run models in subdirectories): FALSE
	Show output on console: FALSE
	Replace existing outfile: always
------
Currently running model: b1_female_a_grip_digitordering_10.inp
Currently running model: b1_female_a_grip_digitordering_11.inp
Currently running model: b1_female_a_grip_digitordering_12.inp
Currently running model: b1_female_a_grip_digitordering_13.inp
Currently running model: b1_female_a_grip_digitordering_14.inp
Currently running model: b1_female_a_grip_digitordering_15.inp
Currently running model: b1_female_a_grip_digitordering_16.inp
Currently running model: b1_female_a_grip_digitordering_17.inp
Currently running model: b1_female_a_grip_digitordering_18.inp
Currently running model: b1_female_a_grip_digitordering_4.inp
Currently running model: b1_female_a_grip_digitordering_5.inp
Currently running model: b1_female_a_grip_digitordering_6.inp
Currently running model: b1_female_a_grip_digitordering_7.inp
Currently running model: b1_female_a_grip_digitordering_8.inp
Currently running model: b1_female_a_grip_digitordering_9.inp
Currently running model: b1_male_a_grip_digitordering_10.inp
Currently running model: b1_male_a_grip_digitordering_11.inp
Currently running model: b1_male_a_grip_digitordering_12.inp
Currently running model: b1_male_a_grip_digitordering_13.inp
Currently running model: b1_male_a_grip_digitordering_14.inp
Currently running model: b1_male_a_grip_digitordering_15.inp
Currently running model: b1_male_a_grip_digitordering_16.inp
Currently running model: b1_male_a_grip_digitordering_17.inp
Currently running model: b1_male_a_grip_digitordering_18.inp
Currently running model: b1_male_a_grip_digitordering_4.inp
Currently running model: b1_male_a_grip_digitordering_5.inp
Currently running model: b1_male_a_grip_digitordering_6.inp
Currently running model: b1_male_a_grip_digitordering_7.inp
Currently running model: b1_male_a_grip_digitordering_8.inp
Currently running model: b1_male_a_grip_digitordering_9.inp

------End Mplus Model Run: 05Oct2015 00:49:23------
