Mplus VERSION 7.3
MUTHEN & MUTHEN
10/04/2015   3:49 AM

INPUT INSTRUCTIONS

  TITLE:
  Your new title
  DATA:
  File = radcMAP_wide.dat;
  VARIABLE:
  Names are
  	projid study_x scaled_to_x agreeableness conscientiousness extraversion
  	neo_altruism neo_conscientiousness neo_trust openness anxiety_10items
  	neuroticism_12 neuroticism_6 age_bl age_death educ msex race spanish q1inc
  	apoe_genotype ldai_bl q3smo_bl q4smo_bl smoking married married2 age_at_visit_00
  	age_at_visit_01 age_at_visit_02 age_at_visit_03 age_at_visit_04 age_at_visit_05
  	age_at_visit_06 age_at_visit_07 age_at_visit_08 age_at_visit_09 age_at_visit_10
  	age_at_visit_11 age_at_visit_12 age_at_visit_13 age_at_visit_14 age_at_visit_15
  	age_at_visit_16 age_at_visit_17 age_at_visit_18 age_at_visit_19 age_at_visit_20
  	alcohol_g_00 alcohol_g_01 alcohol_g_02 alcohol_g_03 alcohol_g_04 alcohol_g_05
  	alcohol_g_06 alcohol_g_07 alcohol_g_08 alcohol_g_09 alcohol_g_10 alcohol_g_11
  	alcohol_g_12 alcohol_g_13 alcohol_g_14 alcohol_g_15 alcohol_g_16 alcohol_g_17
  	alcohol_g_18 alcohol_g_19 alcohol_g_20 bmi_00 bmi_01 bmi_02 bmi_03 bmi_04 bmi_05
  	bmi_06 bmi_07 bmi_08 bmi_09 bmi_10 bmi_11 bmi_12 bmi_13 bmi_14 bmi_15 bmi_16
  	bmi_17 bmi_18 bmi_19 bmi_20 bp11_00 bp11_01 bp11_02 bp11_03 bp11_04 bp11_05
  	bp11_06 bp11_07 bp11_08 bp11_09 bp11_10 bp11_11 bp11_12 bp11_13 bp11_14 bp11_15
  	bp11_16 bp11_17 bp11_18 bp11_19 bp11_20 bp2_00 bp2_01 bp2_02 bp2_03 bp2_04
  	bp2_05 bp2_06 bp2_07 bp2_08 bp2_09 bp2_10 bp2_11 bp2_12 bp2_13 bp2_14 bp2_15
  	bp2_16 bp2_17 bp2_18 bp2_19 bp2_20 bp3_00 bp3_01 bp3_02 bp3_03 bp3_04 bp3_05
  	bp3_06 bp3_07 bp3_08 bp3_09 bp3_10 bp31_00 bp31_01 bp31_02 bp31_03 bp31_04
  	bp31_05 bp31_06 bp31_07 bp31_08 bp31_09 bp3_11 bp31_10 bp31_11 bp31_12 bp31_13
  	bp31_14 bp31_15 bp31_16 bp31_17 bp31_18 bp31_19 bp3_12 bp31_20 bp3_13 bp3_14
  	bp3_15 bp3_16 bp3_17 bp3_18 bp3_19 bp3_20 bun_00 bun_01 bun_02 bun_03 bun_04
  	bun_05 bun_06 bun_07 bun_08 bun_09 bun_10 bun_11 bun_12 bun_13 bun_14 bun_15
  	bun_16 bun_17 bun_18 bun_19 bun_20 ca_00 ca_01 ca_02 ca_03 ca_04 ca_05 ca_06
  	ca_07 ca_08 ca_09 ca_10 ca_11 ca_12 ca_13 ca_14 ca_15 ca_16 ca_17 ca_18 ca_19
  	ca_20 cesdsum_00 cesdsum_01 cesdsum_02 cesdsum_03 cesdsum_04 cesdsum_05
  	cesdsum_06 cesdsum_07 cesdsum_08 cesdsum_09 cesdsum_10 cesdsum_11 cesdsum_12
  	cesdsum_13 cesdsum_14 cesdsum_15 cesdsum_16 cesdsum_17 cesdsum_18 cesdsum_19
  	cesdsum_20 chf_cum_00 chf_cum_01 chf_cum_02 chf_cum_03 chf_cum_04 chf_cum_05
  	chf_cum_06 chf_cum_07 chf_cum_08 chf_cum_09 chf_cum_10 chf_cum_11 chf_cum_12
  	chf_cum_13 chf_cum_14 chf_cum_15 chf_cum_16 chf_cum_17 chf_cum_18 chf_cum_19
  	chf_cum_20 chlstrl_00 chlstrl_01 chlstrl_02 chlstrl_03 chlstrl_04 chlstrl_05
  	chlstrl_06 chlstrl_07 chlstrl_08 chlstrl_09 chlstrl_10 chlstrl_11 chlstrl_12
  	chlstrl_13 chlstrl_14 chlstrl_15 chlstrl_16 chlstrl_17 chlstrl_18 chlstrl_19
  	chlstrl_20 cl_00 cl_01 cl_02 cl_03 cl_04 cl_05 cl_06 cl_07 cl_08 cl_09 cl_10
  	cl_11 cl_12 cl_13 cl_14 cl_15 cl_16 cl_17 cl_18 cl_19 cl_20 claudication_cum_00
  	claudication_cum_01 claudication_cum_02 claudication_cum_03 claudication_cum_04
  	claudication_cum_05 claudication_cum_06 claudication_cum_07 claudication_cum_08
  	claudication_cum_09 claudication_cum_10 claudication_cum_11 claudication_cum_12
  	claudication_cum_13 claudication_cum_14 claudication_cum_15 claudication_cum_16
  	claudication_cum_17 claudication_cum_18 claudication_cum_19 claudication_cum_20
  	co2_00 co2_01 co2_02 co2_03 co2_04 co2_05 co2_06 co2_07 co2_08 co2_09 co2_10
  	co2_11 co2_12 co2_13 co2_14 co2_15 co2_16 co2_17 co2_18 co2_19 co2_20 cogn_ep_00
  	cogn_ep_01 cogn_ep_02 cogn_ep_03 cogn_ep_04 cogn_ep_05 cogn_ep_06 cogn_ep_07
  	cogn_ep_08 cogn_ep_09 cogn_ep_10 cogn_ep_11 cogn_ep_12 cogn_ep_13 cogn_ep_14
  	cogn_ep_15 cogn_ep_16 cogn_ep_17 cogn_ep_18 cogn_ep_19 cogn_ep_20 cogn_global_00
  	cogn_global_01 cogn_global_02 cogn_global_03 cogn_global_04 cogn_global_05
  	cogn_global_06 cogn_global_07 cogn_global_08 cogn_global_09 cogn_global_10
  	cogn_global_11 cogn_global_12 cogn_global_13 cogn_global_14 cogn_global_15
  	cogn_global_16 cogn_global_17 cogn_global_18 cogn_global_19 cogn_global_20
  	cogn_po_00 cogn_po_01 cogn_po_02 cogn_po_03 cogn_po_04 cogn_po_05 cogn_po_06
  	cogn_po_07 cogn_po_08 cogn_po_09 cogn_po_10 cogn_po_11 cogn_po_12 cogn_po_13
  	cogn_po_14 cogn_po_15 cogn_po_16 cogn_po_17 cogn_po_18 cogn_po_19 cogn_po_20
  	cogn_ps_00 cogn_ps_01 cogn_ps_02 cogn_ps_03 cogn_ps_04 cogn_ps_05 cogn_ps_06
  	cogn_ps_07 cogn_ps_08 cogn_ps_09 cogn_ps_10 cogn_ps_11 cogn_ps_12 cogn_ps_13
  	cogn_ps_14 cogn_ps_15 cogn_ps_16 cogn_ps_17 cogn_ps_18 cogn_ps_19 cogn_ps_20
  	cogn_se_00 cogn_se_01 cogn_se_02 cogn_se_03 cogn_se_04 cogn_se_05 cogn_se_06
  	cogn_se_07 cogn_se_08 cogn_se_09 cogn_se_10 cogn_se_11 cogn_se_12 cogn_se_13
  	cogn_se_14 cogn_se_15 cogn_se_16 cogn_se_17 cogn_se_18 cogn_se_19 cogn_se_20
  	cogn_wo_00 cogn_wo_01 cogn_wo_02 cogn_wo_03 cogn_wo_04 cogn_wo_05 cogn_wo_06
  	cogn_wo_07 cogn_wo_08 cogn_wo_09 cogn_wo_10 cogn_wo_11 cogn_wo_12 cogn_wo_13
  	cogn_wo_14 cogn_wo_15 cogn_wo_16 cogn_wo_17 cogn_wo_18 cogn_wo_19 cogn_wo_20
  	crn_00 crn_01 crn_02 crn_03 crn_04 crn_05 crn_06 crn_07 crn_08 crn_09 crn_10
  	crn_11 crn_12 crn_13 crn_14 crn_15 crn_16 crn_17 crn_18 crn_19 crn_20
  	cts_bname_00 cts_bname_01 cts_bname_02 cts_bname_03 cts_bname_04 cts_bname_05
  	cts_bname_06 cts_bname_07 cts_bname_08 cts_bname_09 cts_bname_10 cts_bname_11
  	cts_bname_12 cts_bname_13 cts_bname_14 cts_bname_15 cts_bname_16 cts_bname_17
  	cts_bname_18 cts_bname_19 cts_bname_20 cts_catflu_00 cts_catflu_01 cts_catflu_02
  	cts_catflu_03 cts_catflu_04 cts_catflu_05 cts_catflu_06 cts_catflu_07
  	cts_catflu_08 cts_catflu_09 cts_catflu_10 cts_catflu_11 cts_catflu_12
  	cts_catflu_13 cts_catflu_14 cts_catflu_15 cts_catflu_16 cts_catflu_17
  	cts_catflu_18 cts_catflu_19 cts_catflu_20 cts_db_00 cts_db_01 cts_db_02
  	cts_db_03 cts_db_04 cts_db_05 cts_db_06 cts_db_07 cts_db_08 cts_db_09 cts_db_10
  	cts_db_11 cts_db_12 cts_db_13 cts_db_14 cts_db_15 cts_db_16 cts_db_17 cts_db_18
  	cts_db_19 cts_db_20 cts_delay_00 cts_delay_01 cts_delay_02 cts_delay_03
  	cts_delay_04 cts_delay_05 cts_delay_06 cts_delay_07 cts_delay_08 cts_delay_09
  	cts_delay_10 cts_delay_11 cts_delay_12 cts_delay_13 cts_delay_14 cts_delay_15
  	cts_delay_16 cts_delay_17 cts_delay_18 cts_delay_19 cts_delay_20 cts_df_00
  	cts_df_01 cts_df_02 cts_df_03 cts_df_04 cts_df_05 cts_df_06 cts_df_07 cts_df_08
  	cts_df_09 cts_df_10 cts_df_11 cts_df_12 cts_df_13 cts_df_14 cts_df_15 cts_df_16
  	cts_df_17 cts_df_18 cts_df_19 cts_df_20 cts_doperf_00 cts_doperf_01
  	cts_doperf_02 cts_doperf_03 cts_doperf_04 cts_doperf_05 cts_doperf_06
  	cts_doperf_07 cts_doperf_08 cts_doperf_09 cts_doperf_10 cts_doperf_11
  	cts_doperf_12 cts_doperf_13 cts_doperf_14 cts_doperf_15 cts_doperf_16
  	cts_doperf_17 cts_doperf_18 cts_doperf_19 cts_doperf_20 cts_ebdr_00 cts_ebdr_01
  	cts_ebdr_02 cts_ebdr_03 cts_ebdr_04 cts_ebdr_05 cts_ebdr_06 cts_ebdr_07
  	cts_ebdr_08 cts_ebdr_09 cts_ebdr_10 cts_ebdr_11 cts_ebdr_12 cts_ebdr_13
  	cts_ebdr_14 cts_ebdr_15 cts_ebdr_16 cts_ebdr_17 cts_ebdr_18 cts_ebdr_19
  	cts_ebdr_20 cts_ebmt_00 cts_ebmt_01 cts_ebmt_02 cts_ebmt_03 cts_ebmt_04
  	cts_ebmt_05 cts_ebmt_06 cts_ebmt_07 cts_ebmt_08 cts_ebmt_09 cts_ebmt_10
  	cts_ebmt_11 cts_ebmt_12 cts_ebmt_13 cts_ebmt_14 cts_ebmt_15 cts_ebmt_16
  	cts_ebmt_17 cts_ebmt_18 cts_ebmt_19 cts_ebmt_20 cts_idea_00 cts_idea_01
  	cts_idea_02 cts_idea_03 cts_idea_04 cts_idea_05 cts_idea_06 cts_idea_07
  	cts_idea_08 cts_idea_09 cts_idea_10 cts_idea_11 cts_idea_12 cts_idea_13
  	cts_idea_14 cts_idea_15 cts_idea_16 cts_idea_17 cts_idea_18 cts_idea_19
  	cts_idea_20 cts_lopair_00 cts_lopair_01 cts_lopair_02 cts_lopair_03
  	cts_lopair_04 cts_lopair_05 cts_lopair_06 cts_lopair_07 cts_lopair_08
  	cts_lopair_09 cts_lopair_10 cts_lopair_11 cts_lopair_12 cts_lopair_13
  	cts_lopair_14 cts_lopair_15 cts_lopair_16 cts_lopair_17 cts_lopair_18
  	cts_lopair_19 cts_lopair_20 cts_mmse30_00 cts_mmse30_01 cts_mmse30_02
  	cts_mmse30_03 cts_mmse30_04 cts_mmse30_05 cts_mmse30_06 cts_mmse30_07
  	cts_mmse30_08 cts_mmse30_09 cts_mmse30_10 cts_mmse30_11 cts_mmse30_12
  	cts_mmse30_13 cts_mmse30_14 cts_mmse30_15 cts_mmse30_16 cts_mmse30_17
  	cts_mmse30_18 cts_mmse30_19 cts_mmse30_20 cts_nccrtd_00 cts_nccrtd_01
  	cts_nccrtd_02 cts_nccrtd_03 cts_nccrtd_04 cts_nccrtd_05 cts_nccrtd_06
  	cts_nccrtd_07 cts_nccrtd_08 cts_nccrtd_09 cts_nccrtd_10 cts_nccrtd_11
  	cts_nccrtd_12 cts_nccrtd_13 cts_nccrtd_14 cts_nccrtd_15 cts_nccrtd_16
  	cts_nccrtd_17 cts_nccrtd_18 cts_nccrtd_19 cts_nccrtd_20 cts_pmat_00 cts_pmat_01
  	cts_pmat_02 cts_pmat_03 cts_pmat_04 cts_pmat_05 cts_pmat_06 cts_pmat_07
  	cts_pmat_08 cts_pmat_09 cts_pmat_10 cts_pmat_11 cts_pmat_12 cts_pmat_13
  	cts_pmat_14 cts_pmat_15 cts_pmat_16 cts_pmat_17 cts_pmat_18 cts_pmat_19
  	cts_pmat_20 cts_read_nart_00 cts_read_nart_01 cts_read_nart_02 cts_read_nart_03
  	cts_read_nart_04 cts_read_nart_05 cts_read_nart_06 cts_read_nart_07
  	cts_read_nart_08 cts_read_nart_09 cts_read_nart_10 cts_read_nart_11
  	cts_read_nart_12 cts_read_nart_13 cts_read_nart_14 cts_read_nart_15
  	cts_read_nart_16 cts_read_nart_17 cts_read_nart_18 cts_read_nart_19
  	cts_read_nart_20 cts_read_wrat_00 cts_read_wrat_01 cts_read_wrat_02
  	cts_read_wrat_03 cts_read_wrat_04 cts_read_wrat_05 cts_read_wrat_06
  	cts_read_wrat_07 cts_read_wrat_08 cts_read_wrat_09 cts_read_wrat_10
  	cts_read_wrat_11 cts_read_wrat_12 cts_read_wrat_13 cts_read_wrat_14
  	cts_read_wrat_15 cts_read_wrat_16 cts_read_wrat_17 cts_read_wrat_18
  	cts_read_wrat_19 cts_read_wrat_20 cts_sdmt_00 cts_sdmt_01 cts_sdmt_02
  	cts_sdmt_03 cts_sdmt_04 cts_sdmt_05 cts_sdmt_06 cts_sdmt_07 cts_sdmt_08
  	cts_sdmt_09 cts_sdmt_10 cts_sdmt_11 cts_sdmt_12 cts_sdmt_13 cts_sdmt_14
  	cts_sdmt_15 cts_sdmt_16 cts_sdmt_17 cts_sdmt_18 cts_sdmt_19 cts_sdmt_20
  	cts_story_00 cts_story_01 cts_story_02 cts_story_03 cts_story_04 cts_story_05
  	cts_story_06 cts_story_07 cts_story_08 cts_story_09 cts_story_10 cts_story_11
  	cts_story_12 cts_story_13 cts_story_14 cts_story_15 cts_story_16 cts_story_17
  	cts_story_18 cts_story_19 cts_story_20 cts_wli_00 cts_wli_01 cts_wli_02
  	cts_wli_03 cts_wli_04 cts_wli_05 cts_wli_06 cts_wli_07 cts_wli_08 cts_wli_09
  	cts_wli_10 cts_wli_11 cts_wli_12 cts_wli_13 cts_wli_14 cts_wli_15 cts_wli_16
  	cts_wli_17 cts_wli_18 cts_wli_19 cts_wli_20 cts_wlii_00 cts_wlii_01 cts_wlii_02
  	cts_wlii_03 cts_wlii_04 cts_wlii_05 cts_wlii_06 cts_wlii_07 cts_wlii_08
  	cts_wlii_09 cts_wlii_10 cts_wlii_11 cts_wlii_12 cts_wlii_13 cts_wlii_14
  	cts_wlii_15 cts_wlii_16 cts_wlii_17 cts_wlii_18 cts_wlii_19 cts_wlii_20
  	cts_wliii_00 cts_wliii_01 cts_wliii_02 cts_wliii_03 cts_wliii_04 cts_wliii_05
  	cts_wliii_06 cts_wliii_07 cts_wliii_08 cts_wliii_09 cts_wliii_10 cts_wliii_11
  	cts_wliii_12 cts_wliii_13 cts_wliii_14 cts_wliii_15 cts_wliii_16 cts_wliii_17
  	cts_wliii_18 cts_wliii_19 cts_wliii_20 dcfdx_00 dcfdx_01 dcfdx_02 dcfdx_03
  	dcfdx_04 dcfdx_05 dcfdx_06 dcfdx_07 dcfdx_08 dcfdx_09 dcfdx_10 dcfdx_11 dcfdx_12
  	dcfdx_13 dcfdx_14 dcfdx_15 dcfdx_16 dcfdx_17 dcfdx_18 dcfdx_19 dcfdx_20
  	dementia_00 dementia_01 dementia_02 dementia_03 dementia_04 dementia_05
  	dementia_06 dementia_07 dementia_08 dementia_09 dementia_10 dementia_11
  	dementia_12 dementia_13 dementia_14 dementia_15 dementia_16 dementia_17
  	dementia_18 dementia_19 dementia_20 dm_cum_00 dm_cum_01 dm_cum_02 dm_cum_03
  	dm_cum_04 dm_cum_05 dm_cum_06 dm_cum_07 dm_cum_08 dm_cum_09 dm_cum_10 dm_cum_11
  	dm_cum_12 dm_cum_13 dm_cum_14 dm_cum_15 dm_cum_16 dm_cum_17 dm_cum_18 dm_cum_19
  	dm_cum_20 fasting_00 fasting_01 fasting_02 fasting_03 fasting_04 fasting_05
  	fasting_06 fasting_07 fasting_08 fasting_09 fasting_10 fasting_11 fasting_12
  	fasting_13 fasting_14 fasting_15 fasting_16 fasting_17 fasting_18 fasting_19
  	fasting_20 fev_00 fev_01 fev_02 fev_03 fev_04 fev_05 fev_06 fev_07 fev_08 fev_09
  	fev_10 fev_11 fev_12 fev_13 fev_14 fev_15 fev_16 fev_17 fev_18 fev_19 fev_20
  	fu_year gait_speed_00 gait_speed_01 gait_speed_02 gait_speed_03 gait_speed_04
  	gait_speed_05 gait_speed_06 gait_speed_07 gait_speed_08 gait_speed_09
  	gait_speed_10 gait_speed_11 gait_speed_12 gait_speed_13 gait_speed_14
  	gait_speed_15 gait_speed_16 gait_speed_17 gait_speed_18 gait_speed_19
  	gait_speed_20 glucose_00 glucose_01 glucose_02 glucose_03 glucose_04 glucose_05
  	glucose_06 glucose_07 glucose_08 glucose_09 glucose_10 glucose_11 glucose_12
  	glucose_13 glucose_14 glucose_15 glucose_16 glucose_17 glucose_18 glucose_19
  	glucose_20 gripavg_00 gripavg_01 gripavg_02 gripavg_03 gripavg_04 gripavg_05
  	gripavg_06 gripavg_07 gripavg_08 gripavg_09 gripavg_10 gripavg_11 gripavg_12
  	gripavg_13 gripavg_14 gripavg_15 gripavg_16 gripavg_17 gripavg_18 gripavg_19
  	gripavg_20 hba1c_00 hba1c_01 hba1c_02 hba1c_03 hba1c_04 hba1c_05 hba1c_06
  	hba1c_07 hba1c_08 hba1c_09 hba1c_10 hba1c_11 hba1c_12 hba1c_13 hba1c_14 hba1c_15
  	hba1c_16 hba1c_17 hba1c_18 hba1c_19 hba1c_20 hdlchlstrl_00 hdlchlstrl_01
  	hdlchlstrl_02 hdlchlstrl_03 hdlchlstrl_04 hdlchlstrl_05 hdlchlstrl_06
  	hdlchlstrl_07 hdlchlstrl_08 hdlchlstrl_09 hdlchlstrl_10 hdlchlstrl_11
  	hdlchlstrl_12 hdlchlstrl_13 hdlchlstrl_14 hdlchlstrl_15 hdlchlstrl_16
  	hdlchlstrl_17 hdlchlstrl_18 hdlchlstrl_19 hdlchlstrl_20 hdlratio_00 hdlratio_01
  	hdlratio_02 hdlratio_03 hdlratio_04 hdlratio_05 hdlratio_06 hdlratio_07
  	hdlratio_08 hdlratio_09 hdlratio_10 hdlratio_11 hdlratio_12 hdlratio_13
  	hdlratio_14 hdlratio_15 hdlratio_16 hdlratio_17 hdlratio_18 hdlratio_19
  	hdlratio_20 heart_cum_00 heart_cum_01 heart_cum_02 heart_cum_03 heart_cum_04
  	heart_cum_05 heart_cum_06 heart_cum_07 heart_cum_08 heart_cum_09 heart_cum_10
  	heart_cum_11 heart_cum_12 heart_cum_13 heart_cum_14 heart_cum_15 heart_cum_16
  	heart_cum_17 heart_cum_18 heart_cum_19 heart_cum_20 htm_00 htm_01 htm_02 htm_03
  	htm_04 htm_05 htm_06 htm_07 htm_08 htm_09 htm_10 htm_11 htm_12 htm_13 htm_14
  	htm_15 htm_16 htm_17 htm_18 htm_19 htm_20 hypertension_cum_00
  	hypertension_cum_01 hypertension_cum_02 hypertension_cum_03 hypertension_cum_04
  	hypertension_cum_05 hypertension_cum_06 hypertension_cum_07 hypertension_cum_08
  	hypertension_cum_09 hypertension_cum_10 hypertension_cum_11 hypertension_cum_12
  	hypertension_cum_13 hypertension_cum_14 hypertension_cum_15 hypertension_cum_16
  	hypertension_cum_17 hypertension_cum_18 hypertension_cum_19 hypertension_cum_20
  	iadlsum_00 iadlsum_01 iadlsum_02 iadlsum_03 iadlsum_04 iadlsum_05 iadlsum_06
  	iadlsum_07 iadlsum_08 iadlsum_09 iadlsum_10 iadlsum_11 iadlsum_12 iadlsum_13
  	iadlsum_14 iadlsum_15 iadlsum_16 iadlsum_17 iadlsum_18 iadlsum_19 iadlsum_20
  	intrusion_00 intrusion_01 intrusion_02 intrusion_03 intrusion_04 intrusion_05
  	intrusion_06 intrusion_07 intrusion_08 intrusion_09 intrusion_10 intrusion_11
  	intrusion_12 intrusion_13 intrusion_14 intrusion_15 intrusion_16 intrusion_17
  	intrusion_18 intrusion_19 intrusion_20 k_00 k_01 k_02 k_03 k_04 k_05 k_06 k_07
  	k_08 k_09 k_10 k_11 k_12 k_13 k_14 k_15 k_16 k_17 k_18 k_19 k_20 katzsum_00
  	katzsum_01 katzsum_02 katzsum_03 katzsum_04 katzsum_05 katzsum_06 katzsum_07
  	katzsum_08 katzsum_09 katzsum_10 katzsum_11 katzsum_12 katzsum_13 katzsum_14
  	katzsum_15 katzsum_16 katzsum_17 katzsum_18 katzsum_19 katzsum_20 ldlchlstrl_00
  	ldlchlstrl_01 ldlchlstrl_02 ldlchlstrl_03 ldlchlstrl_04 ldlchlstrl_05
  	ldlchlstrl_06 ldlchlstrl_07 ldlchlstrl_08 ldlchlstrl_09 ldlchlstrl_10
  	ldlchlstrl_11 ldlchlstrl_12 ldlchlstrl_13 ldlchlstrl_14 ldlchlstrl_15
  	ldlchlstrl_16 ldlchlstrl_17 ldlchlstrl_18 ldlchlstrl_19 ldlchlstrl_20 mep_00
  	mep_01 mep_02 mep_03 mep_04 mep_05 mep_06 mep_07 mep_08 mep_09 mep_10 mep_11
  	mep_12 mep_13 mep_14 mep_15 mep_16 mep_17 mep_18 mep_19 mep_20 mip_00 mip_01
  	mip_02 mip_03 mip_04 mip_05 mip_06 mip_07 mip_08 mip_09 mip_10 mip_11 mip_12
  	mip_13 mip_14 mip_15 mip_16 mip_17 mip_18 mip_19 mip_20 na_00 na_01 na_02 na_03
  	na_04 na_05 na_06 na_07 na_08 na_09 na_10 na_11 na_12 na_13 na_14 na_15 na_16
  	na_17 na_18 na_19 na_20 neglifeevents_00 neglifeevents_01 neglifeevents_02
  	neglifeevents_03 neglifeevents_04 neglifeevents_05 neglifeevents_06
  	neglifeevents_07 neglifeevents_08 neglifeevents_09 neglifeevents_10
  	neglifeevents_11 neglifeevents_12 neglifeevents_13 neglifeevents_14
  	neglifeevents_15 neglifeevents_16 neglifeevents_17 neglifeevents_18
  	neglifeevents_19 neglifeevents_20 negsocexchange_00 negsocexchange_01
  	negsocexchange_02 negsocexchange_03 negsocexchange_04 negsocexchange_05
  	negsocexchange_06 negsocexchange_07 negsocexchange_08 negsocexchange_09
  	negsocexchange_10 negsocexchange_11 negsocexchange_12 negsocexchange_13
  	negsocexchange_14 negsocexchange_15 negsocexchange_16 negsocexchange_17
  	negsocexchange_18 negsocexchange_19 negsocexchange_20 nohelp_00 nohelp_01
  	nohelp_02 nohelp_03 nohelp_04 nohelp_05 nohelp_06 nohelp_07 nohelp_08 nohelp_09
  	nohelp_10 nohelp_11 nohelp_12 nohelp_13 nohelp_14 nohelp_15 nohelp_16 nohelp_17
  	nohelp_18 nohelp_19 nohelp_20 panas_00 panas_01 panas_02 panas_03 panas_04
  	panas_05 panas_06 panas_07 panas_08 panas_09 panas_10 panas_11 panas_12 panas_13
  	panas_14 panas_15 panas_16 panas_17 panas_18 panas_19 panas_20
  	perceivedstress_00 perceivedstress_01 perceivedstress_02 perceivedstress_03
  	perceivedstress_04 perceivedstress_05 perceivedstress_06 perceivedstress_07
  	perceivedstress_08 perceivedstress_09 perceivedstress_10 perceivedstress_11
  	perceivedstress_12 perceivedstress_13 perceivedstress_14 perceivedstress_15
  	perceivedstress_16 perceivedstress_17 perceivedstress_18 perceivedstress_19
  	perceivedstress_20 phys5itemsum_00 phys5itemsum_01 phys5itemsum_02
  	phys5itemsum_03 phys5itemsum_04 phys5itemsum_05 phys5itemsum_06 phys5itemsum_07
  	phys5itemsum_08 phys5itemsum_09 phys5itemsum_10 phys5itemsum_11 phys5itemsum_12
  	phys5itemsum_13 phys5itemsum_14 phys5itemsum_15 phys5itemsum_16 phys5itemsum_17
  	phys5itemsum_18 phys5itemsum_19 phys5itemsum_20 pvc_00 pvc_01 pvc_02 pvc_03
  	pvc_04 pvc_05 pvc_06 pvc_07 pvc_08 pvc_09 pvc_10 pvc_11 pvc_12 pvc_13 pvc_14
  	pvc_15 pvc_16 pvc_17 pvc_18 pvc_19 pvc_20 r_depres_00 r_depres_01 r_depres_02
  	r_depres_03 r_depres_04 r_depres_05 r_depres_06 r_depres_07 r_depres_08
  	r_depres_09 r_depres_10 r_depres_11 r_depres_12 r_depres_13 r_depres_14
  	r_depres_15 r_depres_16 r_depres_17 r_depres_18 r_depres_19 r_depres_20
  	rejection_00 rejection_01 rejection_02 rejection_03 rejection_04 rejection_05
  	rejection_06 rejection_07 rejection_08 rejection_09 rejection_10 rejection_11
  	rejection_12 rejection_13 rejection_14 rejection_15 rejection_16 rejection_17
  	rejection_18 rejection_19 rejection_20 rosbscl_00 rosbscl_01 rosbscl_02
  	rosbscl_03 rosbscl_04 rosbscl_05 rosbscl_06 rosbscl_07 rosbscl_08 rosbscl_09
  	rosbscl_10 rosbscl_11 rosbscl_12 rosbscl_13 rosbscl_14 rosbscl_15 rosbscl_16
  	rosbscl_17 rosbscl_18 rosbscl_19 rosbscl_20 rosbsum_00 rosbsum_01 rosbsum_02
  	rosbsum_03 rosbsum_04 rosbsum_05 rosbsum_06 rosbsum_07 rosbsum_08 rosbsum_09
  	rosbsum_10 rosbsum_11 rosbsum_12 rosbsum_13 rosbsum_14 rosbsum_15 rosbsum_16
  	rosbsum_17 rosbsum_18 rosbsum_19 rosbsum_20 r_stroke_00 r_stroke_01 r_stroke_02
  	r_stroke_03 r_stroke_04 r_stroke_05 r_stroke_06 r_stroke_07 r_stroke_08
  	r_stroke_09 r_stroke_10 r_stroke_11 r_stroke_12 r_stroke_13 r_stroke_14
  	r_stroke_15 r_stroke_16 r_stroke_17 r_stroke_18 r_stroke_19 r_stroke_20
  	scaled_to_y stroke_cum_00 stroke_cum_01 stroke_cum_02 stroke_cum_03
  	stroke_cum_04 stroke_cum_05 stroke_cum_06 stroke_cum_07 stroke_cum_08
  	stroke_cum_09 stroke_cum_10 stroke_cum_11 stroke_cum_12 stroke_cum_13
  	stroke_cum_14 stroke_cum_15 stroke_cum_16 stroke_cum_17 stroke_cum_18
  	stroke_cum_19 stroke_cum_20 study_y thyroid_cum_00 thyroid_cum_01 thyroid_cum_02
  	thyroid_cum_03 thyroid_cum_04 thyroid_cum_05 thyroid_cum_06 thyroid_cum_07
  	thyroid_cum_08 thyroid_cum_09 thyroid_cum_10 thyroid_cum_11 thyroid_cum_12
  	thyroid_cum_13 thyroid_cum_14 thyroid_cum_15 thyroid_cum_16 thyroid_cum_17
  	thyroid_cum_18 thyroid_cum_19 thyroid_cum_20 unsympathetic_00 unsympathetic_01
  	unsympathetic_02 unsympathetic_03 unsympathetic_04 unsympathetic_05
  	unsympathetic_06 unsympathetic_07 unsympathetic_08 unsympathetic_09
  	unsympathetic_10 unsympathetic_11 unsympathetic_12 unsympathetic_13
  	unsympathetic_14 unsympathetic_15 unsympathetic_16 unsympathetic_17
  	unsympathetic_18 unsympathetic_19 unsympathetic_20 vasc_3dis_sum_00
  	vasc_3dis_sum_01 vasc_3dis_sum_02 vasc_3dis_sum_03 vasc_3dis_sum_04
  	vasc_3dis_sum_05 vasc_3dis_sum_06 vasc_3dis_sum_07 vasc_3dis_sum_08
  	vasc_3dis_sum_09 vasc_3dis_sum_10 vasc_3dis_sum_11 vasc_3dis_sum_12
  	vasc_3dis_sum_13 vasc_3dis_sum_14 vasc_3dis_sum_15 vasc_3dis_sum_16
  	vasc_3dis_sum_17 vasc_3dis_sum_18 vasc_3dis_sum_19 vasc_3dis_sum_20
  	vasc_4dis_sum_00 vasc_4dis_sum_01 vasc_4dis_sum_02 vasc_4dis_sum_03
  	vasc_4dis_sum_04 vasc_4dis_sum_05 vasc_4dis_sum_06 vasc_4dis_sum_07
  	vasc_4dis_sum_08 vasc_4dis_sum_09 vasc_4dis_sum_10 vasc_4dis_sum_11
  	vasc_4dis_sum_12 vasc_4dis_sum_13 vasc_4dis_sum_14 vasc_4dis_sum_15
  	vasc_4dis_sum_16 vasc_4dis_sum_17 vasc_4dis_sum_18 vasc_4dis_sum_19
  	vasc_4dis_sum_20 vasc_risks_sum_00 vasc_risks_sum_01 vasc_risks_sum_02
  	vasc_risks_sum_03 vasc_risks_sum_04 vasc_risks_sum_05 vasc_risks_sum_06
  	vasc_risks_sum_07 vasc_risks_sum_08 vasc_risks_sum_09 vasc_risks_sum_10
  	vasc_risks_sum_11 vasc_risks_sum_12 vasc_risks_sum_13 vasc_risks_sum_14
  	vasc_risks_sum_15 vasc_risks_sum_16 vasc_risks_sum_17 vasc_risks_sum_18
  	vasc_risks_sum_19 vasc_risks_sum_20 vision_00 vision_01 vision_02 vision_03
  	vision_04 vision_05 vision_06 vision_07 vision_08 vision_09 vision_10 vision_11
  	vision_12 vision_13 vision_14 vision_15 vision_16 vision_17 vision_18 vision_19
  	vision_20 visionlog_00 visionlog_01 visionlog_02 visionlog_03 visionlog_04
  	visionlog_05 visionlog_06 visionlog_07 visionlog_08 visionlog_09 visionlog_10
  	visionlog_11 visionlog_12 visionlog_13 visionlog_14 visionlog_15 visionlog_16
  	visionlog_17 visionlog_18 visionlog_19 visionlog_20 wtkg_00 wtkg_01 wtkg_02
  	wtkg_03 wtkg_04 wtkg_05 wtkg_06 wtkg_07 wtkg_08 wtkg_09 wtkg_10 wtkg_11 wtkg_12
  	wtkg_13 wtkg_14 wtkg_15 wtkg_16 wtkg_17 wtkg_18 wtkg_19 wtkg_20 T0 T1 T2 T3 T4
  	T5 T6 T7 T8 T9 T10 T11 T12 T13 T14 T15 T16 T17 T18 T19 T20;
  Missing are all (-9999);
  USEVAR are
  !define the variables used in the analysis
  	time1-time14
  	p1-p14
  	c1-c14
  	Bage;
  	
  TSCORES are
  !define the time points
  	time1-time14;
  USEOBSERVATIONS are
  !select a subset of observations
  	msex EQ 1 and
  	dementia_00 NE 1 and dementia_01 NE 1 and dementia_02 NE 1 and
  	dementia_03 NE 1 and dementia_04 NE 1 and dementia_05 NE 1 and
  	dementia_06 NE 1 and dementia_07 NE 1 and dementia_08 NE 1 and
  	dementia_09 NE 1 and dementia_10 NE 1 and dementia_11 NE 1 and
  	dementia_12 NE 1 and dementia_13 NE 1 and dementia_14 NE 1 and
  	dementia_15 NE 1 and dementia_16 NE 1 and dementia_17 NE 1 and
  	dementia_18 NE 1 and dementia_19 NE 1 and dementia_20 NE 1;
  DEFINE:
  !assign variables to the process p
  	p1= fev_00;
  	p2= fev_01;
  	p3= fev_02;
  	p4= fev_03;
  	p5= fev_04;
  	p6= fev_05;
  	p7= fev_06;
  	p8= fev_07;
  	p9= fev_08;
  	p10=fev_09;
  	p11=fev_10;
  	p12=fev_11;
  	p13=fev_12;
  	p14=fev_13;
  	p15=fev_14;
  	p16=fev_15;
  	p17=fev_16;
  	p18=fev_17;
  	p19=fev_18;
  	p20=fev_19;
  	p21=fev_20;
  !assign variables to the process c
  	c1= cts_catflu_00;
  	c2= cts_catflu_01;
  	c3= cts_catflu_02;
  	c4= cts_catflu_03;
  	c5= cts_catflu_04;
  	c6= cts_catflu_05;
  	c7= cts_catflu_06;
  	c8= cts_catflu_07;
  	c9= cts_catflu_08;
  	c10=cts_catflu_09;
  	c11=cts_catflu_10;
  	c12=cts_catflu_11;
  	c13=cts_catflu_12;
  	c14=cts_catflu_13;
  	c15=cts_catflu_14;
  	c16=cts_catflu_15;
  	c17=cts_catflu_16;
  	c18=cts_catflu_17;
  	c19=cts_catflu_18;
  	c20=cts_catflu_19;
  	c21=cts_catflu_20;
  !assign variables to time points
  	time1= T0;
  	time2= T1;
  	time3= T2;
  	time4= T3;
  	time5= T4;
  	time6= T5;
  	time7= T6;
  	time8= T7;
  	time9= T8;
  	time10=T9;
  	time11=T10;
  	time12=T11;
  	time13=T12;
  	time14=T13;
  	time15=T14;
  	time16=T15;
  	time17=T16;
  	time18=T17;
  	time19=T18;
  	time20=T19;
  	time21=T20;
  !define the second-level terms
  	Bage=age_bl-70;   !Age centered at 70 baseline
  		!Dage=age_death;
  		!Sex=msex;         !0=female
  	Educ=educ-7;     ! Centered at 7 years
  		!SEP=SESgrp; couldn't find
  		!Marstat;
  	Height=htm_00-1.60;
  		!Weight
  		!BMI
  		!SmokHist=smoking;
  		!Alcohol;
  		!CompExp;
  		!PhysAct;
  		!BP;
  		!DepSymp;
  		!Cardio;
  		!Diab;
  		!MorbInd;
  		!BageEduc=Bage*Educ;
  ANALYSIS:
  TYPE = RANDOM;
  COVERAGE=.00;
  MODEL:
  !first-level equation
  	ip sp | p1-p14 AT time1-time14;
  	ic sc | c1-c14 AT time1-time14;
  !variance of the first-level terms	
  	ip (v_ip);
  	sp (v_sp);
  	ic (v_ic);
  	sc (v_sc);
  !covariance among first-level terms	
  	ip WITH sp (c_ipsp);
  	ip WITH ic (c_ipic);
  	ip WITH sc (c_ipsc);
  	sp WITH ic (c_spic);
  	sp WITH sc (c_spsc);
  	ic WITH sc (c_icsc);
  !second-level equation	
  	ip sp ic sc ON Bage;
  !residual means	
  	p1-p14 (res_p);
  	c1-c14 (res_c);
  !Paired covariances constrained to be equal across t	
  	p1-p14 pwith c1-c14(res_cov);
  MODEL CONSTRAINT:
  !assigns labels to new parameters;
  	NEW r_ipic;
  	NEW r_spsc;
  	NEW r_res_pc;
  !
  	r_ipic = c_ipic/((v_ip**0.5)*(v_ic**0.5));
  	r_spsc = c_spsc/((v_sp**0.5)*(v_sc**0.5));
  	r_res_pc = res_cov/((res_p**0.5)*(res_c**0.5));
  OUTPUT: sampstat cinterval;
  PLOT: Type is Plot1 Plot2 Plot3;



*** WARNING
  Data set contains cases with missing on all variables except
  x-variables.  These cases were not included in the analysis.
  Number of cases with missing on all variables except x-variables:  15
   1 WARNING(S) FOUND IN THE INPUT INSTRUCTIONS




Your new title

SUMMARY OF ANALYSIS

Number of groups                                                 1
Number of observations                                         336

Number of dependent variables                                   28
Number of independent variables                                  1
Number of continuous latent variables                            4

Observed dependent variables

  Continuous
   P1          P2          P3          P4          P5          P6
   P7          P8          P9          P10         P11         P12
   P13         P14         C1          C2          C3          C4
   C5          C6          C7          C8          C9          C10
   C11         C12         C13         C14

Observed independent variables
   BAGE

Continuous latent variables
   IP          SP          IC          SC

Variables with special functions

  Time scores
   TIME1       TIME2       TIME3       TIME4       TIME5       TIME6
   TIME7       TIME8       TIME9       TIME10      TIME11      TIME12
   TIME13      TIME14


Estimator                                                      MLR
Information matrix                                        OBSERVED
Maximum number of iterations                                   100
Convergence criterion                                    0.100D-05
Maximum number of EM iterations                                500
Convergence criteria for the EM algorithm
  Loglikelihood change                                   0.100D-02
  Relative loglikelihood change                          0.100D-05
  Derivative                                             0.100D-03
Minimum variance                                         0.100D-03
Maximum number of steepest descent iterations                   20
Maximum number of iterations for H1                           2000
Convergence criterion for H1                             0.100D-03
Optimization algorithm                                         EMA

Input data file(s)
  radcMAP_wide.dat
Input data format  FREE


SUMMARY OF DATA

     Number of missing data patterns           141


COVARIANCE COVERAGE OF DATA

Minimum covariance coverage value   0.000


     PROPORTION OF DATA PRESENT


           Covariance Coverage
              P1            P2            P3            P4            P5
              ________      ________      ________      ________      ________
 P1             0.872
 P2             0.598         0.604
 P3             0.470         0.432         0.482
 P4             0.348         0.312         0.315         0.357
 P5             0.226         0.190         0.196         0.196         0.286
 P6             0.110         0.089         0.089         0.074         0.125
 P7             0.092         0.065         0.057         0.045         0.068
 P8             0.143         0.137         0.128         0.098         0.101
 P9             0.161         0.149         0.149         0.104         0.089
 P10            0.119         0.119         0.116         0.098         0.092
 P11            0.089         0.092         0.095         0.086         0.074
 P12            0.039         0.042         0.042         0.042         0.036
 P13            0.000         0.000         0.000         0.000         0.012
 P14            0.000         0.000         0.000         0.000         0.012
 C1             0.872         0.604         0.482         0.357         0.286
 C2             0.696         0.598         0.473         0.351         0.277
 C3             0.586         0.503         0.482         0.351         0.280
 C4             0.488         0.411         0.390         0.351         0.280
 C5             0.426         0.366         0.348         0.295         0.283
 C6             0.310         0.262         0.250         0.196         0.202
 C7             0.271         0.232         0.223         0.179         0.173
 C8             0.223         0.208         0.196         0.146         0.140
 C9             0.199         0.188         0.190         0.137         0.113
 C10            0.140         0.137         0.137         0.113         0.095
 C11            0.101         0.104         0.104         0.098         0.092
 C12            0.042         0.045         0.045         0.045         0.054
 C13            0.000         0.000         0.000         0.000         0.015
 C14            0.000         0.000         0.000         0.000         0.012
 BAGE           0.872         0.604         0.482         0.357         0.286


           Covariance Coverage
              P6            P7            P8            P9            P10
              ________      ________      ________      ________      ________
 P6             0.170
 P7             0.083         0.143
 P8             0.089         0.095         0.185
 P9             0.071         0.068         0.131         0.188
 P10            0.054         0.042         0.098         0.113         0.140
 P11            0.042         0.012         0.062         0.074         0.089
 P12            0.030         0.003         0.024         0.024         0.033
 P13            0.012         0.012         0.012         0.009         0.012
 P14            0.012         0.012         0.012         0.009         0.009
 C1             0.170         0.143         0.185         0.188         0.140
 C2             0.161         0.128         0.179         0.185         0.137
 C3             0.170         0.140         0.185         0.188         0.137
 C4             0.164         0.134         0.179         0.182         0.137
 C5             0.167         0.140         0.182         0.185         0.134
 C6             0.170         0.137         0.179         0.182         0.131
 C7             0.131         0.137         0.179         0.188         0.140
 C8             0.113         0.110         0.185         0.188         0.140
 C9             0.086         0.077         0.155         0.185         0.137
 C10            0.062         0.054         0.116         0.125         0.137
 C11            0.054         0.024         0.083         0.095         0.104
 C12            0.045         0.018         0.039         0.039         0.048
 C13            0.015         0.015         0.015         0.012         0.012
 C14            0.012         0.012         0.012         0.009         0.009
 BAGE           0.170         0.143         0.185         0.188         0.140


           Covariance Coverage
              P11           P12           P13           P14           C1
              ________      ________      ________      ________      ________
 P11            0.098
 P12            0.036         0.042
 P13            0.003         0.000         0.012
 P14            0.000         0.000         0.009         0.012
 C1             0.098         0.042         0.012         0.012         1.000
 C2             0.095         0.042         0.012         0.012         0.804
 C3             0.098         0.042         0.012         0.012         0.679
 C4             0.095         0.042         0.012         0.012         0.560
 C5             0.095         0.042         0.012         0.012         0.494
 C6             0.092         0.042         0.012         0.012         0.372
 C7             0.098         0.042         0.012         0.012         0.324
 C8             0.095         0.042         0.012         0.012         0.268
 C9             0.098         0.042         0.009         0.009         0.229
 C10            0.092         0.039         0.012         0.009         0.161
 C11            0.092         0.042         0.012         0.012         0.122
 C12            0.042         0.042         0.012         0.012         0.060
 C13            0.003         0.000         0.012         0.012         0.015
 C14            0.000         0.000         0.009         0.012         0.012
 BAGE           0.098         0.042         0.012         0.012         1.000


           Covariance Coverage
              C2            C3            C4            C5            C6
              ________      ________      ________      ________      ________
 C2             0.804
 C3             0.661         0.679
 C4             0.539         0.542         0.560
 C5             0.479         0.482         0.476         0.494
 C6             0.357         0.363         0.357         0.363         0.372
 C7             0.310         0.318         0.312         0.318         0.312
 C8             0.259         0.262         0.262         0.262         0.259
 C9             0.223         0.226         0.220         0.223         0.220
 C10            0.158         0.158         0.155         0.155         0.152
 C11            0.122         0.122         0.119         0.119         0.116
 C12            0.060         0.060         0.060         0.060         0.060
 C13            0.015         0.015         0.015         0.015         0.015
 C14            0.012         0.012         0.012         0.012         0.012
 BAGE           0.804         0.679         0.560         0.494         0.372


           Covariance Coverage
              C7            C8            C9            C10           C11
              ________      ________      ________      ________      ________
 C7             0.324
 C8             0.262         0.268
 C9             0.226         0.226         0.229
 C10            0.158         0.161         0.158         0.161
 C11            0.122         0.122         0.119         0.116         0.122
 C12            0.060         0.060         0.057         0.054         0.060
 C13            0.015         0.015         0.012         0.012         0.015
 C14            0.012         0.012         0.009         0.009         0.012
 BAGE           0.324         0.268         0.229         0.161         0.122


           Covariance Coverage
              C12           C13           C14           BAGE
              ________      ________      ________      ________
 C12            0.060
 C13            0.015         0.015
 C14            0.012         0.012         0.012
 BAGE           0.060         0.015         0.012         1.000


SAMPLE STATISTICS


     ESTIMATED SAMPLE STATISTICS


           Means
              P1            P2            P3            P4            P5
              ________      ________      ________      ________      ________
 1              2.148         2.109         2.000         1.961         1.979


           Means
              P6            P7            P8            P9            P10
              ________      ________      ________      ________      ________
 1              1.966         1.941         1.794         1.736         1.709


           Means
              P11           P12           P13           P14           C1
              ________      ________      ________      ________      ________
 1              1.633         1.802         1.785         1.597        32.378


           Means
              C2            C3            C4            C5            C6
              ________      ________      ________      ________      ________
 1             32.424        31.717        31.772        31.657        30.296


           Means
              C7            C8            C9            C10           C11
              ________      ________      ________      ________      ________
 1             29.748        30.304        29.258        27.727        26.723


           Means
              C12           C13           C14           BAGE
              ________      ________      ________      ________
 1             27.099        28.845        30.299         9.732


           Covariances
              P1            P2            P3            P4            P5
              ________      ________      ________      ________      ________
 P1             0.426
 P2             0.350         0.355
 P3             0.357         0.334         0.415
 P4             0.377         0.352         0.367         0.439
 P5             0.365         0.348         0.347         0.388         0.420
 P6             0.392         0.372         0.356         0.380         0.379
 P7             0.287         0.263         0.271         0.326         0.304
 P8             0.361         0.320         0.319         0.379         0.349
 P9             0.385         0.342         0.326         0.361         0.342
 P10            0.336         0.307         0.294         0.317         0.328
 P11            0.266         0.236         0.213         0.222         0.235
 P12            0.217         0.170         0.188         0.165         0.155
 P13            0.161         0.146         0.149         0.198         0.186
 P14            0.189         0.173         0.173         0.219         0.209
 C1             1.797         1.558         1.484         1.662         1.773
 C2             1.773         1.487         1.252         1.568         2.070
 C3             1.907         1.663         1.404         1.732         2.211
 C4             2.109         1.643         1.561         2.117         2.222
 C5             2.556         2.222         2.134         2.684         3.027
 C6             2.125         1.807         1.802         2.349         2.182
 C7             1.810         1.603         1.298         2.552         1.972
 C8             1.418         1.181         1.248         1.450         1.474
 C9             1.875         1.713         1.374         2.520         2.203
 C10            2.787         2.162         2.125         3.258         2.640
 C11            1.835         1.510         1.612         2.276         1.683
 C12            2.270         1.544         1.569         2.385         1.529
 C13            1.694         1.475         1.515         2.217         2.009
 C14            1.925         1.633         1.816         2.525         2.171
 BAGE          -1.474        -1.262        -1.386        -1.831        -1.682


           Covariances
              P6            P7            P8            P9            P10
              ________      ________      ________      ________      ________
 P6             0.442
 P7             0.302         0.312
 P8             0.366         0.283         0.404
 P9             0.401         0.285         0.340         0.438
 P10            0.369         0.282         0.309         0.372         0.361
 P11            0.284         0.217         0.232         0.301         0.277
 P12            0.199         0.136         0.183         0.242         0.204
 P13            0.167         0.159         0.162         0.152         0.155
 P14            0.192         0.176         0.185         0.180         0.178
 C1             1.472         1.795         1.393         1.846         1.678
 C2             1.722         1.642         1.441         1.861         1.634
 C3             2.129         1.942         1.283         1.991         2.021
 C4             1.836         1.746         1.470         1.962         1.807
 C5             2.603         2.971         2.026         2.395         2.601
 C6             2.227         2.339         1.604         1.921         2.048
 C7             1.452         2.540         1.672         1.424         1.464
 C8             1.027         1.763         0.849         1.261         1.338
 C9             2.106         2.150         1.837         1.951         1.946
 C10            2.733         2.388         2.365         2.834         2.476
 C11            1.634         2.241         0.887         1.618         1.491
 C12            1.745         1.466         1.329         2.819         2.154
 C13            1.640         1.705         1.672         1.601         1.669
 C14            1.966         2.120         1.955         1.773         1.838
 BAGE          -1.594        -1.743        -1.285        -1.740        -1.336


           Covariances
              P11           P12           P13           P14           C1
              ________      ________      ________      ________      ________
 P11            0.279
 P12            0.192         0.262
 P13            0.078         0.056         0.153
 P14            0.096         0.072         0.169         0.194
 C1             1.041         0.977         0.146         0.171        82.997
 C2             0.832         1.456         0.641         0.946        63.291
 C3             1.081         0.237         0.564         0.770        61.048
 C4             1.116         1.506         0.574         0.526        60.535
 C5             1.453         0.843         1.722         1.939        71.399
 C6             0.415         0.490         1.038         1.033        68.885
 C7             0.460         0.702         1.313         1.500        55.980
 C8             0.776         1.079         0.696         0.912        53.559
 C9             0.621         0.328         1.458         1.651        58.086
 C10            1.486         1.650         1.266         1.311        67.282
 C11            1.046         0.926         1.301         1.510        49.703
 C12            0.991         2.795         1.467         1.856        26.638
 C13            0.570         0.599         1.774         1.931         4.390
 C14            0.823         0.831         1.940         2.077         5.669
 BAGE          -0.778        -1.018        -0.936        -0.985       -17.802


           Covariances
              C2            C3            C4            C5            C6
              ________      ________      ________      ________      ________
 C2            85.612
 C3            64.631        85.995
 C4            62.807        62.468        80.278
 C5            70.615        75.772        73.542       107.122
 C6            67.721        76.317        72.757        84.516       108.668
 C7            58.224        58.386        60.413        70.364        68.142
 C8            56.159        59.824        60.318        70.769        73.624
 C9            63.938        68.098        68.889        82.210        81.307
 C10           65.216        76.729        85.865        81.097        83.754
 C11           58.146        57.275        63.821        71.873        71.062
 C12           59.559        43.358        61.632        38.906        54.826
 C13           11.250        11.628        14.571        23.898        20.739
 C14           15.189         8.834        16.255        28.272        26.809
 BAGE         -15.622       -19.969       -18.269       -24.808       -29.107


           Covariances
              C7            C8            C9            C10           C11
              ________      ________      ________      ________      ________
 C7            81.521
 C8            64.605        91.022
 C9            74.339        76.985       104.386
 C10           79.227        85.572       102.092       140.351
 C11           67.750        78.709        84.390       103.180       112.357
 C12           62.670        68.577        79.487        98.256        90.221
 C13           22.905        16.255        26.014        23.333        20.397
 C14           22.587        18.357        27.757        24.745        30.404
 BAGE         -20.550       -23.924       -21.810       -26.616       -22.801


           Covariances
              C12           C13           C14           BAGE
              ________      ________      ________      ________
 C12          150.111
 C13           30.436        23.866
 C14           30.970        24.213        30.867
 BAGE         -22.557       -13.261       -15.913        51.255


           Correlations
              P1            P2            P3            P4            P5
              ________      ________      ________      ________      ________
 P1             1.000
 P2             0.901         1.000
 P3             0.850         0.869         1.000
 P4             0.871         0.892         0.861         1.000
 P5             0.863         0.901         0.831         0.905         1.000
 P6             0.903         0.940         0.831         0.863         0.879
 P7             0.786         0.790         0.753         0.880         0.839
 P8             0.870         0.844         0.779         0.900         0.848
 P9             0.892         0.867         0.765         0.824         0.798
 P10            0.857         0.856         0.760         0.796         0.842
 P11            0.772         0.751         0.625         0.634         0.686
 P12            0.648         0.558         0.571         0.485         0.468
 P13            0.631         0.629         0.591         0.766         0.736
 P14            0.657         0.660         0.608         0.751         0.730
 C1             0.302         0.287         0.253         0.275         0.300
 C2             0.294         0.270         0.210         0.256         0.345
 C3             0.315         0.301         0.235         0.282         0.368
 C4             0.361         0.308         0.271         0.357         0.383
 C5             0.378         0.360         0.320         0.392         0.451
 C6             0.312         0.291         0.268         0.340         0.323
 C7             0.307         0.298         0.223         0.427         0.337
 C8             0.228         0.208         0.203         0.229         0.238
 C9             0.281         0.281         0.209         0.372         0.333
 C10            0.361         0.306         0.279         0.415         0.344
 C11            0.265         0.239         0.236         0.324         0.245
 C12            0.284         0.211         0.199         0.294         0.193
 C13            0.531         0.507         0.482         0.685         0.634
 C14            0.531         0.493         0.508         0.686         0.603
 BAGE          -0.316        -0.296        -0.301        -0.386        -0.363


           Correlations
              P6            P7            P8            P9            P10
              ________      ________      ________      ________      ________
 P6             1.000
 P7             0.813         1.000
 P8             0.867         0.798         1.000
 P9             0.912         0.772         0.809         1.000
 P10            0.922         0.839         0.809         0.934         1.000
 P11            0.808         0.734         0.691         0.860         0.872
 P12            0.585         0.476         0.562         0.713         0.662
 P13            0.642         0.728         0.653         0.590         0.662
 P14            0.656         0.716         0.661         0.618         0.670
 C1             0.243         0.353         0.241         0.306         0.306
 C2             0.280         0.318         0.245         0.304         0.294
 C3             0.345         0.375         0.218         0.325         0.362
 C4             0.308         0.349         0.258         0.331         0.335
 C5             0.378         0.514         0.308         0.350         0.418
 C6             0.321         0.402         0.242         0.279         0.327
 C7             0.242         0.503         0.291         0.238         0.270
 C8             0.162         0.331         0.140         0.200         0.233
 C9             0.310         0.377         0.283         0.289         0.317
 C10            0.347         0.361         0.314         0.362         0.348
 C11            0.232         0.378         0.132         0.231         0.234
 C12            0.214         0.214         0.171         0.348         0.292
 C13            0.505         0.625         0.539         0.495         0.568
 C14            0.532         0.683         0.554         0.482         0.550
 BAGE          -0.335        -0.436        -0.282        -0.367        -0.310


           Correlations
              P11           P12           P13           P14           C1
              ________      ________      ________      ________      ________
 P11            1.000
 P12            0.709         1.000
 P13            0.380         0.280         1.000
 P14            0.413         0.317         0.980         1.000
 C1             0.216         0.209         0.041         0.042         1.000
 C2             0.170         0.307         0.177         0.232         0.751
 C3             0.221         0.050         0.156         0.188         0.723
 C4             0.236         0.328         0.164         0.133         0.742
 C5             0.266         0.159         0.426         0.425         0.757
 C6             0.075         0.092         0.255         0.225         0.725
 C7             0.096         0.152         0.372         0.377         0.681
 C8             0.154         0.221         0.187         0.217         0.616
 C9             0.115         0.063         0.365         0.366         0.624
 C10            0.237         0.272         0.274         0.251         0.623
 C11            0.187         0.171         0.314         0.323         0.515
 C12            0.153         0.445         0.307         0.343         0.239
 C13            0.221         0.240         0.930         0.896         0.099
 C14            0.280         0.292         0.894         0.848         0.112
 BAGE          -0.206        -0.278        -0.335        -0.312        -0.273


           Correlations
              C2            C3            C4            C5            C6
              ________      ________      ________      ________      ________
 C2             1.000
 C3             0.753         1.000
 C4             0.758         0.752         1.000
 C5             0.737         0.789         0.793         1.000
 C6             0.702         0.789         0.779         0.783         1.000
 C7             0.697         0.697         0.747         0.753         0.724
 C8             0.636         0.676         0.706         0.717         0.740
 C9             0.676         0.719         0.753         0.777         0.763
 C10            0.595         0.698         0.809         0.661         0.678
 C11            0.593         0.583         0.672         0.655         0.643
 C12            0.525         0.382         0.561         0.307         0.429
 C13            0.249         0.257         0.333         0.473         0.407
 C14            0.295         0.171         0.327         0.492         0.463
 BAGE          -0.236        -0.301        -0.285        -0.335        -0.390


           Correlations
              C7            C8            C9            C10           C11
              ________      ________      ________      ________      ________
 C7             1.000
 C8             0.750         1.000
 C9             0.806         0.790         1.000
 C10            0.741         0.757         0.843         1.000
 C11            0.708         0.778         0.779         0.822         1.000
 C12            0.567         0.587         0.635         0.677         0.695
 C13            0.519         0.349         0.521         0.403         0.394
 C14            0.450         0.346         0.489         0.376         0.516
 BAGE          -0.318        -0.350        -0.298        -0.314        -0.300


           Correlations
              C12           C13           C14           BAGE
              ________      ________      ________      ________
 C12            1.000
 C13            0.508         1.000
 C14            0.455         0.892         1.000
 BAGE          -0.257        -0.379        -0.400         1.000


     MAXIMUM LOG-LIKELIHOOD VALUE FOR THE UNRESTRICTED (H1) MODEL IS -6402.723


UNIVARIATE HIGHER-ORDER MOMENT DESCRIPTIVE STATISTICS


     UNIVARIATE HIGHER-ORDER MOMENT DESCRIPTIVE STATISTICS

         Variable/         Mean/     Skewness/   Minimum/ % with                Percentiles
        Sample Size      Variance    Kurtosis    Maximum  Min/Max      20%/60%    40%/80%    Median

     P1                    2.156      -0.292       0.000    0.34%       1.605      2.005      2.170
             293.000       0.431      -0.205       3.535    0.34%       2.370      2.730
     P2                    2.173      -0.189       0.735    0.49%       1.695      2.050      2.180
             203.000       0.310      -0.416       3.605    0.49%       2.330      2.670
     P3                    2.066      -0.103       0.585    0.62%       1.580      1.910      2.062
             162.000       0.359      -0.286       3.630    0.62%       2.245      2.585
     P4                    2.027      -0.065       0.785    0.83%       1.555      1.910      2.060
             120.000       0.306      -0.265       3.490    0.83%       2.165      2.410
     P5                    2.051      -0.077       0.865    1.04%       1.470      1.940      2.093
              96.000       0.294      -0.588       3.285    1.04%       2.215      2.515
     P6                    2.029       0.029       0.585    1.75%       1.335      1.830      2.080
              57.000       0.460      -0.504       3.625    1.75%       2.250      2.660
     P7                    2.085      -0.313       0.995    2.08%       1.415      2.025      2.152
              48.000       0.270      -0.932       2.895    2.08%       2.255      2.535
     P8                    2.045      -0.208       0.805    1.61%       1.495      1.995      2.105
              62.000       0.324      -0.792       3.015    1.61%       2.205      2.675
     P9                    2.057       0.093       1.055    1.59%       1.580      1.880      2.100
              63.000       0.272      -0.597       3.220    1.59%       2.195      2.470
     P10                   1.921      -0.116       1.000    2.13%       1.465      1.835      1.975
              47.000       0.237      -0.608       2.870    2.13%       2.055      2.310
     P11                   1.827      -0.521       0.610    3.03%       1.465      1.750      1.810
              33.000       0.207       0.328       2.635    3.03%       1.935      2.250
     P12                   1.860      -0.380       1.015    7.14%       1.500      1.725      1.907
              14.000       0.193      -0.697       2.550    7.14%       1.925      2.155
     P13                   1.904      -0.924       1.010   25.00%       1.010      1.965      2.140
               4.000       0.287      -0.885       2.325   25.00%       1.965      2.315
     P14                   1.693      -0.220       0.835   25.00%       0.835      1.435      1.755
               4.000       0.371      -1.449       2.425   25.00%       1.435      2.075
     C1                   32.378       0.202       9.000    0.30%      24.000     30.000     32.000
             336.000      82.997      -0.267      60.000    0.30%      34.000     41.000
     C2                   32.767       0.296      12.000    0.74%      25.000     30.000     33.000
             270.000      82.290      -0.071      61.000    0.37%      35.000     40.000
     C3                   32.526       0.358      13.000    0.44%      25.000     30.000     32.000
             228.000      78.398       0.007      61.000    0.44%      34.000     39.000
     C4                   32.809       0.349      14.000    0.53%      26.000     30.000     31.500
             188.000      71.442      -0.217      58.000    0.53%      34.000     40.000
     C5                   32.898      -0.016      11.000    0.60%      24.000     30.000     33.500
             166.000      88.104      -0.303      55.000    1.20%      36.000     40.000
     C6                   32.064       0.620      15.000    2.40%      24.000     29.000     31.000
             125.000      83.772       0.869      66.000    0.80%      33.000     39.000
     C7                   31.486       0.110      14.000    2.75%      24.000     30.000     32.000
             109.000      63.644      -0.118      53.000    0.92%      34.000     37.000
     C8                   32.322       0.610      15.000    1.11%      24.000     30.000     32.000
              90.000      76.841       0.484      60.000    1.11%      35.000     38.000
     C9                   31.818       0.413      14.000    1.30%      24.000     29.000     30.000
              77.000      75.811       0.112      57.000    1.30%      35.000     39.000
     C10                  29.907       0.474      13.000    1.85%      23.000     26.000     27.500
              54.000      84.603      -0.157      56.000    1.85%      32.000     38.000
     C11                  29.951       0.210       9.000    2.44%      22.000     27.000     30.000
              41.000      81.315      -0.075      53.000    2.44%      31.000     37.000
     C12                  31.250       0.828      14.000    5.00%      23.000     27.000     30.500
              20.000     107.088       0.772      58.000    5.00%      31.000     36.000
     C13                  30.600       0.191      22.000   20.00%      22.000     28.000     29.000
               5.000      36.640      -0.994      40.000   20.00%      29.000     34.000
     C14                  32.500       0.471      21.000   25.00%      21.000     31.000     31.000
               4.000      86.750      -0.950      47.000   25.00%      31.000     31.000
     BAGE                  9.732      -0.533     -12.094    0.30%       3.996      8.620     10.735
             336.000      51.255       0.023      25.242    0.30%      12.382     15.744


THE MODEL ESTIMATION TERMINATED NORMALLY



MODEL FIT INFORMATION

Number of Free Parameters                       21

Loglikelihood

          H0 Value                       -5911.683
          H0 Scaling Correction Factor      1.1357
            for MLR

Information Criteria

          Akaike (AIC)                   11865.365
          Bayesian (BIC)                 11945.525
          Sample-Size Adjusted BIC       11878.910
            (n* = (n + 2) / 24)



MODEL RESULTS

                                                    Two-Tailed
                    Estimate       S.E.  Est./S.E.    P-Value

 IP         ON
    BAGE              -0.027      0.004     -6.205      0.000

 SP         ON
    BAGE              -0.001      0.000     -1.615      0.106

 IC         ON
    BAGE              -0.343      0.065     -5.274      0.000

 SC         ON
    BAGE              -0.015      0.011     -1.399      0.162

 IP       WITH
    SP                -0.003      0.002     -1.744      0.081
    IC                 1.216      0.296      4.115      0.000
    SC                -0.007      0.044     -0.160      0.873

 SP       WITH
    IC                -0.021      0.030     -0.692      0.489
    SC                 0.002      0.003      0.944      0.345

 IC       WITH
    SC                -0.934      0.735     -1.270      0.204

 P1       WITH
    C1                 0.058      0.037      1.567      0.117

 P2       WITH
    C2                 0.058      0.037      1.567      0.117

 P3       WITH
    C3                 0.058      0.037      1.567      0.117

 P4       WITH
    C4                 0.058      0.037      1.567      0.117

 P5       WITH
    C5                 0.058      0.037      1.567      0.117

 P6       WITH
    C6                 0.058      0.037      1.567      0.117

 P7       WITH
    C7                 0.058      0.037      1.567      0.117

 P8       WITH
    C8                 0.058      0.037      1.567      0.117

 P9       WITH
    C9                 0.058      0.037      1.567      0.117

 P10      WITH
    C10                0.058      0.037      1.567      0.117

 P11      WITH
    C11                0.058      0.037      1.567      0.117

 P12      WITH
    C12                0.058      0.037      1.567      0.117

 P13      WITH
    C13                0.058      0.037      1.567      0.117

 P14      WITH
    C14                0.058      0.037      1.567      0.117

 Intercepts
    P1                 0.000      0.000    999.000    999.000
    P2                 0.000      0.000    999.000    999.000
    P3                 0.000      0.000    999.000    999.000
    P4                 0.000      0.000    999.000    999.000
    P5                 0.000      0.000    999.000    999.000
    P6                 0.000      0.000    999.000    999.000
    P7                 0.000      0.000    999.000    999.000
    P8                 0.000      0.000    999.000    999.000
    P9                 0.000      0.000    999.000    999.000
    P10                0.000      0.000    999.000    999.000
    P11                0.000      0.000    999.000    999.000
    P12                0.000      0.000    999.000    999.000
    P13                0.000      0.000    999.000    999.000
    P14                0.000      0.000    999.000    999.000
    C1                 0.000      0.000    999.000    999.000
    C2                 0.000      0.000    999.000    999.000
    C3                 0.000      0.000    999.000    999.000
    C4                 0.000      0.000    999.000    999.000
    C5                 0.000      0.000    999.000    999.000
    C6                 0.000      0.000    999.000    999.000
    C7                 0.000      0.000    999.000    999.000
    C8                 0.000      0.000    999.000    999.000
    C9                 0.000      0.000    999.000    999.000
    C10                0.000      0.000    999.000    999.000
    C11                0.000      0.000    999.000    999.000
    C12                0.000      0.000    999.000    999.000
    C13                0.000      0.000    999.000    999.000
    C14                0.000      0.000    999.000    999.000
    IP                 2.407      0.055     43.459      0.000
    SP                -0.040      0.005     -7.905      0.000
    IC                36.095      0.798     45.208      0.000
    SC                -0.336      0.112     -2.997      0.003

 Residual Variances
    P1                 0.050      0.005     10.233      0.000
    P2                 0.050      0.005     10.233      0.000
    P3                 0.050      0.005     10.233      0.000
    P4                 0.050      0.005     10.233      0.000
    P5                 0.050      0.005     10.233      0.000
    P6                 0.050      0.005     10.233      0.000
    P7                 0.050      0.005     10.233      0.000
    P8                 0.050      0.005     10.233      0.000
    P9                 0.050      0.005     10.233      0.000
    P10                0.050      0.005     10.233      0.000
    P11                0.050      0.005     10.233      0.000
    P12                0.050      0.005     10.233      0.000
    P13                0.050      0.005     10.233      0.000
    P14                0.050      0.005     10.233      0.000
    C1                21.580      1.070     20.174      0.000
    C2                21.580      1.070     20.174      0.000
    C3                21.580      1.070     20.174      0.000
    C4                21.580      1.070     20.174      0.000
    C5                21.580      1.070     20.174      0.000
    C6                21.580      1.070     20.174      0.000
    C7                21.580      1.070     20.174      0.000
    C8                21.580      1.070     20.174      0.000
    C9                21.580      1.070     20.174      0.000
    C10               21.580      1.070     20.174      0.000
    C11               21.580      1.070     20.174      0.000
    C12               21.580      1.070     20.174      0.000
    C13               21.580      1.070     20.174      0.000
    C14               21.580      1.070     20.174      0.000
    IP                 0.321      0.028     11.281      0.000
    SP                 0.000      0.000      2.568      0.010
    IC                59.286      5.309     11.168      0.000
    SC                 0.360      0.113      3.194      0.001

New/Additional Parameters
    R_IPIC             0.279      0.060      4.618      0.000
    R_SPSC             0.204      0.201      1.015      0.310
    R_RES_PC           0.055      0.035      1.586      0.113


QUALITY OF NUMERICAL RESULTS

     Condition Number for the Information Matrix              0.155E-05
       (ratio of smallest to largest eigenvalue)


CONFIDENCE INTERVALS OF MODEL RESULTS

                  Lower .5%  Lower 2.5%    Lower 5%    Estimate    Upper 5%  Upper 2.5%   Upper .5%

 IP       ON
    BAGE            -0.039      -0.036      -0.035      -0.027      -0.020      -0.019      -0.016

 SP       ON
    BAGE            -0.002      -0.002      -0.002      -0.001       0.000       0.000       0.000

 IC       ON
    BAGE            -0.510      -0.470      -0.450      -0.343      -0.236      -0.215      -0.175

 SC       ON
    BAGE            -0.042      -0.035      -0.032      -0.015       0.003       0.006       0.012

 IP       WITH
    SP              -0.008      -0.007      -0.006      -0.003       0.000       0.000       0.001
    IC               0.455       0.637       0.730       1.216       1.702       1.796       1.978
    SC              -0.122      -0.094      -0.080      -0.007       0.066       0.080       0.107

 SP       WITH
    IC              -0.100      -0.081      -0.071      -0.021       0.029       0.039       0.057
    SC              -0.004      -0.003      -0.002       0.002       0.007       0.007       0.009

 IC       WITH
    SC              -2.828      -2.375      -2.143      -0.934       0.276       0.507       0.960

 P1       WITH
    C1              -0.037      -0.014      -0.003       0.058       0.118       0.130       0.152

 P2       WITH
    C2              -0.037      -0.014      -0.003       0.058       0.118       0.130       0.152

 P3       WITH
    C3              -0.037      -0.014      -0.003       0.058       0.118       0.130       0.152

 P4       WITH
    C4              -0.037      -0.014      -0.003       0.058       0.118       0.130       0.152

 P5       WITH
    C5              -0.037      -0.014      -0.003       0.058       0.118       0.130       0.152

 P6       WITH
    C6              -0.037      -0.014      -0.003       0.058       0.118       0.130       0.152

 P7       WITH
    C7              -0.037      -0.014      -0.003       0.058       0.118       0.130       0.152

 P8       WITH
    C8              -0.037      -0.014      -0.003       0.058       0.118       0.130       0.152

 P9       WITH
    C9              -0.037      -0.014      -0.003       0.058       0.118       0.130       0.152

 P10      WITH
    C10             -0.037      -0.014      -0.003       0.058       0.118       0.130       0.152

 P11      WITH
    C11             -0.037      -0.014      -0.003       0.058       0.118       0.130       0.152

 P12      WITH
    C12             -0.037      -0.014      -0.003       0.058       0.118       0.130       0.152

 P13      WITH
    C13             -0.037      -0.014      -0.003       0.058       0.118       0.130       0.152

 P14      WITH
    C14             -0.037      -0.014      -0.003       0.058       0.118       0.130       0.152

 Intercepts
    P1               0.000       0.000       0.000       0.000       0.000       0.000       0.000
    P2               0.000       0.000       0.000       0.000       0.000       0.000       0.000
    P3               0.000       0.000       0.000       0.000       0.000       0.000       0.000
    P4               0.000       0.000       0.000       0.000       0.000       0.000       0.000
    P5               0.000       0.000       0.000       0.000       0.000       0.000       0.000
    P6               0.000       0.000       0.000       0.000       0.000       0.000       0.000
    P7               0.000       0.000       0.000       0.000       0.000       0.000       0.000
    P8               0.000       0.000       0.000       0.000       0.000       0.000       0.000
    P9               0.000       0.000       0.000       0.000       0.000       0.000       0.000
    P10              0.000       0.000       0.000       0.000       0.000       0.000       0.000
    P11              0.000       0.000       0.000       0.000       0.000       0.000       0.000
    P12              0.000       0.000       0.000       0.000       0.000       0.000       0.000
    P13              0.000       0.000       0.000       0.000       0.000       0.000       0.000
    P14              0.000       0.000       0.000       0.000       0.000       0.000       0.000
    C1               0.000       0.000       0.000       0.000       0.000       0.000       0.000
    C2               0.000       0.000       0.000       0.000       0.000       0.000       0.000
    C3               0.000       0.000       0.000       0.000       0.000       0.000       0.000
    C4               0.000       0.000       0.000       0.000       0.000       0.000       0.000
    C5               0.000       0.000       0.000       0.000       0.000       0.000       0.000
    C6               0.000       0.000       0.000       0.000       0.000       0.000       0.000
    C7               0.000       0.000       0.000       0.000       0.000       0.000       0.000
    C8               0.000       0.000       0.000       0.000       0.000       0.000       0.000
    C9               0.000       0.000       0.000       0.000       0.000       0.000       0.000
    C10              0.000       0.000       0.000       0.000       0.000       0.000       0.000
    C11              0.000       0.000       0.000       0.000       0.000       0.000       0.000
    C12              0.000       0.000       0.000       0.000       0.000       0.000       0.000
    C13              0.000       0.000       0.000       0.000       0.000       0.000       0.000
    C14              0.000       0.000       0.000       0.000       0.000       0.000       0.000
    IP               2.264       2.298       2.316       2.407       2.498       2.515       2.549
    SP              -0.053      -0.050      -0.048      -0.040      -0.032      -0.030      -0.027
    IC              34.039      34.530      34.782      36.095      37.409      37.660      38.152
    SC              -0.625      -0.556      -0.521      -0.336      -0.152      -0.116      -0.047

 Residual Variances
    P1               0.037       0.040       0.042       0.050       0.058       0.060       0.063
    P2               0.037       0.040       0.042       0.050       0.058       0.060       0.063
    P3               0.037       0.040       0.042       0.050       0.058       0.060       0.063
    P4               0.037       0.040       0.042       0.050       0.058       0.060       0.063
    P5               0.037       0.040       0.042       0.050       0.058       0.060       0.063
    P6               0.037       0.040       0.042       0.050       0.058       0.060       0.063
    P7               0.037       0.040       0.042       0.050       0.058       0.060       0.063
    P8               0.037       0.040       0.042       0.050       0.058       0.060       0.063
    P9               0.037       0.040       0.042       0.050       0.058       0.060       0.063
    P10              0.037       0.040       0.042       0.050       0.058       0.060       0.063
    P11              0.037       0.040       0.042       0.050       0.058       0.060       0.063
    P12              0.037       0.040       0.042       0.050       0.058       0.060       0.063
    P13              0.037       0.040       0.042       0.050       0.058       0.060       0.063
    P14              0.037       0.040       0.042       0.050       0.058       0.060       0.063
    C1              18.825      19.483      19.820      21.580      23.340      23.677      24.335
    C2              18.825      19.483      19.820      21.580      23.340      23.677      24.335
    C3              18.825      19.483      19.820      21.580      23.340      23.677      24.335
    C4              18.825      19.483      19.820      21.580      23.340      23.677      24.335
    C5              18.825      19.483      19.820      21.580      23.340      23.677      24.335
    C6              18.825      19.483      19.820      21.580      23.340      23.677      24.335
    C7              18.825      19.483      19.820      21.580      23.340      23.677      24.335
    C8              18.825      19.483      19.820      21.580      23.340      23.677      24.335
    C9              18.825      19.483      19.820      21.580      23.340      23.677      24.335
    C10             18.825      19.483      19.820      21.580      23.340      23.677      24.335
    C11             18.825      19.483      19.820      21.580      23.340      23.677      24.335
    C12             18.825      19.483      19.820      21.580      23.340      23.677      24.335
    C13             18.825      19.483      19.820      21.580      23.340      23.677      24.335
    C14             18.825      19.483      19.820      21.580      23.340      23.677      24.335
    IP               0.247       0.265       0.274       0.321       0.367       0.376       0.394
    SP               0.000       0.000       0.000       0.000       0.001       0.001       0.001
    IC              45.612      48.881      50.553      59.286      68.019      69.691      72.960
    SC               0.070       0.139       0.175       0.360       0.545       0.581       0.650

New/Additional Parameters
    R_IPIC           0.123       0.161       0.180       0.279       0.378       0.397       0.435
    R_SPSC          -0.314      -0.190      -0.127       0.204       0.535       0.598       0.722
    R_RES_PC        -0.035      -0.013      -0.002       0.055       0.113       0.124       0.145


SAMPLE STATISTICS FOR ESTIMATED FACTOR SCORES


     SAMPLE STATISTICS


           Means
              IP            IP_SE         SP            SP_SE         IC
              ________      ________      ________      ________      ________
 1              2.140         0.167        -0.048         0.018        32.760


           Means
              IC_SE         SC            SC_SE
              ________      ________      ________
 1              2.711        -0.480         0.519


           Covariances
              IP            IP_SE         SP            SP_SE         IC
              ________      ________      ________      ________      ________
 IP             0.320
 IP_SE         -0.007         0.011
 SP            -0.001         0.000         0.000
 SP_SE          0.000         0.000         0.000         0.000
 IC             1.653        -0.110        -0.003        -0.002        57.562
 IC_SE         -0.062         0.027         0.000         0.000        -0.753
 SC             0.016        -0.001         0.001         0.000        -0.176
 SC_SE         -0.011         0.003         0.000         0.000        -0.132


           Covariances
              IC_SE         SC            SC_SE
              ________      ________      ________
 IC_SE          0.394
 SC            -0.001         0.093
 SC_SE          0.033        -0.001         0.008


           Correlations
              IP            IP_SE         SP            SP_SE         IC
              ________      ________      ________      ________      ________
 IP             1.000
 IP_SE         -0.120         1.000
 SP            -0.209        -0.031         1.000
 SP_SE         -0.221         0.408        -0.024         1.000
 IC             0.385        -0.139        -0.043        -0.154         1.000
 IC_SE         -0.173         0.417         0.030         0.464        -0.158
 SC             0.091        -0.036         0.434        -0.068        -0.076
 SC_SE         -0.222         0.360        -0.018         0.905        -0.191


           Correlations
              IC_SE         SC            SC_SE
              ________      ________      ________
 IC_SE          1.000
 SC            -0.005         1.000
 SC_SE          0.582        -0.045         1.000


PLOT INFORMATION

The following plots are available:

  Histograms (sample values, estimated factor scores)
  Scatterplots (sample values, estimated factor scores)
  Latent variable distribution plots

     Beginning Time:  03:49:25
        Ending Time:  03:50:03
       Elapsed Time:  00:00:38



MUTHEN & MUTHEN
3463 Stoner Ave.
Los Angeles, CA  90066

Tel: (310) 391-9971
Fax: (310) 391-8971
Web: www.StatModel.com
Support: Support@StatModel.com

Copyright (c) 1998-2014 Muthen & Muthen
