------Begin Mplus Model Run: 06Oct2015 11:01:41------
Target directory: C:/Users/iLife Admin/Documents/GitHub/RADC/outputs/pairs/grip_wordlistrec
Run options:
	Recursive (run models in subdirectories): FALSE
	Show output on console: FALSE
	Replace existing outfile: always
------
Currently running model: b1_female_a_grip_wordlistrec_10.inp
Currently running model: b1_female_a_grip_wordlistrec_11.inp
Currently running model: b1_female_a_grip_wordlistrec_12.inp
Currently running model: b1_female_a_grip_wordlistrec_13.inp
Currently running model: b1_female_a_grip_wordlistrec_14.inp
Currently running model: b1_female_a_grip_wordlistrec_15.inp
Currently running model: b1_female_a_grip_wordlistrec_16.inp
Currently running model: b1_female_a_grip_wordlistrec_17.inp
Currently running model: b1_female_a_grip_wordlistrec_18.inp
Currently running model: b1_female_a_grip_wordlistrec_4.inp
Currently running model: b1_female_a_grip_wordlistrec_5.inp
Currently running model: b1_female_a_grip_wordlistrec_6.inp
Currently running model: b1_female_a_grip_wordlistrec_7.inp
Currently running model: b1_female_a_grip_wordlistrec_8.inp
Currently running model: b1_female_a_grip_wordlistrec_9.inp
Currently running model: b1_male_a_grip_wordlistrec_10.inp
Currently running model: b1_male_a_grip_wordlistrec_11.inp
Currently running model: b1_male_a_grip_wordlistrec_12.inp
Currently running model: b1_male_a_grip_wordlistrec_13.inp
Currently running model: b1_male_a_grip_wordlistrec_14.inp
Currently running model: b1_male_a_grip_wordlistrec_15.inp
Currently running model: b1_male_a_grip_wordlistrec_16.inp
Currently running model: b1_male_a_grip_wordlistrec_17.inp
Currently running model: b1_male_a_grip_wordlistrec_18.inp
Currently running model: b1_male_a_grip_wordlistrec_4.inp
Currently running model: b1_male_a_grip_wordlistrec_5.inp
Currently running model: b1_male_a_grip_wordlistrec_6.inp
Currently running model: b1_male_a_grip_wordlistrec_7.inp
Currently running model: b1_male_a_grip_wordlistrec_8.inp
Currently running model: b1_male_a_grip_wordlistrec_9.inp

------End Mplus Model Run: 06Oct2015 11:15:46------
