------Begin Mplus Model Run: 04Oct2015 23:19:16------
Target directory: C:/Users/iLife Admin/Documents/GitHub/RADC/outputs/pairs/grip_bnt
Run options:
	Recursive (run models in subdirectories): FALSE
	Show output on console: FALSE
	Replace existing outfile: always
------
Currently running model: b1_female_a_grip_bnt_10.inp
Currently running model: b1_female_a_grip_bnt_11.inp
Currently running model: b1_female_a_grip_bnt_12.inp
Currently running model: b1_female_a_grip_bnt_13.inp
Currently running model: b1_female_a_grip_bnt_14.inp
Currently running model: b1_female_a_grip_bnt_15.inp
Currently running model: b1_female_a_grip_bnt_16.inp
Currently running model: b1_female_a_grip_bnt_17.inp
Currently running model: b1_female_a_grip_bnt_18.inp
Currently running model: b1_female_a_grip_bnt_4.inp
Currently running model: b1_female_a_grip_bnt_5.inp
Currently running model: b1_female_a_grip_bnt_6.inp
Currently running model: b1_female_a_grip_bnt_7.inp
Currently running model: b1_female_a_grip_bnt_8.inp
Currently running model: b1_female_a_grip_bnt_9.inp
Currently running model: b1_male_a_grip_bnt_10.inp
Currently running model: b1_male_a_grip_bnt_11.inp
Currently running model: b1_male_a_grip_bnt_12.inp
Currently running model: b1_male_a_grip_bnt_13.inp
Currently running model: b1_male_a_grip_bnt_14.inp
Currently running model: b1_male_a_grip_bnt_15.inp
Currently running model: b1_male_a_grip_bnt_16.inp
Currently running model: b1_male_a_grip_bnt_17.inp
Currently running model: b1_male_a_grip_bnt_18.inp
Currently running model: b1_male_a_grip_bnt_4.inp
Currently running model: b1_male_a_grip_bnt_5.inp
Currently running model: b1_male_a_grip_bnt_6.inp
Currently running model: b1_male_a_grip_bnt_7.inp
Currently running model: b1_male_a_grip_bnt_8.inp
Currently running model: b1_male_a_grip_bnt_9.inp

------End Mplus Model Run: 04Oct2015 23:33:19------
