Mplus VERSION 7.3
MUTHEN & MUTHEN
10/05/2015  11:16 AM

INPUT INSTRUCTIONS

  TITLE:
  Your new title
  DATA:
  File = radcMAP_wide.dat;
  VARIABLE:
  Names are
  	projid study_x scaled_to_x agreeableness conscientiousness extraversion
  	neo_altruism neo_conscientiousness neo_trust openness anxiety_10items
  	neuroticism_12 neuroticism_6 age_bl age_death educ msex race spanish q1inc
  	apoe_genotype ldai_bl q3smo_bl q4smo_bl smoking married married2 age_at_visit_00
  	age_at_visit_01 age_at_visit_02 age_at_visit_03 age_at_visit_04 age_at_visit_05
  	age_at_visit_06 age_at_visit_07 age_at_visit_08 age_at_visit_09 age_at_visit_10
  	age_at_visit_11 age_at_visit_12 age_at_visit_13 age_at_visit_14 age_at_visit_15
  	age_at_visit_16 age_at_visit_17 age_at_visit_18 age_at_visit_19 age_at_visit_20
  	alcohol_g_00 alcohol_g_01 alcohol_g_02 alcohol_g_03 alcohol_g_04 alcohol_g_05
  	alcohol_g_06 alcohol_g_07 alcohol_g_08 alcohol_g_09 alcohol_g_10 alcohol_g_11
  	alcohol_g_12 alcohol_g_13 alcohol_g_14 alcohol_g_15 alcohol_g_16 alcohol_g_17
  	alcohol_g_18 alcohol_g_19 alcohol_g_20 bmi_00 bmi_01 bmi_02 bmi_03 bmi_04 bmi_05
  	bmi_06 bmi_07 bmi_08 bmi_09 bmi_10 bmi_11 bmi_12 bmi_13 bmi_14 bmi_15 bmi_16
  	bmi_17 bmi_18 bmi_19 bmi_20 bp11_00 bp11_01 bp11_02 bp11_03 bp11_04 bp11_05
  	bp11_06 bp11_07 bp11_08 bp11_09 bp11_10 bp11_11 bp11_12 bp11_13 bp11_14 bp11_15
  	bp11_16 bp11_17 bp11_18 bp11_19 bp11_20 bp2_00 bp2_01 bp2_02 bp2_03 bp2_04
  	bp2_05 bp2_06 bp2_07 bp2_08 bp2_09 bp2_10 bp2_11 bp2_12 bp2_13 bp2_14 bp2_15
  	bp2_16 bp2_17 bp2_18 bp2_19 bp2_20 bp3_00 bp3_01 bp3_02 bp3_03 bp3_04 bp3_05
  	bp3_06 bp3_07 bp3_08 bp3_09 bp3_10 bp31_00 bp31_01 bp31_02 bp31_03 bp31_04
  	bp31_05 bp31_06 bp31_07 bp31_08 bp31_09 bp3_11 bp31_10 bp31_11 bp31_12 bp31_13
  	bp31_14 bp31_15 bp31_16 bp31_17 bp31_18 bp31_19 bp3_12 bp31_20 bp3_13 bp3_14
  	bp3_15 bp3_16 bp3_17 bp3_18 bp3_19 bp3_20 bun_00 bun_01 bun_02 bun_03 bun_04
  	bun_05 bun_06 bun_07 bun_08 bun_09 bun_10 bun_11 bun_12 bun_13 bun_14 bun_15
  	bun_16 bun_17 bun_18 bun_19 bun_20 ca_00 ca_01 ca_02 ca_03 ca_04 ca_05 ca_06
  	ca_07 ca_08 ca_09 ca_10 ca_11 ca_12 ca_13 ca_14 ca_15 ca_16 ca_17 ca_18 ca_19
  	ca_20 cesdsum_00 cesdsum_01 cesdsum_02 cesdsum_03 cesdsum_04 cesdsum_05
  	cesdsum_06 cesdsum_07 cesdsum_08 cesdsum_09 cesdsum_10 cesdsum_11 cesdsum_12
  	cesdsum_13 cesdsum_14 cesdsum_15 cesdsum_16 cesdsum_17 cesdsum_18 cesdsum_19
  	cesdsum_20 chf_cum_00 chf_cum_01 chf_cum_02 chf_cum_03 chf_cum_04 chf_cum_05
  	chf_cum_06 chf_cum_07 chf_cum_08 chf_cum_09 chf_cum_10 chf_cum_11 chf_cum_12
  	chf_cum_13 chf_cum_14 chf_cum_15 chf_cum_16 chf_cum_17 chf_cum_18 chf_cum_19
  	chf_cum_20 chlstrl_00 chlstrl_01 chlstrl_02 chlstrl_03 chlstrl_04 chlstrl_05
  	chlstrl_06 chlstrl_07 chlstrl_08 chlstrl_09 chlstrl_10 chlstrl_11 chlstrl_12
  	chlstrl_13 chlstrl_14 chlstrl_15 chlstrl_16 chlstrl_17 chlstrl_18 chlstrl_19
  	chlstrl_20 cl_00 cl_01 cl_02 cl_03 cl_04 cl_05 cl_06 cl_07 cl_08 cl_09 cl_10
  	cl_11 cl_12 cl_13 cl_14 cl_15 cl_16 cl_17 cl_18 cl_19 cl_20 claudication_cum_00
  	claudication_cum_01 claudication_cum_02 claudication_cum_03 claudication_cum_04
  	claudication_cum_05 claudication_cum_06 claudication_cum_07 claudication_cum_08
  	claudication_cum_09 claudication_cum_10 claudication_cum_11 claudication_cum_12
  	claudication_cum_13 claudication_cum_14 claudication_cum_15 claudication_cum_16
  	claudication_cum_17 claudication_cum_18 claudication_cum_19 claudication_cum_20
  	co2_00 co2_01 co2_02 co2_03 co2_04 co2_05 co2_06 co2_07 co2_08 co2_09 co2_10
  	co2_11 co2_12 co2_13 co2_14 co2_15 co2_16 co2_17 co2_18 co2_19 co2_20 cogn_ep_00
  	cogn_ep_01 cogn_ep_02 cogn_ep_03 cogn_ep_04 cogn_ep_05 cogn_ep_06 cogn_ep_07
  	cogn_ep_08 cogn_ep_09 cogn_ep_10 cogn_ep_11 cogn_ep_12 cogn_ep_13 cogn_ep_14
  	cogn_ep_15 cogn_ep_16 cogn_ep_17 cogn_ep_18 cogn_ep_19 cogn_ep_20 cogn_global_00
  	cogn_global_01 cogn_global_02 cogn_global_03 cogn_global_04 cogn_global_05
  	cogn_global_06 cogn_global_07 cogn_global_08 cogn_global_09 cogn_global_10
  	cogn_global_11 cogn_global_12 cogn_global_13 cogn_global_14 cogn_global_15
  	cogn_global_16 cogn_global_17 cogn_global_18 cogn_global_19 cogn_global_20
  	cogn_po_00 cogn_po_01 cogn_po_02 cogn_po_03 cogn_po_04 cogn_po_05 cogn_po_06
  	cogn_po_07 cogn_po_08 cogn_po_09 cogn_po_10 cogn_po_11 cogn_po_12 cogn_po_13
  	cogn_po_14 cogn_po_15 cogn_po_16 cogn_po_17 cogn_po_18 cogn_po_19 cogn_po_20
  	cogn_ps_00 cogn_ps_01 cogn_ps_02 cogn_ps_03 cogn_ps_04 cogn_ps_05 cogn_ps_06
  	cogn_ps_07 cogn_ps_08 cogn_ps_09 cogn_ps_10 cogn_ps_11 cogn_ps_12 cogn_ps_13
  	cogn_ps_14 cogn_ps_15 cogn_ps_16 cogn_ps_17 cogn_ps_18 cogn_ps_19 cogn_ps_20
  	cogn_se_00 cogn_se_01 cogn_se_02 cogn_se_03 cogn_se_04 cogn_se_05 cogn_se_06
  	cogn_se_07 cogn_se_08 cogn_se_09 cogn_se_10 cogn_se_11 cogn_se_12 cogn_se_13
  	cogn_se_14 cogn_se_15 cogn_se_16 cogn_se_17 cogn_se_18 cogn_se_19 cogn_se_20
  	cogn_wo_00 cogn_wo_01 cogn_wo_02 cogn_wo_03 cogn_wo_04 cogn_wo_05 cogn_wo_06
  	cogn_wo_07 cogn_wo_08 cogn_wo_09 cogn_wo_10 cogn_wo_11 cogn_wo_12 cogn_wo_13
  	cogn_wo_14 cogn_wo_15 cogn_wo_16 cogn_wo_17 cogn_wo_18 cogn_wo_19 cogn_wo_20
  	crn_00 crn_01 crn_02 crn_03 crn_04 crn_05 crn_06 crn_07 crn_08 crn_09 crn_10
  	crn_11 crn_12 crn_13 crn_14 crn_15 crn_16 crn_17 crn_18 crn_19 crn_20
  	cts_bname_00 cts_bname_01 cts_bname_02 cts_bname_03 cts_bname_04 cts_bname_05
  	cts_bname_06 cts_bname_07 cts_bname_08 cts_bname_09 cts_bname_10 cts_bname_11
  	cts_bname_12 cts_bname_13 cts_bname_14 cts_bname_15 cts_bname_16 cts_bname_17
  	cts_bname_18 cts_bname_19 cts_bname_20 cts_catflu_00 cts_catflu_01 cts_catflu_02
  	cts_catflu_03 cts_catflu_04 cts_catflu_05 cts_catflu_06 cts_catflu_07
  	cts_catflu_08 cts_catflu_09 cts_catflu_10 cts_catflu_11 cts_catflu_12
  	cts_catflu_13 cts_catflu_14 cts_catflu_15 cts_catflu_16 cts_catflu_17
  	cts_catflu_18 cts_catflu_19 cts_catflu_20 cts_db_00 cts_db_01 cts_db_02
  	cts_db_03 cts_db_04 cts_db_05 cts_db_06 cts_db_07 cts_db_08 cts_db_09 cts_db_10
  	cts_db_11 cts_db_12 cts_db_13 cts_db_14 cts_db_15 cts_db_16 cts_db_17 cts_db_18
  	cts_db_19 cts_db_20 cts_delay_00 cts_delay_01 cts_delay_02 cts_delay_03
  	cts_delay_04 cts_delay_05 cts_delay_06 cts_delay_07 cts_delay_08 cts_delay_09
  	cts_delay_10 cts_delay_11 cts_delay_12 cts_delay_13 cts_delay_14 cts_delay_15
  	cts_delay_16 cts_delay_17 cts_delay_18 cts_delay_19 cts_delay_20 cts_df_00
  	cts_df_01 cts_df_02 cts_df_03 cts_df_04 cts_df_05 cts_df_06 cts_df_07 cts_df_08
  	cts_df_09 cts_df_10 cts_df_11 cts_df_12 cts_df_13 cts_df_14 cts_df_15 cts_df_16
  	cts_df_17 cts_df_18 cts_df_19 cts_df_20 cts_doperf_00 cts_doperf_01
  	cts_doperf_02 cts_doperf_03 cts_doperf_04 cts_doperf_05 cts_doperf_06
  	cts_doperf_07 cts_doperf_08 cts_doperf_09 cts_doperf_10 cts_doperf_11
  	cts_doperf_12 cts_doperf_13 cts_doperf_14 cts_doperf_15 cts_doperf_16
  	cts_doperf_17 cts_doperf_18 cts_doperf_19 cts_doperf_20 cts_ebdr_00 cts_ebdr_01
  	cts_ebdr_02 cts_ebdr_03 cts_ebdr_04 cts_ebdr_05 cts_ebdr_06 cts_ebdr_07
  	cts_ebdr_08 cts_ebdr_09 cts_ebdr_10 cts_ebdr_11 cts_ebdr_12 cts_ebdr_13
  	cts_ebdr_14 cts_ebdr_15 cts_ebdr_16 cts_ebdr_17 cts_ebdr_18 cts_ebdr_19
  	cts_ebdr_20 cts_ebmt_00 cts_ebmt_01 cts_ebmt_02 cts_ebmt_03 cts_ebmt_04
  	cts_ebmt_05 cts_ebmt_06 cts_ebmt_07 cts_ebmt_08 cts_ebmt_09 cts_ebmt_10
  	cts_ebmt_11 cts_ebmt_12 cts_ebmt_13 cts_ebmt_14 cts_ebmt_15 cts_ebmt_16
  	cts_ebmt_17 cts_ebmt_18 cts_ebmt_19 cts_ebmt_20 cts_idea_00 cts_idea_01
  	cts_idea_02 cts_idea_03 cts_idea_04 cts_idea_05 cts_idea_06 cts_idea_07
  	cts_idea_08 cts_idea_09 cts_idea_10 cts_idea_11 cts_idea_12 cts_idea_13
  	cts_idea_14 cts_idea_15 cts_idea_16 cts_idea_17 cts_idea_18 cts_idea_19
  	cts_idea_20 cts_lopair_00 cts_lopair_01 cts_lopair_02 cts_lopair_03
  	cts_lopair_04 cts_lopair_05 cts_lopair_06 cts_lopair_07 cts_lopair_08
  	cts_lopair_09 cts_lopair_10 cts_lopair_11 cts_lopair_12 cts_lopair_13
  	cts_lopair_14 cts_lopair_15 cts_lopair_16 cts_lopair_17 cts_lopair_18
  	cts_lopair_19 cts_lopair_20 cts_mmse30_00 cts_mmse30_01 cts_mmse30_02
  	cts_mmse30_03 cts_mmse30_04 cts_mmse30_05 cts_mmse30_06 cts_mmse30_07
  	cts_mmse30_08 cts_mmse30_09 cts_mmse30_10 cts_mmse30_11 cts_mmse30_12
  	cts_mmse30_13 cts_mmse30_14 cts_mmse30_15 cts_mmse30_16 cts_mmse30_17
  	cts_mmse30_18 cts_mmse30_19 cts_mmse30_20 cts_nccrtd_00 cts_nccrtd_01
  	cts_nccrtd_02 cts_nccrtd_03 cts_nccrtd_04 cts_nccrtd_05 cts_nccrtd_06
  	cts_nccrtd_07 cts_nccrtd_08 cts_nccrtd_09 cts_nccrtd_10 cts_nccrtd_11
  	cts_nccrtd_12 cts_nccrtd_13 cts_nccrtd_14 cts_nccrtd_15 cts_nccrtd_16
  	cts_nccrtd_17 cts_nccrtd_18 cts_nccrtd_19 cts_nccrtd_20 cts_pmat_00 cts_pmat_01
  	cts_pmat_02 cts_pmat_03 cts_pmat_04 cts_pmat_05 cts_pmat_06 cts_pmat_07
  	cts_pmat_08 cts_pmat_09 cts_pmat_10 cts_pmat_11 cts_pmat_12 cts_pmat_13
  	cts_pmat_14 cts_pmat_15 cts_pmat_16 cts_pmat_17 cts_pmat_18 cts_pmat_19
  	cts_pmat_20 cts_read_nart_00 cts_read_nart_01 cts_read_nart_02 cts_read_nart_03
  	cts_read_nart_04 cts_read_nart_05 cts_read_nart_06 cts_read_nart_07
  	cts_read_nart_08 cts_read_nart_09 cts_read_nart_10 cts_read_nart_11
  	cts_read_nart_12 cts_read_nart_13 cts_read_nart_14 cts_read_nart_15
  	cts_read_nart_16 cts_read_nart_17 cts_read_nart_18 cts_read_nart_19
  	cts_read_nart_20 cts_read_wrat_00 cts_read_wrat_01 cts_read_wrat_02
  	cts_read_wrat_03 cts_read_wrat_04 cts_read_wrat_05 cts_read_wrat_06
  	cts_read_wrat_07 cts_read_wrat_08 cts_read_wrat_09 cts_read_wrat_10
  	cts_read_wrat_11 cts_read_wrat_12 cts_read_wrat_13 cts_read_wrat_14
  	cts_read_wrat_15 cts_read_wrat_16 cts_read_wrat_17 cts_read_wrat_18
  	cts_read_wrat_19 cts_read_wrat_20 cts_sdmt_00 cts_sdmt_01 cts_sdmt_02
  	cts_sdmt_03 cts_sdmt_04 cts_sdmt_05 cts_sdmt_06 cts_sdmt_07 cts_sdmt_08
  	cts_sdmt_09 cts_sdmt_10 cts_sdmt_11 cts_sdmt_12 cts_sdmt_13 cts_sdmt_14
  	cts_sdmt_15 cts_sdmt_16 cts_sdmt_17 cts_sdmt_18 cts_sdmt_19 cts_sdmt_20
  	cts_story_00 cts_story_01 cts_story_02 cts_story_03 cts_story_04 cts_story_05
  	cts_story_06 cts_story_07 cts_story_08 cts_story_09 cts_story_10 cts_story_11
  	cts_story_12 cts_story_13 cts_story_14 cts_story_15 cts_story_16 cts_story_17
  	cts_story_18 cts_story_19 cts_story_20 cts_wli_00 cts_wli_01 cts_wli_02
  	cts_wli_03 cts_wli_04 cts_wli_05 cts_wli_06 cts_wli_07 cts_wli_08 cts_wli_09
  	cts_wli_10 cts_wli_11 cts_wli_12 cts_wli_13 cts_wli_14 cts_wli_15 cts_wli_16
  	cts_wli_17 cts_wli_18 cts_wli_19 cts_wli_20 cts_wlii_00 cts_wlii_01 cts_wlii_02
  	cts_wlii_03 cts_wlii_04 cts_wlii_05 cts_wlii_06 cts_wlii_07 cts_wlii_08
  	cts_wlii_09 cts_wlii_10 cts_wlii_11 cts_wlii_12 cts_wlii_13 cts_wlii_14
  	cts_wlii_15 cts_wlii_16 cts_wlii_17 cts_wlii_18 cts_wlii_19 cts_wlii_20
  	cts_wliii_00 cts_wliii_01 cts_wliii_02 cts_wliii_03 cts_wliii_04 cts_wliii_05
  	cts_wliii_06 cts_wliii_07 cts_wliii_08 cts_wliii_09 cts_wliii_10 cts_wliii_11
  	cts_wliii_12 cts_wliii_13 cts_wliii_14 cts_wliii_15 cts_wliii_16 cts_wliii_17
  	cts_wliii_18 cts_wliii_19 cts_wliii_20 dcfdx_00 dcfdx_01 dcfdx_02 dcfdx_03
  	dcfdx_04 dcfdx_05 dcfdx_06 dcfdx_07 dcfdx_08 dcfdx_09 dcfdx_10 dcfdx_11 dcfdx_12
  	dcfdx_13 dcfdx_14 dcfdx_15 dcfdx_16 dcfdx_17 dcfdx_18 dcfdx_19 dcfdx_20
  	dementia_00 dementia_01 dementia_02 dementia_03 dementia_04 dementia_05
  	dementia_06 dementia_07 dementia_08 dementia_09 dementia_10 dementia_11
  	dementia_12 dementia_13 dementia_14 dementia_15 dementia_16 dementia_17
  	dementia_18 dementia_19 dementia_20 dm_cum_00 dm_cum_01 dm_cum_02 dm_cum_03
  	dm_cum_04 dm_cum_05 dm_cum_06 dm_cum_07 dm_cum_08 dm_cum_09 dm_cum_10 dm_cum_11
  	dm_cum_12 dm_cum_13 dm_cum_14 dm_cum_15 dm_cum_16 dm_cum_17 dm_cum_18 dm_cum_19
  	dm_cum_20 fasting_00 fasting_01 fasting_02 fasting_03 fasting_04 fasting_05
  	fasting_06 fasting_07 fasting_08 fasting_09 fasting_10 fasting_11 fasting_12
  	fasting_13 fasting_14 fasting_15 fasting_16 fasting_17 fasting_18 fasting_19
  	fasting_20 fev_00 fev_01 fev_02 fev_03 fev_04 fev_05 fev_06 fev_07 fev_08 fev_09
  	fev_10 fev_11 fev_12 fev_13 fev_14 fev_15 fev_16 fev_17 fev_18 fev_19 fev_20
  	fu_year gait_speed_00 gait_speed_01 gait_speed_02 gait_speed_03 gait_speed_04
  	gait_speed_05 gait_speed_06 gait_speed_07 gait_speed_08 gait_speed_09
  	gait_speed_10 gait_speed_11 gait_speed_12 gait_speed_13 gait_speed_14
  	gait_speed_15 gait_speed_16 gait_speed_17 gait_speed_18 gait_speed_19
  	gait_speed_20 glucose_00 glucose_01 glucose_02 glucose_03 glucose_04 glucose_05
  	glucose_06 glucose_07 glucose_08 glucose_09 glucose_10 glucose_11 glucose_12
  	glucose_13 glucose_14 glucose_15 glucose_16 glucose_17 glucose_18 glucose_19
  	glucose_20 gripavg_00 gripavg_01 gripavg_02 gripavg_03 gripavg_04 gripavg_05
  	gripavg_06 gripavg_07 gripavg_08 gripavg_09 gripavg_10 gripavg_11 gripavg_12
  	gripavg_13 gripavg_14 gripavg_15 gripavg_16 gripavg_17 gripavg_18 gripavg_19
  	gripavg_20 hba1c_00 hba1c_01 hba1c_02 hba1c_03 hba1c_04 hba1c_05 hba1c_06
  	hba1c_07 hba1c_08 hba1c_09 hba1c_10 hba1c_11 hba1c_12 hba1c_13 hba1c_14 hba1c_15
  	hba1c_16 hba1c_17 hba1c_18 hba1c_19 hba1c_20 hdlchlstrl_00 hdlchlstrl_01
  	hdlchlstrl_02 hdlchlstrl_03 hdlchlstrl_04 hdlchlstrl_05 hdlchlstrl_06
  	hdlchlstrl_07 hdlchlstrl_08 hdlchlstrl_09 hdlchlstrl_10 hdlchlstrl_11
  	hdlchlstrl_12 hdlchlstrl_13 hdlchlstrl_14 hdlchlstrl_15 hdlchlstrl_16
  	hdlchlstrl_17 hdlchlstrl_18 hdlchlstrl_19 hdlchlstrl_20 hdlratio_00 hdlratio_01
  	hdlratio_02 hdlratio_03 hdlratio_04 hdlratio_05 hdlratio_06 hdlratio_07
  	hdlratio_08 hdlratio_09 hdlratio_10 hdlratio_11 hdlratio_12 hdlratio_13
  	hdlratio_14 hdlratio_15 hdlratio_16 hdlratio_17 hdlratio_18 hdlratio_19
  	hdlratio_20 heart_cum_00 heart_cum_01 heart_cum_02 heart_cum_03 heart_cum_04
  	heart_cum_05 heart_cum_06 heart_cum_07 heart_cum_08 heart_cum_09 heart_cum_10
  	heart_cum_11 heart_cum_12 heart_cum_13 heart_cum_14 heart_cum_15 heart_cum_16
  	heart_cum_17 heart_cum_18 heart_cum_19 heart_cum_20 htm_00 htm_01 htm_02 htm_03
  	htm_04 htm_05 htm_06 htm_07 htm_08 htm_09 htm_10 htm_11 htm_12 htm_13 htm_14
  	htm_15 htm_16 htm_17 htm_18 htm_19 htm_20 hypertension_cum_00
  	hypertension_cum_01 hypertension_cum_02 hypertension_cum_03 hypertension_cum_04
  	hypertension_cum_05 hypertension_cum_06 hypertension_cum_07 hypertension_cum_08
  	hypertension_cum_09 hypertension_cum_10 hypertension_cum_11 hypertension_cum_12
  	hypertension_cum_13 hypertension_cum_14 hypertension_cum_15 hypertension_cum_16
  	hypertension_cum_17 hypertension_cum_18 hypertension_cum_19 hypertension_cum_20
  	iadlsum_00 iadlsum_01 iadlsum_02 iadlsum_03 iadlsum_04 iadlsum_05 iadlsum_06
  	iadlsum_07 iadlsum_08 iadlsum_09 iadlsum_10 iadlsum_11 iadlsum_12 iadlsum_13
  	iadlsum_14 iadlsum_15 iadlsum_16 iadlsum_17 iadlsum_18 iadlsum_19 iadlsum_20
  	intrusion_00 intrusion_01 intrusion_02 intrusion_03 intrusion_04 intrusion_05
  	intrusion_06 intrusion_07 intrusion_08 intrusion_09 intrusion_10 intrusion_11
  	intrusion_12 intrusion_13 intrusion_14 intrusion_15 intrusion_16 intrusion_17
  	intrusion_18 intrusion_19 intrusion_20 k_00 k_01 k_02 k_03 k_04 k_05 k_06 k_07
  	k_08 k_09 k_10 k_11 k_12 k_13 k_14 k_15 k_16 k_17 k_18 k_19 k_20 katzsum_00
  	katzsum_01 katzsum_02 katzsum_03 katzsum_04 katzsum_05 katzsum_06 katzsum_07
  	katzsum_08 katzsum_09 katzsum_10 katzsum_11 katzsum_12 katzsum_13 katzsum_14
  	katzsum_15 katzsum_16 katzsum_17 katzsum_18 katzsum_19 katzsum_20 ldlchlstrl_00
  	ldlchlstrl_01 ldlchlstrl_02 ldlchlstrl_03 ldlchlstrl_04 ldlchlstrl_05
  	ldlchlstrl_06 ldlchlstrl_07 ldlchlstrl_08 ldlchlstrl_09 ldlchlstrl_10
  	ldlchlstrl_11 ldlchlstrl_12 ldlchlstrl_13 ldlchlstrl_14 ldlchlstrl_15
  	ldlchlstrl_16 ldlchlstrl_17 ldlchlstrl_18 ldlchlstrl_19 ldlchlstrl_20 mep_00
  	mep_01 mep_02 mep_03 mep_04 mep_05 mep_06 mep_07 mep_08 mep_09 mep_10 mep_11
  	mep_12 mep_13 mep_14 mep_15 mep_16 mep_17 mep_18 mep_19 mep_20 mip_00 mip_01
  	mip_02 mip_03 mip_04 mip_05 mip_06 mip_07 mip_08 mip_09 mip_10 mip_11 mip_12
  	mip_13 mip_14 mip_15 mip_16 mip_17 mip_18 mip_19 mip_20 na_00 na_01 na_02 na_03
  	na_04 na_05 na_06 na_07 na_08 na_09 na_10 na_11 na_12 na_13 na_14 na_15 na_16
  	na_17 na_18 na_19 na_20 neglifeevents_00 neglifeevents_01 neglifeevents_02
  	neglifeevents_03 neglifeevents_04 neglifeevents_05 neglifeevents_06
  	neglifeevents_07 neglifeevents_08 neglifeevents_09 neglifeevents_10
  	neglifeevents_11 neglifeevents_12 neglifeevents_13 neglifeevents_14
  	neglifeevents_15 neglifeevents_16 neglifeevents_17 neglifeevents_18
  	neglifeevents_19 neglifeevents_20 negsocexchange_00 negsocexchange_01
  	negsocexchange_02 negsocexchange_03 negsocexchange_04 negsocexchange_05
  	negsocexchange_06 negsocexchange_07 negsocexchange_08 negsocexchange_09
  	negsocexchange_10 negsocexchange_11 negsocexchange_12 negsocexchange_13
  	negsocexchange_14 negsocexchange_15 negsocexchange_16 negsocexchange_17
  	negsocexchange_18 negsocexchange_19 negsocexchange_20 nohelp_00 nohelp_01
  	nohelp_02 nohelp_03 nohelp_04 nohelp_05 nohelp_06 nohelp_07 nohelp_08 nohelp_09
  	nohelp_10 nohelp_11 nohelp_12 nohelp_13 nohelp_14 nohelp_15 nohelp_16 nohelp_17
  	nohelp_18 nohelp_19 nohelp_20 panas_00 panas_01 panas_02 panas_03 panas_04
  	panas_05 panas_06 panas_07 panas_08 panas_09 panas_10 panas_11 panas_12 panas_13
  	panas_14 panas_15 panas_16 panas_17 panas_18 panas_19 panas_20
  	perceivedstress_00 perceivedstress_01 perceivedstress_02 perceivedstress_03
  	perceivedstress_04 perceivedstress_05 perceivedstress_06 perceivedstress_07
  	perceivedstress_08 perceivedstress_09 perceivedstress_10 perceivedstress_11
  	perceivedstress_12 perceivedstress_13 perceivedstress_14 perceivedstress_15
  	perceivedstress_16 perceivedstress_17 perceivedstress_18 perceivedstress_19
  	perceivedstress_20 phys5itemsum_00 phys5itemsum_01 phys5itemsum_02
  	phys5itemsum_03 phys5itemsum_04 phys5itemsum_05 phys5itemsum_06 phys5itemsum_07
  	phys5itemsum_08 phys5itemsum_09 phys5itemsum_10 phys5itemsum_11 phys5itemsum_12
  	phys5itemsum_13 phys5itemsum_14 phys5itemsum_15 phys5itemsum_16 phys5itemsum_17
  	phys5itemsum_18 phys5itemsum_19 phys5itemsum_20 pvc_00 pvc_01 pvc_02 pvc_03
  	pvc_04 pvc_05 pvc_06 pvc_07 pvc_08 pvc_09 pvc_10 pvc_11 pvc_12 pvc_13 pvc_14
  	pvc_15 pvc_16 pvc_17 pvc_18 pvc_19 pvc_20 r_depres_00 r_depres_01 r_depres_02
  	r_depres_03 r_depres_04 r_depres_05 r_depres_06 r_depres_07 r_depres_08
  	r_depres_09 r_depres_10 r_depres_11 r_depres_12 r_depres_13 r_depres_14
  	r_depres_15 r_depres_16 r_depres_17 r_depres_18 r_depres_19 r_depres_20
  	rejection_00 rejection_01 rejection_02 rejection_03 rejection_04 rejection_05
  	rejection_06 rejection_07 rejection_08 rejection_09 rejection_10 rejection_11
  	rejection_12 rejection_13 rejection_14 rejection_15 rejection_16 rejection_17
  	rejection_18 rejection_19 rejection_20 rosbscl_00 rosbscl_01 rosbscl_02
  	rosbscl_03 rosbscl_04 rosbscl_05 rosbscl_06 rosbscl_07 rosbscl_08 rosbscl_09
  	rosbscl_10 rosbscl_11 rosbscl_12 rosbscl_13 rosbscl_14 rosbscl_15 rosbscl_16
  	rosbscl_17 rosbscl_18 rosbscl_19 rosbscl_20 rosbsum_00 rosbsum_01 rosbsum_02
  	rosbsum_03 rosbsum_04 rosbsum_05 rosbsum_06 rosbsum_07 rosbsum_08 rosbsum_09
  	rosbsum_10 rosbsum_11 rosbsum_12 rosbsum_13 rosbsum_14 rosbsum_15 rosbsum_16
  	rosbsum_17 rosbsum_18 rosbsum_19 rosbsum_20 r_stroke_00 r_stroke_01 r_stroke_02
  	r_stroke_03 r_stroke_04 r_stroke_05 r_stroke_06 r_stroke_07 r_stroke_08
  	r_stroke_09 r_stroke_10 r_stroke_11 r_stroke_12 r_stroke_13 r_stroke_14
  	r_stroke_15 r_stroke_16 r_stroke_17 r_stroke_18 r_stroke_19 r_stroke_20
  	scaled_to_y stroke_cum_00 stroke_cum_01 stroke_cum_02 stroke_cum_03
  	stroke_cum_04 stroke_cum_05 stroke_cum_06 stroke_cum_07 stroke_cum_08
  	stroke_cum_09 stroke_cum_10 stroke_cum_11 stroke_cum_12 stroke_cum_13
  	stroke_cum_14 stroke_cum_15 stroke_cum_16 stroke_cum_17 stroke_cum_18
  	stroke_cum_19 stroke_cum_20 study_y thyroid_cum_00 thyroid_cum_01 thyroid_cum_02
  	thyroid_cum_03 thyroid_cum_04 thyroid_cum_05 thyroid_cum_06 thyroid_cum_07
  	thyroid_cum_08 thyroid_cum_09 thyroid_cum_10 thyroid_cum_11 thyroid_cum_12
  	thyroid_cum_13 thyroid_cum_14 thyroid_cum_15 thyroid_cum_16 thyroid_cum_17
  	thyroid_cum_18 thyroid_cum_19 thyroid_cum_20 unsympathetic_00 unsympathetic_01
  	unsympathetic_02 unsympathetic_03 unsympathetic_04 unsympathetic_05
  	unsympathetic_06 unsympathetic_07 unsympathetic_08 unsympathetic_09
  	unsympathetic_10 unsympathetic_11 unsympathetic_12 unsympathetic_13
  	unsympathetic_14 unsympathetic_15 unsympathetic_16 unsympathetic_17
  	unsympathetic_18 unsympathetic_19 unsympathetic_20 vasc_3dis_sum_00
  	vasc_3dis_sum_01 vasc_3dis_sum_02 vasc_3dis_sum_03 vasc_3dis_sum_04
  	vasc_3dis_sum_05 vasc_3dis_sum_06 vasc_3dis_sum_07 vasc_3dis_sum_08
  	vasc_3dis_sum_09 vasc_3dis_sum_10 vasc_3dis_sum_11 vasc_3dis_sum_12
  	vasc_3dis_sum_13 vasc_3dis_sum_14 vasc_3dis_sum_15 vasc_3dis_sum_16
  	vasc_3dis_sum_17 vasc_3dis_sum_18 vasc_3dis_sum_19 vasc_3dis_sum_20
  	vasc_4dis_sum_00 vasc_4dis_sum_01 vasc_4dis_sum_02 vasc_4dis_sum_03
  	vasc_4dis_sum_04 vasc_4dis_sum_05 vasc_4dis_sum_06 vasc_4dis_sum_07
  	vasc_4dis_sum_08 vasc_4dis_sum_09 vasc_4dis_sum_10 vasc_4dis_sum_11
  	vasc_4dis_sum_12 vasc_4dis_sum_13 vasc_4dis_sum_14 vasc_4dis_sum_15
  	vasc_4dis_sum_16 vasc_4dis_sum_17 vasc_4dis_sum_18 vasc_4dis_sum_19
  	vasc_4dis_sum_20 vasc_risks_sum_00 vasc_risks_sum_01 vasc_risks_sum_02
  	vasc_risks_sum_03 vasc_risks_sum_04 vasc_risks_sum_05 vasc_risks_sum_06
  	vasc_risks_sum_07 vasc_risks_sum_08 vasc_risks_sum_09 vasc_risks_sum_10
  	vasc_risks_sum_11 vasc_risks_sum_12 vasc_risks_sum_13 vasc_risks_sum_14
  	vasc_risks_sum_15 vasc_risks_sum_16 vasc_risks_sum_17 vasc_risks_sum_18
  	vasc_risks_sum_19 vasc_risks_sum_20 vision_00 vision_01 vision_02 vision_03
  	vision_04 vision_05 vision_06 vision_07 vision_08 vision_09 vision_10 vision_11
  	vision_12 vision_13 vision_14 vision_15 vision_16 vision_17 vision_18 vision_19
  	vision_20 visionlog_00 visionlog_01 visionlog_02 visionlog_03 visionlog_04
  	visionlog_05 visionlog_06 visionlog_07 visionlog_08 visionlog_09 visionlog_10
  	visionlog_11 visionlog_12 visionlog_13 visionlog_14 visionlog_15 visionlog_16
  	visionlog_17 visionlog_18 visionlog_19 visionlog_20 wtkg_00 wtkg_01 wtkg_02
  	wtkg_03 wtkg_04 wtkg_05 wtkg_06 wtkg_07 wtkg_08 wtkg_09 wtkg_10 wtkg_11 wtkg_12
  	wtkg_13 wtkg_14 wtkg_15 wtkg_16 wtkg_17 wtkg_18 wtkg_19 wtkg_20 T0 T1 T2 T3 T4
  	T5 T6 T7 T8 T9 T10 T11 T12 T13 T14 T15 T16 T17 T18 T19 T20;
  Missing are all (-9999);
  USEVAR are
  !define the variables used in the analysis
  	time1-time13
  	p1-p13
  	c1-c13
  	Bage;
  	
  TSCORES are
  !define the time points
  	time1-time13;
  USEOBSERVATIONS are
  !select a subset of observations
  	msex EQ 1 and
  	dementia_00 NE 1 and dementia_01 NE 1 and dementia_02 NE 1 and
  	dementia_03 NE 1 and dementia_04 NE 1 and dementia_05 NE 1 and
  	dementia_06 NE 1 and dementia_07 NE 1 and dementia_08 NE 1 and
  	dementia_09 NE 1 and dementia_10 NE 1 and dementia_11 NE 1 and
  	dementia_12 NE 1 and dementia_13 NE 1 and dementia_14 NE 1 and
  	dementia_15 NE 1 and dementia_16 NE 1 and dementia_17 NE 1 and
  	dementia_18 NE 1 and dementia_19 NE 1 and dementia_20 NE 1;
  DEFINE:
  !assign variables to the process p
  	p1= gripavg_00;
  	p2= gripavg_01;
  	p3= gripavg_02;
  	p4= gripavg_03;
  	p5= gripavg_04;
  	p6= gripavg_05;
  	p7= gripavg_06;
  	p8= gripavg_07;
  	p9= gripavg_08;
  	p10=gripavg_09;
  	p11=gripavg_10;
  	p12=gripavg_11;
  	p13=gripavg_12;
  	p14=gripavg_13;
  	p15=gripavg_14;
  	p16=gripavg_15;
  	p17=gripavg_16;
  	p18=gripavg_17;
  	p19=gripavg_18;
  	p20=gripavg_19;
  	p21=gripavg_20;
  !assign variables to the process c
  	c1= cts_pmat_00;
  	c2= cts_pmat_01;
  	c3= cts_pmat_02;
  	c4= cts_pmat_03;
  	c5= cts_pmat_04;
  	c6= cts_pmat_05;
  	c7= cts_pmat_06;
  	c8= cts_pmat_07;
  	c9= cts_pmat_08;
  	c10=cts_pmat_09;
  	c11=cts_pmat_10;
  	c12=cts_pmat_11;
  	c13=cts_pmat_12;
  	c14=cts_pmat_13;
  	c15=cts_pmat_14;
  	c16=cts_pmat_15;
  	c17=cts_pmat_16;
  	c18=cts_pmat_17;
  	c19=cts_pmat_18;
  	c20=cts_pmat_19;
  	c21=cts_pmat_20;
  !assign variables to time points
  	time1= T0;
  	time2= T1;
  	time3= T2;
  	time4= T3;
  	time5= T4;
  	time6= T5;
  	time7= T6;
  	time8= T7;
  	time9= T8;
  	time10=T9;
  	time11=T10;
  	time12=T11;
  	time13=T12;
  	time14=T13;
  	time15=T14;
  	time16=T15;
  	time17=T16;
  	time18=T17;
  	time19=T18;
  	time20=T19;
  	time21=T20;
  !define the second-level terms
  	Bage=age_bl-70;   !Age centered at 70 baseline
  		!Dage=age_death;
  		!Sex=msex;         !0=female
  	Educ=educ-7;     ! Centered at 7 years
  		!SEP=SESgrp; couldn't find
  		!Marstat;
  	Height=htm_00-1.60;
  		!Weight
  		!BMI
  		!SmokHist=smoking;
  		!Alcohol;
  		!CompExp;
  		!PhysAct;
  		!BP;
  		!DepSymp;
  		!Cardio;
  		!Diab;
  		!MorbInd;
  		!BageEduc=Bage*Educ;
  ANALYSIS:
  TYPE = RANDOM;
  COVERAGE=.00;
  MODEL:
  !first-level equation
  	ip sp | p1-p13 AT time1-time13;
  	ic sc | c1-c13 AT time1-time13;
  !variance of the first-level terms	
  	ip (v_ip);
  	sp (v_sp);
  	ic (v_ic);
  	sc (v_sc);
  !covariance among first-level terms	
  	ip WITH sp (c_ipsp);
  	ip WITH ic (c_ipic);
  	ip WITH sc (c_ipsc);
  	sp WITH ic (c_spic);
  	sp WITH sc (c_spsc);
  	ic WITH sc (c_icsc);
  !second-level equation	
  	ip sp ic sc ON Bage;
  !residual means	
  	p1-p13 (res_p);
  	c1-c13 (res_c);
  !Paired covariances constrained to be equal across t	
  	p1-p13 pwith c1-c13(res_cov);
  MODEL CONSTRAINT:
  !assigns labels to new parameters;
  	NEW r_ipic;
  	NEW r_spsc;
  	NEW r_res_pc;
  !
  	r_ipic = c_ipic/((v_ip**0.5)*(v_ic**0.5));
  	r_spsc = c_spsc/((v_sp**0.5)*(v_sc**0.5));
  	r_res_pc = res_cov/((res_p**0.5)*(res_c**0.5));
  OUTPUT: sampstat cinterval;
  PLOT: Type is Plot1 Plot2 Plot3;



*** WARNING
  Data set contains cases with missing on all variables except
  x-variables.  These cases were not included in the analysis.
  Number of cases with missing on all variables except x-variables:  29
   1 WARNING(S) FOUND IN THE INPUT INSTRUCTIONS




Your new title

SUMMARY OF ANALYSIS

Number of groups                                                 1
Number of observations                                         322

Number of dependent variables                                   26
Number of independent variables                                  1
Number of continuous latent variables                            4

Observed dependent variables

  Continuous
   P1          P2          P3          P4          P5          P6
   P7          P8          P9          P10         P11         P12
   P13         C1          C2          C3          C4          C5
   C6          C7          C8          C9          C10         C11
   C12         C13

Observed independent variables
   BAGE

Continuous latent variables
   IP          SP          IC          SC

Variables with special functions

  Time scores
   TIME1       TIME2       TIME3       TIME4       TIME5       TIME6
   TIME7       TIME8       TIME9       TIME10      TIME11      TIME12
   TIME13


Estimator                                                      MLR
Information matrix                                        OBSERVED
Maximum number of iterations                                   100
Convergence criterion                                    0.100D-05
Maximum number of EM iterations                                500
Convergence criteria for the EM algorithm
  Loglikelihood change                                   0.100D-02
  Relative loglikelihood change                          0.100D-05
  Derivative                                             0.100D-03
Minimum variance                                         0.100D-03
Maximum number of steepest descent iterations                   20
Maximum number of iterations for H1                           2000
Convergence criterion for H1                             0.100D-03
Optimization algorithm                                         EMA

Input data file(s)
  radcMAP_wide.dat
Input data format  FREE


SUMMARY OF DATA

     Number of missing data patterns           139


COVARIANCE COVERAGE OF DATA

Minimum covariance coverage value   0.000


     PROPORTION OF DATA PRESENT


           Covariance Coverage
              P1            P2            P3            P4            P5
              ________      ________      ________      ________      ________
 P1             0.916
 P2             0.634         0.643
 P3             0.494         0.460         0.503
 P4             0.382         0.348         0.342         0.453
 P5             0.236         0.205         0.205         0.267         0.298
 P6             0.115         0.099         0.093         0.130         0.130
 P7             0.099         0.075         0.059         0.087         0.071
 P8             0.152         0.143         0.134         0.137         0.106
 P9             0.171         0.161         0.161         0.137         0.099
 P10            0.124         0.124         0.121         0.127         0.096
 P11            0.093         0.099         0.099         0.096         0.078
 P12            0.040         0.043         0.043         0.043         0.037
 P13            0.000         0.000         0.000         0.012         0.012
 C1             0.904         0.630         0.494         0.385         0.239
 C2             0.720         0.621         0.488         0.379         0.239
 C3             0.612         0.531         0.500         0.376         0.236
 C4             0.506         0.429         0.401         0.438         0.283
 C5             0.441         0.382         0.357         0.366         0.289
 C6             0.320         0.276         0.261         0.267         0.211
 C7             0.273         0.239         0.227         0.236         0.180
 C8             0.236         0.220         0.205         0.189         0.140
 C9             0.196         0.186         0.186         0.158         0.112
 C10            0.140         0.137         0.137         0.134         0.099
 C11            0.099         0.099         0.099         0.112         0.087
 C12            0.040         0.043         0.043         0.059         0.053
 C13            0.000         0.000         0.000         0.016         0.016
 BAGE           0.916         0.643         0.503         0.453         0.298


           Covariance Coverage
              P6            P7            P8            P9            P10
              ________      ________      ________      ________      ________
 P6             0.177
 P7             0.087         0.149
 P8             0.093         0.099         0.193
 P9             0.081         0.075         0.140         0.202
 P10            0.056         0.043         0.102         0.121         0.146
 P11            0.043         0.012         0.065         0.084         0.093
 P12            0.031         0.003         0.025         0.028         0.034
 P13            0.012         0.012         0.012         0.009         0.012
 C1             0.118         0.099         0.155         0.174         0.127
 C2             0.118         0.093         0.152         0.171         0.124
 C3             0.124         0.102         0.155         0.177         0.124
 C4             0.168         0.140         0.186         0.193         0.143
 C5             0.174         0.146         0.189         0.199         0.140
 C6             0.177         0.140         0.186         0.196         0.137
 C7             0.137         0.140         0.186         0.202         0.146
 C8             0.112         0.109         0.186         0.199         0.146
 C9             0.087         0.081         0.152         0.196         0.140
 C10            0.062         0.056         0.118         0.130         0.140
 C11            0.050         0.022         0.078         0.093         0.102
 C12            0.047         0.019         0.040         0.040         0.047
 C13            0.016         0.016         0.016         0.012         0.012
 BAGE           0.177         0.149         0.193         0.202         0.146


           Covariance Coverage
              P11           P12           P13           C1            C2
              ________      ________      ________      ________      ________
 P11            0.102
 P12            0.037         0.043
 P13            0.003         0.000         0.012
 C1             0.096         0.043         0.000         0.913
 C2             0.096         0.043         0.000         0.720         0.727
 C3             0.099         0.043         0.000         0.612         0.596
 C4             0.099         0.043         0.012         0.509         0.491
 C5             0.099         0.043         0.012         0.444         0.438
 C6             0.096         0.043         0.012         0.323         0.317
 C7             0.102         0.043         0.012         0.276         0.270
 C8             0.099         0.043         0.012         0.239         0.236
 C9             0.099         0.040         0.009         0.199         0.196
 C10            0.096         0.040         0.012         0.143         0.140
 C11            0.093         0.040         0.012         0.099         0.099
 C12            0.040         0.043         0.012         0.043         0.043
 C13            0.003         0.000         0.012         0.000         0.000
 BAGE           0.102         0.043         0.012         0.913         0.727


           Covariance Coverage
              C3            C4            C5            C6            C7
              ________      ________      ________      ________      ________
 C3             0.621
 C4             0.494         0.575
 C5             0.438         0.484         0.503
 C6             0.320         0.366         0.373         0.382
 C7             0.276         0.317         0.320         0.314         0.326
 C8             0.236         0.267         0.267         0.264         0.267
 C9             0.199         0.217         0.220         0.217         0.224
 C10            0.140         0.155         0.155         0.152         0.158
 C11            0.099         0.115         0.112         0.109         0.115
 C12            0.043         0.059         0.059         0.059         0.059
 C13            0.000         0.016         0.016         0.016         0.016
 BAGE           0.621         0.575         0.503         0.382         0.326


           Covariance Coverage
              C8            C9            C10           C11           C12
              ________      ________      ________      ________      ________
 C8             0.273
 C9             0.224         0.227
 C10            0.161         0.152         0.161
 C11            0.115         0.109         0.109         0.115
 C12            0.059         0.053         0.053         0.056         0.059
 C13            0.016         0.012         0.012         0.016         0.016
 BAGE           0.273         0.227         0.161         0.115         0.059


           Covariance Coverage
              C13           BAGE
              ________      ________
 C13            0.016
 BAGE           0.016         1.000


SAMPLE STATISTICS


     ESTIMATED SAMPLE STATISTICS


           Means
              P1            P2            P3            P4            P5
              ________      ________      ________      ________      ________
 1             69.232        67.664        66.423        64.766        61.488


           Means
              P6            P7            P8            P9            P10
              ________      ________      ________      ________      ________
 1             60.233        56.887        54.024        54.375        51.732


           Means
              P11           P12           P13           C1            C2
              ________      ________      ________      ________      ________
 1             50.015        48.378        45.994        12.327        12.252


           Means
              C3            C4            C5            C6            C7
              ________      ________      ________      ________      ________
 1             12.182        12.341        12.003        12.129        12.030


           Means
              C8            C9            C10           C11           C12
              ________      ________      ________      ________      ________
 1             11.435        11.703        11.105        11.344        11.188


           Means
              C13           BAGE
              ________      ________
 1             12.049         9.635


           Covariances
              P1            P2            P3            P4            P5
              ________      ________      ________      ________      ________
 P1           374.488
 P2           337.448       370.988
 P3           339.779       339.500       386.129
 P4           300.674       310.642       324.007       347.195
 P5           290.215       294.048       314.691       308.498       322.634
 P6           276.791       266.255       296.256       308.517       302.265
 P7           278.191       254.373       276.655       271.629       287.660
 P8           319.219       314.069       325.997       310.189       298.287
 P9           284.060       287.530       291.848       319.438       300.914
 P10          266.950       256.865       267.835       317.596       295.110
 P11          317.153       324.841       341.361       383.753       365.845
 P12          330.721       355.916       330.343       305.653       303.891
 P13           97.442        91.125       103.037       105.923       108.336
 C1            16.270        16.865        16.617        12.973        17.633
 C2            14.875        18.026        18.033        12.192        17.702
 C3            13.707        15.767        16.503        10.688        14.076
 C4            10.015        14.496        15.394        10.374        13.859
 C5            16.723        19.929        20.497        18.912        18.814
 C6            12.816        14.815        16.044        10.810        13.823
 C7            10.637        12.567        14.493        10.676        12.135
 C8            16.653        18.539        21.173        14.578        20.384
 C9            10.353        13.065        10.239        10.477        13.142
 C10           20.771        19.860        24.516        17.320        22.684
 C11           14.011        20.797        19.919        20.787        17.818
 C12           23.075        22.958        25.505        28.402        26.431
 C13            1.298         3.179         3.650         0.420         0.346
 BAGE         -57.875       -63.102       -61.587       -62.075       -58.288


           Covariances
              P6            P7            P8            P9            P10
              ________      ________      ________      ________      ________
 P6           334.177
 P7           299.371       344.197
 P8           310.035       285.683       363.983
 P9           312.110       294.779       318.851       372.312
 P10          319.601       272.292       312.295       355.143       377.068
 P11          382.118       348.366       361.533       390.870       398.281
 P12          278.418       265.455       328.601       324.393       300.819
 P13          115.573       108.201       124.772       112.284       109.012
 C1            13.760        15.070        15.371        13.223        10.423
 C2            14.024        16.708        15.149        10.357         9.478
 C3            12.445        11.975        12.560        12.054         7.198
 C4            10.964        10.065        13.253         8.169         6.693
 C5            22.897        18.011        19.959        18.795        18.843
 C6            11.619        12.001        14.149        12.424        11.425
 C7            11.388         9.391        10.731         9.286        11.337
 C8            18.049        19.159        19.532        17.642        14.632
 C9             8.521        11.270        14.360        11.771        12.695
 C10           23.879        17.820        21.746        18.441        17.334
 C11           21.496        13.430        25.578        22.315        24.655
 C12           22.569        20.582        23.761        24.400        26.547
 C13            0.293        -0.932         0.860        -1.891        -3.238
 BAGE         -62.206       -63.922       -70.202       -64.309       -49.310


           Covariances
              P11           P12           P13           C1            C2
              ________      ________      ________      ________      ________
 P11          486.515
 P12          349.728       421.425
 P13          139.529        87.190        94.345
 C1            10.213        18.970         4.702         8.203
 C2             9.781        13.408         2.366         5.234         9.183
 C3             9.966        23.240         1.741         4.719         4.805
 C4            12.106        16.778         8.101         4.241         5.049
 C5            19.742        24.476         2.891         4.177         4.772
 C6            12.017        13.958        -0.495         3.102         4.291
 C7            11.083        17.281        -1.695         3.620         4.458
 C8            16.866        22.080         7.949         5.012         5.184
 C9            13.595        16.126         2.194         2.529         3.439
 C10           20.371        19.835        10.766         4.713         5.578
 C11           27.233        22.879         8.660         1.102         1.553
 C12           29.888        22.473        11.832         4.566         4.470
 C13           -1.183         1.478         1.522         0.339         0.512
 BAGE         -78.086       -59.896       -11.542        -4.546        -3.396


           Covariances
              C3            C4            C5            C6            C7
              ________      ________      ________      ________      ________
 C3             8.379
 C4             4.723         6.811
 C5             4.433         4.789         8.038
 C6             3.930         4.080         4.386         7.565
 C7             3.826         4.131         4.150         4.000         5.274
 C8             4.329         4.663         4.567         4.349         4.383
 C9             1.987         3.019         3.382         3.903         3.279
 C10            5.777         5.730         5.942         4.248         4.369
 C11            2.111         3.544         4.462         5.625         2.862
 C12            2.881         5.463         4.211         4.302         4.427
 C13            1.026         1.132         0.760         0.578         0.382
 BAGE          -4.290        -4.150        -5.969        -3.274        -2.619


           Covariances
              C8            C9            C10           C11           C12
              ________      ________      ________      ________      ________
 C8             8.149
 C9             3.673         5.648
 C10            5.437         3.774         9.794
 C11            2.266         3.676         3.414         8.654
 C12            4.559         4.393         5.547         4.004         8.235
 C13            0.248        -0.085         1.075         0.902         0.370
 BAGE          -5.126        -5.110        -7.462        -2.392        -4.267


           Covariances
              C13           BAGE
              ________      ________
 C13            0.576
 BAGE           0.266        51.888


           Correlations
              P1            P2            P3            P4            P5
              ________      ________      ________      ________      ________
 P1             1.000
 P2             0.905         1.000
 P3             0.894         0.897         1.000
 P4             0.834         0.866         0.885         1.000
 P5             0.835         0.850         0.892         0.922         1.000
 P6             0.782         0.756         0.825         0.906         0.921
 P7             0.775         0.712         0.759         0.786         0.863
 P8             0.865         0.855         0.870         0.873         0.870
 P9             0.761         0.774         0.770         0.888         0.868
 P10            0.710         0.687         0.702         0.878         0.846
 P11            0.743         0.765         0.788         0.934         0.923
 P12            0.832         0.900         0.819         0.799         0.824
 P13            0.518         0.487         0.540         0.585         0.621
 C1             0.294         0.306         0.295         0.243         0.343
 C2             0.254         0.309         0.303         0.216         0.325
 C3             0.245         0.283         0.290         0.198         0.271
 C4             0.198         0.288         0.300         0.213         0.296
 C5             0.305         0.365         0.368         0.358         0.369
 C6             0.241         0.280         0.297         0.211         0.280
 C7             0.239         0.284         0.321         0.249         0.294
 C8             0.301         0.337         0.377         0.274         0.398
 C9             0.225         0.285         0.219         0.237         0.308
 C10            0.343         0.329         0.399         0.297         0.404
 C11            0.246         0.367         0.345         0.379         0.337
 C12            0.416         0.415         0.452         0.531         0.513
 C13            0.088         0.217         0.245         0.030         0.025
 BAGE          -0.415        -0.455        -0.435        -0.462        -0.450


           Correlations
              P6            P7            P8            P9            P10
              ________      ________      ________      ________      ________
 P6             1.000
 P7             0.883         1.000
 P8             0.889         0.807         1.000
 P9             0.885         0.823         0.866         1.000
 P10            0.900         0.756         0.843         0.948         1.000
 P11            0.948         0.851         0.859         0.918         0.930
 P12            0.742         0.697         0.839         0.819         0.755
 P13            0.651         0.600         0.673         0.599         0.578
 C1             0.263         0.284         0.281         0.239         0.187
 C2             0.253         0.297         0.262         0.177         0.161
 C3             0.235         0.223         0.227         0.216         0.128
 C4             0.230         0.208         0.266         0.162         0.132
 C5             0.442         0.342         0.369         0.344         0.342
 C6             0.231         0.235         0.270         0.234         0.214
 C7             0.271         0.220         0.245         0.210         0.254
 C8             0.346         0.362         0.359         0.320         0.264
 C9             0.196         0.256         0.317         0.257         0.275
 C10            0.417         0.307         0.364         0.305         0.285
 C11            0.400         0.246         0.456         0.393         0.432
 C12            0.430         0.387         0.434         0.441         0.476
 C13            0.021        -0.066         0.059        -0.129        -0.220
 BAGE          -0.472        -0.478        -0.511        -0.463        -0.353


           Correlations
              P11           P12           P13           C1            C2
              ________      ________      ________      ________      ________
 P11            1.000
 P12            0.772         1.000
 P13            0.651         0.437         1.000
 C1             0.162         0.323         0.169         1.000
 C2             0.146         0.216         0.080         0.603         1.000
 C3             0.156         0.391         0.062         0.569         0.548
 C4             0.210         0.313         0.320         0.567         0.638
 C5             0.316         0.421         0.105         0.514         0.555
 C6             0.198         0.247        -0.019         0.394         0.515
 C7             0.219         0.367        -0.076         0.550         0.641
 C8             0.268         0.377         0.287         0.613         0.599
 C9             0.259         0.331         0.095         0.372         0.478
 C10            0.295         0.309         0.354         0.526         0.588
 C11            0.420         0.379         0.303         0.131         0.174
 C12            0.472         0.381         0.424         0.556         0.514
 C13           -0.071         0.095         0.206         0.156         0.223
 BAGE          -0.491        -0.405        -0.165        -0.220        -0.156


           Correlations
              C3            C4            C5            C6            C7
              ________      ________      ________      ________      ________
 C3             1.000
 C4             0.625         1.000
 C5             0.540         0.647         1.000
 C6             0.494         0.568         0.562         1.000
 C7             0.575         0.689         0.637         0.633         1.000
 C8             0.524         0.626         0.564         0.554         0.669
 C9             0.289         0.487         0.502         0.597         0.601
 C10            0.638         0.702         0.670         0.494         0.608
 C11            0.248         0.462         0.535         0.695         0.424
 C12            0.347         0.729         0.518         0.545         0.672
 C13            0.467         0.571         0.353         0.277         0.219
 BAGE          -0.206        -0.221        -0.292        -0.165        -0.158


           Correlations
              C8            C9            C10           C11           C12
              ________      ________      ________      ________      ________
 C8             1.000
 C9             0.541         1.000
 C10            0.609         0.507         1.000
 C11            0.270         0.526         0.371         1.000
 C12            0.557         0.644         0.618         0.474         1.000
 C13            0.114        -0.047         0.452         0.404         0.170
 BAGE          -0.249        -0.299        -0.331        -0.113        -0.206


           Correlations
              C13           BAGE
              ________      ________
 C13            1.000
 BAGE           0.049         1.000


     MAXIMUM LOG-LIKELIHOOD VALUE FOR THE UNRESTRICTED (H1) MODEL IS -8570.961


UNIVARIATE HIGHER-ORDER MOMENT DESCRIPTIVE STATISTICS


     UNIVARIATE HIGHER-ORDER MOMENT DESCRIPTIVE STATISTICS

         Variable/         Mean/     Skewness/   Minimum/ % with                Percentiles
        Sample Size      Variance    Kurtosis    Maximum  Min/Max      20%/60%    40%/80%    Median

     P1                   69.024      -0.147       0.000    0.34%      53.250     64.250     69.000
             295.000     379.729       0.481     124.250    0.34%      75.500     84.500
     P2                   69.268      -0.028      21.500    0.48%      55.500     65.500     70.500
             207.000     299.037       0.480     130.250    0.48%      74.000     81.250
     P3                   69.685       0.089      18.500    0.62%      56.250     66.500     71.750
             162.000     311.172       0.677     127.500    0.62%      74.500     81.000
     P4                   66.118       0.144      20.250    0.68%      51.250     62.500     67.500
             146.000     311.095       0.528     125.000    0.68%      71.250     78.250
     P5                   65.076      -0.066      25.500    1.04%      50.000     60.500     65.250
              96.000     267.945      -0.262     100.750    1.04%      70.000     77.250
     P6                   64.390      -0.042      25.500    1.75%      47.500     62.000     66.750
              57.000     262.831      -0.084     107.750    1.75%      70.250     76.250
     P7                   65.031       0.409      32.250    2.08%      52.250     58.500     64.625
              48.000     335.330       0.311     112.250    2.08%      69.250     74.000
     P8                   61.448       0.483      23.750    1.61%      47.250     54.250     60.625
              62.000     315.156       0.815     121.750    1.61%      67.000     73.250
     P9                   62.223       0.452      27.500    1.54%      47.250     54.750     59.750
              65.000     275.691      -0.167     106.750    1.54%      65.500     78.250
     P10                  61.543       0.375      27.000    2.13%      42.500     58.000     60.750
              47.000     274.081      -0.203     101.500    2.13%      62.750     77.000
     P11                  60.333       0.722      32.250    3.03%      42.500     49.250     56.500
              33.000     382.347      -0.032     110.000    3.03%      61.250     75.000
     P12                  51.804       0.175      30.250    7.14%      32.000     50.500     53.000
              14.000     264.118      -1.080      80.750    7.14%      53.250     63.500
     P13                  47.438      -0.220      26.500   25.00%      26.500     44.000     48.625
               4.000     207.137      -1.181      66.000   25.00%      44.000     53.250
     C1                   12.320      -1.148       0.000    0.34%      10.000     12.000     13.000
             294.000       8.292       1.475      16.000    8.50%      14.000     15.000
     C2                   12.415      -1.261       2.000    0.43%      11.000     13.000     13.000
             234.000       8.713       1.385      16.000    8.55%      14.000     15.000
     C3                   12.465      -1.111       2.000    0.50%      10.000     12.000     13.000
             200.000       7.229       1.582      16.000   11.00%      13.000     15.000
     C4                   12.600      -0.970       4.000    0.54%      11.000     12.000     13.000
             185.000       5.937       0.804      16.000    6.49%      14.000     15.000
     C5                   12.358      -1.382       1.000    0.62%      11.000     12.000     13.000
             162.000       7.069       2.951      16.000    7.41%      13.000     14.000
     C6                   12.496      -1.026       2.000    0.81%      10.000     12.000     13.000
             123.000       6.299       1.512      16.000    7.32%      13.000     15.000
     C7                   12.248      -0.451       7.000    2.86%      11.000     12.000     12.000
             105.000       3.977      -0.033      16.000    2.86%      13.000     14.000
     C8                   12.068      -1.347       1.000    1.14%      10.000     12.000     12.500
              88.000       6.109       3.545      16.000    4.55%      13.000     14.000
     C9                   12.110      -0.732       5.000    2.74%      11.000     12.000     12.000
              73.000       5.193       1.147      16.000    6.85%      13.000     14.000
     C10                  11.538      -1.102       2.000    1.92%      10.000     11.000     12.000
              52.000       6.825       2.153      16.000    1.92%      12.000     14.000
     C11                  11.892      -0.268       6.000    2.70%      10.000     11.000     12.000
              37.000       5.286      -0.274      16.000    2.70%      12.000     14.000
     C12                  11.579      -0.159       7.000    5.26%       9.000     10.000     11.000
              19.000       6.454      -1.278      15.000   15.79%      13.000     14.000
     C13                  12.200       0.363      11.000   40.00%      11.000     11.000     12.000
               5.000       1.360      -1.372      14.000   20.00%      12.000     13.000
     BAGE                  9.635      -0.501     -12.094    0.31%       3.785      8.582     10.533
             322.000      51.888      -0.014      25.242    0.31%      12.097     15.829


THE MODEL ESTIMATION TERMINATED NORMALLY



MODEL FIT INFORMATION

Number of Free Parameters                       21

Loglikelihood

          H0 Value                       -7995.185
          H0 Scaling Correction Factor      1.3263
            for MLR

Information Criteria

          Akaike (AIC)                   16032.370
          Bayesian (BIC)                 16111.635
          Sample-Size Adjusted BIC       16045.026
            (n* = (n + 2) / 24)



MODEL RESULTS

                                                    Two-Tailed
                    Estimate       S.E.  Est./S.E.    P-Value

 IP         ON
    BAGE              -1.148      0.136     -8.451      0.000

 SP         ON
    BAGE              -0.011      0.022     -0.502      0.616

 IC         ON
    BAGE              -0.080      0.023     -3.475      0.001

 SC         ON
    BAGE              -0.002      0.004     -0.409      0.683

 IP       WITH
    SP                -8.018      2.687     -2.984      0.003
    IC                11.187      2.870      3.898      0.000
    SC                -0.273      0.404     -0.676      0.499

 SP       WITH
    IC                -0.452      0.404     -1.117      0.264
    SC                 0.104      0.048      2.151      0.032

 IC       WITH
    SC                -0.144      0.082     -1.750      0.080

 P1       WITH
    C1                -0.069      0.422     -0.163      0.870

 P2       WITH
    C2                -0.069      0.422     -0.163      0.870

 P3       WITH
    C3                -0.069      0.422     -0.163      0.870

 P4       WITH
    C4                -0.069      0.422     -0.163      0.870

 P5       WITH
    C5                -0.069      0.422     -0.163      0.870

 P6       WITH
    C6                -0.069      0.422     -0.163      0.870

 P7       WITH
    C7                -0.069      0.422     -0.163      0.870

 P8       WITH
    C8                -0.069      0.422     -0.163      0.870

 P9       WITH
    C9                -0.069      0.422     -0.163      0.870

 P10      WITH
    C10               -0.069      0.422     -0.163      0.870

 P11      WITH
    C11               -0.069      0.422     -0.163      0.870

 P12      WITH
    C12               -0.069      0.422     -0.163      0.870

 P13      WITH
    C13               -0.069      0.422     -0.163      0.870

 Intercepts
    P1                 0.000      0.000    999.000    999.000
    P2                 0.000      0.000    999.000    999.000
    P3                 0.000      0.000    999.000    999.000
    P4                 0.000      0.000    999.000    999.000
    P5                 0.000      0.000    999.000    999.000
    P6                 0.000      0.000    999.000    999.000
    P7                 0.000      0.000    999.000    999.000
    P8                 0.000      0.000    999.000    999.000
    P9                 0.000      0.000    999.000    999.000
    P10                0.000      0.000    999.000    999.000
    P11                0.000      0.000    999.000    999.000
    P12                0.000      0.000    999.000    999.000
    P13                0.000      0.000    999.000    999.000
    C1                 0.000      0.000    999.000    999.000
    C2                 0.000      0.000    999.000    999.000
    C3                 0.000      0.000    999.000    999.000
    C4                 0.000      0.000    999.000    999.000
    C5                 0.000      0.000    999.000    999.000
    C6                 0.000      0.000    999.000    999.000
    C7                 0.000      0.000    999.000    999.000
    C8                 0.000      0.000    999.000    999.000
    C9                 0.000      0.000    999.000    999.000
    C10                0.000      0.000    999.000    999.000
    C11                0.000      0.000    999.000    999.000
    C12                0.000      0.000    999.000    999.000
    C13                0.000      0.000    999.000    999.000
    IP                80.661      1.781     45.280      0.000
    SP                -1.823      0.247     -7.389      0.000
    IC                13.143      0.263     49.985      0.000
    SC                -0.070      0.044     -1.574      0.115

 Residual Variances
    P1                34.973      2.350     14.883      0.000
    P2                34.973      2.350     14.883      0.000
    P3                34.973      2.350     14.883      0.000
    P4                34.973      2.350     14.883      0.000
    P5                34.973      2.350     14.883      0.000
    P6                34.973      2.350     14.883      0.000
    P7                34.973      2.350     14.883      0.000
    P8                34.973      2.350     14.883      0.000
    P9                34.973      2.350     14.883      0.000
    P10               34.973      2.350     14.883      0.000
    P11               34.973      2.350     14.883      0.000
    P12               34.973      2.350     14.883      0.000
    P13               34.973      2.350     14.883      0.000
    C1                 3.167      0.258     12.269      0.000
    C2                 3.167      0.258     12.269      0.000
    C3                 3.167      0.258     12.269      0.000
    C4                 3.167      0.258     12.269      0.000
    C5                 3.167      0.258     12.269      0.000
    C6                 3.167      0.258     12.269      0.000
    C7                 3.167      0.258     12.269      0.000
    C8                 3.167      0.258     12.269      0.000
    C9                 3.167      0.258     12.269      0.000
    C10                3.167      0.258     12.269      0.000
    C11                3.167      0.258     12.269      0.000
    C12                3.167      0.258     12.269      0.000
    C13                3.167      0.258     12.269      0.000
    IP               271.838     28.015      9.703      0.000
    SP                 2.089      0.677      3.087      0.002
    IC                 4.887      0.666      7.337      0.000
    SC                 0.022      0.013      1.692      0.091

New/Additional Parameters
    R_IPIC             0.307      0.064      4.772      0.000
    R_SPSC             0.485      0.186      2.609      0.009
    R_RES_PC          -0.007      0.040     -0.163      0.871


QUALITY OF NUMERICAL RESULTS

     Condition Number for the Information Matrix              0.729E-07
       (ratio of smallest to largest eigenvalue)


CONFIDENCE INTERVALS OF MODEL RESULTS

                  Lower .5%  Lower 2.5%    Lower 5%    Estimate    Upper 5%  Upper 2.5%   Upper .5%

 IP       ON
    BAGE            -1.498      -1.414      -1.371      -1.148      -0.924      -0.882      -0.798

 SP       ON
    BAGE            -0.067      -0.054      -0.047      -0.011       0.025       0.032       0.045

 IC       ON
    BAGE            -0.139      -0.124      -0.117      -0.080      -0.042      -0.035      -0.021

 SC       ON
    BAGE            -0.012      -0.010      -0.008      -0.002       0.005       0.006       0.009

 IP       WITH
    SP             -14.939     -13.285     -12.438      -8.018      -3.597      -2.751      -1.096
    IC               3.794       5.561       6.465      11.187      15.908      16.812      18.580
    SC              -1.315      -1.066      -0.939      -0.273       0.392       0.519       0.768

 SP       WITH
    IC              -1.493      -1.244      -1.117      -0.452       0.214       0.341       0.590
    SC              -0.021       0.009       0.025       0.104       0.184       0.199       0.229

 IC       WITH
    SC              -0.355      -0.305      -0.279      -0.144      -0.009       0.017       0.068

 P1       WITH
    C1              -1.155      -0.895      -0.762      -0.069       0.625       0.758       1.017

 P2       WITH
    C2              -1.155      -0.895      -0.762      -0.069       0.625       0.758       1.017

 P3       WITH
    C3              -1.155      -0.895      -0.762      -0.069       0.625       0.758       1.017

 P4       WITH
    C4              -1.155      -0.895      -0.762      -0.069       0.625       0.758       1.017

 P5       WITH
    C5              -1.155      -0.895      -0.762      -0.069       0.625       0.758       1.017

 P6       WITH
    C6              -1.155      -0.895      -0.762      -0.069       0.625       0.758       1.017

 P7       WITH
    C7              -1.155      -0.895      -0.762      -0.069       0.625       0.758       1.017

 P8       WITH
    C8              -1.155      -0.895      -0.762      -0.069       0.625       0.758       1.017

 P9       WITH
    C9              -1.155      -0.895      -0.762      -0.069       0.625       0.758       1.017

 P10      WITH
    C10             -1.155      -0.895      -0.762      -0.069       0.625       0.758       1.017

 P11      WITH
    C11             -1.155      -0.895      -0.762      -0.069       0.625       0.758       1.017

 P12      WITH
    C12             -1.155      -0.895      -0.762      -0.069       0.625       0.758       1.017

 P13      WITH
    C13             -1.155      -0.895      -0.762      -0.069       0.625       0.758       1.017

 Intercepts
    P1               0.000       0.000       0.000       0.000       0.000       0.000       0.000
    P2               0.000       0.000       0.000       0.000       0.000       0.000       0.000
    P3               0.000       0.000       0.000       0.000       0.000       0.000       0.000
    P4               0.000       0.000       0.000       0.000       0.000       0.000       0.000
    P5               0.000       0.000       0.000       0.000       0.000       0.000       0.000
    P6               0.000       0.000       0.000       0.000       0.000       0.000       0.000
    P7               0.000       0.000       0.000       0.000       0.000       0.000       0.000
    P8               0.000       0.000       0.000       0.000       0.000       0.000       0.000
    P9               0.000       0.000       0.000       0.000       0.000       0.000       0.000
    P10              0.000       0.000       0.000       0.000       0.000       0.000       0.000
    P11              0.000       0.000       0.000       0.000       0.000       0.000       0.000
    P12              0.000       0.000       0.000       0.000       0.000       0.000       0.000
    P13              0.000       0.000       0.000       0.000       0.000       0.000       0.000
    C1               0.000       0.000       0.000       0.000       0.000       0.000       0.000
    C2               0.000       0.000       0.000       0.000       0.000       0.000       0.000
    C3               0.000       0.000       0.000       0.000       0.000       0.000       0.000
    C4               0.000       0.000       0.000       0.000       0.000       0.000       0.000
    C5               0.000       0.000       0.000       0.000       0.000       0.000       0.000
    C6               0.000       0.000       0.000       0.000       0.000       0.000       0.000
    C7               0.000       0.000       0.000       0.000       0.000       0.000       0.000
    C8               0.000       0.000       0.000       0.000       0.000       0.000       0.000
    C9               0.000       0.000       0.000       0.000       0.000       0.000       0.000
    C10              0.000       0.000       0.000       0.000       0.000       0.000       0.000
    C11              0.000       0.000       0.000       0.000       0.000       0.000       0.000
    C12              0.000       0.000       0.000       0.000       0.000       0.000       0.000
    C13              0.000       0.000       0.000       0.000       0.000       0.000       0.000
    IP              76.072      77.169      77.730      80.661      83.591      84.152      85.249
    SP              -2.458      -2.306      -2.228      -1.823      -1.417      -1.339      -1.187
    IC              12.465      12.627      12.710      13.143      13.575      13.658      13.820
    SC              -0.184      -0.156      -0.142      -0.070       0.003       0.017       0.044

 Residual Variances
    P1              28.920      30.367      31.108      34.973      38.839      39.579      41.026
    P2              28.920      30.367      31.108      34.973      38.839      39.579      41.026
    P3              28.920      30.367      31.108      34.973      38.839      39.579      41.026
    P4              28.920      30.367      31.108      34.973      38.839      39.579      41.026
    P5              28.920      30.367      31.108      34.973      38.839      39.579      41.026
    P6              28.920      30.367      31.108      34.973      38.839      39.579      41.026
    P7              28.920      30.367      31.108      34.973      38.839      39.579      41.026
    P8              28.920      30.367      31.108      34.973      38.839      39.579      41.026
    P9              28.920      30.367      31.108      34.973      38.839      39.579      41.026
    P10             28.920      30.367      31.108      34.973      38.839      39.579      41.026
    P11             28.920      30.367      31.108      34.973      38.839      39.579      41.026
    P12             28.920      30.367      31.108      34.973      38.839      39.579      41.026
    P13             28.920      30.367      31.108      34.973      38.839      39.579      41.026
    C1               2.502       2.661       2.743       3.167       3.592       3.673       3.832
    C2               2.502       2.661       2.743       3.167       3.592       3.673       3.832
    C3               2.502       2.661       2.743       3.167       3.592       3.673       3.832
    C4               2.502       2.661       2.743       3.167       3.592       3.673       3.832
    C5               2.502       2.661       2.743       3.167       3.592       3.673       3.832
    C6               2.502       2.661       2.743       3.167       3.592       3.673       3.832
    C7               2.502       2.661       2.743       3.167       3.592       3.673       3.832
    C8               2.502       2.661       2.743       3.167       3.592       3.673       3.832
    C9               2.502       2.661       2.743       3.167       3.592       3.673       3.832
    C10              2.502       2.661       2.743       3.167       3.592       3.673       3.832
    C11              2.502       2.661       2.743       3.167       3.592       3.673       3.832
    C12              2.502       2.661       2.743       3.167       3.592       3.673       3.832
    C13              2.502       2.661       2.743       3.167       3.592       3.673       3.832
    IP             199.678     216.929     225.754     271.838     317.923     326.747     343.999
    SP               0.346       0.762       0.975       2.089       3.202       3.415       3.832
    IC               3.171       3.581       3.791       4.887       5.982       6.192       6.602
    SC              -0.012      -0.003       0.001       0.022       0.044       0.048       0.056

New/Additional Parameters
    R_IPIC           0.141       0.181       0.201       0.307       0.413       0.433       0.473
    R_SPSC           0.006       0.120       0.179       0.485       0.790       0.849       0.963
    R_RES_PC        -0.110      -0.085      -0.073      -0.007       0.059       0.072       0.097


SAMPLE STATISTICS FOR ESTIMATED FACTOR SCORES


     SAMPLE STATISTICS


           Means
              IP            IP_SE         SP            SP_SE         IC
              ________      ________      ________      ________      ________
 1             69.600         4.311        -1.928         1.116        12.376


           Means
              IC_SE         SC            SC_SE
              ________      ________      ________
 1              0.979        -0.086         0.129


           Covariances
              IP            IP_SE         SP            SP_SE         IC
              ________      ________      ________      ________      ________
 IP           319.842
 IP_SE         -3.430         1.789
 SP            -5.312        -0.014         0.756
 SP_SE         -1.691         0.171         0.025         0.092
 IC            15.534        -0.363        -0.298        -0.103         4.190
 IC_SE         -1.308         0.214         0.009         0.049        -0.107
 SC            -0.098         0.003         0.041         0.001        -0.082
 SC_SE         -0.073         0.008         0.001         0.004        -0.004


           Covariances
              IC_SE         SC            SC_SE
              ________      ________      ________
 IC_SE          0.065
 SC             0.001         0.005
 SC_SE          0.002         0.000         0.000


           Correlations
              IP            IP_SE         SP            SP_SE         IC
              ________      ________      ________      ________      ________
 IP             1.000
 IP_SE         -0.143         1.000
 SP            -0.342        -0.012         1.000
 SP_SE         -0.311         0.421         0.096         1.000
 IC             0.424        -0.133        -0.167        -0.165         1.000
 IC_SE         -0.286         0.627         0.042         0.633        -0.205
 SC            -0.074         0.027         0.640         0.061        -0.546
 SC_SE         -0.313         0.445         0.066         0.978        -0.160


           Correlations
              IC_SE         SC            SC_SE
              ________      ________      ________
 IC_SE          1.000
 SC             0.039         1.000
 SC_SE          0.669         0.040         1.000


PLOT INFORMATION

The following plots are available:

  Histograms (sample values, estimated factor scores)
  Scatterplots (sample values, estimated factor scores)
  Latent variable distribution plots

     Beginning Time:  11:16:24
        Ending Time:  11:16:50
       Elapsed Time:  00:00:26



MUTHEN & MUTHEN
3463 Stoner Ave.
Los Angeles, CA  90066

Tel: (310) 391-9971
Fax: (310) 391-8971
Web: www.StatModel.com
Support: Support@StatModel.com

Copyright (c) 1998-2014 Muthen & Muthen
