Mplus VERSION 7.3
MUTHEN & MUTHEN
10/05/2015  11:17 AM

INPUT INSTRUCTIONS

  TITLE:
  Your new title
  DATA:
  File = radcMAP_wide.dat;
  VARIABLE:
  Names are
  	projid study_x scaled_to_x agreeableness conscientiousness extraversion
  	neo_altruism neo_conscientiousness neo_trust openness anxiety_10items
  	neuroticism_12 neuroticism_6 age_bl age_death educ msex race spanish q1inc
  	apoe_genotype ldai_bl q3smo_bl q4smo_bl smoking married married2 age_at_visit_00
  	age_at_visit_01 age_at_visit_02 age_at_visit_03 age_at_visit_04 age_at_visit_05
  	age_at_visit_06 age_at_visit_07 age_at_visit_08 age_at_visit_09 age_at_visit_10
  	age_at_visit_11 age_at_visit_12 age_at_visit_13 age_at_visit_14 age_at_visit_15
  	age_at_visit_16 age_at_visit_17 age_at_visit_18 age_at_visit_19 age_at_visit_20
  	alcohol_g_00 alcohol_g_01 alcohol_g_02 alcohol_g_03 alcohol_g_04 alcohol_g_05
  	alcohol_g_06 alcohol_g_07 alcohol_g_08 alcohol_g_09 alcohol_g_10 alcohol_g_11
  	alcohol_g_12 alcohol_g_13 alcohol_g_14 alcohol_g_15 alcohol_g_16 alcohol_g_17
  	alcohol_g_18 alcohol_g_19 alcohol_g_20 bmi_00 bmi_01 bmi_02 bmi_03 bmi_04 bmi_05
  	bmi_06 bmi_07 bmi_08 bmi_09 bmi_10 bmi_11 bmi_12 bmi_13 bmi_14 bmi_15 bmi_16
  	bmi_17 bmi_18 bmi_19 bmi_20 bp11_00 bp11_01 bp11_02 bp11_03 bp11_04 bp11_05
  	bp11_06 bp11_07 bp11_08 bp11_09 bp11_10 bp11_11 bp11_12 bp11_13 bp11_14 bp11_15
  	bp11_16 bp11_17 bp11_18 bp11_19 bp11_20 bp2_00 bp2_01 bp2_02 bp2_03 bp2_04
  	bp2_05 bp2_06 bp2_07 bp2_08 bp2_09 bp2_10 bp2_11 bp2_12 bp2_13 bp2_14 bp2_15
  	bp2_16 bp2_17 bp2_18 bp2_19 bp2_20 bp3_00 bp3_01 bp3_02 bp3_03 bp3_04 bp3_05
  	bp3_06 bp3_07 bp3_08 bp3_09 bp3_10 bp31_00 bp31_01 bp31_02 bp31_03 bp31_04
  	bp31_05 bp31_06 bp31_07 bp31_08 bp31_09 bp3_11 bp31_10 bp31_11 bp31_12 bp31_13
  	bp31_14 bp31_15 bp31_16 bp31_17 bp31_18 bp31_19 bp3_12 bp31_20 bp3_13 bp3_14
  	bp3_15 bp3_16 bp3_17 bp3_18 bp3_19 bp3_20 bun_00 bun_01 bun_02 bun_03 bun_04
  	bun_05 bun_06 bun_07 bun_08 bun_09 bun_10 bun_11 bun_12 bun_13 bun_14 bun_15
  	bun_16 bun_17 bun_18 bun_19 bun_20 ca_00 ca_01 ca_02 ca_03 ca_04 ca_05 ca_06
  	ca_07 ca_08 ca_09 ca_10 ca_11 ca_12 ca_13 ca_14 ca_15 ca_16 ca_17 ca_18 ca_19
  	ca_20 cesdsum_00 cesdsum_01 cesdsum_02 cesdsum_03 cesdsum_04 cesdsum_05
  	cesdsum_06 cesdsum_07 cesdsum_08 cesdsum_09 cesdsum_10 cesdsum_11 cesdsum_12
  	cesdsum_13 cesdsum_14 cesdsum_15 cesdsum_16 cesdsum_17 cesdsum_18 cesdsum_19
  	cesdsum_20 chf_cum_00 chf_cum_01 chf_cum_02 chf_cum_03 chf_cum_04 chf_cum_05
  	chf_cum_06 chf_cum_07 chf_cum_08 chf_cum_09 chf_cum_10 chf_cum_11 chf_cum_12
  	chf_cum_13 chf_cum_14 chf_cum_15 chf_cum_16 chf_cum_17 chf_cum_18 chf_cum_19
  	chf_cum_20 chlstrl_00 chlstrl_01 chlstrl_02 chlstrl_03 chlstrl_04 chlstrl_05
  	chlstrl_06 chlstrl_07 chlstrl_08 chlstrl_09 chlstrl_10 chlstrl_11 chlstrl_12
  	chlstrl_13 chlstrl_14 chlstrl_15 chlstrl_16 chlstrl_17 chlstrl_18 chlstrl_19
  	chlstrl_20 cl_00 cl_01 cl_02 cl_03 cl_04 cl_05 cl_06 cl_07 cl_08 cl_09 cl_10
  	cl_11 cl_12 cl_13 cl_14 cl_15 cl_16 cl_17 cl_18 cl_19 cl_20 claudication_cum_00
  	claudication_cum_01 claudication_cum_02 claudication_cum_03 claudication_cum_04
  	claudication_cum_05 claudication_cum_06 claudication_cum_07 claudication_cum_08
  	claudication_cum_09 claudication_cum_10 claudication_cum_11 claudication_cum_12
  	claudication_cum_13 claudication_cum_14 claudication_cum_15 claudication_cum_16
  	claudication_cum_17 claudication_cum_18 claudication_cum_19 claudication_cum_20
  	co2_00 co2_01 co2_02 co2_03 co2_04 co2_05 co2_06 co2_07 co2_08 co2_09 co2_10
  	co2_11 co2_12 co2_13 co2_14 co2_15 co2_16 co2_17 co2_18 co2_19 co2_20 cogn_ep_00
  	cogn_ep_01 cogn_ep_02 cogn_ep_03 cogn_ep_04 cogn_ep_05 cogn_ep_06 cogn_ep_07
  	cogn_ep_08 cogn_ep_09 cogn_ep_10 cogn_ep_11 cogn_ep_12 cogn_ep_13 cogn_ep_14
  	cogn_ep_15 cogn_ep_16 cogn_ep_17 cogn_ep_18 cogn_ep_19 cogn_ep_20 cogn_global_00
  	cogn_global_01 cogn_global_02 cogn_global_03 cogn_global_04 cogn_global_05
  	cogn_global_06 cogn_global_07 cogn_global_08 cogn_global_09 cogn_global_10
  	cogn_global_11 cogn_global_12 cogn_global_13 cogn_global_14 cogn_global_15
  	cogn_global_16 cogn_global_17 cogn_global_18 cogn_global_19 cogn_global_20
  	cogn_po_00 cogn_po_01 cogn_po_02 cogn_po_03 cogn_po_04 cogn_po_05 cogn_po_06
  	cogn_po_07 cogn_po_08 cogn_po_09 cogn_po_10 cogn_po_11 cogn_po_12 cogn_po_13
  	cogn_po_14 cogn_po_15 cogn_po_16 cogn_po_17 cogn_po_18 cogn_po_19 cogn_po_20
  	cogn_ps_00 cogn_ps_01 cogn_ps_02 cogn_ps_03 cogn_ps_04 cogn_ps_05 cogn_ps_06
  	cogn_ps_07 cogn_ps_08 cogn_ps_09 cogn_ps_10 cogn_ps_11 cogn_ps_12 cogn_ps_13
  	cogn_ps_14 cogn_ps_15 cogn_ps_16 cogn_ps_17 cogn_ps_18 cogn_ps_19 cogn_ps_20
  	cogn_se_00 cogn_se_01 cogn_se_02 cogn_se_03 cogn_se_04 cogn_se_05 cogn_se_06
  	cogn_se_07 cogn_se_08 cogn_se_09 cogn_se_10 cogn_se_11 cogn_se_12 cogn_se_13
  	cogn_se_14 cogn_se_15 cogn_se_16 cogn_se_17 cogn_se_18 cogn_se_19 cogn_se_20
  	cogn_wo_00 cogn_wo_01 cogn_wo_02 cogn_wo_03 cogn_wo_04 cogn_wo_05 cogn_wo_06
  	cogn_wo_07 cogn_wo_08 cogn_wo_09 cogn_wo_10 cogn_wo_11 cogn_wo_12 cogn_wo_13
  	cogn_wo_14 cogn_wo_15 cogn_wo_16 cogn_wo_17 cogn_wo_18 cogn_wo_19 cogn_wo_20
  	crn_00 crn_01 crn_02 crn_03 crn_04 crn_05 crn_06 crn_07 crn_08 crn_09 crn_10
  	crn_11 crn_12 crn_13 crn_14 crn_15 crn_16 crn_17 crn_18 crn_19 crn_20
  	cts_bname_00 cts_bname_01 cts_bname_02 cts_bname_03 cts_bname_04 cts_bname_05
  	cts_bname_06 cts_bname_07 cts_bname_08 cts_bname_09 cts_bname_10 cts_bname_11
  	cts_bname_12 cts_bname_13 cts_bname_14 cts_bname_15 cts_bname_16 cts_bname_17
  	cts_bname_18 cts_bname_19 cts_bname_20 cts_catflu_00 cts_catflu_01 cts_catflu_02
  	cts_catflu_03 cts_catflu_04 cts_catflu_05 cts_catflu_06 cts_catflu_07
  	cts_catflu_08 cts_catflu_09 cts_catflu_10 cts_catflu_11 cts_catflu_12
  	cts_catflu_13 cts_catflu_14 cts_catflu_15 cts_catflu_16 cts_catflu_17
  	cts_catflu_18 cts_catflu_19 cts_catflu_20 cts_db_00 cts_db_01 cts_db_02
  	cts_db_03 cts_db_04 cts_db_05 cts_db_06 cts_db_07 cts_db_08 cts_db_09 cts_db_10
  	cts_db_11 cts_db_12 cts_db_13 cts_db_14 cts_db_15 cts_db_16 cts_db_17 cts_db_18
  	cts_db_19 cts_db_20 cts_delay_00 cts_delay_01 cts_delay_02 cts_delay_03
  	cts_delay_04 cts_delay_05 cts_delay_06 cts_delay_07 cts_delay_08 cts_delay_09
  	cts_delay_10 cts_delay_11 cts_delay_12 cts_delay_13 cts_delay_14 cts_delay_15
  	cts_delay_16 cts_delay_17 cts_delay_18 cts_delay_19 cts_delay_20 cts_df_00
  	cts_df_01 cts_df_02 cts_df_03 cts_df_04 cts_df_05 cts_df_06 cts_df_07 cts_df_08
  	cts_df_09 cts_df_10 cts_df_11 cts_df_12 cts_df_13 cts_df_14 cts_df_15 cts_df_16
  	cts_df_17 cts_df_18 cts_df_19 cts_df_20 cts_doperf_00 cts_doperf_01
  	cts_doperf_02 cts_doperf_03 cts_doperf_04 cts_doperf_05 cts_doperf_06
  	cts_doperf_07 cts_doperf_08 cts_doperf_09 cts_doperf_10 cts_doperf_11
  	cts_doperf_12 cts_doperf_13 cts_doperf_14 cts_doperf_15 cts_doperf_16
  	cts_doperf_17 cts_doperf_18 cts_doperf_19 cts_doperf_20 cts_ebdr_00 cts_ebdr_01
  	cts_ebdr_02 cts_ebdr_03 cts_ebdr_04 cts_ebdr_05 cts_ebdr_06 cts_ebdr_07
  	cts_ebdr_08 cts_ebdr_09 cts_ebdr_10 cts_ebdr_11 cts_ebdr_12 cts_ebdr_13
  	cts_ebdr_14 cts_ebdr_15 cts_ebdr_16 cts_ebdr_17 cts_ebdr_18 cts_ebdr_19
  	cts_ebdr_20 cts_ebmt_00 cts_ebmt_01 cts_ebmt_02 cts_ebmt_03 cts_ebmt_04
  	cts_ebmt_05 cts_ebmt_06 cts_ebmt_07 cts_ebmt_08 cts_ebmt_09 cts_ebmt_10
  	cts_ebmt_11 cts_ebmt_12 cts_ebmt_13 cts_ebmt_14 cts_ebmt_15 cts_ebmt_16
  	cts_ebmt_17 cts_ebmt_18 cts_ebmt_19 cts_ebmt_20 cts_idea_00 cts_idea_01
  	cts_idea_02 cts_idea_03 cts_idea_04 cts_idea_05 cts_idea_06 cts_idea_07
  	cts_idea_08 cts_idea_09 cts_idea_10 cts_idea_11 cts_idea_12 cts_idea_13
  	cts_idea_14 cts_idea_15 cts_idea_16 cts_idea_17 cts_idea_18 cts_idea_19
  	cts_idea_20 cts_lopair_00 cts_lopair_01 cts_lopair_02 cts_lopair_03
  	cts_lopair_04 cts_lopair_05 cts_lopair_06 cts_lopair_07 cts_lopair_08
  	cts_lopair_09 cts_lopair_10 cts_lopair_11 cts_lopair_12 cts_lopair_13
  	cts_lopair_14 cts_lopair_15 cts_lopair_16 cts_lopair_17 cts_lopair_18
  	cts_lopair_19 cts_lopair_20 cts_mmse30_00 cts_mmse30_01 cts_mmse30_02
  	cts_mmse30_03 cts_mmse30_04 cts_mmse30_05 cts_mmse30_06 cts_mmse30_07
  	cts_mmse30_08 cts_mmse30_09 cts_mmse30_10 cts_mmse30_11 cts_mmse30_12
  	cts_mmse30_13 cts_mmse30_14 cts_mmse30_15 cts_mmse30_16 cts_mmse30_17
  	cts_mmse30_18 cts_mmse30_19 cts_mmse30_20 cts_nccrtd_00 cts_nccrtd_01
  	cts_nccrtd_02 cts_nccrtd_03 cts_nccrtd_04 cts_nccrtd_05 cts_nccrtd_06
  	cts_nccrtd_07 cts_nccrtd_08 cts_nccrtd_09 cts_nccrtd_10 cts_nccrtd_11
  	cts_nccrtd_12 cts_nccrtd_13 cts_nccrtd_14 cts_nccrtd_15 cts_nccrtd_16
  	cts_nccrtd_17 cts_nccrtd_18 cts_nccrtd_19 cts_nccrtd_20 cts_pmat_00 cts_pmat_01
  	cts_pmat_02 cts_pmat_03 cts_pmat_04 cts_pmat_05 cts_pmat_06 cts_pmat_07
  	cts_pmat_08 cts_pmat_09 cts_pmat_10 cts_pmat_11 cts_pmat_12 cts_pmat_13
  	cts_pmat_14 cts_pmat_15 cts_pmat_16 cts_pmat_17 cts_pmat_18 cts_pmat_19
  	cts_pmat_20 cts_read_nart_00 cts_read_nart_01 cts_read_nart_02 cts_read_nart_03
  	cts_read_nart_04 cts_read_nart_05 cts_read_nart_06 cts_read_nart_07
  	cts_read_nart_08 cts_read_nart_09 cts_read_nart_10 cts_read_nart_11
  	cts_read_nart_12 cts_read_nart_13 cts_read_nart_14 cts_read_nart_15
  	cts_read_nart_16 cts_read_nart_17 cts_read_nart_18 cts_read_nart_19
  	cts_read_nart_20 cts_read_wrat_00 cts_read_wrat_01 cts_read_wrat_02
  	cts_read_wrat_03 cts_read_wrat_04 cts_read_wrat_05 cts_read_wrat_06
  	cts_read_wrat_07 cts_read_wrat_08 cts_read_wrat_09 cts_read_wrat_10
  	cts_read_wrat_11 cts_read_wrat_12 cts_read_wrat_13 cts_read_wrat_14
  	cts_read_wrat_15 cts_read_wrat_16 cts_read_wrat_17 cts_read_wrat_18
  	cts_read_wrat_19 cts_read_wrat_20 cts_sdmt_00 cts_sdmt_01 cts_sdmt_02
  	cts_sdmt_03 cts_sdmt_04 cts_sdmt_05 cts_sdmt_06 cts_sdmt_07 cts_sdmt_08
  	cts_sdmt_09 cts_sdmt_10 cts_sdmt_11 cts_sdmt_12 cts_sdmt_13 cts_sdmt_14
  	cts_sdmt_15 cts_sdmt_16 cts_sdmt_17 cts_sdmt_18 cts_sdmt_19 cts_sdmt_20
  	cts_story_00 cts_story_01 cts_story_02 cts_story_03 cts_story_04 cts_story_05
  	cts_story_06 cts_story_07 cts_story_08 cts_story_09 cts_story_10 cts_story_11
  	cts_story_12 cts_story_13 cts_story_14 cts_story_15 cts_story_16 cts_story_17
  	cts_story_18 cts_story_19 cts_story_20 cts_wli_00 cts_wli_01 cts_wli_02
  	cts_wli_03 cts_wli_04 cts_wli_05 cts_wli_06 cts_wli_07 cts_wli_08 cts_wli_09
  	cts_wli_10 cts_wli_11 cts_wli_12 cts_wli_13 cts_wli_14 cts_wli_15 cts_wli_16
  	cts_wli_17 cts_wli_18 cts_wli_19 cts_wli_20 cts_wlii_00 cts_wlii_01 cts_wlii_02
  	cts_wlii_03 cts_wlii_04 cts_wlii_05 cts_wlii_06 cts_wlii_07 cts_wlii_08
  	cts_wlii_09 cts_wlii_10 cts_wlii_11 cts_wlii_12 cts_wlii_13 cts_wlii_14
  	cts_wlii_15 cts_wlii_16 cts_wlii_17 cts_wlii_18 cts_wlii_19 cts_wlii_20
  	cts_wliii_00 cts_wliii_01 cts_wliii_02 cts_wliii_03 cts_wliii_04 cts_wliii_05
  	cts_wliii_06 cts_wliii_07 cts_wliii_08 cts_wliii_09 cts_wliii_10 cts_wliii_11
  	cts_wliii_12 cts_wliii_13 cts_wliii_14 cts_wliii_15 cts_wliii_16 cts_wliii_17
  	cts_wliii_18 cts_wliii_19 cts_wliii_20 dcfdx_00 dcfdx_01 dcfdx_02 dcfdx_03
  	dcfdx_04 dcfdx_05 dcfdx_06 dcfdx_07 dcfdx_08 dcfdx_09 dcfdx_10 dcfdx_11 dcfdx_12
  	dcfdx_13 dcfdx_14 dcfdx_15 dcfdx_16 dcfdx_17 dcfdx_18 dcfdx_19 dcfdx_20
  	dementia_00 dementia_01 dementia_02 dementia_03 dementia_04 dementia_05
  	dementia_06 dementia_07 dementia_08 dementia_09 dementia_10 dementia_11
  	dementia_12 dementia_13 dementia_14 dementia_15 dementia_16 dementia_17
  	dementia_18 dementia_19 dementia_20 dm_cum_00 dm_cum_01 dm_cum_02 dm_cum_03
  	dm_cum_04 dm_cum_05 dm_cum_06 dm_cum_07 dm_cum_08 dm_cum_09 dm_cum_10 dm_cum_11
  	dm_cum_12 dm_cum_13 dm_cum_14 dm_cum_15 dm_cum_16 dm_cum_17 dm_cum_18 dm_cum_19
  	dm_cum_20 fasting_00 fasting_01 fasting_02 fasting_03 fasting_04 fasting_05
  	fasting_06 fasting_07 fasting_08 fasting_09 fasting_10 fasting_11 fasting_12
  	fasting_13 fasting_14 fasting_15 fasting_16 fasting_17 fasting_18 fasting_19
  	fasting_20 fev_00 fev_01 fev_02 fev_03 fev_04 fev_05 fev_06 fev_07 fev_08 fev_09
  	fev_10 fev_11 fev_12 fev_13 fev_14 fev_15 fev_16 fev_17 fev_18 fev_19 fev_20
  	fu_year gait_speed_00 gait_speed_01 gait_speed_02 gait_speed_03 gait_speed_04
  	gait_speed_05 gait_speed_06 gait_speed_07 gait_speed_08 gait_speed_09
  	gait_speed_10 gait_speed_11 gait_speed_12 gait_speed_13 gait_speed_14
  	gait_speed_15 gait_speed_16 gait_speed_17 gait_speed_18 gait_speed_19
  	gait_speed_20 glucose_00 glucose_01 glucose_02 glucose_03 glucose_04 glucose_05
  	glucose_06 glucose_07 glucose_08 glucose_09 glucose_10 glucose_11 glucose_12
  	glucose_13 glucose_14 glucose_15 glucose_16 glucose_17 glucose_18 glucose_19
  	glucose_20 gripavg_00 gripavg_01 gripavg_02 gripavg_03 gripavg_04 gripavg_05
  	gripavg_06 gripavg_07 gripavg_08 gripavg_09 gripavg_10 gripavg_11 gripavg_12
  	gripavg_13 gripavg_14 gripavg_15 gripavg_16 gripavg_17 gripavg_18 gripavg_19
  	gripavg_20 hba1c_00 hba1c_01 hba1c_02 hba1c_03 hba1c_04 hba1c_05 hba1c_06
  	hba1c_07 hba1c_08 hba1c_09 hba1c_10 hba1c_11 hba1c_12 hba1c_13 hba1c_14 hba1c_15
  	hba1c_16 hba1c_17 hba1c_18 hba1c_19 hba1c_20 hdlchlstrl_00 hdlchlstrl_01
  	hdlchlstrl_02 hdlchlstrl_03 hdlchlstrl_04 hdlchlstrl_05 hdlchlstrl_06
  	hdlchlstrl_07 hdlchlstrl_08 hdlchlstrl_09 hdlchlstrl_10 hdlchlstrl_11
  	hdlchlstrl_12 hdlchlstrl_13 hdlchlstrl_14 hdlchlstrl_15 hdlchlstrl_16
  	hdlchlstrl_17 hdlchlstrl_18 hdlchlstrl_19 hdlchlstrl_20 hdlratio_00 hdlratio_01
  	hdlratio_02 hdlratio_03 hdlratio_04 hdlratio_05 hdlratio_06 hdlratio_07
  	hdlratio_08 hdlratio_09 hdlratio_10 hdlratio_11 hdlratio_12 hdlratio_13
  	hdlratio_14 hdlratio_15 hdlratio_16 hdlratio_17 hdlratio_18 hdlratio_19
  	hdlratio_20 heart_cum_00 heart_cum_01 heart_cum_02 heart_cum_03 heart_cum_04
  	heart_cum_05 heart_cum_06 heart_cum_07 heart_cum_08 heart_cum_09 heart_cum_10
  	heart_cum_11 heart_cum_12 heart_cum_13 heart_cum_14 heart_cum_15 heart_cum_16
  	heart_cum_17 heart_cum_18 heart_cum_19 heart_cum_20 htm_00 htm_01 htm_02 htm_03
  	htm_04 htm_05 htm_06 htm_07 htm_08 htm_09 htm_10 htm_11 htm_12 htm_13 htm_14
  	htm_15 htm_16 htm_17 htm_18 htm_19 htm_20 hypertension_cum_00
  	hypertension_cum_01 hypertension_cum_02 hypertension_cum_03 hypertension_cum_04
  	hypertension_cum_05 hypertension_cum_06 hypertension_cum_07 hypertension_cum_08
  	hypertension_cum_09 hypertension_cum_10 hypertension_cum_11 hypertension_cum_12
  	hypertension_cum_13 hypertension_cum_14 hypertension_cum_15 hypertension_cum_16
  	hypertension_cum_17 hypertension_cum_18 hypertension_cum_19 hypertension_cum_20
  	iadlsum_00 iadlsum_01 iadlsum_02 iadlsum_03 iadlsum_04 iadlsum_05 iadlsum_06
  	iadlsum_07 iadlsum_08 iadlsum_09 iadlsum_10 iadlsum_11 iadlsum_12 iadlsum_13
  	iadlsum_14 iadlsum_15 iadlsum_16 iadlsum_17 iadlsum_18 iadlsum_19 iadlsum_20
  	intrusion_00 intrusion_01 intrusion_02 intrusion_03 intrusion_04 intrusion_05
  	intrusion_06 intrusion_07 intrusion_08 intrusion_09 intrusion_10 intrusion_11
  	intrusion_12 intrusion_13 intrusion_14 intrusion_15 intrusion_16 intrusion_17
  	intrusion_18 intrusion_19 intrusion_20 k_00 k_01 k_02 k_03 k_04 k_05 k_06 k_07
  	k_08 k_09 k_10 k_11 k_12 k_13 k_14 k_15 k_16 k_17 k_18 k_19 k_20 katzsum_00
  	katzsum_01 katzsum_02 katzsum_03 katzsum_04 katzsum_05 katzsum_06 katzsum_07
  	katzsum_08 katzsum_09 katzsum_10 katzsum_11 katzsum_12 katzsum_13 katzsum_14
  	katzsum_15 katzsum_16 katzsum_17 katzsum_18 katzsum_19 katzsum_20 ldlchlstrl_00
  	ldlchlstrl_01 ldlchlstrl_02 ldlchlstrl_03 ldlchlstrl_04 ldlchlstrl_05
  	ldlchlstrl_06 ldlchlstrl_07 ldlchlstrl_08 ldlchlstrl_09 ldlchlstrl_10
  	ldlchlstrl_11 ldlchlstrl_12 ldlchlstrl_13 ldlchlstrl_14 ldlchlstrl_15
  	ldlchlstrl_16 ldlchlstrl_17 ldlchlstrl_18 ldlchlstrl_19 ldlchlstrl_20 mep_00
  	mep_01 mep_02 mep_03 mep_04 mep_05 mep_06 mep_07 mep_08 mep_09 mep_10 mep_11
  	mep_12 mep_13 mep_14 mep_15 mep_16 mep_17 mep_18 mep_19 mep_20 mip_00 mip_01
  	mip_02 mip_03 mip_04 mip_05 mip_06 mip_07 mip_08 mip_09 mip_10 mip_11 mip_12
  	mip_13 mip_14 mip_15 mip_16 mip_17 mip_18 mip_19 mip_20 na_00 na_01 na_02 na_03
  	na_04 na_05 na_06 na_07 na_08 na_09 na_10 na_11 na_12 na_13 na_14 na_15 na_16
  	na_17 na_18 na_19 na_20 neglifeevents_00 neglifeevents_01 neglifeevents_02
  	neglifeevents_03 neglifeevents_04 neglifeevents_05 neglifeevents_06
  	neglifeevents_07 neglifeevents_08 neglifeevents_09 neglifeevents_10
  	neglifeevents_11 neglifeevents_12 neglifeevents_13 neglifeevents_14
  	neglifeevents_15 neglifeevents_16 neglifeevents_17 neglifeevents_18
  	neglifeevents_19 neglifeevents_20 negsocexchange_00 negsocexchange_01
  	negsocexchange_02 negsocexchange_03 negsocexchange_04 negsocexchange_05
  	negsocexchange_06 negsocexchange_07 negsocexchange_08 negsocexchange_09
  	negsocexchange_10 negsocexchange_11 negsocexchange_12 negsocexchange_13
  	negsocexchange_14 negsocexchange_15 negsocexchange_16 negsocexchange_17
  	negsocexchange_18 negsocexchange_19 negsocexchange_20 nohelp_00 nohelp_01
  	nohelp_02 nohelp_03 nohelp_04 nohelp_05 nohelp_06 nohelp_07 nohelp_08 nohelp_09
  	nohelp_10 nohelp_11 nohelp_12 nohelp_13 nohelp_14 nohelp_15 nohelp_16 nohelp_17
  	nohelp_18 nohelp_19 nohelp_20 panas_00 panas_01 panas_02 panas_03 panas_04
  	panas_05 panas_06 panas_07 panas_08 panas_09 panas_10 panas_11 panas_12 panas_13
  	panas_14 panas_15 panas_16 panas_17 panas_18 panas_19 panas_20
  	perceivedstress_00 perceivedstress_01 perceivedstress_02 perceivedstress_03
  	perceivedstress_04 perceivedstress_05 perceivedstress_06 perceivedstress_07
  	perceivedstress_08 perceivedstress_09 perceivedstress_10 perceivedstress_11
  	perceivedstress_12 perceivedstress_13 perceivedstress_14 perceivedstress_15
  	perceivedstress_16 perceivedstress_17 perceivedstress_18 perceivedstress_19
  	perceivedstress_20 phys5itemsum_00 phys5itemsum_01 phys5itemsum_02
  	phys5itemsum_03 phys5itemsum_04 phys5itemsum_05 phys5itemsum_06 phys5itemsum_07
  	phys5itemsum_08 phys5itemsum_09 phys5itemsum_10 phys5itemsum_11 phys5itemsum_12
  	phys5itemsum_13 phys5itemsum_14 phys5itemsum_15 phys5itemsum_16 phys5itemsum_17
  	phys5itemsum_18 phys5itemsum_19 phys5itemsum_20 pvc_00 pvc_01 pvc_02 pvc_03
  	pvc_04 pvc_05 pvc_06 pvc_07 pvc_08 pvc_09 pvc_10 pvc_11 pvc_12 pvc_13 pvc_14
  	pvc_15 pvc_16 pvc_17 pvc_18 pvc_19 pvc_20 r_depres_00 r_depres_01 r_depres_02
  	r_depres_03 r_depres_04 r_depres_05 r_depres_06 r_depres_07 r_depres_08
  	r_depres_09 r_depres_10 r_depres_11 r_depres_12 r_depres_13 r_depres_14
  	r_depres_15 r_depres_16 r_depres_17 r_depres_18 r_depres_19 r_depres_20
  	rejection_00 rejection_01 rejection_02 rejection_03 rejection_04 rejection_05
  	rejection_06 rejection_07 rejection_08 rejection_09 rejection_10 rejection_11
  	rejection_12 rejection_13 rejection_14 rejection_15 rejection_16 rejection_17
  	rejection_18 rejection_19 rejection_20 rosbscl_00 rosbscl_01 rosbscl_02
  	rosbscl_03 rosbscl_04 rosbscl_05 rosbscl_06 rosbscl_07 rosbscl_08 rosbscl_09
  	rosbscl_10 rosbscl_11 rosbscl_12 rosbscl_13 rosbscl_14 rosbscl_15 rosbscl_16
  	rosbscl_17 rosbscl_18 rosbscl_19 rosbscl_20 rosbsum_00 rosbsum_01 rosbsum_02
  	rosbsum_03 rosbsum_04 rosbsum_05 rosbsum_06 rosbsum_07 rosbsum_08 rosbsum_09
  	rosbsum_10 rosbsum_11 rosbsum_12 rosbsum_13 rosbsum_14 rosbsum_15 rosbsum_16
  	rosbsum_17 rosbsum_18 rosbsum_19 rosbsum_20 r_stroke_00 r_stroke_01 r_stroke_02
  	r_stroke_03 r_stroke_04 r_stroke_05 r_stroke_06 r_stroke_07 r_stroke_08
  	r_stroke_09 r_stroke_10 r_stroke_11 r_stroke_12 r_stroke_13 r_stroke_14
  	r_stroke_15 r_stroke_16 r_stroke_17 r_stroke_18 r_stroke_19 r_stroke_20
  	scaled_to_y stroke_cum_00 stroke_cum_01 stroke_cum_02 stroke_cum_03
  	stroke_cum_04 stroke_cum_05 stroke_cum_06 stroke_cum_07 stroke_cum_08
  	stroke_cum_09 stroke_cum_10 stroke_cum_11 stroke_cum_12 stroke_cum_13
  	stroke_cum_14 stroke_cum_15 stroke_cum_16 stroke_cum_17 stroke_cum_18
  	stroke_cum_19 stroke_cum_20 study_y thyroid_cum_00 thyroid_cum_01 thyroid_cum_02
  	thyroid_cum_03 thyroid_cum_04 thyroid_cum_05 thyroid_cum_06 thyroid_cum_07
  	thyroid_cum_08 thyroid_cum_09 thyroid_cum_10 thyroid_cum_11 thyroid_cum_12
  	thyroid_cum_13 thyroid_cum_14 thyroid_cum_15 thyroid_cum_16 thyroid_cum_17
  	thyroid_cum_18 thyroid_cum_19 thyroid_cum_20 unsympathetic_00 unsympathetic_01
  	unsympathetic_02 unsympathetic_03 unsympathetic_04 unsympathetic_05
  	unsympathetic_06 unsympathetic_07 unsympathetic_08 unsympathetic_09
  	unsympathetic_10 unsympathetic_11 unsympathetic_12 unsympathetic_13
  	unsympathetic_14 unsympathetic_15 unsympathetic_16 unsympathetic_17
  	unsympathetic_18 unsympathetic_19 unsympathetic_20 vasc_3dis_sum_00
  	vasc_3dis_sum_01 vasc_3dis_sum_02 vasc_3dis_sum_03 vasc_3dis_sum_04
  	vasc_3dis_sum_05 vasc_3dis_sum_06 vasc_3dis_sum_07 vasc_3dis_sum_08
  	vasc_3dis_sum_09 vasc_3dis_sum_10 vasc_3dis_sum_11 vasc_3dis_sum_12
  	vasc_3dis_sum_13 vasc_3dis_sum_14 vasc_3dis_sum_15 vasc_3dis_sum_16
  	vasc_3dis_sum_17 vasc_3dis_sum_18 vasc_3dis_sum_19 vasc_3dis_sum_20
  	vasc_4dis_sum_00 vasc_4dis_sum_01 vasc_4dis_sum_02 vasc_4dis_sum_03
  	vasc_4dis_sum_04 vasc_4dis_sum_05 vasc_4dis_sum_06 vasc_4dis_sum_07
  	vasc_4dis_sum_08 vasc_4dis_sum_09 vasc_4dis_sum_10 vasc_4dis_sum_11
  	vasc_4dis_sum_12 vasc_4dis_sum_13 vasc_4dis_sum_14 vasc_4dis_sum_15
  	vasc_4dis_sum_16 vasc_4dis_sum_17 vasc_4dis_sum_18 vasc_4dis_sum_19
  	vasc_4dis_sum_20 vasc_risks_sum_00 vasc_risks_sum_01 vasc_risks_sum_02
  	vasc_risks_sum_03 vasc_risks_sum_04 vasc_risks_sum_05 vasc_risks_sum_06
  	vasc_risks_sum_07 vasc_risks_sum_08 vasc_risks_sum_09 vasc_risks_sum_10
  	vasc_risks_sum_11 vasc_risks_sum_12 vasc_risks_sum_13 vasc_risks_sum_14
  	vasc_risks_sum_15 vasc_risks_sum_16 vasc_risks_sum_17 vasc_risks_sum_18
  	vasc_risks_sum_19 vasc_risks_sum_20 vision_00 vision_01 vision_02 vision_03
  	vision_04 vision_05 vision_06 vision_07 vision_08 vision_09 vision_10 vision_11
  	vision_12 vision_13 vision_14 vision_15 vision_16 vision_17 vision_18 vision_19
  	vision_20 visionlog_00 visionlog_01 visionlog_02 visionlog_03 visionlog_04
  	visionlog_05 visionlog_06 visionlog_07 visionlog_08 visionlog_09 visionlog_10
  	visionlog_11 visionlog_12 visionlog_13 visionlog_14 visionlog_15 visionlog_16
  	visionlog_17 visionlog_18 visionlog_19 visionlog_20 wtkg_00 wtkg_01 wtkg_02
  	wtkg_03 wtkg_04 wtkg_05 wtkg_06 wtkg_07 wtkg_08 wtkg_09 wtkg_10 wtkg_11 wtkg_12
  	wtkg_13 wtkg_14 wtkg_15 wtkg_16 wtkg_17 wtkg_18 wtkg_19 wtkg_20 T0 T1 T2 T3 T4
  	T5 T6 T7 T8 T9 T10 T11 T12 T13 T14 T15 T16 T17 T18 T19 T20;
  Missing are all (-9999);
  USEVAR are
  !define the variables used in the analysis
  	time1-time16
  	p1-p16
  	c1-c16
  	Bage;
  	
  TSCORES are
  !define the time points
  	time1-time16;
  USEOBSERVATIONS are
  !select a subset of observations
  	msex EQ 1 and
  	dementia_00 NE 1 and dementia_01 NE 1 and dementia_02 NE 1 and
  	dementia_03 NE 1 and dementia_04 NE 1 and dementia_05 NE 1 and
  	dementia_06 NE 1 and dementia_07 NE 1 and dementia_08 NE 1 and
  	dementia_09 NE 1 and dementia_10 NE 1 and dementia_11 NE 1 and
  	dementia_12 NE 1 and dementia_13 NE 1 and dementia_14 NE 1 and
  	dementia_15 NE 1 and dementia_16 NE 1 and dementia_17 NE 1 and
  	dementia_18 NE 1 and dementia_19 NE 1 and dementia_20 NE 1;
  DEFINE:
  !assign variables to the process p
  	p1= gripavg_00;
  	p2= gripavg_01;
  	p3= gripavg_02;
  	p4= gripavg_03;
  	p5= gripavg_04;
  	p6= gripavg_05;
  	p7= gripavg_06;
  	p8= gripavg_07;
  	p9= gripavg_08;
  	p10=gripavg_09;
  	p11=gripavg_10;
  	p12=gripavg_11;
  	p13=gripavg_12;
  	p14=gripavg_13;
  	p15=gripavg_14;
  	p16=gripavg_15;
  	p17=gripavg_16;
  	p18=gripavg_17;
  	p19=gripavg_18;
  	p20=gripavg_19;
  	p21=gripavg_20;
  !assign variables to the process c
  	c1= cts_pmat_00;
  	c2= cts_pmat_01;
  	c3= cts_pmat_02;
  	c4= cts_pmat_03;
  	c5= cts_pmat_04;
  	c6= cts_pmat_05;
  	c7= cts_pmat_06;
  	c8= cts_pmat_07;
  	c9= cts_pmat_08;
  	c10=cts_pmat_09;
  	c11=cts_pmat_10;
  	c12=cts_pmat_11;
  	c13=cts_pmat_12;
  	c14=cts_pmat_13;
  	c15=cts_pmat_14;
  	c16=cts_pmat_15;
  	c17=cts_pmat_16;
  	c18=cts_pmat_17;
  	c19=cts_pmat_18;
  	c20=cts_pmat_19;
  	c21=cts_pmat_20;
  !assign variables to time points
  	time1= T0;
  	time2= T1;
  	time3= T2;
  	time4= T3;
  	time5= T4;
  	time6= T5;
  	time7= T6;
  	time8= T7;
  	time9= T8;
  	time10=T9;
  	time11=T10;
  	time12=T11;
  	time13=T12;
  	time14=T13;
  	time15=T14;
  	time16=T15;
  	time17=T16;
  	time18=T17;
  	time19=T18;
  	time20=T19;
  	time21=T20;
  !define the second-level terms
  	Bage=age_bl-70;   !Age centered at 70 baseline
  		!Dage=age_death;
  		!Sex=msex;         !0=female
  	Educ=educ-7;     ! Centered at 7 years
  		!SEP=SESgrp; couldn't find
  		!Marstat;
  	Height=htm_00-1.60;
  		!Weight
  		!BMI
  		!SmokHist=smoking;
  		!Alcohol;
  		!CompExp;
  		!PhysAct;
  		!BP;
  		!DepSymp;
  		!Cardio;
  		!Diab;
  		!MorbInd;
  		!BageEduc=Bage*Educ;
  ANALYSIS:
  TYPE = RANDOM;
  COVERAGE=.00;
  MODEL:
  !first-level equation
  	ip sp | p1-p16 AT time1-time16;
  	ic sc | c1-c16 AT time1-time16;
  !variance of the first-level terms	
  	ip (v_ip);
  	sp (v_sp);
  	ic (v_ic);
  	sc (v_sc);
  !covariance among first-level terms	
  	ip WITH sp (c_ipsp);
  	ip WITH ic (c_ipic);
  	ip WITH sc (c_ipsc);
  	sp WITH ic (c_spic);
  	sp WITH sc (c_spsc);
  	ic WITH sc (c_icsc);
  !second-level equation	
  	ip sp ic sc ON Bage;
  !residual means	
  	p1-p16 (res_p);
  	c1-c16 (res_c);
  !Paired covariances constrained to be equal across t	
  	p1-p16 pwith c1-c16(res_cov);
  MODEL CONSTRAINT:
  !assigns labels to new parameters;
  	NEW r_ipic;
  	NEW r_spsc;
  	NEW r_res_pc;
  !
  	r_ipic = c_ipic/((v_ip**0.5)*(v_ic**0.5));
  	r_spsc = c_spsc/((v_sp**0.5)*(v_sc**0.5));
  	r_res_pc = res_cov/((res_p**0.5)*(res_c**0.5));
  OUTPUT: sampstat cinterval;
  PLOT: Type is Plot1 Plot2 Plot3;



*** WARNING
  Data set contains cases with missing on all variables except
  x-variables.  These cases were not included in the analysis.
  Number of cases with missing on all variables except x-variables:  29
   1 WARNING(S) FOUND IN THE INPUT INSTRUCTIONS




Your new title

SUMMARY OF ANALYSIS

Number of groups                                                 1
Number of observations                                         322

Number of dependent variables                                   32
Number of independent variables                                  1
Number of continuous latent variables                            4

Observed dependent variables

  Continuous
   P1          P2          P3          P4          P5          P6
   P7          P8          P9          P10         P11         P12
   P13         P14         P15         P16         C1          C2
   C3          C4          C5          C6          C7          C8
   C9          C10         C11         C12         C13         C14
   C15         C16

Observed independent variables
   BAGE

Continuous latent variables
   IP          SP          IC          SC

Variables with special functions

  Time scores
   TIME1       TIME2       TIME3       TIME4       TIME5       TIME6
   TIME7       TIME8       TIME9       TIME10      TIME11      TIME12
   TIME13      TIME14      TIME15      TIME16


Estimator                                                      MLR
Information matrix                                        OBSERVED
Maximum number of iterations                                   100
Convergence criterion                                    0.100D-05
Maximum number of EM iterations                                500
Convergence criteria for the EM algorithm
  Loglikelihood change                                   0.100D-02
  Relative loglikelihood change                          0.100D-05
  Derivative                                             0.100D-03
Minimum variance                                         0.100D-03
Maximum number of steepest descent iterations                   20
Maximum number of iterations for H1                           2000
Convergence criterion for H1                             0.100D-03
Optimization algorithm                                         EMA

Input data file(s)
  radcMAP_wide.dat
Input data format  FREE


SUMMARY OF DATA

     Number of missing data patterns           139


COVARIANCE COVERAGE OF DATA

Minimum covariance coverage value   0.000


     PROPORTION OF DATA PRESENT


           Covariance Coverage
              P1            P2            P3            P4            P5
              ________      ________      ________      ________      ________
 P1             0.916
 P2             0.634         0.643
 P3             0.494         0.460         0.503
 P4             0.382         0.348         0.342         0.453
 P5             0.236         0.205         0.205         0.267         0.298
 P6             0.115         0.099         0.093         0.130         0.130
 P7             0.099         0.075         0.059         0.087         0.071
 P8             0.152         0.143         0.134         0.137         0.106
 P9             0.171         0.161         0.161         0.137         0.099
 P10            0.124         0.124         0.121         0.127         0.096
 P11            0.093         0.099         0.099         0.096         0.078
 P12            0.040         0.043         0.043         0.043         0.037
 P13            0.000         0.000         0.000         0.012         0.012
 P14            0.000         0.000         0.000         0.012         0.012
 P15            0.000         0.000         0.000         0.006         0.006
 P16            0.000         0.000         0.000         0.006         0.006
 C1             0.904         0.630         0.494         0.385         0.239
 C2             0.720         0.621         0.488         0.379         0.239
 C3             0.612         0.531         0.500         0.376         0.236
 C4             0.506         0.429         0.401         0.438         0.283
 C5             0.441         0.382         0.357         0.366         0.289
 C6             0.320         0.276         0.261         0.267         0.211
 C7             0.273         0.239         0.227         0.236         0.180
 C8             0.236         0.220         0.205         0.189         0.140
 C9             0.196         0.186         0.186         0.158         0.112
 C10            0.140         0.137         0.137         0.134         0.099
 C11            0.099         0.099         0.099         0.112         0.087
 C12            0.040         0.043         0.043         0.059         0.053
 C13            0.000         0.000         0.000         0.016         0.016
 C14            0.000         0.000         0.000         0.012         0.012
 C15            0.000         0.000         0.000         0.006         0.006
 C16            0.000         0.000         0.000         0.006         0.006
 BAGE           0.916         0.643         0.503         0.453         0.298


           Covariance Coverage
              P6            P7            P8            P9            P10
              ________      ________      ________      ________      ________
 P6             0.177
 P7             0.087         0.149
 P8             0.093         0.099         0.193
 P9             0.081         0.075         0.140         0.202
 P10            0.056         0.043         0.102         0.121         0.146
 P11            0.043         0.012         0.065         0.084         0.093
 P12            0.031         0.003         0.025         0.028         0.034
 P13            0.012         0.012         0.012         0.009         0.012
 P14            0.012         0.012         0.012         0.009         0.009
 P15            0.006         0.006         0.006         0.006         0.006
 P16            0.006         0.006         0.006         0.006         0.006
 C1             0.118         0.099         0.155         0.174         0.127
 C2             0.118         0.093         0.152         0.171         0.124
 C3             0.124         0.102         0.155         0.177         0.124
 C4             0.168         0.140         0.186         0.193         0.143
 C5             0.174         0.146         0.189         0.199         0.140
 C6             0.177         0.140         0.186         0.196         0.137
 C7             0.137         0.140         0.186         0.202         0.146
 C8             0.112         0.109         0.186         0.199         0.146
 C9             0.087         0.081         0.152         0.196         0.140
 C10            0.062         0.056         0.118         0.130         0.140
 C11            0.050         0.022         0.078         0.093         0.102
 C12            0.047         0.019         0.040         0.040         0.047
 C13            0.016         0.016         0.016         0.012         0.012
 C14            0.012         0.012         0.012         0.009         0.009
 C15            0.006         0.006         0.006         0.006         0.006
 C16            0.006         0.006         0.006         0.006         0.006
 BAGE           0.177         0.149         0.193         0.202         0.146


           Covariance Coverage
              P11           P12           P13           P14           P15
              ________      ________      ________      ________      ________
 P11            0.102
 P12            0.037         0.043
 P13            0.003         0.000         0.012
 P14            0.000         0.000         0.009         0.012
 P15            0.000         0.000         0.006         0.006         0.006
 P16            0.000         0.000         0.006         0.006         0.006
 C1             0.096         0.043         0.000         0.000         0.000
 C2             0.096         0.043         0.000         0.000         0.000
 C3             0.099         0.043         0.000         0.000         0.000
 C4             0.099         0.043         0.012         0.012         0.006
 C5             0.099         0.043         0.012         0.012         0.006
 C6             0.096         0.043         0.012         0.012         0.006
 C7             0.102         0.043         0.012         0.012         0.006
 C8             0.099         0.043         0.012         0.012         0.006
 C9             0.099         0.040         0.009         0.009         0.006
 C10            0.096         0.040         0.012         0.009         0.006
 C11            0.093         0.040         0.012         0.012         0.006
 C12            0.040         0.043         0.012         0.012         0.006
 C13            0.003         0.000         0.012         0.012         0.006
 C14            0.000         0.000         0.009         0.012         0.006
 C15            0.000         0.000         0.006         0.006         0.006
 C16            0.000         0.000         0.006         0.006         0.006
 BAGE           0.102         0.043         0.012         0.012         0.006


           Covariance Coverage
              P16           C1            C2            C3            C4
              ________      ________      ________      ________      ________
 P16            0.006
 C1             0.000         0.913
 C2             0.000         0.720         0.727
 C3             0.000         0.612         0.596         0.621
 C4             0.006         0.509         0.491         0.494         0.575
 C5             0.006         0.444         0.438         0.438         0.484
 C6             0.006         0.323         0.317         0.320         0.366
 C7             0.006         0.276         0.270         0.276         0.317
 C8             0.006         0.239         0.236         0.236         0.267
 C9             0.006         0.199         0.196         0.199         0.217
 C10            0.006         0.143         0.140         0.140         0.155
 C11            0.006         0.099         0.099         0.099         0.115
 C12            0.006         0.043         0.043         0.043         0.059
 C13            0.006         0.000         0.000         0.000         0.016
 C14            0.006         0.000         0.000         0.000         0.012
 C15            0.006         0.000         0.000         0.000         0.006
 C16            0.006         0.000         0.000         0.000         0.006
 BAGE           0.006         0.913         0.727         0.621         0.575


           Covariance Coverage
              C5            C6            C7            C8            C9
              ________      ________      ________      ________      ________
 C5             0.503
 C6             0.373         0.382
 C7             0.320         0.314         0.326
 C8             0.267         0.264         0.267         0.273
 C9             0.220         0.217         0.224         0.224         0.227
 C10            0.155         0.152         0.158         0.161         0.152
 C11            0.112         0.109         0.115         0.115         0.109
 C12            0.059         0.059         0.059         0.059         0.053
 C13            0.016         0.016         0.016         0.016         0.012
 C14            0.012         0.012         0.012         0.012         0.009
 C15            0.006         0.006         0.006         0.006         0.006
 C16            0.006         0.006         0.006         0.006         0.006
 BAGE           0.503         0.382         0.326         0.273         0.227


           Covariance Coverage
              C10           C11           C12           C13           C14
              ________      ________      ________      ________      ________
 C10            0.161
 C11            0.109         0.115
 C12            0.053         0.056         0.059
 C13            0.012         0.016         0.016         0.016
 C14            0.009         0.012         0.012         0.012         0.012
 C15            0.006         0.006         0.006         0.006         0.006
 C16            0.006         0.006         0.006         0.006         0.006
 BAGE           0.161         0.115         0.059         0.016         0.012


           Covariance Coverage
              C15           C16           BAGE
              ________      ________      ________
 C15            0.006
 C16            0.006         0.006
 BAGE           0.006         0.006         1.000


SAMPLE STATISTICS


     ESTIMATED SAMPLE STATISTICS


           Means
              P1            P2            P3            P4            P5
              ________      ________      ________      ________      ________
 1             69.224        67.663        66.423        64.768        61.493


           Means
              P6            P7            P8            P9            P10
              ________      ________      ________      ________      ________
 1             60.241        56.888        54.019        54.366        51.720


           Means
              P11           P12           P13           P14           P15
              ________      ________      ________      ________      ________
 1             50.018        48.372        45.980        54.031        58.260


           Means
              P16           C1            C2            C3            C4
              ________      ________      ________      ________      ________
 1             49.900        12.328        12.251        12.181        12.341


           Means
              C5            C6            C7            C8            C9
              ________      ________      ________      ________      ________
 1             12.002        12.128        12.030        11.435        11.701


           Means
              C10           C11           C12           C13           C14
              ________      ________      ________      ________      ________
 1             11.111        11.322        11.192        12.050        11.994


           Means
              C15           C16           BAGE
              ________      ________      ________
 1             10.897        13.551         9.635


           Covariances
              P1            P2            P3            P4            P5
              ________      ________      ________      ________      ________
 P1           374.212
 P2           337.464       371.173
 P3           339.727       339.593       386.157
 P4           300.570       310.701       324.014       347.166
 P5           290.098       294.091       314.682       308.413       322.529
 P6           277.093       266.520       296.483       308.596       302.290
 P7           277.030       254.112       276.537       271.738       287.138
 P8           320.076       314.667       326.350       310.562       298.467
 P9           284.732       288.018       292.300       319.803       301.307
 P10          267.351       257.247       268.127       317.785       295.223
 P11          317.514       325.137       341.685       383.922       365.916
 P12          330.933       356.130       330.407       305.739       303.968
 P13           97.604        91.601       103.476       106.701       108.704
 P14           19.935        22.798        27.393        18.462        19.597
 P15            1.927         2.097         2.258         2.235         0.951
 P16          -16.416       -17.863       -19.231       -19.039        -8.105
 C1            16.296        16.883        16.607        12.969        17.647
 C2            14.880        18.026        18.019        12.169        17.685
 C3            13.673        15.760        16.474        10.679        14.062
 C4            10.005        14.508        15.393        10.379        13.860
 C5            16.720        19.933        20.490        18.907        18.816
 C6            12.899        14.847        16.078        10.836        13.845
 C7            10.642        12.571        14.485        10.670        12.146
 C8            16.619        18.536        21.155        14.573        20.396
 C9            10.419        13.088        10.263        10.502        13.140
 C10           20.678        19.825        24.465        17.294        22.645
 C11           14.233        21.059        20.141        21.106        18.065
 C12           23.039        22.922        25.464        28.335        26.370
 C13            1.336         3.208         3.674         0.404         0.346
 C14           13.762        12.447        15.737        14.505        13.692
 C15            1.713         1.864         2.007         1.987         0.846
 C16           -0.856        -0.932        -1.003        -0.993        -0.423
 BAGE         -57.863       -63.117       -61.586       -62.065       -58.311


           Covariances
              P6            P7            P8            P9            P10
              ________      ________      ________      ________      ________
 P6           334.326
 P7           299.006       343.491
 P8           310.425       285.912       364.790
 P9           312.734       294.449       319.575       373.137
 P10          319.805       271.721       312.789       355.754       377.361
 P11          382.369       348.266       362.066       391.591       398.621
 P12          278.775       265.087       329.258       324.960       301.172
 P13          116.334       108.770       125.713       113.115       109.794
 P14           23.365        16.435        22.297        14.178         9.594
 P15            1.055         0.731         0.909         0.355         0.381
 P16           -8.988        -6.228        -7.747        -3.026        -3.246
 C1            13.751        15.119        15.359        13.226        10.429
 C2            13.999        16.789        15.125        10.363         9.490
 C3            12.458        11.971        12.547        12.091         7.186
 C4            10.972        10.143        13.301         8.202         6.696
 C5            22.901        18.018        19.968        18.847        18.857
 C6            11.646        11.933        14.122        12.493        11.455
 C7            11.396         9.381        10.721         9.312        11.336
 C8            18.070        19.096        19.546        17.684        14.631
 C9             8.575        11.330        14.392        11.831        12.737
 C10           23.884        17.623        21.701        18.418        17.253
 C11           21.786        13.682        25.905        22.838        25.136
 C12           22.529        20.577        23.760        24.348        26.467
 C13            0.270        -0.944         0.900        -1.808        -3.200
 C14           17.893        13.095        13.554        12.008        11.270
 C15            0.938         0.650         0.808         0.316         0.339
 C16           -0.469        -0.325        -0.404        -0.158        -0.169
 BAGE         -62.254       -63.816       -70.273       -64.398       -49.308


           Covariances
              P11           P12           P13           P14           P15
              ________      ________      ________      ________      ________
 P11          486.918
 P12          350.132       421.737
 P13          140.337        87.732        94.848
 P14           21.252        17.600        18.059         9.313
 P15            0.469         0.770         1.195         0.534         0.304
 P16           -3.997        -6.560       -10.178        -4.547        -2.582
 C1            10.206        18.960         4.816         1.820         0.283
 C2             9.769        13.399         2.453         2.433         0.266
 C3             9.986        23.226         1.791         4.313         0.188
 C4            12.110        16.783         8.199         4.399         0.417
 C5            19.759        24.483         3.019         2.854         0.746
 C6            12.074        13.969        -0.471         0.841         0.290
 C7            11.113        17.293        -1.657         1.075         0.174
 C8            16.893        22.084         7.961         2.057         0.010
 C9            13.656        16.135         2.200        -0.325         0.261
 C10           20.361        19.764        10.767         6.472         0.514
 C11           27.602        23.121         8.809         2.477         0.622
 C12           29.836        22.428        11.920         2.373         0.673
 C13           -1.223         1.477         1.535         1.816         0.216
 C14           16.429         9.634         9.994         4.934         0.410
 C15            0.417         0.684         1.062         0.475         0.269
 C16           -0.209        -0.342        -0.531        -0.237        -0.135
 BAGE         -78.136       -59.947       -11.664        -5.214         1.123


           Covariances
              P16           C1            C2            C3            C4
              ________      ________      ________      ________      ________
 P16           22.030
 C1            -2.409         8.203
 C2            -2.268         5.233         9.183
 C3            -1.604         4.720         4.808         8.380
 C4            -3.552         4.243         5.050         4.724         6.813
 C5            -6.353         4.177         4.772         4.434         4.789
 C6            -2.471         3.101         4.290         3.932         4.081
 C7            -1.480         3.621         4.458         3.825         4.131
 C8            -0.085         5.017         5.186         4.330         4.663
 C9            -2.223         2.534         3.447         1.995         3.023
 C10           -4.380         4.714         5.593         5.777         5.735
 C11           -5.301         1.166         1.588         2.115         3.541
 C12           -5.730         4.560         4.464         2.887         5.468
 C13           -1.844         0.343         0.506         1.027         1.112
 C14           -3.490         1.251         1.671         2.262         1.970
 C15           -2.295         0.251         0.237         0.167         0.371
 C16            1.147        -0.126        -0.118        -0.084        -0.185
 BAGE          -9.568        -4.547        -3.398        -4.287        -4.151


           Covariances
              C5            C6            C7            C8            C9
              ________      ________      ________      ________      ________
 C5             8.039
 C6             4.387         7.565
 C7             4.150         4.000         5.274
 C8             4.570         4.352         4.384         8.153
 C9             3.389         3.904         3.284         3.679         5.655
 C10            5.949         4.240         4.367         5.434         3.790
 C11            4.485         5.667         2.868         2.276         3.694
 C12            4.209         4.300         4.426         4.561         4.398
 C13            0.741         0.591         0.372         0.251        -0.079
 C14            2.308        -0.185         0.706         1.004         0.141
 C15            0.663         0.258         0.154         0.009         0.232
 C16           -0.331        -0.129        -0.077        -0.004        -0.116
 BAGE          -5.968        -3.277        -2.619        -5.127        -5.137


           Covariances
              C10           C11           C12           C13           C14
              ________      ________      ________      ________      ________
 C10            9.799
 C11            3.397         8.758
 C12            5.555         4.029         8.225
 C13            1.083         0.899         0.365         0.572
 C14            4.455         0.563         1.854         0.699         3.590
 C15            0.457         0.553         0.598         0.192         0.364
 C16           -0.229        -0.277        -0.299        -0.096        -0.182
 BAGE          -7.457        -2.412        -4.270         0.274        -4.029


           Covariances
              C15           C16           BAGE
              ________      ________      ________
 C15            0.240
 C16           -0.120         0.060
 BAGE           0.998        -0.499        51.888


           Correlations
              P1            P2            P3            P4            P5
              ________      ________      ________      ________      ________
 P1             1.000
 P2             0.905         1.000
 P3             0.894         0.897         1.000
 P4             0.834         0.866         0.885         1.000
 P5             0.835         0.850         0.892         0.922         1.000
 P6             0.783         0.757         0.825         0.906         0.921
 P7             0.773         0.712         0.759         0.787         0.863
 P8             0.866         0.855         0.870         0.873         0.870
 P9             0.762         0.774         0.770         0.889         0.869
 P10            0.711         0.687         0.702         0.878         0.846
 P11            0.744         0.765         0.788         0.934         0.923
 P12            0.833         0.900         0.819         0.799         0.824
 P13            0.518         0.488         0.541         0.588         0.622
 P14            0.338         0.388         0.457         0.325         0.358
 P15            0.181         0.198         0.208         0.218         0.096
 P16           -0.181        -0.198        -0.208        -0.218        -0.096
 C1             0.294         0.306         0.295         0.243         0.343
 C2             0.254         0.309         0.303         0.216         0.325
 C3             0.244         0.283         0.290         0.198         0.270
 C4             0.198         0.288         0.300         0.213         0.296
 C5             0.305         0.365         0.368         0.358         0.370
 C6             0.242         0.280         0.297         0.211         0.280
 C7             0.240         0.284         0.321         0.249         0.294
 C8             0.301         0.337         0.377         0.274         0.398
 C9             0.226         0.286         0.220         0.237         0.308
 C10            0.341         0.329         0.398         0.297         0.403
 C11            0.249         0.369         0.346         0.383         0.340
 C12            0.415         0.415         0.452         0.530         0.512
 C13            0.091         0.220         0.247         0.029         0.025
 C14            0.375         0.341         0.423         0.411         0.402
 C15            0.181         0.198         0.208         0.218         0.096
 C16           -0.181        -0.198        -0.208        -0.218        -0.096
 BAGE          -0.415        -0.455        -0.435        -0.462        -0.451


           Correlations
              P6            P7            P8            P9            P10
              ________      ________      ________      ________      ________
 P6             1.000
 P7             0.882         1.000
 P8             0.889         0.808         1.000
 P9             0.885         0.822         0.866         1.000
 P10            0.900         0.755         0.843         0.948         1.000
 P11            0.948         0.852         0.859         0.919         0.930
 P12            0.742         0.696         0.839         0.819         0.755
 P13            0.653         0.603         0.676         0.601         0.580
 P14            0.419         0.291         0.383         0.241         0.162
 P15            0.105         0.072         0.086         0.033         0.036
 P16           -0.105        -0.072        -0.086        -0.033        -0.036
 C1             0.263         0.285         0.281         0.239         0.187
 C2             0.253         0.299         0.261         0.177         0.161
 C3             0.235         0.223         0.227         0.216         0.128
 C4             0.230         0.210         0.267         0.163         0.132
 C5             0.442         0.343         0.369         0.344         0.342
 C6             0.232         0.234         0.269         0.235         0.214
 C7             0.271         0.220         0.244         0.210         0.254
 C8             0.346         0.361         0.358         0.321         0.264
 C9             0.197         0.257         0.317         0.258         0.276
 C10            0.417         0.304         0.363         0.305         0.284
 C11            0.403         0.249         0.458         0.400         0.437
 C12            0.430         0.387         0.434         0.440         0.475
 C13            0.020        -0.067         0.062        -0.124        -0.218
 C14            0.516         0.373         0.375         0.328         0.306
 C15            0.105         0.072         0.086         0.033         0.036
 C16           -0.105        -0.072        -0.086        -0.033        -0.036
 BAGE          -0.473        -0.478        -0.511        -0.463        -0.352


           Correlations
              P11           P12           P13           P14           P15
              ________      ________      ________      ________      ________
 P11            1.000
 P12            0.773         1.000
 P13            0.653         0.439         1.000
 P14            0.316         0.281         0.608         1.000
 P15            0.039         0.068         0.223         0.317         1.000
 P16           -0.039        -0.068        -0.223        -0.317        -0.998
 C1             0.161         0.322         0.173         0.208         0.179
 C2             0.146         0.215         0.083         0.263         0.159
 C3             0.156         0.391         0.064         0.488         0.118
 C4             0.210         0.313         0.323         0.552         0.290
 C5             0.316         0.420         0.109         0.330         0.477
 C6             0.199         0.247        -0.018         0.100         0.191
 C7             0.219         0.367        -0.074         0.153         0.137
 C8             0.268         0.377         0.286         0.236         0.006
 C9             0.260         0.330         0.095        -0.045         0.199
 C10            0.295         0.307         0.353         0.678         0.298
 C11            0.423         0.380         0.306         0.274         0.382
 C12            0.471         0.381         0.427         0.271         0.426
 C13           -0.073         0.095         0.208         0.787         0.519
 C14            0.393         0.248         0.542         0.853         0.392
 C15            0.039         0.068         0.223         0.317         0.998
 C16           -0.039        -0.068        -0.223        -0.317        -0.998
 BAGE          -0.492        -0.405        -0.166        -0.237         0.283


           Correlations
              P16           C1            C2            C3            C4
              ________      ________      ________      ________      ________
 P16            1.000
 C1            -0.179         1.000
 C2            -0.159         0.603         1.000
 C3            -0.118         0.569         0.548         1.000
 C4            -0.290         0.568         0.638         0.625         1.000
 C5            -0.477         0.514         0.555         0.540         0.647
 C6            -0.191         0.394         0.515         0.494         0.568
 C7            -0.137         0.550         0.641         0.575         0.689
 C8            -0.006         0.613         0.599         0.524         0.626
 C9            -0.199         0.372         0.478         0.290         0.487
 C10           -0.298         0.526         0.590         0.638         0.702
 C11           -0.382         0.138         0.177         0.247         0.458
 C12           -0.426         0.555         0.514         0.348         0.730
 C13           -0.519         0.158         0.221         0.469         0.563
 C14           -0.392         0.231         0.291         0.412         0.398
 C15           -0.998         0.179         0.159         0.118         0.290
 C16            0.998        -0.179        -0.159        -0.118        -0.290
 BAGE          -0.283        -0.220        -0.156        -0.206        -0.221


           Correlations
              C5            C6            C7            C8            C9
              ________      ________      ________      ________      ________
 C5             1.000
 C6             0.563         1.000
 C7             0.637         0.633         1.000
 C8             0.564         0.554         0.669         1.000
 C9             0.503         0.597         0.601         0.542         1.000
 C10            0.670         0.492         0.607         0.608         0.509
 C11            0.535         0.696         0.422         0.269         0.525
 C12            0.518         0.545         0.672         0.557         0.645
 C13            0.345         0.284         0.214         0.116        -0.044
 C14            0.430        -0.036         0.162         0.186         0.031
 C15            0.477         0.191         0.137         0.006         0.199
 C16           -0.477        -0.191        -0.137        -0.006        -0.199
 BAGE          -0.292        -0.165        -0.158        -0.249        -0.300


           Correlations
              C10           C11           C12           C13           C14
              ________      ________      ________      ________      ________
 C10            1.000
 C11            0.367         1.000
 C12            0.619         0.475         1.000
 C13            0.458         0.402         0.168         1.000
 C14            0.751         0.100         0.341         0.488         1.000
 C15            0.298         0.382         0.426         0.519         0.392
 C16           -0.298        -0.382        -0.426        -0.519        -0.392
 BAGE          -0.331        -0.113        -0.207         0.050        -0.295


           Correlations
              C15           C16           BAGE
              ________      ________      ________
 C15            1.000
 C16           -0.998         1.000
 BAGE           0.283        -0.283         1.000


     MAXIMUM LOG-LIKELIHOOD VALUE FOR THE UNRESTRICTED (H1) MODEL IS -8520.095


UNIVARIATE HIGHER-ORDER MOMENT DESCRIPTIVE STATISTICS


     UNIVARIATE HIGHER-ORDER MOMENT DESCRIPTIVE STATISTICS

         Variable/         Mean/     Skewness/   Minimum/ % with                Percentiles
        Sample Size      Variance    Kurtosis    Maximum  Min/Max      20%/60%    40%/80%    Median

     P1                   69.024      -0.147       0.000    0.34%      53.250     64.250     69.000
             295.000     379.729       0.481     124.250    0.34%      75.500     84.500
     P2                   69.268      -0.028      21.500    0.48%      55.500     65.500     70.500
             207.000     299.037       0.480     130.250    0.48%      74.000     81.250
     P3                   69.685       0.089      18.500    0.62%      56.250     66.500     71.750
             162.000     311.172       0.677     127.500    0.62%      74.500     81.000
     P4                   66.118       0.144      20.250    0.68%      51.250     62.500     67.500
             146.000     311.095       0.528     125.000    0.68%      71.250     78.250
     P5                   65.076      -0.066      25.500    1.04%      50.000     60.500     65.250
              96.000     267.945      -0.262     100.750    1.04%      70.000     77.250
     P6                   64.390      -0.042      25.500    1.75%      47.500     62.000     66.750
              57.000     262.831      -0.084     107.750    1.75%      70.250     76.250
     P7                   65.031       0.409      32.250    2.08%      52.250     58.500     64.625
              48.000     335.330       0.311     112.250    2.08%      69.250     74.000
     P8                   61.448       0.483      23.750    1.61%      47.250     54.250     60.625
              62.000     315.156       0.815     121.750    1.61%      67.000     73.250
     P9                   62.223       0.452      27.500    1.54%      47.250     54.750     59.750
              65.000     275.691      -0.167     106.750    1.54%      65.500     78.250
     P10                  61.543       0.375      27.000    2.13%      42.500     58.000     60.750
              47.000     274.081      -0.203     101.500    2.13%      62.750     77.000
     P11                  60.333       0.722      32.250    3.03%      42.500     49.250     56.500
              33.000     382.347      -0.032     110.000    3.03%      61.250     75.000
     P12                  51.804       0.175      30.250    7.14%      32.000     50.500     53.000
              14.000     264.118      -1.080      80.750    7.14%      53.250     63.500
     P13                  47.438      -0.220      26.500   25.00%      26.500     44.000     48.625
               4.000     207.137      -1.181      66.000   25.00%      44.000     53.250
     P14                  54.188       0.153      47.750   25.00%      47.750     51.750     53.875
               4.000      25.137      -1.318      61.250   25.00%      51.750     56.000
     P15                  58.375       0.000      57.250   50.00%      57.250     57.250     58.375
               2.000       1.266      -2.000      59.500   50.00%      57.250     59.500
     P16                  48.917       0.000      39.333   50.00%      39.333     39.333     48.917
               2.000      91.840      -2.000      58.500   50.00%      39.333     58.500
     C1                   12.320      -1.148       0.000    0.34%      10.000     12.000     13.000
             294.000       8.292       1.475      16.000    8.50%      14.000     15.000
     C2                   12.415      -1.261       2.000    0.43%      11.000     13.000     13.000
             234.000       8.713       1.385      16.000    8.55%      14.000     15.000
     C3                   12.465      -1.111       2.000    0.50%      10.000     12.000     13.000
             200.000       7.229       1.582      16.000   11.00%      13.000     15.000
     C4                   12.600      -0.970       4.000    0.54%      11.000     12.000     13.000
             185.000       5.937       0.804      16.000    6.49%      14.000     15.000
     C5                   12.358      -1.382       1.000    0.62%      11.000     12.000     13.000
             162.000       7.069       2.951      16.000    7.41%      13.000     14.000
     C6                   12.496      -1.026       2.000    0.81%      10.000     12.000     13.000
             123.000       6.299       1.512      16.000    7.32%      13.000     15.000
     C7                   12.248      -0.451       7.000    2.86%      11.000     12.000     12.000
             105.000       3.977      -0.033      16.000    2.86%      13.000     14.000
     C8                   12.068      -1.347       1.000    1.14%      10.000     12.000     12.500
              88.000       6.109       3.545      16.000    4.55%      13.000     14.000
     C9                   12.110      -0.732       5.000    2.74%      11.000     12.000     12.000
              73.000       5.193       1.147      16.000    6.85%      13.000     14.000
     C10                  11.538      -1.102       2.000    1.92%      10.000     11.000     12.000
              52.000       6.825       2.153      16.000    1.92%      12.000     14.000
     C11                  11.892      -0.268       6.000    2.70%      10.000     11.000     12.000
              37.000       5.286      -0.274      16.000    2.70%      12.000     14.000
     C12                  11.579      -0.159       7.000    5.26%       9.000     10.000     11.000
              19.000       6.454      -1.278      15.000   15.79%      13.000     14.000
     C13                  12.200       0.363      11.000   40.00%      11.000     11.000     12.000
               5.000       1.360      -1.372      14.000   20.00%      12.000     13.000
     C14                  11.750      -0.692       7.000   25.00%       7.000     12.000     12.500
               4.000       8.688      -0.936      15.000   25.00%      12.000     13.000
     C15                  11.000       0.000      10.000   50.00%      10.000     10.000     11.000
               2.000       1.000      -2.000      12.000   50.00%      10.000     12.000
     C16                  13.500       0.000      13.000   50.00%      13.000     13.000     13.500
               2.000       0.250      -2.000      14.000   50.00%      13.000     14.000
     BAGE                  9.635      -0.501     -12.094    0.31%       3.785      8.582     10.533
             322.000      51.888      -0.014      25.242    0.31%      12.097     15.829


THE MODEL ESTIMATION TERMINATED NORMALLY



MODEL FIT INFORMATION

Number of Free Parameters                       21

Loglikelihood

          H0 Value                       -8038.816
          H0 Scaling Correction Factor      1.3260
            for MLR

Information Criteria

          Akaike (AIC)                   16119.633
          Bayesian (BIC)                 16198.898
          Sample-Size Adjusted BIC       16132.289
            (n* = (n + 2) / 24)



MODEL RESULTS

                                                    Two-Tailed
                    Estimate       S.E.  Est./S.E.    P-Value

 IP         ON
    BAGE              -1.146      0.136     -8.444      0.000

 SP         ON
    BAGE              -0.012      0.022     -0.525      0.599

 IC         ON
    BAGE              -0.079      0.023     -3.452      0.001

 SC         ON
    BAGE              -0.002      0.004     -0.476      0.634

 IP       WITH
    SP                -8.206      2.681     -3.061      0.002
    IC                11.178      2.852      3.919      0.000
    SC                -0.248      0.394     -0.631      0.528

 SP       WITH
    IC                -0.460      0.403     -1.140      0.254
    SC                 0.102      0.048      2.099      0.036

 IC       WITH
    SC                -0.140      0.082     -1.703      0.089

 P1       WITH
    C1                -0.058      0.420     -0.139      0.889

 P2       WITH
    C2                -0.058      0.420     -0.139      0.889

 P3       WITH
    C3                -0.058      0.420     -0.139      0.889

 P4       WITH
    C4                -0.058      0.420     -0.139      0.889

 P5       WITH
    C5                -0.058      0.420     -0.139      0.889

 P6       WITH
    C6                -0.058      0.420     -0.139      0.889

 P7       WITH
    C7                -0.058      0.420     -0.139      0.889

 P8       WITH
    C8                -0.058      0.420     -0.139      0.889

 P9       WITH
    C9                -0.058      0.420     -0.139      0.889

 P10      WITH
    C10               -0.058      0.420     -0.139      0.889

 P11      WITH
    C11               -0.058      0.420     -0.139      0.889

 P12      WITH
    C12               -0.058      0.420     -0.139      0.889

 P13      WITH
    C13               -0.058      0.420     -0.139      0.889

 P14      WITH
    C14               -0.058      0.420     -0.139      0.889

 P15      WITH
    C15               -0.058      0.420     -0.139      0.889

 P16      WITH
    C16               -0.058      0.420     -0.139      0.889

 Intercepts
    P1                 0.000      0.000    999.000    999.000
    P2                 0.000      0.000    999.000    999.000
    P3                 0.000      0.000    999.000    999.000
    P4                 0.000      0.000    999.000    999.000
    P5                 0.000      0.000    999.000    999.000
    P6                 0.000      0.000    999.000    999.000
    P7                 0.000      0.000    999.000    999.000
    P8                 0.000      0.000    999.000    999.000
    P9                 0.000      0.000    999.000    999.000
    P10                0.000      0.000    999.000    999.000
    P11                0.000      0.000    999.000    999.000
    P12                0.000      0.000    999.000    999.000
    P13                0.000      0.000    999.000    999.000
    P14                0.000      0.000    999.000    999.000
    P15                0.000      0.000    999.000    999.000
    P16                0.000      0.000    999.000    999.000
    C1                 0.000      0.000    999.000    999.000
    C2                 0.000      0.000    999.000    999.000
    C3                 0.000      0.000    999.000    999.000
    C4                 0.000      0.000    999.000    999.000
    C5                 0.000      0.000    999.000    999.000
    C6                 0.000      0.000    999.000    999.000
    C7                 0.000      0.000    999.000    999.000
    C8                 0.000      0.000    999.000    999.000
    C9                 0.000      0.000    999.000    999.000
    C10                0.000      0.000    999.000    999.000
    C11                0.000      0.000    999.000    999.000
    C12                0.000      0.000    999.000    999.000
    C13                0.000      0.000    999.000    999.000
    C14                0.000      0.000    999.000    999.000
    C15                0.000      0.000    999.000    999.000
    C16                0.000      0.000    999.000    999.000
    IP                80.650      1.781     45.281      0.000
    SP                -1.818      0.246     -7.378      0.000
    IC                13.136      0.263     49.991      0.000
    SC                -0.067      0.044     -1.520      0.129

 Residual Variances
    P1                34.886      2.327     14.994      0.000
    P2                34.886      2.327     14.994      0.000
    P3                34.886      2.327     14.994      0.000
    P4                34.886      2.327     14.994      0.000
    P5                34.886      2.327     14.994      0.000
    P6                34.886      2.327     14.994      0.000
    P7                34.886      2.327     14.994      0.000
    P8                34.886      2.327     14.994      0.000
    P9                34.886      2.327     14.994      0.000
    P10               34.886      2.327     14.994      0.000
    P11               34.886      2.327     14.994      0.000
    P12               34.886      2.327     14.994      0.000
    P13               34.886      2.327     14.994      0.000
    P14               34.886      2.327     14.994      0.000
    P15               34.886      2.327     14.994      0.000
    P16               34.886      2.327     14.994      0.000
    C1                 3.167      0.257     12.325      0.000
    C2                 3.167      0.257     12.325      0.000
    C3                 3.167      0.257     12.325      0.000
    C4                 3.167      0.257     12.325      0.000
    C5                 3.167      0.257     12.325      0.000
    C6                 3.167      0.257     12.325      0.000
    C7                 3.167      0.257     12.325      0.000
    C8                 3.167      0.257     12.325      0.000
    C9                 3.167      0.257     12.325      0.000
    C10                3.167      0.257     12.325      0.000
    C11                3.167      0.257     12.325      0.000
    C12                3.167      0.257     12.325      0.000
    C13                3.167      0.257     12.325      0.000
    C14                3.167      0.257     12.325      0.000
    C15                3.167      0.257     12.325      0.000
    C16                3.167      0.257     12.325      0.000
    IP               272.847     28.190      9.679      0.000
    SP                 2.099      0.667      3.144      0.002
    IC                 4.879      0.666      7.331      0.000
    SC                 0.022      0.013      1.662      0.097

New/Additional Parameters
    R_IPIC             0.306      0.064      4.808      0.000
    R_SPSC             0.475      0.178      2.662      0.008
    R_RES_PC          -0.006      0.040     -0.139      0.889


QUALITY OF NUMERICAL RESULTS

     Condition Number for the Information Matrix              0.721E-07
       (ratio of smallest to largest eigenvalue)


CONFIDENCE INTERVALS OF MODEL RESULTS

                  Lower .5%  Lower 2.5%    Lower 5%    Estimate    Upper 5%  Upper 2.5%   Upper .5%

 IP       ON
    BAGE            -1.496      -1.412      -1.370      -1.146      -0.923      -0.880      -0.797

 SP       ON
    BAGE            -0.068      -0.054      -0.048      -0.012       0.025       0.031       0.045

 IC       ON
    BAGE            -0.138      -0.124      -0.117      -0.079      -0.041      -0.034      -0.020

 SC       ON
    BAGE            -0.013      -0.010      -0.009      -0.002       0.005       0.006       0.009

 IP       WITH
    SP             -15.111     -13.460     -12.616      -8.206      -3.796      -2.952      -1.301
    IC               3.831       5.588       6.486      11.178      15.870      16.769      18.525
    SC              -1.262      -1.020      -0.896      -0.248       0.399       0.523       0.765

 SP       WITH
    IC              -1.498      -1.250      -1.123      -0.460       0.203       0.330       0.579
    SC              -0.023       0.007       0.022       0.102       0.181       0.196       0.226

 IC       WITH
    SC              -0.352      -0.302      -0.276      -0.140      -0.005       0.021       0.072

 P1       WITH
    C1              -1.139      -0.881      -0.749      -0.058       0.632       0.764       1.022

 P2       WITH
    C2              -1.139      -0.881      -0.749      -0.058       0.632       0.764       1.022

 P3       WITH
    C3              -1.139      -0.881      -0.749      -0.058       0.632       0.764       1.022

 P4       WITH
    C4              -1.139      -0.881      -0.749      -0.058       0.632       0.764       1.022

 P5       WITH
    C5              -1.139      -0.881      -0.749      -0.058       0.632       0.764       1.022

 P6       WITH
    C6              -1.139      -0.881      -0.749      -0.058       0.632       0.764       1.022

 P7       WITH
    C7              -1.139      -0.881      -0.749      -0.058       0.632       0.764       1.022

 P8       WITH
    C8              -1.139      -0.881      -0.749      -0.058       0.632       0.764       1.022

 P9       WITH
    C9              -1.139      -0.881      -0.749      -0.058       0.632       0.764       1.022

 P10      WITH
    C10             -1.139      -0.881      -0.749      -0.058       0.632       0.764       1.022

 P11      WITH
    C11             -1.139      -0.881      -0.749      -0.058       0.632       0.764       1.022

 P12      WITH
    C12             -1.139      -0.881      -0.749      -0.058       0.632       0.764       1.022

 P13      WITH
    C13             -1.139      -0.881      -0.749      -0.058       0.632       0.764       1.022

 P14      WITH
    C14             -1.139      -0.881      -0.749      -0.058       0.632       0.764       1.022

 P15      WITH
    C15             -1.139      -0.881      -0.749      -0.058       0.632       0.764       1.022

 P16      WITH
    C16             -1.139      -0.881      -0.749      -0.058       0.632       0.764       1.022

 Intercepts
    P1               0.000       0.000       0.000       0.000       0.000       0.000       0.000
    P2               0.000       0.000       0.000       0.000       0.000       0.000       0.000
    P3               0.000       0.000       0.000       0.000       0.000       0.000       0.000
    P4               0.000       0.000       0.000       0.000       0.000       0.000       0.000
    P5               0.000       0.000       0.000       0.000       0.000       0.000       0.000
    P6               0.000       0.000       0.000       0.000       0.000       0.000       0.000
    P7               0.000       0.000       0.000       0.000       0.000       0.000       0.000
    P8               0.000       0.000       0.000       0.000       0.000       0.000       0.000
    P9               0.000       0.000       0.000       0.000       0.000       0.000       0.000
    P10              0.000       0.000       0.000       0.000       0.000       0.000       0.000
    P11              0.000       0.000       0.000       0.000       0.000       0.000       0.000
    P12              0.000       0.000       0.000       0.000       0.000       0.000       0.000
    P13              0.000       0.000       0.000       0.000       0.000       0.000       0.000
    P14              0.000       0.000       0.000       0.000       0.000       0.000       0.000
    P15              0.000       0.000       0.000       0.000       0.000       0.000       0.000
    P16              0.000       0.000       0.000       0.000       0.000       0.000       0.000
    C1               0.000       0.000       0.000       0.000       0.000       0.000       0.000
    C2               0.000       0.000       0.000       0.000       0.000       0.000       0.000
    C3               0.000       0.000       0.000       0.000       0.000       0.000       0.000
    C4               0.000       0.000       0.000       0.000       0.000       0.000       0.000
    C5               0.000       0.000       0.000       0.000       0.000       0.000       0.000
    C6               0.000       0.000       0.000       0.000       0.000       0.000       0.000
    C7               0.000       0.000       0.000       0.000       0.000       0.000       0.000
    C8               0.000       0.000       0.000       0.000       0.000       0.000       0.000
    C9               0.000       0.000       0.000       0.000       0.000       0.000       0.000
    C10              0.000       0.000       0.000       0.000       0.000       0.000       0.000
    C11              0.000       0.000       0.000       0.000       0.000       0.000       0.000
    C12              0.000       0.000       0.000       0.000       0.000       0.000       0.000
    C13              0.000       0.000       0.000       0.000       0.000       0.000       0.000
    C14              0.000       0.000       0.000       0.000       0.000       0.000       0.000
    C15              0.000       0.000       0.000       0.000       0.000       0.000       0.000
    C16              0.000       0.000       0.000       0.000       0.000       0.000       0.000
    IP              76.063      77.159      77.720      80.650      83.580      84.141      85.238
    SP              -2.452      -2.301      -2.223      -1.818      -1.412      -1.335      -1.183
    IC              12.459      12.621      12.704      13.136      13.568      13.651      13.813
    SC              -0.180      -0.153      -0.139      -0.067       0.006       0.019       0.047

 Residual Variances
    P1              28.893      30.326      31.059      34.886      38.714      39.447      40.880
    P2              28.893      30.326      31.059      34.886      38.714      39.447      40.880
    P3              28.893      30.326      31.059      34.886      38.714      39.447      40.880
    P4              28.893      30.326      31.059      34.886      38.714      39.447      40.880
    P5              28.893      30.326      31.059      34.886      38.714      39.447      40.880
    P6              28.893      30.326      31.059      34.886      38.714      39.447      40.880
    P7              28.893      30.326      31.059      34.886      38.714      39.447      40.880
    P8              28.893      30.326      31.059      34.886      38.714      39.447      40.880
    P9              28.893      30.326      31.059      34.886      38.714      39.447      40.880
    P10             28.893      30.326      31.059      34.886      38.714      39.447      40.880
    P11             28.893      30.326      31.059      34.886      38.714      39.447      40.880
    P12             28.893      30.326      31.059      34.886      38.714      39.447      40.880
    P13             28.893      30.326      31.059      34.886      38.714      39.447      40.880
    P14             28.893      30.326      31.059      34.886      38.714      39.447      40.880
    P15             28.893      30.326      31.059      34.886      38.714      39.447      40.880
    P16             28.893      30.326      31.059      34.886      38.714      39.447      40.880
    C1               2.505       2.663       2.744       3.167       3.590       3.671       3.829
    C2               2.505       2.663       2.744       3.167       3.590       3.671       3.829
    C3               2.505       2.663       2.744       3.167       3.590       3.671       3.829
    C4               2.505       2.663       2.744       3.167       3.590       3.671       3.829
    C5               2.505       2.663       2.744       3.167       3.590       3.671       3.829
    C6               2.505       2.663       2.744       3.167       3.590       3.671       3.829
    C7               2.505       2.663       2.744       3.167       3.590       3.671       3.829
    C8               2.505       2.663       2.744       3.167       3.590       3.671       3.829
    C9               2.505       2.663       2.744       3.167       3.590       3.671       3.829
    C10              2.505       2.663       2.744       3.167       3.590       3.671       3.829
    C11              2.505       2.663       2.744       3.167       3.590       3.671       3.829
    C12              2.505       2.663       2.744       3.167       3.590       3.671       3.829
    C13              2.505       2.663       2.744       3.167       3.590       3.671       3.829
    C14              2.505       2.663       2.744       3.167       3.590       3.671       3.829
    C15              2.505       2.663       2.744       3.167       3.590       3.671       3.829
    C16              2.505       2.663       2.744       3.167       3.590       3.671       3.829
    IP             200.235     217.595     226.474     272.847     319.219     328.099     345.458
    SP               0.380       0.791       1.001       2.099       3.197       3.407       3.818
    IC               3.165       3.575       3.784       4.879       5.974       6.184       6.594
    SC              -0.012      -0.004       0.000       0.022       0.043       0.048       0.056

New/Additional Parameters
    R_IPIC           0.142       0.181       0.202       0.306       0.411       0.431       0.471
    R_SPSC           0.015       0.125       0.181       0.475       0.768       0.824       0.934
    R_RES_PC        -0.109      -0.084      -0.071      -0.006       0.060       0.073       0.097


SAMPLE STATISTICS FOR ESTIMATED FACTOR SCORES


     SAMPLE STATISTICS


           Means
              IP            IP_SE         SP            SP_SE         IC
              ________      ________      ________      ________      ________
 1             69.605         4.300        -1.929         1.114        12.375


           Means
              IC_SE         SC            SC_SE
              ________      ________      ________
 1              0.978        -0.086         0.129


           Covariances
              IP            IP_SE         SP            SP_SE         IC
              ________      ________      ________      ________      ________
 IP           320.766
 IP_SE         -3.624         1.785
 SP            -5.478        -0.007         0.770
 SP_SE         -1.753         0.175         0.028         0.095
 IC            15.493        -0.367        -0.306        -0.104         4.180
 IC_SE         -1.317         0.214         0.010         0.049        -0.107
 SC            -0.060         0.002         0.040         0.001        -0.079
 SC_SE         -0.075         0.008         0.001         0.004        -0.004


           Covariances
              IC_SE         SC            SC_SE
              ________      ________      ________
 IC_SE          0.066
 SC             0.001         0.005
 SC_SE          0.002         0.000         0.000


           Correlations
              IP            IP_SE         SP            SP_SE         IC
              ________      ________      ________      ________      ________
 IP             1.000
 IP_SE         -0.151         1.000
 SP            -0.349        -0.006         1.000
 SP_SE         -0.317         0.424         0.103         1.000
 IC             0.423        -0.134        -0.171        -0.164         1.000
 IC_SE         -0.287         0.626         0.044         0.626        -0.205
 SC            -0.046         0.022         0.629         0.050        -0.527
 SC_SE         -0.321         0.444         0.078         0.979        -0.159


           Correlations
              IC_SE         SC            SC_SE
              ________      ________      ________
 IC_SE          1.000
 SC             0.030         1.000
 SC_SE          0.654         0.029         1.000


PLOT INFORMATION

The following plots are available:

  Histograms (sample values, estimated factor scores)
  Scatterplots (sample values, estimated factor scores)
  Latent variable distribution plots

     Beginning Time:  11:17:53
        Ending Time:  11:18:34
       Elapsed Time:  00:00:41



MUTHEN & MUTHEN
3463 Stoner Ave.
Los Angeles, CA  90066

Tel: (310) 391-9971
Fax: (310) 391-8971
Web: www.StatModel.com
Support: Support@StatModel.com

Copyright (c) 1998-2014 Muthen & Muthen
