------Begin Mplus Model Run: 05Oct2015 11:06:01------
Target directory: C:/Users/iLife Admin/Documents/GitHub/RADC/outputs/pairs/grip_matrices
Run options:
	Recursive (run models in subdirectories): FALSE
	Show output on console: FALSE
	Replace existing outfile: always
------
Currently running model: b1_female_a_grip_matrices_10.inp
Currently running model: b1_female_a_grip_matrices_11.inp
Currently running model: b1_female_a_grip_matrices_12.inp
Currently running model: b1_female_a_grip_matrices_13.inp
Currently running model: b1_female_a_grip_matrices_14.inp
Currently running model: b1_female_a_grip_matrices_15.inp
Currently running model: b1_female_a_grip_matrices_16.inp
Currently running model: b1_female_a_grip_matrices_17.inp
Currently running model: b1_female_a_grip_matrices_18.inp
Currently running model: b1_female_a_grip_matrices_4.inp
Currently running model: b1_female_a_grip_matrices_5.inp
Currently running model: b1_female_a_grip_matrices_6.inp
Currently running model: b1_female_a_grip_matrices_7.inp
Currently running model: b1_female_a_grip_matrices_8.inp
Currently running model: b1_female_a_grip_matrices_9.inp
Currently running model: b1_male_a_grip_matrices_10.inp
Currently running model: b1_male_a_grip_matrices_11.inp
Currently running model: b1_male_a_grip_matrices_12.inp
Currently running model: b1_male_a_grip_matrices_13.inp
Currently running model: b1_male_a_grip_matrices_14.inp
Currently running model: b1_male_a_grip_matrices_15.inp
Currently running model: b1_male_a_grip_matrices_16.inp
Currently running model: b1_male_a_grip_matrices_17.inp
Currently running model: b1_male_a_grip_matrices_18.inp
Currently running model: b1_male_a_grip_matrices_4.inp
Currently running model: b1_male_a_grip_matrices_5.inp
Currently running model: b1_male_a_grip_matrices_6.inp
Currently running model: b1_male_a_grip_matrices_7.inp
Currently running model: b1_male_a_grip_matrices_8.inp
Currently running model: b1_male_a_grip_matrices_9.inp

------End Mplus Model Run: 05Oct2015 11:19:30------
