Mplus VERSION 7.3
MUTHEN & MUTHEN
10/06/2015  10:46 AM

INPUT INSTRUCTIONS

  TITLE:
  Your new title
  DATA:
  File = radcMAP_wide.dat;
  VARIABLE:
  Names are
  	projid study_x scaled_to_x agreeableness conscientiousness extraversion
  	neo_altruism neo_conscientiousness neo_trust openness anxiety_10items
  	neuroticism_12 neuroticism_6 age_bl age_death educ msex race spanish q1inc
  	apoe_genotype ldai_bl q3smo_bl q4smo_bl smoking married married2 age_at_visit_00
  	age_at_visit_01 age_at_visit_02 age_at_visit_03 age_at_visit_04 age_at_visit_05
  	age_at_visit_06 age_at_visit_07 age_at_visit_08 age_at_visit_09 age_at_visit_10
  	age_at_visit_11 age_at_visit_12 age_at_visit_13 age_at_visit_14 age_at_visit_15
  	age_at_visit_16 age_at_visit_17 age_at_visit_18 age_at_visit_19 age_at_visit_20
  	alcohol_g_00 alcohol_g_01 alcohol_g_02 alcohol_g_03 alcohol_g_04 alcohol_g_05
  	alcohol_g_06 alcohol_g_07 alcohol_g_08 alcohol_g_09 alcohol_g_10 alcohol_g_11
  	alcohol_g_12 alcohol_g_13 alcohol_g_14 alcohol_g_15 alcohol_g_16 alcohol_g_17
  	alcohol_g_18 alcohol_g_19 alcohol_g_20 bmi_00 bmi_01 bmi_02 bmi_03 bmi_04 bmi_05
  	bmi_06 bmi_07 bmi_08 bmi_09 bmi_10 bmi_11 bmi_12 bmi_13 bmi_14 bmi_15 bmi_16
  	bmi_17 bmi_18 bmi_19 bmi_20 bp11_00 bp11_01 bp11_02 bp11_03 bp11_04 bp11_05
  	bp11_06 bp11_07 bp11_08 bp11_09 bp11_10 bp11_11 bp11_12 bp11_13 bp11_14 bp11_15
  	bp11_16 bp11_17 bp11_18 bp11_19 bp11_20 bp2_00 bp2_01 bp2_02 bp2_03 bp2_04
  	bp2_05 bp2_06 bp2_07 bp2_08 bp2_09 bp2_10 bp2_11 bp2_12 bp2_13 bp2_14 bp2_15
  	bp2_16 bp2_17 bp2_18 bp2_19 bp2_20 bp3_00 bp3_01 bp3_02 bp3_03 bp3_04 bp3_05
  	bp3_06 bp3_07 bp3_08 bp3_09 bp3_10 bp31_00 bp31_01 bp31_02 bp31_03 bp31_04
  	bp31_05 bp31_06 bp31_07 bp31_08 bp31_09 bp3_11 bp31_10 bp31_11 bp31_12 bp31_13
  	bp31_14 bp31_15 bp31_16 bp31_17 bp31_18 bp31_19 bp3_12 bp31_20 bp3_13 bp3_14
  	bp3_15 bp3_16 bp3_17 bp3_18 bp3_19 bp3_20 bun_00 bun_01 bun_02 bun_03 bun_04
  	bun_05 bun_06 bun_07 bun_08 bun_09 bun_10 bun_11 bun_12 bun_13 bun_14 bun_15
  	bun_16 bun_17 bun_18 bun_19 bun_20 ca_00 ca_01 ca_02 ca_03 ca_04 ca_05 ca_06
  	ca_07 ca_08 ca_09 ca_10 ca_11 ca_12 ca_13 ca_14 ca_15 ca_16 ca_17 ca_18 ca_19
  	ca_20 cesdsum_00 cesdsum_01 cesdsum_02 cesdsum_03 cesdsum_04 cesdsum_05
  	cesdsum_06 cesdsum_07 cesdsum_08 cesdsum_09 cesdsum_10 cesdsum_11 cesdsum_12
  	cesdsum_13 cesdsum_14 cesdsum_15 cesdsum_16 cesdsum_17 cesdsum_18 cesdsum_19
  	cesdsum_20 chf_cum_00 chf_cum_01 chf_cum_02 chf_cum_03 chf_cum_04 chf_cum_05
  	chf_cum_06 chf_cum_07 chf_cum_08 chf_cum_09 chf_cum_10 chf_cum_11 chf_cum_12
  	chf_cum_13 chf_cum_14 chf_cum_15 chf_cum_16 chf_cum_17 chf_cum_18 chf_cum_19
  	chf_cum_20 chlstrl_00 chlstrl_01 chlstrl_02 chlstrl_03 chlstrl_04 chlstrl_05
  	chlstrl_06 chlstrl_07 chlstrl_08 chlstrl_09 chlstrl_10 chlstrl_11 chlstrl_12
  	chlstrl_13 chlstrl_14 chlstrl_15 chlstrl_16 chlstrl_17 chlstrl_18 chlstrl_19
  	chlstrl_20 cl_00 cl_01 cl_02 cl_03 cl_04 cl_05 cl_06 cl_07 cl_08 cl_09 cl_10
  	cl_11 cl_12 cl_13 cl_14 cl_15 cl_16 cl_17 cl_18 cl_19 cl_20 claudication_cum_00
  	claudication_cum_01 claudication_cum_02 claudication_cum_03 claudication_cum_04
  	claudication_cum_05 claudication_cum_06 claudication_cum_07 claudication_cum_08
  	claudication_cum_09 claudication_cum_10 claudication_cum_11 claudication_cum_12
  	claudication_cum_13 claudication_cum_14 claudication_cum_15 claudication_cum_16
  	claudication_cum_17 claudication_cum_18 claudication_cum_19 claudication_cum_20
  	co2_00 co2_01 co2_02 co2_03 co2_04 co2_05 co2_06 co2_07 co2_08 co2_09 co2_10
  	co2_11 co2_12 co2_13 co2_14 co2_15 co2_16 co2_17 co2_18 co2_19 co2_20 cogn_ep_00
  	cogn_ep_01 cogn_ep_02 cogn_ep_03 cogn_ep_04 cogn_ep_05 cogn_ep_06 cogn_ep_07
  	cogn_ep_08 cogn_ep_09 cogn_ep_10 cogn_ep_11 cogn_ep_12 cogn_ep_13 cogn_ep_14
  	cogn_ep_15 cogn_ep_16 cogn_ep_17 cogn_ep_18 cogn_ep_19 cogn_ep_20 cogn_global_00
  	cogn_global_01 cogn_global_02 cogn_global_03 cogn_global_04 cogn_global_05
  	cogn_global_06 cogn_global_07 cogn_global_08 cogn_global_09 cogn_global_10
  	cogn_global_11 cogn_global_12 cogn_global_13 cogn_global_14 cogn_global_15
  	cogn_global_16 cogn_global_17 cogn_global_18 cogn_global_19 cogn_global_20
  	cogn_po_00 cogn_po_01 cogn_po_02 cogn_po_03 cogn_po_04 cogn_po_05 cogn_po_06
  	cogn_po_07 cogn_po_08 cogn_po_09 cogn_po_10 cogn_po_11 cogn_po_12 cogn_po_13
  	cogn_po_14 cogn_po_15 cogn_po_16 cogn_po_17 cogn_po_18 cogn_po_19 cogn_po_20
  	cogn_ps_00 cogn_ps_01 cogn_ps_02 cogn_ps_03 cogn_ps_04 cogn_ps_05 cogn_ps_06
  	cogn_ps_07 cogn_ps_08 cogn_ps_09 cogn_ps_10 cogn_ps_11 cogn_ps_12 cogn_ps_13
  	cogn_ps_14 cogn_ps_15 cogn_ps_16 cogn_ps_17 cogn_ps_18 cogn_ps_19 cogn_ps_20
  	cogn_se_00 cogn_se_01 cogn_se_02 cogn_se_03 cogn_se_04 cogn_se_05 cogn_se_06
  	cogn_se_07 cogn_se_08 cogn_se_09 cogn_se_10 cogn_se_11 cogn_se_12 cogn_se_13
  	cogn_se_14 cogn_se_15 cogn_se_16 cogn_se_17 cogn_se_18 cogn_se_19 cogn_se_20
  	cogn_wo_00 cogn_wo_01 cogn_wo_02 cogn_wo_03 cogn_wo_04 cogn_wo_05 cogn_wo_06
  	cogn_wo_07 cogn_wo_08 cogn_wo_09 cogn_wo_10 cogn_wo_11 cogn_wo_12 cogn_wo_13
  	cogn_wo_14 cogn_wo_15 cogn_wo_16 cogn_wo_17 cogn_wo_18 cogn_wo_19 cogn_wo_20
  	crn_00 crn_01 crn_02 crn_03 crn_04 crn_05 crn_06 crn_07 crn_08 crn_09 crn_10
  	crn_11 crn_12 crn_13 crn_14 crn_15 crn_16 crn_17 crn_18 crn_19 crn_20
  	cts_bname_00 cts_bname_01 cts_bname_02 cts_bname_03 cts_bname_04 cts_bname_05
  	cts_bname_06 cts_bname_07 cts_bname_08 cts_bname_09 cts_bname_10 cts_bname_11
  	cts_bname_12 cts_bname_13 cts_bname_14 cts_bname_15 cts_bname_16 cts_bname_17
  	cts_bname_18 cts_bname_19 cts_bname_20 cts_catflu_00 cts_catflu_01 cts_catflu_02
  	cts_catflu_03 cts_catflu_04 cts_catflu_05 cts_catflu_06 cts_catflu_07
  	cts_catflu_08 cts_catflu_09 cts_catflu_10 cts_catflu_11 cts_catflu_12
  	cts_catflu_13 cts_catflu_14 cts_catflu_15 cts_catflu_16 cts_catflu_17
  	cts_catflu_18 cts_catflu_19 cts_catflu_20 cts_db_00 cts_db_01 cts_db_02
  	cts_db_03 cts_db_04 cts_db_05 cts_db_06 cts_db_07 cts_db_08 cts_db_09 cts_db_10
  	cts_db_11 cts_db_12 cts_db_13 cts_db_14 cts_db_15 cts_db_16 cts_db_17 cts_db_18
  	cts_db_19 cts_db_20 cts_delay_00 cts_delay_01 cts_delay_02 cts_delay_03
  	cts_delay_04 cts_delay_05 cts_delay_06 cts_delay_07 cts_delay_08 cts_delay_09
  	cts_delay_10 cts_delay_11 cts_delay_12 cts_delay_13 cts_delay_14 cts_delay_15
  	cts_delay_16 cts_delay_17 cts_delay_18 cts_delay_19 cts_delay_20 cts_df_00
  	cts_df_01 cts_df_02 cts_df_03 cts_df_04 cts_df_05 cts_df_06 cts_df_07 cts_df_08
  	cts_df_09 cts_df_10 cts_df_11 cts_df_12 cts_df_13 cts_df_14 cts_df_15 cts_df_16
  	cts_df_17 cts_df_18 cts_df_19 cts_df_20 cts_doperf_00 cts_doperf_01
  	cts_doperf_02 cts_doperf_03 cts_doperf_04 cts_doperf_05 cts_doperf_06
  	cts_doperf_07 cts_doperf_08 cts_doperf_09 cts_doperf_10 cts_doperf_11
  	cts_doperf_12 cts_doperf_13 cts_doperf_14 cts_doperf_15 cts_doperf_16
  	cts_doperf_17 cts_doperf_18 cts_doperf_19 cts_doperf_20 cts_ebdr_00 cts_ebdr_01
  	cts_ebdr_02 cts_ebdr_03 cts_ebdr_04 cts_ebdr_05 cts_ebdr_06 cts_ebdr_07
  	cts_ebdr_08 cts_ebdr_09 cts_ebdr_10 cts_ebdr_11 cts_ebdr_12 cts_ebdr_13
  	cts_ebdr_14 cts_ebdr_15 cts_ebdr_16 cts_ebdr_17 cts_ebdr_18 cts_ebdr_19
  	cts_ebdr_20 cts_ebmt_00 cts_ebmt_01 cts_ebmt_02 cts_ebmt_03 cts_ebmt_04
  	cts_ebmt_05 cts_ebmt_06 cts_ebmt_07 cts_ebmt_08 cts_ebmt_09 cts_ebmt_10
  	cts_ebmt_11 cts_ebmt_12 cts_ebmt_13 cts_ebmt_14 cts_ebmt_15 cts_ebmt_16
  	cts_ebmt_17 cts_ebmt_18 cts_ebmt_19 cts_ebmt_20 cts_idea_00 cts_idea_01
  	cts_idea_02 cts_idea_03 cts_idea_04 cts_idea_05 cts_idea_06 cts_idea_07
  	cts_idea_08 cts_idea_09 cts_idea_10 cts_idea_11 cts_idea_12 cts_idea_13
  	cts_idea_14 cts_idea_15 cts_idea_16 cts_idea_17 cts_idea_18 cts_idea_19
  	cts_idea_20 cts_lopair_00 cts_lopair_01 cts_lopair_02 cts_lopair_03
  	cts_lopair_04 cts_lopair_05 cts_lopair_06 cts_lopair_07 cts_lopair_08
  	cts_lopair_09 cts_lopair_10 cts_lopair_11 cts_lopair_12 cts_lopair_13
  	cts_lopair_14 cts_lopair_15 cts_lopair_16 cts_lopair_17 cts_lopair_18
  	cts_lopair_19 cts_lopair_20 cts_mmse30_00 cts_mmse30_01 cts_mmse30_02
  	cts_mmse30_03 cts_mmse30_04 cts_mmse30_05 cts_mmse30_06 cts_mmse30_07
  	cts_mmse30_08 cts_mmse30_09 cts_mmse30_10 cts_mmse30_11 cts_mmse30_12
  	cts_mmse30_13 cts_mmse30_14 cts_mmse30_15 cts_mmse30_16 cts_mmse30_17
  	cts_mmse30_18 cts_mmse30_19 cts_mmse30_20 cts_nccrtd_00 cts_nccrtd_01
  	cts_nccrtd_02 cts_nccrtd_03 cts_nccrtd_04 cts_nccrtd_05 cts_nccrtd_06
  	cts_nccrtd_07 cts_nccrtd_08 cts_nccrtd_09 cts_nccrtd_10 cts_nccrtd_11
  	cts_nccrtd_12 cts_nccrtd_13 cts_nccrtd_14 cts_nccrtd_15 cts_nccrtd_16
  	cts_nccrtd_17 cts_nccrtd_18 cts_nccrtd_19 cts_nccrtd_20 cts_pmat_00 cts_pmat_01
  	cts_pmat_02 cts_pmat_03 cts_pmat_04 cts_pmat_05 cts_pmat_06 cts_pmat_07
  	cts_pmat_08 cts_pmat_09 cts_pmat_10 cts_pmat_11 cts_pmat_12 cts_pmat_13
  	cts_pmat_14 cts_pmat_15 cts_pmat_16 cts_pmat_17 cts_pmat_18 cts_pmat_19
  	cts_pmat_20 cts_read_nart_00 cts_read_nart_01 cts_read_nart_02 cts_read_nart_03
  	cts_read_nart_04 cts_read_nart_05 cts_read_nart_06 cts_read_nart_07
  	cts_read_nart_08 cts_read_nart_09 cts_read_nart_10 cts_read_nart_11
  	cts_read_nart_12 cts_read_nart_13 cts_read_nart_14 cts_read_nart_15
  	cts_read_nart_16 cts_read_nart_17 cts_read_nart_18 cts_read_nart_19
  	cts_read_nart_20 cts_read_wrat_00 cts_read_wrat_01 cts_read_wrat_02
  	cts_read_wrat_03 cts_read_wrat_04 cts_read_wrat_05 cts_read_wrat_06
  	cts_read_wrat_07 cts_read_wrat_08 cts_read_wrat_09 cts_read_wrat_10
  	cts_read_wrat_11 cts_read_wrat_12 cts_read_wrat_13 cts_read_wrat_14
  	cts_read_wrat_15 cts_read_wrat_16 cts_read_wrat_17 cts_read_wrat_18
  	cts_read_wrat_19 cts_read_wrat_20 cts_sdmt_00 cts_sdmt_01 cts_sdmt_02
  	cts_sdmt_03 cts_sdmt_04 cts_sdmt_05 cts_sdmt_06 cts_sdmt_07 cts_sdmt_08
  	cts_sdmt_09 cts_sdmt_10 cts_sdmt_11 cts_sdmt_12 cts_sdmt_13 cts_sdmt_14
  	cts_sdmt_15 cts_sdmt_16 cts_sdmt_17 cts_sdmt_18 cts_sdmt_19 cts_sdmt_20
  	cts_story_00 cts_story_01 cts_story_02 cts_story_03 cts_story_04 cts_story_05
  	cts_story_06 cts_story_07 cts_story_08 cts_story_09 cts_story_10 cts_story_11
  	cts_story_12 cts_story_13 cts_story_14 cts_story_15 cts_story_16 cts_story_17
  	cts_story_18 cts_story_19 cts_story_20 cts_wli_00 cts_wli_01 cts_wli_02
  	cts_wli_03 cts_wli_04 cts_wli_05 cts_wli_06 cts_wli_07 cts_wli_08 cts_wli_09
  	cts_wli_10 cts_wli_11 cts_wli_12 cts_wli_13 cts_wli_14 cts_wli_15 cts_wli_16
  	cts_wli_17 cts_wli_18 cts_wli_19 cts_wli_20 cts_wlii_00 cts_wlii_01 cts_wlii_02
  	cts_wlii_03 cts_wlii_04 cts_wlii_05 cts_wlii_06 cts_wlii_07 cts_wlii_08
  	cts_wlii_09 cts_wlii_10 cts_wlii_11 cts_wlii_12 cts_wlii_13 cts_wlii_14
  	cts_wlii_15 cts_wlii_16 cts_wlii_17 cts_wlii_18 cts_wlii_19 cts_wlii_20
  	cts_wliii_00 cts_wliii_01 cts_wliii_02 cts_wliii_03 cts_wliii_04 cts_wliii_05
  	cts_wliii_06 cts_wliii_07 cts_wliii_08 cts_wliii_09 cts_wliii_10 cts_wliii_11
  	cts_wliii_12 cts_wliii_13 cts_wliii_14 cts_wliii_15 cts_wliii_16 cts_wliii_17
  	cts_wliii_18 cts_wliii_19 cts_wliii_20 dcfdx_00 dcfdx_01 dcfdx_02 dcfdx_03
  	dcfdx_04 dcfdx_05 dcfdx_06 dcfdx_07 dcfdx_08 dcfdx_09 dcfdx_10 dcfdx_11 dcfdx_12
  	dcfdx_13 dcfdx_14 dcfdx_15 dcfdx_16 dcfdx_17 dcfdx_18 dcfdx_19 dcfdx_20
  	dementia_00 dementia_01 dementia_02 dementia_03 dementia_04 dementia_05
  	dementia_06 dementia_07 dementia_08 dementia_09 dementia_10 dementia_11
  	dementia_12 dementia_13 dementia_14 dementia_15 dementia_16 dementia_17
  	dementia_18 dementia_19 dementia_20 dm_cum_00 dm_cum_01 dm_cum_02 dm_cum_03
  	dm_cum_04 dm_cum_05 dm_cum_06 dm_cum_07 dm_cum_08 dm_cum_09 dm_cum_10 dm_cum_11
  	dm_cum_12 dm_cum_13 dm_cum_14 dm_cum_15 dm_cum_16 dm_cum_17 dm_cum_18 dm_cum_19
  	dm_cum_20 fasting_00 fasting_01 fasting_02 fasting_03 fasting_04 fasting_05
  	fasting_06 fasting_07 fasting_08 fasting_09 fasting_10 fasting_11 fasting_12
  	fasting_13 fasting_14 fasting_15 fasting_16 fasting_17 fasting_18 fasting_19
  	fasting_20 fev_00 fev_01 fev_02 fev_03 fev_04 fev_05 fev_06 fev_07 fev_08 fev_09
  	fev_10 fev_11 fev_12 fev_13 fev_14 fev_15 fev_16 fev_17 fev_18 fev_19 fev_20
  	fu_year gait_speed_00 gait_speed_01 gait_speed_02 gait_speed_03 gait_speed_04
  	gait_speed_05 gait_speed_06 gait_speed_07 gait_speed_08 gait_speed_09
  	gait_speed_10 gait_speed_11 gait_speed_12 gait_speed_13 gait_speed_14
  	gait_speed_15 gait_speed_16 gait_speed_17 gait_speed_18 gait_speed_19
  	gait_speed_20 glucose_00 glucose_01 glucose_02 glucose_03 glucose_04 glucose_05
  	glucose_06 glucose_07 glucose_08 glucose_09 glucose_10 glucose_11 glucose_12
  	glucose_13 glucose_14 glucose_15 glucose_16 glucose_17 glucose_18 glucose_19
  	glucose_20 gripavg_00 gripavg_01 gripavg_02 gripavg_03 gripavg_04 gripavg_05
  	gripavg_06 gripavg_07 gripavg_08 gripavg_09 gripavg_10 gripavg_11 gripavg_12
  	gripavg_13 gripavg_14 gripavg_15 gripavg_16 gripavg_17 gripavg_18 gripavg_19
  	gripavg_20 hba1c_00 hba1c_01 hba1c_02 hba1c_03 hba1c_04 hba1c_05 hba1c_06
  	hba1c_07 hba1c_08 hba1c_09 hba1c_10 hba1c_11 hba1c_12 hba1c_13 hba1c_14 hba1c_15
  	hba1c_16 hba1c_17 hba1c_18 hba1c_19 hba1c_20 hdlchlstrl_00 hdlchlstrl_01
  	hdlchlstrl_02 hdlchlstrl_03 hdlchlstrl_04 hdlchlstrl_05 hdlchlstrl_06
  	hdlchlstrl_07 hdlchlstrl_08 hdlchlstrl_09 hdlchlstrl_10 hdlchlstrl_11
  	hdlchlstrl_12 hdlchlstrl_13 hdlchlstrl_14 hdlchlstrl_15 hdlchlstrl_16
  	hdlchlstrl_17 hdlchlstrl_18 hdlchlstrl_19 hdlchlstrl_20 hdlratio_00 hdlratio_01
  	hdlratio_02 hdlratio_03 hdlratio_04 hdlratio_05 hdlratio_06 hdlratio_07
  	hdlratio_08 hdlratio_09 hdlratio_10 hdlratio_11 hdlratio_12 hdlratio_13
  	hdlratio_14 hdlratio_15 hdlratio_16 hdlratio_17 hdlratio_18 hdlratio_19
  	hdlratio_20 heart_cum_00 heart_cum_01 heart_cum_02 heart_cum_03 heart_cum_04
  	heart_cum_05 heart_cum_06 heart_cum_07 heart_cum_08 heart_cum_09 heart_cum_10
  	heart_cum_11 heart_cum_12 heart_cum_13 heart_cum_14 heart_cum_15 heart_cum_16
  	heart_cum_17 heart_cum_18 heart_cum_19 heart_cum_20 htm_00 htm_01 htm_02 htm_03
  	htm_04 htm_05 htm_06 htm_07 htm_08 htm_09 htm_10 htm_11 htm_12 htm_13 htm_14
  	htm_15 htm_16 htm_17 htm_18 htm_19 htm_20 hypertension_cum_00
  	hypertension_cum_01 hypertension_cum_02 hypertension_cum_03 hypertension_cum_04
  	hypertension_cum_05 hypertension_cum_06 hypertension_cum_07 hypertension_cum_08
  	hypertension_cum_09 hypertension_cum_10 hypertension_cum_11 hypertension_cum_12
  	hypertension_cum_13 hypertension_cum_14 hypertension_cum_15 hypertension_cum_16
  	hypertension_cum_17 hypertension_cum_18 hypertension_cum_19 hypertension_cum_20
  	iadlsum_00 iadlsum_01 iadlsum_02 iadlsum_03 iadlsum_04 iadlsum_05 iadlsum_06
  	iadlsum_07 iadlsum_08 iadlsum_09 iadlsum_10 iadlsum_11 iadlsum_12 iadlsum_13
  	iadlsum_14 iadlsum_15 iadlsum_16 iadlsum_17 iadlsum_18 iadlsum_19 iadlsum_20
  	intrusion_00 intrusion_01 intrusion_02 intrusion_03 intrusion_04 intrusion_05
  	intrusion_06 intrusion_07 intrusion_08 intrusion_09 intrusion_10 intrusion_11
  	intrusion_12 intrusion_13 intrusion_14 intrusion_15 intrusion_16 intrusion_17
  	intrusion_18 intrusion_19 intrusion_20 k_00 k_01 k_02 k_03 k_04 k_05 k_06 k_07
  	k_08 k_09 k_10 k_11 k_12 k_13 k_14 k_15 k_16 k_17 k_18 k_19 k_20 katzsum_00
  	katzsum_01 katzsum_02 katzsum_03 katzsum_04 katzsum_05 katzsum_06 katzsum_07
  	katzsum_08 katzsum_09 katzsum_10 katzsum_11 katzsum_12 katzsum_13 katzsum_14
  	katzsum_15 katzsum_16 katzsum_17 katzsum_18 katzsum_19 katzsum_20 ldlchlstrl_00
  	ldlchlstrl_01 ldlchlstrl_02 ldlchlstrl_03 ldlchlstrl_04 ldlchlstrl_05
  	ldlchlstrl_06 ldlchlstrl_07 ldlchlstrl_08 ldlchlstrl_09 ldlchlstrl_10
  	ldlchlstrl_11 ldlchlstrl_12 ldlchlstrl_13 ldlchlstrl_14 ldlchlstrl_15
  	ldlchlstrl_16 ldlchlstrl_17 ldlchlstrl_18 ldlchlstrl_19 ldlchlstrl_20 mep_00
  	mep_01 mep_02 mep_03 mep_04 mep_05 mep_06 mep_07 mep_08 mep_09 mep_10 mep_11
  	mep_12 mep_13 mep_14 mep_15 mep_16 mep_17 mep_18 mep_19 mep_20 mip_00 mip_01
  	mip_02 mip_03 mip_04 mip_05 mip_06 mip_07 mip_08 mip_09 mip_10 mip_11 mip_12
  	mip_13 mip_14 mip_15 mip_16 mip_17 mip_18 mip_19 mip_20 na_00 na_01 na_02 na_03
  	na_04 na_05 na_06 na_07 na_08 na_09 na_10 na_11 na_12 na_13 na_14 na_15 na_16
  	na_17 na_18 na_19 na_20 neglifeevents_00 neglifeevents_01 neglifeevents_02
  	neglifeevents_03 neglifeevents_04 neglifeevents_05 neglifeevents_06
  	neglifeevents_07 neglifeevents_08 neglifeevents_09 neglifeevents_10
  	neglifeevents_11 neglifeevents_12 neglifeevents_13 neglifeevents_14
  	neglifeevents_15 neglifeevents_16 neglifeevents_17 neglifeevents_18
  	neglifeevents_19 neglifeevents_20 negsocexchange_00 negsocexchange_01
  	negsocexchange_02 negsocexchange_03 negsocexchange_04 negsocexchange_05
  	negsocexchange_06 negsocexchange_07 negsocexchange_08 negsocexchange_09
  	negsocexchange_10 negsocexchange_11 negsocexchange_12 negsocexchange_13
  	negsocexchange_14 negsocexchange_15 negsocexchange_16 negsocexchange_17
  	negsocexchange_18 negsocexchange_19 negsocexchange_20 nohelp_00 nohelp_01
  	nohelp_02 nohelp_03 nohelp_04 nohelp_05 nohelp_06 nohelp_07 nohelp_08 nohelp_09
  	nohelp_10 nohelp_11 nohelp_12 nohelp_13 nohelp_14 nohelp_15 nohelp_16 nohelp_17
  	nohelp_18 nohelp_19 nohelp_20 panas_00 panas_01 panas_02 panas_03 panas_04
  	panas_05 panas_06 panas_07 panas_08 panas_09 panas_10 panas_11 panas_12 panas_13
  	panas_14 panas_15 panas_16 panas_17 panas_18 panas_19 panas_20
  	perceivedstress_00 perceivedstress_01 perceivedstress_02 perceivedstress_03
  	perceivedstress_04 perceivedstress_05 perceivedstress_06 perceivedstress_07
  	perceivedstress_08 perceivedstress_09 perceivedstress_10 perceivedstress_11
  	perceivedstress_12 perceivedstress_13 perceivedstress_14 perceivedstress_15
  	perceivedstress_16 perceivedstress_17 perceivedstress_18 perceivedstress_19
  	perceivedstress_20 phys5itemsum_00 phys5itemsum_01 phys5itemsum_02
  	phys5itemsum_03 phys5itemsum_04 phys5itemsum_05 phys5itemsum_06 phys5itemsum_07
  	phys5itemsum_08 phys5itemsum_09 phys5itemsum_10 phys5itemsum_11 phys5itemsum_12
  	phys5itemsum_13 phys5itemsum_14 phys5itemsum_15 phys5itemsum_16 phys5itemsum_17
  	phys5itemsum_18 phys5itemsum_19 phys5itemsum_20 pvc_00 pvc_01 pvc_02 pvc_03
  	pvc_04 pvc_05 pvc_06 pvc_07 pvc_08 pvc_09 pvc_10 pvc_11 pvc_12 pvc_13 pvc_14
  	pvc_15 pvc_16 pvc_17 pvc_18 pvc_19 pvc_20 r_depres_00 r_depres_01 r_depres_02
  	r_depres_03 r_depres_04 r_depres_05 r_depres_06 r_depres_07 r_depres_08
  	r_depres_09 r_depres_10 r_depres_11 r_depres_12 r_depres_13 r_depres_14
  	r_depres_15 r_depres_16 r_depres_17 r_depres_18 r_depres_19 r_depres_20
  	rejection_00 rejection_01 rejection_02 rejection_03 rejection_04 rejection_05
  	rejection_06 rejection_07 rejection_08 rejection_09 rejection_10 rejection_11
  	rejection_12 rejection_13 rejection_14 rejection_15 rejection_16 rejection_17
  	rejection_18 rejection_19 rejection_20 rosbscl_00 rosbscl_01 rosbscl_02
  	rosbscl_03 rosbscl_04 rosbscl_05 rosbscl_06 rosbscl_07 rosbscl_08 rosbscl_09
  	rosbscl_10 rosbscl_11 rosbscl_12 rosbscl_13 rosbscl_14 rosbscl_15 rosbscl_16
  	rosbscl_17 rosbscl_18 rosbscl_19 rosbscl_20 rosbsum_00 rosbsum_01 rosbsum_02
  	rosbsum_03 rosbsum_04 rosbsum_05 rosbsum_06 rosbsum_07 rosbsum_08 rosbsum_09
  	rosbsum_10 rosbsum_11 rosbsum_12 rosbsum_13 rosbsum_14 rosbsum_15 rosbsum_16
  	rosbsum_17 rosbsum_18 rosbsum_19 rosbsum_20 r_stroke_00 r_stroke_01 r_stroke_02
  	r_stroke_03 r_stroke_04 r_stroke_05 r_stroke_06 r_stroke_07 r_stroke_08
  	r_stroke_09 r_stroke_10 r_stroke_11 r_stroke_12 r_stroke_13 r_stroke_14
  	r_stroke_15 r_stroke_16 r_stroke_17 r_stroke_18 r_stroke_19 r_stroke_20
  	scaled_to_y stroke_cum_00 stroke_cum_01 stroke_cum_02 stroke_cum_03
  	stroke_cum_04 stroke_cum_05 stroke_cum_06 stroke_cum_07 stroke_cum_08
  	stroke_cum_09 stroke_cum_10 stroke_cum_11 stroke_cum_12 stroke_cum_13
  	stroke_cum_14 stroke_cum_15 stroke_cum_16 stroke_cum_17 stroke_cum_18
  	stroke_cum_19 stroke_cum_20 study_y thyroid_cum_00 thyroid_cum_01 thyroid_cum_02
  	thyroid_cum_03 thyroid_cum_04 thyroid_cum_05 thyroid_cum_06 thyroid_cum_07
  	thyroid_cum_08 thyroid_cum_09 thyroid_cum_10 thyroid_cum_11 thyroid_cum_12
  	thyroid_cum_13 thyroid_cum_14 thyroid_cum_15 thyroid_cum_16 thyroid_cum_17
  	thyroid_cum_18 thyroid_cum_19 thyroid_cum_20 unsympathetic_00 unsympathetic_01
  	unsympathetic_02 unsympathetic_03 unsympathetic_04 unsympathetic_05
  	unsympathetic_06 unsympathetic_07 unsympathetic_08 unsympathetic_09
  	unsympathetic_10 unsympathetic_11 unsympathetic_12 unsympathetic_13
  	unsympathetic_14 unsympathetic_15 unsympathetic_16 unsympathetic_17
  	unsympathetic_18 unsympathetic_19 unsympathetic_20 vasc_3dis_sum_00
  	vasc_3dis_sum_01 vasc_3dis_sum_02 vasc_3dis_sum_03 vasc_3dis_sum_04
  	vasc_3dis_sum_05 vasc_3dis_sum_06 vasc_3dis_sum_07 vasc_3dis_sum_08
  	vasc_3dis_sum_09 vasc_3dis_sum_10 vasc_3dis_sum_11 vasc_3dis_sum_12
  	vasc_3dis_sum_13 vasc_3dis_sum_14 vasc_3dis_sum_15 vasc_3dis_sum_16
  	vasc_3dis_sum_17 vasc_3dis_sum_18 vasc_3dis_sum_19 vasc_3dis_sum_20
  	vasc_4dis_sum_00 vasc_4dis_sum_01 vasc_4dis_sum_02 vasc_4dis_sum_03
  	vasc_4dis_sum_04 vasc_4dis_sum_05 vasc_4dis_sum_06 vasc_4dis_sum_07
  	vasc_4dis_sum_08 vasc_4dis_sum_09 vasc_4dis_sum_10 vasc_4dis_sum_11
  	vasc_4dis_sum_12 vasc_4dis_sum_13 vasc_4dis_sum_14 vasc_4dis_sum_15
  	vasc_4dis_sum_16 vasc_4dis_sum_17 vasc_4dis_sum_18 vasc_4dis_sum_19
  	vasc_4dis_sum_20 vasc_risks_sum_00 vasc_risks_sum_01 vasc_risks_sum_02
  	vasc_risks_sum_03 vasc_risks_sum_04 vasc_risks_sum_05 vasc_risks_sum_06
  	vasc_risks_sum_07 vasc_risks_sum_08 vasc_risks_sum_09 vasc_risks_sum_10
  	vasc_risks_sum_11 vasc_risks_sum_12 vasc_risks_sum_13 vasc_risks_sum_14
  	vasc_risks_sum_15 vasc_risks_sum_16 vasc_risks_sum_17 vasc_risks_sum_18
  	vasc_risks_sum_19 vasc_risks_sum_20 vision_00 vision_01 vision_02 vision_03
  	vision_04 vision_05 vision_06 vision_07 vision_08 vision_09 vision_10 vision_11
  	vision_12 vision_13 vision_14 vision_15 vision_16 vision_17 vision_18 vision_19
  	vision_20 visionlog_00 visionlog_01 visionlog_02 visionlog_03 visionlog_04
  	visionlog_05 visionlog_06 visionlog_07 visionlog_08 visionlog_09 visionlog_10
  	visionlog_11 visionlog_12 visionlog_13 visionlog_14 visionlog_15 visionlog_16
  	visionlog_17 visionlog_18 visionlog_19 visionlog_20 wtkg_00 wtkg_01 wtkg_02
  	wtkg_03 wtkg_04 wtkg_05 wtkg_06 wtkg_07 wtkg_08 wtkg_09 wtkg_10 wtkg_11 wtkg_12
  	wtkg_13 wtkg_14 wtkg_15 wtkg_16 wtkg_17 wtkg_18 wtkg_19 wtkg_20 T0 T1 T2 T3 T4
  	T5 T6 T7 T8 T9 T10 T11 T12 T13 T14 T15 T16 T17 T18 T19 T20;
  Missing are all (-9999);
  USEVAR are
  !define the variables used in the analysis
  	time1-time16
  	p1-p16
  	c1-c16
  	Bage;
  	
  TSCORES are
  !define the time points
  	time1-time16;
  USEOBSERVATIONS are
  !select a subset of observations
  	msex EQ 1 and
  	dementia_00 NE 1 and dementia_01 NE 1 and dementia_02 NE 1 and
  	dementia_03 NE 1 and dementia_04 NE 1 and dementia_05 NE 1 and
  	dementia_06 NE 1 and dementia_07 NE 1 and dementia_08 NE 1 and
  	dementia_09 NE 1 and dementia_10 NE 1 and dementia_11 NE 1 and
  	dementia_12 NE 1 and dementia_13 NE 1 and dementia_14 NE 1 and
  	dementia_15 NE 1 and dementia_16 NE 1 and dementia_17 NE 1 and
  	dementia_18 NE 1 and dementia_19 NE 1 and dementia_20 NE 1;
  DEFINE:
  !assign variables to the process p
  	p1= gripavg_00;
  	p2= gripavg_01;
  	p3= gripavg_02;
  	p4= gripavg_03;
  	p5= gripavg_04;
  	p6= gripavg_05;
  	p7= gripavg_06;
  	p8= gripavg_07;
  	p9= gripavg_08;
  	p10=gripavg_09;
  	p11=gripavg_10;
  	p12=gripavg_11;
  	p13=gripavg_12;
  	p14=gripavg_13;
  	p15=gripavg_14;
  	p16=gripavg_15;
  	p17=gripavg_16;
  	p18=gripavg_17;
  	p19=gripavg_18;
  	p20=gripavg_19;
  	p21=gripavg_20;
  !assign variables to the process c
  	c1= cts_wlii_00;
  	c2= cts_wlii_01;
  	c3= cts_wlii_02;
  	c4= cts_wlii_03;
  	c5= cts_wlii_04;
  	c6= cts_wlii_05;
  	c7= cts_wlii_06;
  	c8= cts_wlii_07;
  	c9= cts_wlii_08;
  	c10=cts_wlii_09;
  	c11=cts_wlii_10;
  	c12=cts_wlii_11;
  	c13=cts_wlii_12;
  	c14=cts_wlii_13;
  	c15=cts_wlii_14;
  	c16=cts_wlii_15;
  	c17=cts_wlii_16;
  	c18=cts_wlii_17;
  	c19=cts_wlii_18;
  	c20=cts_wlii_19;
  	c21=cts_wlii_20;
  !assign variables to time points
  	time1= T0;
  	time2= T1;
  	time3= T2;
  	time4= T3;
  	time5= T4;
  	time6= T5;
  	time7= T6;
  	time8= T7;
  	time9= T8;
  	time10=T9;
  	time11=T10;
  	time12=T11;
  	time13=T12;
  	time14=T13;
  	time15=T14;
  	time16=T15;
  	time17=T16;
  	time18=T17;
  	time19=T18;
  	time20=T19;
  	time21=T20;
  !define the second-level terms
  	Bage=age_bl-70;   !Age centered at 70 baseline
  		!Dage=age_death;
  		!Sex=msex;         !0=female
  	Educ=educ-7;     ! Centered at 7 years
  		!SEP=SESgrp; couldn't find
  		!Marstat;
  	Height=htm_00-1.60;
  		!Weight
  		!BMI
  		!SmokHist=smoking;
  		!Alcohol;
  		!CompExp;
  		!PhysAct;
  		!BP;
  		!DepSymp;
  		!Cardio;
  		!Diab;
  		!MorbInd;
  		!BageEduc=Bage*Educ;
  ANALYSIS:
  TYPE = RANDOM;
  COVERAGE=.00;
  MODEL:
  !first-level equation
  	ip sp | p1-p16 AT time1-time16;
  	ic sc | c1-c16 AT time1-time16;
  !variance of the first-level terms	
  	ip (v_ip);
  	sp (v_sp);
  	ic (v_ic);
  	sc (v_sc);
  !covariance among first-level terms	
  	ip WITH sp (c_ipsp);
  	ip WITH ic (c_ipic);
  	ip WITH sc (c_ipsc);
  	sp WITH ic (c_spic);
  	sp WITH sc (c_spsc);
  	ic WITH sc (c_icsc);
  !second-level equation	
  	ip sp ic sc ON Bage;
  !residual means	
  	p1-p16 (res_p);
  	c1-c16 (res_c);
  !Paired covariances constrained to be equal across t	
  	p1-p16 pwith c1-c16(res_cov);
  MODEL CONSTRAINT:
  !assigns labels to new parameters;
  	NEW r_ipic;
  	NEW r_spsc;
  	NEW r_res_pc;
  !
  	r_ipic = c_ipic/((v_ip**0.5)*(v_ic**0.5));
  	r_spsc = c_spsc/((v_sp**0.5)*(v_sc**0.5));
  	r_res_pc = res_cov/((res_p**0.5)*(res_c**0.5));
  OUTPUT: sampstat cinterval;
  PLOT: Type is Plot1 Plot2 Plot3;



*** WARNING
  Data set contains cases with missing on all variables except
  x-variables.  These cases were not included in the analysis.
  Number of cases with missing on all variables except x-variables:  15
   1 WARNING(S) FOUND IN THE INPUT INSTRUCTIONS




Your new title

SUMMARY OF ANALYSIS

Number of groups                                                 1
Number of observations                                         336

Number of dependent variables                                   32
Number of independent variables                                  1
Number of continuous latent variables                            4

Observed dependent variables

  Continuous
   P1          P2          P3          P4          P5          P6
   P7          P8          P9          P10         P11         P12
   P13         P14         P15         P16         C1          C2
   C3          C4          C5          C6          C7          C8
   C9          C10         C11         C12         C13         C14
   C15         C16

Observed independent variables
   BAGE

Continuous latent variables
   IP          SP          IC          SC

Variables with special functions

  Time scores
   TIME1       TIME2       TIME3       TIME4       TIME5       TIME6
   TIME7       TIME8       TIME9       TIME10      TIME11      TIME12
   TIME13      TIME14      TIME15      TIME16


Estimator                                                      MLR
Information matrix                                        OBSERVED
Maximum number of iterations                                   100
Convergence criterion                                    0.100D-05
Maximum number of EM iterations                                500
Convergence criteria for the EM algorithm
  Loglikelihood change                                   0.100D-02
  Relative loglikelihood change                          0.100D-05
  Derivative                                             0.100D-03
Minimum variance                                         0.100D-03
Maximum number of steepest descent iterations                   20
Maximum number of iterations for H1                           2000
Convergence criterion for H1                             0.100D-03
Optimization algorithm                                         EMA

Input data file(s)
  radcMAP_wide.dat
Input data format  FREE


SUMMARY OF DATA

     Number of missing data patterns           137


COVARIANCE COVERAGE OF DATA

Minimum covariance coverage value   0.000


     PROPORTION OF DATA PRESENT


           Covariance Coverage
              P1            P2            P3            P4            P5
              ________      ________      ________      ________      ________
 P1             0.878
 P2             0.607         0.616
 P3             0.473         0.440         0.482
 P4             0.366         0.333         0.327         0.435
 P5             0.226         0.196         0.196         0.256         0.286
 P6             0.110         0.095         0.089         0.125         0.125
 P7             0.095         0.071         0.057         0.083         0.068
 P8             0.146         0.137         0.128         0.131         0.101
 P9             0.164         0.155         0.155         0.131         0.095
 P10            0.119         0.119         0.116         0.122         0.092
 P11            0.089         0.095         0.095         0.092         0.074
 P12            0.039         0.042         0.042         0.042         0.036
 P13            0.000         0.000         0.000         0.012         0.012
 P14            0.000         0.000         0.000         0.012         0.012
 P15            0.000         0.000         0.000         0.006         0.006
 P16            0.000         0.000         0.000         0.006         0.006
 C1             0.875         0.613         0.482         0.435         0.286
 C2             0.702         0.607         0.473         0.426         0.277
 C3             0.589         0.512         0.482         0.426         0.280
 C4             0.488         0.414         0.387         0.426         0.277
 C5             0.429         0.372         0.348         0.357         0.283
 C6             0.304         0.262         0.247         0.256         0.202
 C7             0.268         0.235         0.220         0.226         0.173
 C8             0.226         0.211         0.196         0.188         0.140
 C9             0.190         0.182         0.182         0.155         0.110
 C10            0.134         0.131         0.131         0.128         0.095
 C11            0.098         0.104         0.104         0.113         0.092
 C12            0.039         0.042         0.042         0.057         0.051
 C13            0.000         0.000         0.000         0.015         0.015
 C14            0.000         0.000         0.000         0.012         0.012
 C15            0.000         0.000         0.000         0.006         0.006
 C16            0.000         0.000         0.000         0.006         0.006
 BAGE           0.878         0.616         0.482         0.435         0.286


           Covariance Coverage
              P6            P7            P8            P9            P10
              ________      ________      ________      ________      ________
 P6             0.170
 P7             0.083         0.143
 P8             0.089         0.095         0.185
 P9             0.077         0.071         0.134         0.193
 P10            0.054         0.042         0.098         0.116         0.140
 P11            0.042         0.012         0.062         0.080         0.089
 P12            0.030         0.003         0.024         0.027         0.033
 P13            0.012         0.012         0.012         0.009         0.012
 P14            0.012         0.012         0.012         0.009         0.009
 P15            0.006         0.006         0.006         0.006         0.006
 P16            0.006         0.006         0.006         0.006         0.006
 C1             0.170         0.143         0.185         0.193         0.140
 C2             0.161         0.128         0.179         0.188         0.137
 C3             0.170         0.140         0.185         0.193         0.137
 C4             0.161         0.134         0.179         0.185         0.137
 C5             0.167         0.140         0.182         0.190         0.134
 C6             0.170         0.134         0.179         0.188         0.131
 C7             0.131         0.137         0.179         0.193         0.140
 C8             0.113         0.110         0.185         0.190         0.140
 C9             0.083         0.077         0.149         0.190         0.137
 C10            0.060         0.054         0.113         0.125         0.134
 C11            0.054         0.024         0.080         0.098         0.104
 C12            0.045         0.018         0.039         0.039         0.045
 C13            0.015         0.015         0.015         0.012         0.012
 C14            0.012         0.012         0.012         0.009         0.009
 C15            0.006         0.006         0.006         0.006         0.006
 C16            0.006         0.006         0.006         0.006         0.006
 BAGE           0.170         0.143         0.185         0.193         0.140


           Covariance Coverage
              P11           P12           P13           P14           P15
              ________      ________      ________      ________      ________
 P11            0.098
 P12            0.036         0.042
 P13            0.003         0.000         0.012
 P14            0.000         0.000         0.009         0.012
 P15            0.000         0.000         0.006         0.006         0.006
 P16            0.000         0.000         0.006         0.006         0.006
 C1             0.098         0.042         0.012         0.012         0.006
 C2             0.095         0.042         0.012         0.012         0.006
 C3             0.098         0.042         0.012         0.012         0.006
 C4             0.095         0.042         0.012         0.012         0.006
 C5             0.095         0.042         0.012         0.012         0.006
 C6             0.092         0.042         0.012         0.012         0.006
 C7             0.098         0.042         0.012         0.012         0.006
 C8             0.095         0.042         0.012         0.012         0.006
 C9             0.095         0.039         0.009         0.009         0.006
 C10            0.092         0.039         0.012         0.009         0.006
 C11            0.095         0.042         0.012         0.012         0.006
 C12            0.039         0.042         0.012         0.012         0.006
 C13            0.003         0.000         0.012         0.012         0.006
 C14            0.000         0.000         0.009         0.012         0.006
 C15            0.000         0.000         0.006         0.006         0.006
 C16            0.000         0.000         0.006         0.006         0.006
 BAGE           0.098         0.042         0.012         0.012         0.006


           Covariance Coverage
              P16           C1            C2            C3            C4
              ________      ________      ________      ________      ________
 P16            0.006
 C1             0.006         0.997
 C2             0.006         0.801         0.804
 C3             0.006         0.676         0.658         0.676
 C4             0.006         0.557         0.536         0.539         0.557
 C5             0.006         0.491         0.476         0.479         0.470
 C6             0.006         0.363         0.348         0.354         0.348
 C7             0.006         0.318         0.304         0.312         0.310
 C8             0.006         0.268         0.259         0.262         0.262
 C9             0.006         0.220         0.214         0.217         0.211
 C10            0.006         0.155         0.152         0.152         0.149
 C11            0.006         0.119         0.116         0.119         0.116
 C12            0.006         0.057         0.057         0.057         0.057
 C13            0.006         0.015         0.015         0.015         0.015
 C14            0.006         0.012         0.012         0.012         0.012
 C15            0.006         0.006         0.006         0.006         0.006
 C16            0.006         0.006         0.006         0.006         0.006
 BAGE           0.006         0.997         0.804         0.676         0.557


           Covariance Coverage
              C5            C6            C7            C8            C9
              ________      ________      ________      ________      ________
 C5             0.491
 C6             0.354         0.363
 C7             0.312         0.304         0.318
 C8             0.262         0.259         0.262         0.268
 C9             0.214         0.211         0.217         0.217         0.220
 C10            0.149         0.146         0.152         0.155         0.149
 C11            0.116         0.113         0.119         0.116         0.113
 C12            0.057         0.057         0.057         0.057         0.051
 C13            0.015         0.015         0.015         0.015         0.012
 C14            0.012         0.012         0.012         0.012         0.009
 C15            0.006         0.006         0.006         0.006         0.006
 C16            0.006         0.006         0.006         0.006         0.006
 BAGE           0.491         0.363         0.318         0.268         0.220


           Covariance Coverage
              C10           C11           C12           C13           C14
              ________      ________      ________      ________      ________
 C10            0.155
 C11            0.110         0.119
 C12            0.051         0.057         0.057
 C13            0.012         0.015         0.015         0.015
 C14            0.009         0.012         0.012         0.012         0.012
 C15            0.006         0.006         0.006         0.006         0.006
 C16            0.006         0.006         0.006         0.006         0.006
 BAGE           0.155         0.119         0.057         0.015         0.012


           Covariance Coverage
              C15           C16           BAGE
              ________      ________      ________
 C15            0.006
 C16            0.006         0.006
 BAGE           0.006         0.006         1.000


SAMPLE STATISTICS


     ESTIMATED SAMPLE STATISTICS


           Means
              P1            P2            P3            P4            P5
              ________      ________      ________      ________      ________
 1             69.060        67.465        66.044        64.858        61.681


           Means
              P6            P7            P8            P9            P10
              ________      ________      ________      ________      ________
 1             60.228        58.475        54.909        53.807        50.447


           Means
              P11           P12           P13           P14           P15
              ________      ________      ________      ________      ________
 1             48.761        47.142        45.719        53.990        58.522


           Means
              P16           C1            C2            C3            C4
              ________      ________      ________      ________      ________
 1             47.666         4.903         5.070         4.939         5.130


           Means
              C5            C6            C7            C8            C9
              ________      ________      ________      ________      ________
 1              5.095         4.920         4.966         4.746         4.453


           Means
              C10           C11           C12           C13           C14
              ________      ________      ________      ________      ________
 1              4.786         3.963         3.923         5.715         4.893


           Means
              C15           C16           BAGE
              ________      ________      ________
 1              8.304         7.739         9.732


           Covariances
              P1            P2            P3            P4            P5
              ________      ________      ________      ________      ________
 P1           378.965
 P2           336.197       363.816
 P3           337.319       329.332       371.385
 P4           301.619       305.738       314.452       344.922
 P5           291.972       287.224       299.470       302.705       317.307
 P6           313.224       308.421       323.902       332.552       309.746
 P7           247.322       225.614       240.509       237.706       253.307
 P8           301.702       296.793       310.513       299.311       293.540
 P9           279.938       281.037       282.747       315.531       295.018
 P10          267.884       258.318       274.719       322.661       289.454
 P11          312.080       315.938       332.925       380.353       342.672
 P12          254.623       280.440       258.423       247.754       250.530
 P13           74.005        64.111        70.500        62.045        63.132
 P14            5.478         8.261        13.295        -4.515        -8.713
 P15           -0.157         0.315         0.015        -0.031        -0.433
 P16            1.339        -2.687        -0.126         0.263         3.691
 C1             9.296         8.693        11.289         7.951         9.611
 C2             8.895         7.519         9.058         6.040         6.112
 C3            12.498        11.913        13.057        10.425        12.119
 C4             8.555         7.946        10.455         8.639         7.667
 C5            13.388        11.940        13.486        12.014        13.374
 C6            13.394        12.690        13.369        13.638        14.966
 C7            12.992        14.026        14.441         9.965        10.100
 C8            12.439        10.845        13.181         9.002         7.606
 C9            15.448        16.801        17.606        13.674        11.967
 C10           14.879        14.016        17.062         6.541         8.574
 C11           16.365        17.594        25.083        19.529        15.703
 C12           18.664        16.692        18.243        22.114        20.718
 C13           -1.111        -0.125         3.757        -6.061        -8.273
 C14            3.712         3.715         7.858        -2.196        -2.141
 C15            0.210        -0.421        -0.020         0.041         0.578
 C16            0.279        -0.561        -0.026         0.055         0.770
 BAGE         -58.210       -63.264       -61.349       -60.300       -53.155


           Covariances
              P6            P7            P8            P9            P10
              ________      ________      ________      ________      ________
 P6           389.504
 P7           293.329       315.451
 P8           322.229       261.562       353.531
 P9           344.853       269.875       312.840       386.832
 P10          354.524       274.990       317.803       386.648       431.023
 P11          403.077       297.021       348.149       402.288       434.335
 P12          236.613       204.049       247.891       249.080       242.456
 P13           84.713        79.909        84.693        84.961        90.697
 P14           -4.400       -11.521        -3.932       -12.205       -17.424
 P15           -1.323        -1.258        -0.405        -2.040        -2.634
 P16           11.266        10.720         3.451        17.382        22.442
 C1            12.362        15.909        10.386        14.432        17.133
 C2            10.783         5.117         6.991        10.688        11.789
 C3            14.660        11.790        13.524        11.494        13.519
 C4            12.502         4.583         9.260         9.421        12.085
 C5            17.272        14.356         9.058        13.815        12.842
 C6            15.819        14.401        11.116        19.236        21.705
 C7            14.926        11.560        12.260        15.391        16.502
 C8            10.572         8.252         8.914        14.192        14.860
 C9            16.566        13.113        17.068        19.197        22.202
 C10           14.454        20.661        12.979        11.830         9.815
 C11           14.902        10.035        17.223        19.754        25.943
 C12           23.958        23.122        23.268        31.568        36.681
 C13           -4.102        -9.153        -7.074        -7.267        -9.328
 C14           -0.402        -2.661        -0.024        -1.737        -3.094
 C15            1.763         1.678         0.540         2.721         3.513
 C16            2.351         2.237         0.720         3.628         4.684
 BAGE         -69.166       -58.988       -67.999       -63.437       -61.422


           Covariances
              P11           P12           P13           P14           P15
              ________      ________      ________      ________      ________
 P11          499.131
 P12          284.959       284.623
 P13           82.402        52.059        62.769
 P14          -13.315        -0.584         5.932        13.332
 P15           -1.739        -0.441         0.238         0.480         0.317
 P16           14.811         3.760        -2.030        -4.087        -2.678
 C1            13.760        11.902         6.251        -1.323        -0.765
 C2             9.779         7.766         1.552        -1.429        -0.719
 C3            14.175        11.657         6.224        -0.648        -0.783
 C4             7.453         1.257         3.268        -0.607        -0.818
 C5            13.253        11.798        -0.015        -1.281        -0.924
 C6            17.562        14.690         1.491        -3.613        -1.000
 C7            14.945        16.420         2.544        -0.610        -0.757
 C8             9.956        14.106         6.667         1.435        -0.747
 C9            20.686        19.120         2.462         0.299        -1.032
 C10            9.304         9.558         4.137         2.588        -0.879
 C11           27.382        24.932         1.774         3.602        -0.992
 C12           35.406        24.460         6.432        -3.876        -1.349
 C13           -7.439        -2.021        -1.984         6.479        -0.607
 C14           -4.343         1.686         2.876         5.487        -0.468
 C15            2.318         0.588        -0.318        -0.640        -0.419
 C16            3.091         0.785        -0.424        -0.853        -0.559
 BAGE         -86.016       -52.858       -12.749         1.515         1.613


           Covariances
              P16           C1            C2            C3            C4
              ________      ________      ________      ________      ________
 P16           23.012
 C1             6.521         5.008
 C2             6.129         3.054         4.449
 C3             6.672         3.697         3.351         5.579
 C4             6.968         2.869         2.505         3.260         4.860
 C5             7.870         3.475         3.058         3.644         3.328
 C6             8.521         3.444         3.627         3.857         3.667
 C7             6.448         3.405         3.193         3.804         3.032
 C8             6.364         3.331         2.777         3.246         3.045
 C9             8.795         3.609         3.156         3.486         2.918
 C10            7.487         3.285         1.539         3.595         2.693
 C11            8.447         3.930         2.303         3.710         2.806
 C12           11.489         5.007         3.763         4.813         3.620
 C13            5.174         0.840         1.203         1.580         1.475
 C14            3.984         1.364         0.832         1.435         1.906
 C15            3.571         1.021         0.959         1.044         1.091
 C16            4.762         1.361         1.279         1.392         1.454
 BAGE         -13.742        -5.538        -3.983        -5.603        -3.790


           Covariances
              C5            C6            C7            C8            C9
              ________      ________      ________      ________      ________
 C5             5.161
 C6             3.898         6.169
 C7             3.771         4.590         5.984
 C8             3.379         3.795         4.321         5.094
 C9             3.633         3.966         4.551         4.146         6.030
 C10            3.393         3.165         3.895         3.135         4.475
 C11            3.585         3.760         5.157         5.142         7.115
 C12            4.486         5.943         5.346         5.007         6.094
 C13            1.955         0.476         1.702         2.510         3.014
 C14            1.524         0.703         1.626         2.747         2.595
 C15            1.232         1.334         1.009         0.996         1.377
 C16            1.643         1.778         1.346         1.328         1.836
 BAGE          -4.679        -5.123        -5.513        -3.389        -6.872


           Covariances
              C10           C11           C12           C13           C14
              ________      ________      ________      ________      ________
 C10            7.518
 C11            5.487        12.014
 C12            4.062         6.675         9.540
 C13            3.797         5.095         1.070         6.012
 C14            3.347         4.370         1.302         4.413         3.974
 C15            1.172         1.322         1.798         0.810         0.624
 C16            1.563         1.763         2.398         1.080         0.831
 BAGE          -7.743        -5.882       -12.825        -2.962        -2.385


           Covariances
              C15           C16           BAGE
              ________      ________      ________
 C15            0.564
 C16            0.745         1.002
 BAGE          -2.151        -2.868        51.255


           Correlations
              P1            P2            P3            P4            P5
              ________      ________      ________      ________      ________
 P1             1.000
 P2             0.905         1.000
 P3             0.899         0.896         1.000
 P4             0.834         0.863         0.879         1.000
 P5             0.842         0.845         0.872         0.915         1.000
 P6             0.815         0.819         0.852         0.907         0.881
 P7             0.715         0.666         0.703         0.721         0.801
 P8             0.824         0.828         0.857         0.857         0.876
 P9             0.731         0.749         0.746         0.864         0.842
 P10            0.663         0.652         0.687         0.837         0.783
 P11            0.718         0.741         0.773         0.917         0.861
 P12            0.775         0.871         0.795         0.791         0.834
 P13            0.480         0.424         0.462         0.422         0.447
 P14            0.077         0.119         0.189        -0.067        -0.134
 P15           -0.014         0.029         0.001        -0.003        -0.043
 P16            0.014        -0.029        -0.001         0.003         0.043
 C1             0.213         0.204         0.262         0.191         0.241
 C2             0.217         0.187         0.223         0.154         0.163
 C3             0.272         0.264         0.287         0.238         0.288
 C4             0.199         0.189         0.246         0.211         0.195
 C5             0.303         0.276         0.308         0.285         0.330
 C6             0.277         0.268         0.279         0.296         0.338
 C7             0.273         0.301         0.306         0.219         0.232
 C8             0.283         0.252         0.303         0.215         0.189
 C9             0.323         0.359         0.372         0.300         0.274
 C10            0.279         0.268         0.323         0.128         0.176
 C11            0.243         0.266         0.376         0.303         0.254
 C12            0.310         0.283         0.306         0.386         0.377
 C13           -0.023        -0.003         0.080        -0.133        -0.189
 C14            0.096         0.098         0.205        -0.059        -0.060
 C15            0.014        -0.029        -0.001         0.003         0.043
 C16            0.014        -0.029        -0.001         0.003         0.043
 BAGE          -0.418        -0.463        -0.445        -0.454        -0.417


           Correlations
              P6            P7            P8            P9            P10
              ________      ________      ________      ________      ________
 P6             1.000
 P7             0.837         1.000
 P8             0.868         0.783         1.000
 P9             0.888         0.773         0.846         1.000
 P10            0.865         0.746         0.814         0.947         1.000
 P11            0.914         0.749         0.829         0.916         0.936
 P12            0.711         0.681         0.781         0.751         0.692
 P13            0.542         0.568         0.569         0.545         0.551
 P14           -0.061        -0.178        -0.057        -0.170        -0.230
 P15           -0.119        -0.126        -0.038        -0.184        -0.225
 P16            0.119         0.126         0.038         0.184         0.225
 C1             0.280         0.400         0.247         0.328         0.369
 C2             0.259         0.137         0.176         0.258         0.269
 C3             0.314         0.281         0.305         0.247         0.276
 C4             0.287         0.117         0.223         0.217         0.264
 C5             0.385         0.356         0.212         0.309         0.272
 C6             0.323         0.326         0.238         0.394         0.421
 C7             0.309         0.266         0.267         0.320         0.325
 C8             0.237         0.206         0.210         0.320         0.317
 C9             0.342         0.301         0.370         0.397         0.436
 C10            0.267         0.424         0.252         0.219         0.172
 C11            0.218         0.163         0.264         0.290         0.361
 C12            0.393         0.421         0.401         0.520         0.572
 C13           -0.085        -0.210        -0.153        -0.151        -0.183
 C14           -0.010        -0.075        -0.001        -0.044        -0.075
 C15            0.119         0.126         0.038         0.184         0.225
 C16            0.119         0.126         0.038         0.184         0.225
 BAGE          -0.490        -0.464        -0.505        -0.451        -0.413


           Correlations
              P11           P12           P13           P14           P15
              ________      ________      ________      ________      ________
 P11            1.000
 P12            0.756         1.000
 P13            0.466         0.389         1.000
 P14           -0.163        -0.009         0.205         1.000
 P15           -0.138        -0.046         0.053         0.233         1.000
 P16            0.138         0.046        -0.053        -0.233        -0.991
 C1             0.275         0.315         0.353        -0.162        -0.607
 C2             0.208         0.218         0.093        -0.185        -0.606
 C3             0.269         0.293         0.333        -0.075        -0.589
 C4             0.151         0.034         0.187        -0.075        -0.659
 C5             0.261         0.308        -0.001        -0.154        -0.722
 C6             0.316         0.351         0.076        -0.398        -0.715
 C7             0.273         0.398         0.131        -0.068        -0.550
 C8             0.197         0.370         0.373         0.174        -0.588
 C9             0.377         0.462         0.127         0.033        -0.747
 C10            0.152         0.207         0.190         0.259        -0.569
 C11            0.354         0.426         0.065         0.285        -0.508
 C12            0.513         0.469         0.263        -0.344        -0.775
 C13           -0.136        -0.049        -0.102         0.724        -0.440
 C14           -0.098         0.050         0.182         0.754        -0.417
 C15            0.138         0.046        -0.053        -0.233        -0.991
 C16            0.138         0.046        -0.053        -0.233        -0.991
 BAGE          -0.538        -0.438        -0.225         0.058         0.400


           Correlations
              P16           C1            C2            C3            C4
              ________      ________      ________      ________      ________
 P16            1.000
 C1             0.607         1.000
 C2             0.606         0.647         1.000
 C3             0.589         0.699         0.673         1.000
 C4             0.659         0.582         0.539         0.626         1.000
 C5             0.722         0.683         0.638         0.679         0.664
 C6             0.715         0.620         0.692         0.657         0.670
 C7             0.550         0.622         0.619         0.658         0.562
 C8             0.588         0.659         0.583         0.609         0.612
 C9             0.747         0.657         0.609         0.601         0.539
 C10            0.569         0.535         0.266         0.555         0.445
 C11            0.508         0.507         0.315         0.453         0.367
 C12            0.775         0.724         0.578         0.660         0.532
 C13            0.440         0.153         0.233         0.273         0.273
 C14            0.417         0.306         0.198         0.305         0.434
 C15            0.991         0.607         0.606         0.589         0.659
 C16            0.991         0.607         0.606         0.589         0.659
 BAGE          -0.400        -0.346        -0.264        -0.331        -0.240


           Correlations
              C5            C6            C7            C8            C9
              ________      ________      ________      ________      ________
 C5             1.000
 C6             0.691         1.000
 C7             0.679         0.755         1.000
 C8             0.659         0.677         0.783         1.000
 C9             0.651         0.650         0.758         0.748         1.000
 C10            0.545         0.465         0.581         0.507         0.665
 C11            0.455         0.437         0.608         0.657         0.836
 C12            0.639         0.775         0.708         0.718         0.804
 C13            0.351         0.078         0.284         0.454         0.501
 C14            0.337         0.142         0.333         0.611         0.530
 C15            0.722         0.715         0.550         0.588         0.747
 C16            0.722         0.715         0.550         0.588         0.747
 BAGE          -0.288        -0.288        -0.315        -0.210        -0.391


           Correlations
              C10           C11           C12           C13           C14
              ________      ________      ________      ________      ________
 C10            1.000
 C11            0.577         1.000
 C12            0.480         0.624         1.000
 C13            0.565         0.599         0.141         1.000
 C14            0.612         0.632         0.211         0.903         1.000
 C15            0.569         0.508         0.775         0.440         0.417
 C16            0.569         0.508         0.775         0.440         0.417
 BAGE          -0.394        -0.237        -0.580        -0.169        -0.167


           Correlations
              C15           C16           BAGE
              ________      ________      ________
 C15            1.000
 C16            0.991         1.000
 BAGE          -0.400        -0.400         1.000


     MAXIMUM LOG-LIKELIHOOD VALUE FOR THE UNRESTRICTED (H1) MODEL IS -8242.591


UNIVARIATE HIGHER-ORDER MOMENT DESCRIPTIVE STATISTICS


     UNIVARIATE HIGHER-ORDER MOMENT DESCRIPTIVE STATISTICS

         Variable/         Mean/     Skewness/   Minimum/ % with                Percentiles
        Sample Size      Variance    Kurtosis    Maximum  Min/Max      20%/60%    40%/80%    Median

     P1                   69.024      -0.147       0.000    0.34%      53.250     64.250     69.000
             295.000     379.729       0.481     124.250    0.34%      75.500     84.500
     P2                   69.268      -0.028      21.500    0.48%      55.500     65.500     70.500
             207.000     299.037       0.480     130.250    0.48%      74.000     81.250
     P3                   69.685       0.089      18.500    0.62%      56.250     66.500     71.750
             162.000     311.172       0.677     127.500    0.62%      74.500     81.000
     P4                   66.118       0.144      20.250    0.68%      51.250     62.500     67.500
             146.000     311.095       0.528     125.000    0.68%      71.250     78.250
     P5                   65.076      -0.066      25.500    1.04%      50.000     60.500     65.250
              96.000     267.945      -0.262     100.750    1.04%      70.000     77.250
     P6                   64.390      -0.042      25.500    1.75%      47.500     62.000     66.750
              57.000     262.831      -0.084     107.750    1.75%      70.250     76.250
     P7                   65.031       0.409      32.250    2.08%      52.250     58.500     64.625
              48.000     335.330       0.311     112.250    2.08%      69.250     74.000
     P8                   61.448       0.483      23.750    1.61%      47.250     54.250     60.625
              62.000     315.156       0.815     121.750    1.61%      67.000     73.250
     P9                   62.223       0.452      27.500    1.54%      47.250     54.750     59.750
              65.000     275.691      -0.167     106.750    1.54%      65.500     78.250
     P10                  61.543       0.375      27.000    2.13%      42.500     58.000     60.750
              47.000     274.081      -0.203     101.500    2.13%      62.750     77.000
     P11                  60.333       0.722      32.250    3.03%      42.500     49.250     56.500
              33.000     382.347      -0.032     110.000    3.03%      61.250     75.000
     P12                  51.804       0.175      30.250    7.14%      32.000     50.500     53.000
              14.000     264.118      -1.080      80.750    7.14%      53.250     63.500
     P13                  47.438      -0.220      26.500   25.00%      26.500     44.000     48.625
               4.000     207.137      -1.181      66.000   25.00%      44.000     53.250
     P14                  54.188       0.153      47.750   25.00%      47.750     51.750     53.875
               4.000      25.137      -1.318      61.250   25.00%      51.750     56.000
     P15                  58.375       0.000      57.250   50.00%      57.250     57.250     58.375
               2.000       1.266      -2.000      59.500   50.00%      57.250     59.500
     P16                  48.917       0.000      39.333   50.00%      39.333     39.333     48.917
               2.000      91.840      -2.000      58.500   50.00%      39.333     58.500
     C1                    4.907      -0.352       0.000    5.07%       3.000      5.000      5.000
             335.000       5.009      -0.275      10.000    0.90%       6.000      7.000
     C2                    5.222      -0.547       0.000    4.44%       4.000      5.000      5.000
             270.000       4.321       0.068       9.000    3.33%       6.000      7.000
     C3                    5.242      -0.359       0.000    3.52%       3.000      5.000      5.000
             227.000       4.783      -0.187      10.000    0.88%       6.000      7.000
     C4                    5.396      -0.481       0.000    3.21%       4.000      5.000      5.000
             187.000       4.293       0.025       9.000    5.35%       6.000      7.000
     C5                    5.558      -0.288       0.000    1.82%       4.000      5.000      6.000
             165.000       3.992       0.002      10.000    1.21%       6.000      7.000
     C6                    5.664      -0.632       0.000    3.28%       4.000      5.000      6.000
             122.000       4.485       0.039       9.000    4.92%       6.000      8.000
     C7                    5.617      -0.628       0.000    4.67%       4.000      5.000      6.000
             107.000       4.386       0.486      10.000    0.93%       6.000      7.000
     C8                    5.633      -0.029       0.000    1.11%       4.000      5.000      5.000
              90.000       3.677       0.244      10.000    2.22%       6.000      7.000
     C9                    5.405      -0.246       0.000    2.70%       4.000      5.000      6.000
              74.000       4.079       0.133      10.000    2.70%       6.000      7.000
     C10                   5.462      -0.069       0.000    1.92%       3.000      5.000      6.000
              52.000       4.287      -0.270      10.000    3.85%       6.000      7.000
     C11                   5.275      -0.424       0.000    7.50%       3.000      5.000      6.000
              40.000       6.149      -0.428      10.000    2.50%       6.000      7.000
     C12                   5.263       0.294       1.000    5.26%       3.000      5.000      5.000
              19.000       4.615      -0.286      10.000    5.26%       5.000      7.000
     C13                   6.000       0.000       2.000   20.00%       2.000      4.000      6.000
               5.000       8.000      -1.300      10.000   20.00%       6.000      8.000
     C14                   5.250       0.132       2.000   25.00%       2.000      3.000      5.000
               4.000       8.188      -1.716       9.000   25.00%       3.000      7.000
     C15                   8.500       0.000       7.000   50.00%       7.000      7.000      8.500
               2.000       2.250      -2.000      10.000   50.00%       7.000     10.000
     C16                   8.000       0.000       6.000   50.00%       6.000      6.000      8.000
               2.000       4.000      -2.000      10.000   50.00%       6.000     10.000
     BAGE                  9.732      -0.533     -12.094    0.30%       3.996      8.620     10.735
             336.000      51.255       0.023      25.242    0.30%      12.382     15.744


THE MODEL ESTIMATION TERMINATED NORMALLY



MODEL FIT INFORMATION

Number of Free Parameters                       21

Loglikelihood

          H0 Value                       -7834.011
          H0 Scaling Correction Factor      1.1677
            for MLR

Information Criteria

          Akaike (AIC)                   15710.021
          Bayesian (BIC)                 15790.180
          Sample-Size Adjusted BIC       15723.566
            (n* = (n + 2) / 24)



MODEL RESULTS

                                                    Two-Tailed
                    Estimate       S.E.  Est./S.E.    P-Value

 IP         ON
    BAGE              -1.146      0.136     -8.435      0.000

 SP         ON
    BAGE              -0.018      0.022     -0.823      0.410

 IC         ON
    BAGE              -0.093      0.015     -6.133      0.000

 SC         ON
    BAGE              -0.003      0.003     -1.137      0.256

 IP       WITH
    SP                -8.221      2.692     -3.054      0.002
    IC                 3.907      1.927      2.028      0.043
    SC                 0.447      0.301      1.484      0.138

 SP       WITH
    IC                 0.196      0.286      0.686      0.493
    SC                 0.011      0.032      0.357      0.721

 IC       WITH
    SC                -0.018      0.040     -0.456      0.649

 P1       WITH
    C1                 0.097      0.314      0.309      0.757

 P2       WITH
    C2                 0.097      0.314      0.309      0.757

 P3       WITH
    C3                 0.097      0.314      0.309      0.757

 P4       WITH
    C4                 0.097      0.314      0.309      0.757

 P5       WITH
    C5                 0.097      0.314      0.309      0.757

 P6       WITH
    C6                 0.097      0.314      0.309      0.757

 P7       WITH
    C7                 0.097      0.314      0.309      0.757

 P8       WITH
    C8                 0.097      0.314      0.309      0.757

 P9       WITH
    C9                 0.097      0.314      0.309      0.757

 P10      WITH
    C10                0.097      0.314      0.309      0.757

 P11      WITH
    C11                0.097      0.314      0.309      0.757

 P12      WITH
    C12                0.097      0.314      0.309      0.757

 P13      WITH
    C13                0.097      0.314      0.309      0.757

 P14      WITH
    C14                0.097      0.314      0.309      0.757

 P15      WITH
    C15                0.097      0.314      0.309      0.757

 P16      WITH
    C16                0.097      0.314      0.309      0.757

 Intercepts
    P1                 0.000      0.000    999.000    999.000
    P2                 0.000      0.000    999.000    999.000
    P3                 0.000      0.000    999.000    999.000
    P4                 0.000      0.000    999.000    999.000
    P5                 0.000      0.000    999.000    999.000
    P6                 0.000      0.000    999.000    999.000
    P7                 0.000      0.000    999.000    999.000
    P8                 0.000      0.000    999.000    999.000
    P9                 0.000      0.000    999.000    999.000
    P10                0.000      0.000    999.000    999.000
    P11                0.000      0.000    999.000    999.000
    P12                0.000      0.000    999.000    999.000
    P13                0.000      0.000    999.000    999.000
    P14                0.000      0.000    999.000    999.000
    P15                0.000      0.000    999.000    999.000
    P16                0.000      0.000    999.000    999.000
    C1                 0.000      0.000    999.000    999.000
    C2                 0.000      0.000    999.000    999.000
    C3                 0.000      0.000    999.000    999.000
    C4                 0.000      0.000    999.000    999.000
    C5                 0.000      0.000    999.000    999.000
    C6                 0.000      0.000    999.000    999.000
    C7                 0.000      0.000    999.000    999.000
    C8                 0.000      0.000    999.000    999.000
    C9                 0.000      0.000    999.000    999.000
    C10                0.000      0.000    999.000    999.000
    C11                0.000      0.000    999.000    999.000
    C12                0.000      0.000    999.000    999.000
    C13                0.000      0.000    999.000    999.000
    C14                0.000      0.000    999.000    999.000
    C15                0.000      0.000    999.000    999.000
    C16                0.000      0.000    999.000    999.000
    IP                80.644      1.782     45.265      0.000
    SP                -1.809      0.244     -7.410      0.000
    IC                 5.968      0.174     34.300      0.000
    SC                -0.010      0.031     -0.314      0.753

 Residual Variances
    P1                34.859      2.327     14.978      0.000
    P2                34.859      2.327     14.978      0.000
    P3                34.859      2.327     14.978      0.000
    P4                34.859      2.327     14.978      0.000
    P5                34.859      2.327     14.978      0.000
    P6                34.859      2.327     14.978      0.000
    P7                34.859      2.327     14.978      0.000
    P8                34.859      2.327     14.978      0.000
    P9                34.859      2.327     14.978      0.000
    P10               34.859      2.327     14.978      0.000
    P11               34.859      2.327     14.978      0.000
    P12               34.859      2.327     14.978      0.000
    P13               34.859      2.327     14.978      0.000
    P14               34.859      2.327     14.978      0.000
    P15               34.859      2.327     14.978      0.000
    P16               34.859      2.327     14.978      0.000
    C1                 1.777      0.113     15.787      0.000
    C2                 1.777      0.113     15.787      0.000
    C3                 1.777      0.113     15.787      0.000
    C4                 1.777      0.113     15.787      0.000
    C5                 1.777      0.113     15.787      0.000
    C6                 1.777      0.113     15.787      0.000
    C7                 1.777      0.113     15.787      0.000
    C8                 1.777      0.113     15.787      0.000
    C9                 1.777      0.113     15.787      0.000
    C10                1.777      0.113     15.787      0.000
    C11                1.777      0.113     15.787      0.000
    C12                1.777      0.113     15.787      0.000
    C13                1.777      0.113     15.787      0.000
    C14                1.777      0.113     15.787      0.000
    C15                1.777      0.113     15.787      0.000
    C16                1.777      0.113     15.787      0.000
    IP               273.047     28.106      9.715      0.000
    SP                 2.115      0.666      3.175      0.002
    IC                 2.814      0.281     10.008      0.000
    SC                 0.016      0.007      2.342      0.019

New/Additional Parameters
    R_IPIC             0.141      0.068      2.065      0.039
    R_SPSC             0.063      0.177      0.355      0.723
    R_RES_PC           0.012      0.040      0.310      0.756


QUALITY OF NUMERICAL RESULTS

     Condition Number for the Information Matrix              0.190E-04
       (ratio of smallest to largest eigenvalue)


CONFIDENCE INTERVALS OF MODEL RESULTS

                  Lower .5%  Lower 2.5%    Lower 5%    Estimate    Upper 5%  Upper 2.5%   Upper .5%

 IP       ON
    BAGE            -1.496      -1.412      -1.369      -1.146      -0.922      -0.880      -0.796

 SP       ON
    BAGE            -0.074      -0.061      -0.054      -0.018       0.018       0.025       0.038

 IC       ON
    BAGE            -0.133      -0.123      -0.118      -0.093      -0.068      -0.063      -0.054

 SC       ON
    BAGE            -0.011      -0.009      -0.008      -0.003       0.001       0.002       0.004

 IP       WITH
    SP             -15.154     -13.497     -12.649      -8.221      -3.794      -2.946      -1.288
    IC              -1.056       0.131       0.738       3.907       7.076       7.683       8.869
    SC              -0.329      -0.144      -0.049       0.447       0.943       1.038       1.224

 SP       WITH
    IC              -0.540      -0.364      -0.274       0.196       0.666       0.756       0.933
    SC              -0.071      -0.051      -0.041       0.011       0.064       0.074       0.093

 IC       WITH
    SC              -0.122      -0.097      -0.085      -0.018       0.048       0.061       0.086

 P1       WITH
    C1              -0.711      -0.518      -0.419       0.097       0.613       0.712       0.905

 P2       WITH
    C2              -0.711      -0.518      -0.419       0.097       0.613       0.712       0.905

 P3       WITH
    C3              -0.711      -0.518      -0.419       0.097       0.613       0.712       0.905

 P4       WITH
    C4              -0.711      -0.518      -0.419       0.097       0.613       0.712       0.905

 P5       WITH
    C5              -0.711      -0.518      -0.419       0.097       0.613       0.712       0.905

 P6       WITH
    C6              -0.711      -0.518      -0.419       0.097       0.613       0.712       0.905

 P7       WITH
    C7              -0.711      -0.518      -0.419       0.097       0.613       0.712       0.905

 P8       WITH
    C8              -0.711      -0.518      -0.419       0.097       0.613       0.712       0.905

 P9       WITH
    C9              -0.711      -0.518      -0.419       0.097       0.613       0.712       0.905

 P10      WITH
    C10             -0.711      -0.518      -0.419       0.097       0.613       0.712       0.905

 P11      WITH
    C11             -0.711      -0.518      -0.419       0.097       0.613       0.712       0.905

 P12      WITH
    C12             -0.711      -0.518      -0.419       0.097       0.613       0.712       0.905

 P13      WITH
    C13             -0.711      -0.518      -0.419       0.097       0.613       0.712       0.905

 P14      WITH
    C14             -0.711      -0.518      -0.419       0.097       0.613       0.712       0.905

 P15      WITH
    C15             -0.711      -0.518      -0.419       0.097       0.613       0.712       0.905

 P16      WITH
    C16             -0.711      -0.518      -0.419       0.097       0.613       0.712       0.905

 Intercepts
    P1               0.000       0.000       0.000       0.000       0.000       0.000       0.000
    P2               0.000       0.000       0.000       0.000       0.000       0.000       0.000
    P3               0.000       0.000       0.000       0.000       0.000       0.000       0.000
    P4               0.000       0.000       0.000       0.000       0.000       0.000       0.000
    P5               0.000       0.000       0.000       0.000       0.000       0.000       0.000
    P6               0.000       0.000       0.000       0.000       0.000       0.000       0.000
    P7               0.000       0.000       0.000       0.000       0.000       0.000       0.000
    P8               0.000       0.000       0.000       0.000       0.000       0.000       0.000
    P9               0.000       0.000       0.000       0.000       0.000       0.000       0.000
    P10              0.000       0.000       0.000       0.000       0.000       0.000       0.000
    P11              0.000       0.000       0.000       0.000       0.000       0.000       0.000
    P12              0.000       0.000       0.000       0.000       0.000       0.000       0.000
    P13              0.000       0.000       0.000       0.000       0.000       0.000       0.000
    P14              0.000       0.000       0.000       0.000       0.000       0.000       0.000
    P15              0.000       0.000       0.000       0.000       0.000       0.000       0.000
    P16              0.000       0.000       0.000       0.000       0.000       0.000       0.000
    C1               0.000       0.000       0.000       0.000       0.000       0.000       0.000
    C2               0.000       0.000       0.000       0.000       0.000       0.000       0.000
    C3               0.000       0.000       0.000       0.000       0.000       0.000       0.000
    C4               0.000       0.000       0.000       0.000       0.000       0.000       0.000
    C5               0.000       0.000       0.000       0.000       0.000       0.000       0.000
    C6               0.000       0.000       0.000       0.000       0.000       0.000       0.000
    C7               0.000       0.000       0.000       0.000       0.000       0.000       0.000
    C8               0.000       0.000       0.000       0.000       0.000       0.000       0.000
    C9               0.000       0.000       0.000       0.000       0.000       0.000       0.000
    C10              0.000       0.000       0.000       0.000       0.000       0.000       0.000
    C11              0.000       0.000       0.000       0.000       0.000       0.000       0.000
    C12              0.000       0.000       0.000       0.000       0.000       0.000       0.000
    C13              0.000       0.000       0.000       0.000       0.000       0.000       0.000
    C14              0.000       0.000       0.000       0.000       0.000       0.000       0.000
    C15              0.000       0.000       0.000       0.000       0.000       0.000       0.000
    C16              0.000       0.000       0.000       0.000       0.000       0.000       0.000
    IP              76.055      77.152      77.713      80.644      83.574      84.136      85.233
    SP              -2.438      -2.288      -2.211      -1.809      -1.408      -1.331      -1.180
    IC               5.520       5.627       5.682       5.968       6.254       6.309       6.416
    SC              -0.090      -0.071      -0.061      -0.010       0.041       0.051       0.071

 Residual Variances
    P1              28.864      30.297      31.030      34.859      38.687      39.420      40.854
    P2              28.864      30.297      31.030      34.859      38.687      39.420      40.854
    P3              28.864      30.297      31.030      34.859      38.687      39.420      40.854
    P4              28.864      30.297      31.030      34.859      38.687      39.420      40.854
    P5              28.864      30.297      31.030      34.859      38.687      39.420      40.854
    P6              28.864      30.297      31.030      34.859      38.687      39.420      40.854
    P7              28.864      30.297      31.030      34.859      38.687      39.420      40.854
    P8              28.864      30.297      31.030      34.859      38.687      39.420      40.854
    P9              28.864      30.297      31.030      34.859      38.687      39.420      40.854
    P10             28.864      30.297      31.030      34.859      38.687      39.420      40.854
    P11             28.864      30.297      31.030      34.859      38.687      39.420      40.854
    P12             28.864      30.297      31.030      34.859      38.687      39.420      40.854
    P13             28.864      30.297      31.030      34.859      38.687      39.420      40.854
    P14             28.864      30.297      31.030      34.859      38.687      39.420      40.854
    P15             28.864      30.297      31.030      34.859      38.687      39.420      40.854
    P16             28.864      30.297      31.030      34.859      38.687      39.420      40.854
    C1               1.487       1.557       1.592       1.777       1.962       1.998       2.067
    C2               1.487       1.557       1.592       1.777       1.962       1.998       2.067
    C3               1.487       1.557       1.592       1.777       1.962       1.998       2.067
    C4               1.487       1.557       1.592       1.777       1.962       1.998       2.067
    C5               1.487       1.557       1.592       1.777       1.962       1.998       2.067
    C6               1.487       1.557       1.592       1.777       1.962       1.998       2.067
    C7               1.487       1.557       1.592       1.777       1.962       1.998       2.067
    C8               1.487       1.557       1.592       1.777       1.962       1.998       2.067
    C9               1.487       1.557       1.592       1.777       1.962       1.998       2.067
    C10              1.487       1.557       1.592       1.777       1.962       1.998       2.067
    C11              1.487       1.557       1.592       1.777       1.962       1.998       2.067
    C12              1.487       1.557       1.592       1.777       1.962       1.998       2.067
    C13              1.487       1.557       1.592       1.777       1.962       1.998       2.067
    C14              1.487       1.557       1.592       1.777       1.962       1.998       2.067
    C15              1.487       1.557       1.592       1.777       1.962       1.998       2.067
    C16              1.487       1.557       1.592       1.777       1.962       1.998       2.067
    IP             200.650     217.958     226.812     273.047     319.282     328.135     345.443
    SP               0.399       0.809       1.019       2.115       3.210       3.420       3.830
    IC               2.090       2.263       2.352       2.814       3.277       3.365       3.539
    SC              -0.002       0.003       0.005       0.016       0.026       0.029       0.033

New/Additional Parameters
    R_IPIC          -0.035       0.007       0.029       0.141       0.253       0.275       0.317
    R_SPSC          -0.393      -0.284      -0.228       0.063       0.354       0.410       0.519
    R_RES_PC        -0.090      -0.066      -0.053       0.012       0.078       0.090       0.115


SAMPLE STATISTICS FOR ESTIMATED FACTOR SCORES


     SAMPLE STATISTICS


           Means
              IP            IP_SE         SP            SP_SE         IC
              ________      ________      ________      ________      ________
 1             69.493         4.820        -1.984         1.130         5.060


           Means
              IC_SE         SC            SC_SE
              ________      ________      ________
 1              0.717        -0.042         0.111


           Covariances
              IP            IP_SE         SP            SP_SE         IC
              ________      ________      ________      ________      ________
 IP           309.536
 IP_SE         -5.144         7.579
 SP            -4.816        -0.088         0.760
 SP_SE         -1.706         0.328         0.014         0.094
 IC             9.298        -0.765         0.252        -0.153         2.718
 IC_SE         -0.851         0.180         0.010         0.033        -0.079
 SC             0.610        -0.010         0.001        -0.003         0.021
 SC_SE         -0.076         0.012         0.001         0.004        -0.007


           Covariances
              IC_SE         SC            SC_SE
              ________      ________      ________
 IC_SE          0.029
 SC            -0.001         0.004
 SC_SE          0.001         0.000         0.000


           Correlations
              IP            IP_SE         SP            SP_SE         IC
              ________      ________      ________      ________      ________
 IP             1.000
 IP_SE         -0.106         1.000
 SP            -0.314        -0.037         1.000
 SP_SE         -0.316         0.388         0.052         1.000
 IC             0.321        -0.169         0.175        -0.303         1.000
 IC_SE         -0.283         0.382         0.069         0.630        -0.279
 SC             0.583        -0.058         0.017        -0.163         0.210
 SC_SE         -0.317         0.324         0.094         0.948        -0.297


           Correlations
              IC_SE         SC            SC_SE
              ________      ________      ________
 IC_SE          1.000
 SC            -0.124         1.000
 SC_SE          0.612        -0.129         1.000


PLOT INFORMATION

The following plots are available:

  Histograms (sample values, estimated factor scores)
  Scatterplots (sample values, estimated factor scores)
  Latent variable distribution plots

     Beginning Time:  10:46:48
        Ending Time:  10:47:31
       Elapsed Time:  00:00:43



MUTHEN & MUTHEN
3463 Stoner Ave.
Los Angeles, CA  90066

Tel: (310) 391-9971
Fax: (310) 391-8971
Web: www.StatModel.com
Support: Support@StatModel.com

Copyright (c) 1998-2014 Muthen & Muthen
