------Begin Mplus Model Run: 06Oct2015 10:27:54------
Target directory: C:/Users/iLife Admin/Documents/GitHub/RADC/outputs/pairs/grip_wordlistdelayed
Run options:
	Recursive (run models in subdirectories): FALSE
	Show output on console: FALSE
	Replace existing outfile: always
------
Currently running model: b1_female_a_grip_wordlistdelay_10.inp
Currently running model: b1_female_a_grip_wordlistdelay_11.inp
Currently running model: b1_female_a_grip_wordlistdelay_12.inp
Currently running model: b1_female_a_grip_wordlistdelay_13.inp
Currently running model: b1_female_a_grip_wordlistdelay_14.inp
Currently running model: b1_female_a_grip_wordlistdelay_15.inp
Currently running model: b1_female_a_grip_wordlistdelay_16.inp
Currently running model: b1_female_a_grip_wordlistdelay_17.inp
Currently running model: b1_female_a_grip_wordlistdelay_18.inp
Currently running model: b1_female_a_grip_wordlistdelay_5.inp
Currently running model: b1_female_a_grip_wordlistdelay_6.inp
Currently running model: b1_female_a_grip_wordlistdelay_7.inp
Currently running model: b1_female_a_grip_wordlistdelay_8.inp
Currently running model: b1_female_a_grip_wordlistdelay_9.inp
Currently running model: b1_male_a_grip_wordlistdelay_10.inp
Currently running model: b1_male_a_grip_wordlistdelay_11.inp
Currently running model: b1_male_a_grip_wordlistdelay_12.inp
Currently running model: b1_male_a_grip_wordlistdelay_13.inp
Currently running model: b1_male_a_grip_wordlistdelay_14.inp
Currently running model: b1_male_a_grip_wordlistdelay_15.inp
Currently running model: b1_male_a_grip_wordlistdelay_16.inp
Currently running model: b1_male_a_grip_wordlistdelay_17.inp
Currently running model: b1_male_a_grip_wordlistdelay_18.inp
Currently running model: b1_male_a_grip_wordlistdelay_5.inp
Currently running model: b1_male_a_grip_wordlistdelay_6.inp
Currently running model: b1_male_a_grip_wordlistdelay_7.inp
Currently running model: b1_male_a_grip_wordlistdelay_8.inp
Currently running model: b1_male_a_grip_wordlistdelay_9.inp

------End Mplus Model Run: 06Oct2015 10:48:27------
