Mplus VERSION 7.3
MUTHEN & MUTHEN
10/05/2015  10:05 AM

INPUT INSTRUCTIONS

  TITLE:
  Your new title
  DATA:
  File = radcMAP_wide.dat;
  VARIABLE:
  Names are
  	projid study_x scaled_to_x agreeableness conscientiousness extraversion
  	neo_altruism neo_conscientiousness neo_trust openness anxiety_10items
  	neuroticism_12 neuroticism_6 age_bl age_death educ msex race spanish q1inc
  	apoe_genotype ldai_bl q3smo_bl q4smo_bl smoking married married2 age_at_visit_00
  	age_at_visit_01 age_at_visit_02 age_at_visit_03 age_at_visit_04 age_at_visit_05
  	age_at_visit_06 age_at_visit_07 age_at_visit_08 age_at_visit_09 age_at_visit_10
  	age_at_visit_11 age_at_visit_12 age_at_visit_13 age_at_visit_14 age_at_visit_15
  	age_at_visit_16 age_at_visit_17 age_at_visit_18 age_at_visit_19 age_at_visit_20
  	alcohol_g_00 alcohol_g_01 alcohol_g_02 alcohol_g_03 alcohol_g_04 alcohol_g_05
  	alcohol_g_06 alcohol_g_07 alcohol_g_08 alcohol_g_09 alcohol_g_10 alcohol_g_11
  	alcohol_g_12 alcohol_g_13 alcohol_g_14 alcohol_g_15 alcohol_g_16 alcohol_g_17
  	alcohol_g_18 alcohol_g_19 alcohol_g_20 bmi_00 bmi_01 bmi_02 bmi_03 bmi_04 bmi_05
  	bmi_06 bmi_07 bmi_08 bmi_09 bmi_10 bmi_11 bmi_12 bmi_13 bmi_14 bmi_15 bmi_16
  	bmi_17 bmi_18 bmi_19 bmi_20 bp11_00 bp11_01 bp11_02 bp11_03 bp11_04 bp11_05
  	bp11_06 bp11_07 bp11_08 bp11_09 bp11_10 bp11_11 bp11_12 bp11_13 bp11_14 bp11_15
  	bp11_16 bp11_17 bp11_18 bp11_19 bp11_20 bp2_00 bp2_01 bp2_02 bp2_03 bp2_04
  	bp2_05 bp2_06 bp2_07 bp2_08 bp2_09 bp2_10 bp2_11 bp2_12 bp2_13 bp2_14 bp2_15
  	bp2_16 bp2_17 bp2_18 bp2_19 bp2_20 bp3_00 bp3_01 bp3_02 bp3_03 bp3_04 bp3_05
  	bp3_06 bp3_07 bp3_08 bp3_09 bp3_10 bp31_00 bp31_01 bp31_02 bp31_03 bp31_04
  	bp31_05 bp31_06 bp31_07 bp31_08 bp31_09 bp3_11 bp31_10 bp31_11 bp31_12 bp31_13
  	bp31_14 bp31_15 bp31_16 bp31_17 bp31_18 bp31_19 bp3_12 bp31_20 bp3_13 bp3_14
  	bp3_15 bp3_16 bp3_17 bp3_18 bp3_19 bp3_20 bun_00 bun_01 bun_02 bun_03 bun_04
  	bun_05 bun_06 bun_07 bun_08 bun_09 bun_10 bun_11 bun_12 bun_13 bun_14 bun_15
  	bun_16 bun_17 bun_18 bun_19 bun_20 ca_00 ca_01 ca_02 ca_03 ca_04 ca_05 ca_06
  	ca_07 ca_08 ca_09 ca_10 ca_11 ca_12 ca_13 ca_14 ca_15 ca_16 ca_17 ca_18 ca_19
  	ca_20 cesdsum_00 cesdsum_01 cesdsum_02 cesdsum_03 cesdsum_04 cesdsum_05
  	cesdsum_06 cesdsum_07 cesdsum_08 cesdsum_09 cesdsum_10 cesdsum_11 cesdsum_12
  	cesdsum_13 cesdsum_14 cesdsum_15 cesdsum_16 cesdsum_17 cesdsum_18 cesdsum_19
  	cesdsum_20 chf_cum_00 chf_cum_01 chf_cum_02 chf_cum_03 chf_cum_04 chf_cum_05
  	chf_cum_06 chf_cum_07 chf_cum_08 chf_cum_09 chf_cum_10 chf_cum_11 chf_cum_12
  	chf_cum_13 chf_cum_14 chf_cum_15 chf_cum_16 chf_cum_17 chf_cum_18 chf_cum_19
  	chf_cum_20 chlstrl_00 chlstrl_01 chlstrl_02 chlstrl_03 chlstrl_04 chlstrl_05
  	chlstrl_06 chlstrl_07 chlstrl_08 chlstrl_09 chlstrl_10 chlstrl_11 chlstrl_12
  	chlstrl_13 chlstrl_14 chlstrl_15 chlstrl_16 chlstrl_17 chlstrl_18 chlstrl_19
  	chlstrl_20 cl_00 cl_01 cl_02 cl_03 cl_04 cl_05 cl_06 cl_07 cl_08 cl_09 cl_10
  	cl_11 cl_12 cl_13 cl_14 cl_15 cl_16 cl_17 cl_18 cl_19 cl_20 claudication_cum_00
  	claudication_cum_01 claudication_cum_02 claudication_cum_03 claudication_cum_04
  	claudication_cum_05 claudication_cum_06 claudication_cum_07 claudication_cum_08
  	claudication_cum_09 claudication_cum_10 claudication_cum_11 claudication_cum_12
  	claudication_cum_13 claudication_cum_14 claudication_cum_15 claudication_cum_16
  	claudication_cum_17 claudication_cum_18 claudication_cum_19 claudication_cum_20
  	co2_00 co2_01 co2_02 co2_03 co2_04 co2_05 co2_06 co2_07 co2_08 co2_09 co2_10
  	co2_11 co2_12 co2_13 co2_14 co2_15 co2_16 co2_17 co2_18 co2_19 co2_20 cogn_ep_00
  	cogn_ep_01 cogn_ep_02 cogn_ep_03 cogn_ep_04 cogn_ep_05 cogn_ep_06 cogn_ep_07
  	cogn_ep_08 cogn_ep_09 cogn_ep_10 cogn_ep_11 cogn_ep_12 cogn_ep_13 cogn_ep_14
  	cogn_ep_15 cogn_ep_16 cogn_ep_17 cogn_ep_18 cogn_ep_19 cogn_ep_20 cogn_global_00
  	cogn_global_01 cogn_global_02 cogn_global_03 cogn_global_04 cogn_global_05
  	cogn_global_06 cogn_global_07 cogn_global_08 cogn_global_09 cogn_global_10
  	cogn_global_11 cogn_global_12 cogn_global_13 cogn_global_14 cogn_global_15
  	cogn_global_16 cogn_global_17 cogn_global_18 cogn_global_19 cogn_global_20
  	cogn_po_00 cogn_po_01 cogn_po_02 cogn_po_03 cogn_po_04 cogn_po_05 cogn_po_06
  	cogn_po_07 cogn_po_08 cogn_po_09 cogn_po_10 cogn_po_11 cogn_po_12 cogn_po_13
  	cogn_po_14 cogn_po_15 cogn_po_16 cogn_po_17 cogn_po_18 cogn_po_19 cogn_po_20
  	cogn_ps_00 cogn_ps_01 cogn_ps_02 cogn_ps_03 cogn_ps_04 cogn_ps_05 cogn_ps_06
  	cogn_ps_07 cogn_ps_08 cogn_ps_09 cogn_ps_10 cogn_ps_11 cogn_ps_12 cogn_ps_13
  	cogn_ps_14 cogn_ps_15 cogn_ps_16 cogn_ps_17 cogn_ps_18 cogn_ps_19 cogn_ps_20
  	cogn_se_00 cogn_se_01 cogn_se_02 cogn_se_03 cogn_se_04 cogn_se_05 cogn_se_06
  	cogn_se_07 cogn_se_08 cogn_se_09 cogn_se_10 cogn_se_11 cogn_se_12 cogn_se_13
  	cogn_se_14 cogn_se_15 cogn_se_16 cogn_se_17 cogn_se_18 cogn_se_19 cogn_se_20
  	cogn_wo_00 cogn_wo_01 cogn_wo_02 cogn_wo_03 cogn_wo_04 cogn_wo_05 cogn_wo_06
  	cogn_wo_07 cogn_wo_08 cogn_wo_09 cogn_wo_10 cogn_wo_11 cogn_wo_12 cogn_wo_13
  	cogn_wo_14 cogn_wo_15 cogn_wo_16 cogn_wo_17 cogn_wo_18 cogn_wo_19 cogn_wo_20
  	crn_00 crn_01 crn_02 crn_03 crn_04 crn_05 crn_06 crn_07 crn_08 crn_09 crn_10
  	crn_11 crn_12 crn_13 crn_14 crn_15 crn_16 crn_17 crn_18 crn_19 crn_20
  	cts_bname_00 cts_bname_01 cts_bname_02 cts_bname_03 cts_bname_04 cts_bname_05
  	cts_bname_06 cts_bname_07 cts_bname_08 cts_bname_09 cts_bname_10 cts_bname_11
  	cts_bname_12 cts_bname_13 cts_bname_14 cts_bname_15 cts_bname_16 cts_bname_17
  	cts_bname_18 cts_bname_19 cts_bname_20 cts_catflu_00 cts_catflu_01 cts_catflu_02
  	cts_catflu_03 cts_catflu_04 cts_catflu_05 cts_catflu_06 cts_catflu_07
  	cts_catflu_08 cts_catflu_09 cts_catflu_10 cts_catflu_11 cts_catflu_12
  	cts_catflu_13 cts_catflu_14 cts_catflu_15 cts_catflu_16 cts_catflu_17
  	cts_catflu_18 cts_catflu_19 cts_catflu_20 cts_db_00 cts_db_01 cts_db_02
  	cts_db_03 cts_db_04 cts_db_05 cts_db_06 cts_db_07 cts_db_08 cts_db_09 cts_db_10
  	cts_db_11 cts_db_12 cts_db_13 cts_db_14 cts_db_15 cts_db_16 cts_db_17 cts_db_18
  	cts_db_19 cts_db_20 cts_delay_00 cts_delay_01 cts_delay_02 cts_delay_03
  	cts_delay_04 cts_delay_05 cts_delay_06 cts_delay_07 cts_delay_08 cts_delay_09
  	cts_delay_10 cts_delay_11 cts_delay_12 cts_delay_13 cts_delay_14 cts_delay_15
  	cts_delay_16 cts_delay_17 cts_delay_18 cts_delay_19 cts_delay_20 cts_df_00
  	cts_df_01 cts_df_02 cts_df_03 cts_df_04 cts_df_05 cts_df_06 cts_df_07 cts_df_08
  	cts_df_09 cts_df_10 cts_df_11 cts_df_12 cts_df_13 cts_df_14 cts_df_15 cts_df_16
  	cts_df_17 cts_df_18 cts_df_19 cts_df_20 cts_doperf_00 cts_doperf_01
  	cts_doperf_02 cts_doperf_03 cts_doperf_04 cts_doperf_05 cts_doperf_06
  	cts_doperf_07 cts_doperf_08 cts_doperf_09 cts_doperf_10 cts_doperf_11
  	cts_doperf_12 cts_doperf_13 cts_doperf_14 cts_doperf_15 cts_doperf_16
  	cts_doperf_17 cts_doperf_18 cts_doperf_19 cts_doperf_20 cts_ebdr_00 cts_ebdr_01
  	cts_ebdr_02 cts_ebdr_03 cts_ebdr_04 cts_ebdr_05 cts_ebdr_06 cts_ebdr_07
  	cts_ebdr_08 cts_ebdr_09 cts_ebdr_10 cts_ebdr_11 cts_ebdr_12 cts_ebdr_13
  	cts_ebdr_14 cts_ebdr_15 cts_ebdr_16 cts_ebdr_17 cts_ebdr_18 cts_ebdr_19
  	cts_ebdr_20 cts_ebmt_00 cts_ebmt_01 cts_ebmt_02 cts_ebmt_03 cts_ebmt_04
  	cts_ebmt_05 cts_ebmt_06 cts_ebmt_07 cts_ebmt_08 cts_ebmt_09 cts_ebmt_10
  	cts_ebmt_11 cts_ebmt_12 cts_ebmt_13 cts_ebmt_14 cts_ebmt_15 cts_ebmt_16
  	cts_ebmt_17 cts_ebmt_18 cts_ebmt_19 cts_ebmt_20 cts_idea_00 cts_idea_01
  	cts_idea_02 cts_idea_03 cts_idea_04 cts_idea_05 cts_idea_06 cts_idea_07
  	cts_idea_08 cts_idea_09 cts_idea_10 cts_idea_11 cts_idea_12 cts_idea_13
  	cts_idea_14 cts_idea_15 cts_idea_16 cts_idea_17 cts_idea_18 cts_idea_19
  	cts_idea_20 cts_lopair_00 cts_lopair_01 cts_lopair_02 cts_lopair_03
  	cts_lopair_04 cts_lopair_05 cts_lopair_06 cts_lopair_07 cts_lopair_08
  	cts_lopair_09 cts_lopair_10 cts_lopair_11 cts_lopair_12 cts_lopair_13
  	cts_lopair_14 cts_lopair_15 cts_lopair_16 cts_lopair_17 cts_lopair_18
  	cts_lopair_19 cts_lopair_20 cts_mmse30_00 cts_mmse30_01 cts_mmse30_02
  	cts_mmse30_03 cts_mmse30_04 cts_mmse30_05 cts_mmse30_06 cts_mmse30_07
  	cts_mmse30_08 cts_mmse30_09 cts_mmse30_10 cts_mmse30_11 cts_mmse30_12
  	cts_mmse30_13 cts_mmse30_14 cts_mmse30_15 cts_mmse30_16 cts_mmse30_17
  	cts_mmse30_18 cts_mmse30_19 cts_mmse30_20 cts_nccrtd_00 cts_nccrtd_01
  	cts_nccrtd_02 cts_nccrtd_03 cts_nccrtd_04 cts_nccrtd_05 cts_nccrtd_06
  	cts_nccrtd_07 cts_nccrtd_08 cts_nccrtd_09 cts_nccrtd_10 cts_nccrtd_11
  	cts_nccrtd_12 cts_nccrtd_13 cts_nccrtd_14 cts_nccrtd_15 cts_nccrtd_16
  	cts_nccrtd_17 cts_nccrtd_18 cts_nccrtd_19 cts_nccrtd_20 cts_pmat_00 cts_pmat_01
  	cts_pmat_02 cts_pmat_03 cts_pmat_04 cts_pmat_05 cts_pmat_06 cts_pmat_07
  	cts_pmat_08 cts_pmat_09 cts_pmat_10 cts_pmat_11 cts_pmat_12 cts_pmat_13
  	cts_pmat_14 cts_pmat_15 cts_pmat_16 cts_pmat_17 cts_pmat_18 cts_pmat_19
  	cts_pmat_20 cts_read_nart_00 cts_read_nart_01 cts_read_nart_02 cts_read_nart_03
  	cts_read_nart_04 cts_read_nart_05 cts_read_nart_06 cts_read_nart_07
  	cts_read_nart_08 cts_read_nart_09 cts_read_nart_10 cts_read_nart_11
  	cts_read_nart_12 cts_read_nart_13 cts_read_nart_14 cts_read_nart_15
  	cts_read_nart_16 cts_read_nart_17 cts_read_nart_18 cts_read_nart_19
  	cts_read_nart_20 cts_read_wrat_00 cts_read_wrat_01 cts_read_wrat_02
  	cts_read_wrat_03 cts_read_wrat_04 cts_read_wrat_05 cts_read_wrat_06
  	cts_read_wrat_07 cts_read_wrat_08 cts_read_wrat_09 cts_read_wrat_10
  	cts_read_wrat_11 cts_read_wrat_12 cts_read_wrat_13 cts_read_wrat_14
  	cts_read_wrat_15 cts_read_wrat_16 cts_read_wrat_17 cts_read_wrat_18
  	cts_read_wrat_19 cts_read_wrat_20 cts_sdmt_00 cts_sdmt_01 cts_sdmt_02
  	cts_sdmt_03 cts_sdmt_04 cts_sdmt_05 cts_sdmt_06 cts_sdmt_07 cts_sdmt_08
  	cts_sdmt_09 cts_sdmt_10 cts_sdmt_11 cts_sdmt_12 cts_sdmt_13 cts_sdmt_14
  	cts_sdmt_15 cts_sdmt_16 cts_sdmt_17 cts_sdmt_18 cts_sdmt_19 cts_sdmt_20
  	cts_story_00 cts_story_01 cts_story_02 cts_story_03 cts_story_04 cts_story_05
  	cts_story_06 cts_story_07 cts_story_08 cts_story_09 cts_story_10 cts_story_11
  	cts_story_12 cts_story_13 cts_story_14 cts_story_15 cts_story_16 cts_story_17
  	cts_story_18 cts_story_19 cts_story_20 cts_wli_00 cts_wli_01 cts_wli_02
  	cts_wli_03 cts_wli_04 cts_wli_05 cts_wli_06 cts_wli_07 cts_wli_08 cts_wli_09
  	cts_wli_10 cts_wli_11 cts_wli_12 cts_wli_13 cts_wli_14 cts_wli_15 cts_wli_16
  	cts_wli_17 cts_wli_18 cts_wli_19 cts_wli_20 cts_wlii_00 cts_wlii_01 cts_wlii_02
  	cts_wlii_03 cts_wlii_04 cts_wlii_05 cts_wlii_06 cts_wlii_07 cts_wlii_08
  	cts_wlii_09 cts_wlii_10 cts_wlii_11 cts_wlii_12 cts_wlii_13 cts_wlii_14
  	cts_wlii_15 cts_wlii_16 cts_wlii_17 cts_wlii_18 cts_wlii_19 cts_wlii_20
  	cts_wliii_00 cts_wliii_01 cts_wliii_02 cts_wliii_03 cts_wliii_04 cts_wliii_05
  	cts_wliii_06 cts_wliii_07 cts_wliii_08 cts_wliii_09 cts_wliii_10 cts_wliii_11
  	cts_wliii_12 cts_wliii_13 cts_wliii_14 cts_wliii_15 cts_wliii_16 cts_wliii_17
  	cts_wliii_18 cts_wliii_19 cts_wliii_20 dcfdx_00 dcfdx_01 dcfdx_02 dcfdx_03
  	dcfdx_04 dcfdx_05 dcfdx_06 dcfdx_07 dcfdx_08 dcfdx_09 dcfdx_10 dcfdx_11 dcfdx_12
  	dcfdx_13 dcfdx_14 dcfdx_15 dcfdx_16 dcfdx_17 dcfdx_18 dcfdx_19 dcfdx_20
  	dementia_00 dementia_01 dementia_02 dementia_03 dementia_04 dementia_05
  	dementia_06 dementia_07 dementia_08 dementia_09 dementia_10 dementia_11
  	dementia_12 dementia_13 dementia_14 dementia_15 dementia_16 dementia_17
  	dementia_18 dementia_19 dementia_20 dm_cum_00 dm_cum_01 dm_cum_02 dm_cum_03
  	dm_cum_04 dm_cum_05 dm_cum_06 dm_cum_07 dm_cum_08 dm_cum_09 dm_cum_10 dm_cum_11
  	dm_cum_12 dm_cum_13 dm_cum_14 dm_cum_15 dm_cum_16 dm_cum_17 dm_cum_18 dm_cum_19
  	dm_cum_20 fasting_00 fasting_01 fasting_02 fasting_03 fasting_04 fasting_05
  	fasting_06 fasting_07 fasting_08 fasting_09 fasting_10 fasting_11 fasting_12
  	fasting_13 fasting_14 fasting_15 fasting_16 fasting_17 fasting_18 fasting_19
  	fasting_20 fev_00 fev_01 fev_02 fev_03 fev_04 fev_05 fev_06 fev_07 fev_08 fev_09
  	fev_10 fev_11 fev_12 fev_13 fev_14 fev_15 fev_16 fev_17 fev_18 fev_19 fev_20
  	fu_year gait_speed_00 gait_speed_01 gait_speed_02 gait_speed_03 gait_speed_04
  	gait_speed_05 gait_speed_06 gait_speed_07 gait_speed_08 gait_speed_09
  	gait_speed_10 gait_speed_11 gait_speed_12 gait_speed_13 gait_speed_14
  	gait_speed_15 gait_speed_16 gait_speed_17 gait_speed_18 gait_speed_19
  	gait_speed_20 glucose_00 glucose_01 glucose_02 glucose_03 glucose_04 glucose_05
  	glucose_06 glucose_07 glucose_08 glucose_09 glucose_10 glucose_11 glucose_12
  	glucose_13 glucose_14 glucose_15 glucose_16 glucose_17 glucose_18 glucose_19
  	glucose_20 gripavg_00 gripavg_01 gripavg_02 gripavg_03 gripavg_04 gripavg_05
  	gripavg_06 gripavg_07 gripavg_08 gripavg_09 gripavg_10 gripavg_11 gripavg_12
  	gripavg_13 gripavg_14 gripavg_15 gripavg_16 gripavg_17 gripavg_18 gripavg_19
  	gripavg_20 hba1c_00 hba1c_01 hba1c_02 hba1c_03 hba1c_04 hba1c_05 hba1c_06
  	hba1c_07 hba1c_08 hba1c_09 hba1c_10 hba1c_11 hba1c_12 hba1c_13 hba1c_14 hba1c_15
  	hba1c_16 hba1c_17 hba1c_18 hba1c_19 hba1c_20 hdlchlstrl_00 hdlchlstrl_01
  	hdlchlstrl_02 hdlchlstrl_03 hdlchlstrl_04 hdlchlstrl_05 hdlchlstrl_06
  	hdlchlstrl_07 hdlchlstrl_08 hdlchlstrl_09 hdlchlstrl_10 hdlchlstrl_11
  	hdlchlstrl_12 hdlchlstrl_13 hdlchlstrl_14 hdlchlstrl_15 hdlchlstrl_16
  	hdlchlstrl_17 hdlchlstrl_18 hdlchlstrl_19 hdlchlstrl_20 hdlratio_00 hdlratio_01
  	hdlratio_02 hdlratio_03 hdlratio_04 hdlratio_05 hdlratio_06 hdlratio_07
  	hdlratio_08 hdlratio_09 hdlratio_10 hdlratio_11 hdlratio_12 hdlratio_13
  	hdlratio_14 hdlratio_15 hdlratio_16 hdlratio_17 hdlratio_18 hdlratio_19
  	hdlratio_20 heart_cum_00 heart_cum_01 heart_cum_02 heart_cum_03 heart_cum_04
  	heart_cum_05 heart_cum_06 heart_cum_07 heart_cum_08 heart_cum_09 heart_cum_10
  	heart_cum_11 heart_cum_12 heart_cum_13 heart_cum_14 heart_cum_15 heart_cum_16
  	heart_cum_17 heart_cum_18 heart_cum_19 heart_cum_20 htm_00 htm_01 htm_02 htm_03
  	htm_04 htm_05 htm_06 htm_07 htm_08 htm_09 htm_10 htm_11 htm_12 htm_13 htm_14
  	htm_15 htm_16 htm_17 htm_18 htm_19 htm_20 hypertension_cum_00
  	hypertension_cum_01 hypertension_cum_02 hypertension_cum_03 hypertension_cum_04
  	hypertension_cum_05 hypertension_cum_06 hypertension_cum_07 hypertension_cum_08
  	hypertension_cum_09 hypertension_cum_10 hypertension_cum_11 hypertension_cum_12
  	hypertension_cum_13 hypertension_cum_14 hypertension_cum_15 hypertension_cum_16
  	hypertension_cum_17 hypertension_cum_18 hypertension_cum_19 hypertension_cum_20
  	iadlsum_00 iadlsum_01 iadlsum_02 iadlsum_03 iadlsum_04 iadlsum_05 iadlsum_06
  	iadlsum_07 iadlsum_08 iadlsum_09 iadlsum_10 iadlsum_11 iadlsum_12 iadlsum_13
  	iadlsum_14 iadlsum_15 iadlsum_16 iadlsum_17 iadlsum_18 iadlsum_19 iadlsum_20
  	intrusion_00 intrusion_01 intrusion_02 intrusion_03 intrusion_04 intrusion_05
  	intrusion_06 intrusion_07 intrusion_08 intrusion_09 intrusion_10 intrusion_11
  	intrusion_12 intrusion_13 intrusion_14 intrusion_15 intrusion_16 intrusion_17
  	intrusion_18 intrusion_19 intrusion_20 k_00 k_01 k_02 k_03 k_04 k_05 k_06 k_07
  	k_08 k_09 k_10 k_11 k_12 k_13 k_14 k_15 k_16 k_17 k_18 k_19 k_20 katzsum_00
  	katzsum_01 katzsum_02 katzsum_03 katzsum_04 katzsum_05 katzsum_06 katzsum_07
  	katzsum_08 katzsum_09 katzsum_10 katzsum_11 katzsum_12 katzsum_13 katzsum_14
  	katzsum_15 katzsum_16 katzsum_17 katzsum_18 katzsum_19 katzsum_20 ldlchlstrl_00
  	ldlchlstrl_01 ldlchlstrl_02 ldlchlstrl_03 ldlchlstrl_04 ldlchlstrl_05
  	ldlchlstrl_06 ldlchlstrl_07 ldlchlstrl_08 ldlchlstrl_09 ldlchlstrl_10
  	ldlchlstrl_11 ldlchlstrl_12 ldlchlstrl_13 ldlchlstrl_14 ldlchlstrl_15
  	ldlchlstrl_16 ldlchlstrl_17 ldlchlstrl_18 ldlchlstrl_19 ldlchlstrl_20 mep_00
  	mep_01 mep_02 mep_03 mep_04 mep_05 mep_06 mep_07 mep_08 mep_09 mep_10 mep_11
  	mep_12 mep_13 mep_14 mep_15 mep_16 mep_17 mep_18 mep_19 mep_20 mip_00 mip_01
  	mip_02 mip_03 mip_04 mip_05 mip_06 mip_07 mip_08 mip_09 mip_10 mip_11 mip_12
  	mip_13 mip_14 mip_15 mip_16 mip_17 mip_18 mip_19 mip_20 na_00 na_01 na_02 na_03
  	na_04 na_05 na_06 na_07 na_08 na_09 na_10 na_11 na_12 na_13 na_14 na_15 na_16
  	na_17 na_18 na_19 na_20 neglifeevents_00 neglifeevents_01 neglifeevents_02
  	neglifeevents_03 neglifeevents_04 neglifeevents_05 neglifeevents_06
  	neglifeevents_07 neglifeevents_08 neglifeevents_09 neglifeevents_10
  	neglifeevents_11 neglifeevents_12 neglifeevents_13 neglifeevents_14
  	neglifeevents_15 neglifeevents_16 neglifeevents_17 neglifeevents_18
  	neglifeevents_19 neglifeevents_20 negsocexchange_00 negsocexchange_01
  	negsocexchange_02 negsocexchange_03 negsocexchange_04 negsocexchange_05
  	negsocexchange_06 negsocexchange_07 negsocexchange_08 negsocexchange_09
  	negsocexchange_10 negsocexchange_11 negsocexchange_12 negsocexchange_13
  	negsocexchange_14 negsocexchange_15 negsocexchange_16 negsocexchange_17
  	negsocexchange_18 negsocexchange_19 negsocexchange_20 nohelp_00 nohelp_01
  	nohelp_02 nohelp_03 nohelp_04 nohelp_05 nohelp_06 nohelp_07 nohelp_08 nohelp_09
  	nohelp_10 nohelp_11 nohelp_12 nohelp_13 nohelp_14 nohelp_15 nohelp_16 nohelp_17
  	nohelp_18 nohelp_19 nohelp_20 panas_00 panas_01 panas_02 panas_03 panas_04
  	panas_05 panas_06 panas_07 panas_08 panas_09 panas_10 panas_11 panas_12 panas_13
  	panas_14 panas_15 panas_16 panas_17 panas_18 panas_19 panas_20
  	perceivedstress_00 perceivedstress_01 perceivedstress_02 perceivedstress_03
  	perceivedstress_04 perceivedstress_05 perceivedstress_06 perceivedstress_07
  	perceivedstress_08 perceivedstress_09 perceivedstress_10 perceivedstress_11
  	perceivedstress_12 perceivedstress_13 perceivedstress_14 perceivedstress_15
  	perceivedstress_16 perceivedstress_17 perceivedstress_18 perceivedstress_19
  	perceivedstress_20 phys5itemsum_00 phys5itemsum_01 phys5itemsum_02
  	phys5itemsum_03 phys5itemsum_04 phys5itemsum_05 phys5itemsum_06 phys5itemsum_07
  	phys5itemsum_08 phys5itemsum_09 phys5itemsum_10 phys5itemsum_11 phys5itemsum_12
  	phys5itemsum_13 phys5itemsum_14 phys5itemsum_15 phys5itemsum_16 phys5itemsum_17
  	phys5itemsum_18 phys5itemsum_19 phys5itemsum_20 pvc_00 pvc_01 pvc_02 pvc_03
  	pvc_04 pvc_05 pvc_06 pvc_07 pvc_08 pvc_09 pvc_10 pvc_11 pvc_12 pvc_13 pvc_14
  	pvc_15 pvc_16 pvc_17 pvc_18 pvc_19 pvc_20 r_depres_00 r_depres_01 r_depres_02
  	r_depres_03 r_depres_04 r_depres_05 r_depres_06 r_depres_07 r_depres_08
  	r_depres_09 r_depres_10 r_depres_11 r_depres_12 r_depres_13 r_depres_14
  	r_depres_15 r_depres_16 r_depres_17 r_depres_18 r_depres_19 r_depres_20
  	rejection_00 rejection_01 rejection_02 rejection_03 rejection_04 rejection_05
  	rejection_06 rejection_07 rejection_08 rejection_09 rejection_10 rejection_11
  	rejection_12 rejection_13 rejection_14 rejection_15 rejection_16 rejection_17
  	rejection_18 rejection_19 rejection_20 rosbscl_00 rosbscl_01 rosbscl_02
  	rosbscl_03 rosbscl_04 rosbscl_05 rosbscl_06 rosbscl_07 rosbscl_08 rosbscl_09
  	rosbscl_10 rosbscl_11 rosbscl_12 rosbscl_13 rosbscl_14 rosbscl_15 rosbscl_16
  	rosbscl_17 rosbscl_18 rosbscl_19 rosbscl_20 rosbsum_00 rosbsum_01 rosbsum_02
  	rosbsum_03 rosbsum_04 rosbsum_05 rosbsum_06 rosbsum_07 rosbsum_08 rosbsum_09
  	rosbsum_10 rosbsum_11 rosbsum_12 rosbsum_13 rosbsum_14 rosbsum_15 rosbsum_16
  	rosbsum_17 rosbsum_18 rosbsum_19 rosbsum_20 r_stroke_00 r_stroke_01 r_stroke_02
  	r_stroke_03 r_stroke_04 r_stroke_05 r_stroke_06 r_stroke_07 r_stroke_08
  	r_stroke_09 r_stroke_10 r_stroke_11 r_stroke_12 r_stroke_13 r_stroke_14
  	r_stroke_15 r_stroke_16 r_stroke_17 r_stroke_18 r_stroke_19 r_stroke_20
  	scaled_to_y stroke_cum_00 stroke_cum_01 stroke_cum_02 stroke_cum_03
  	stroke_cum_04 stroke_cum_05 stroke_cum_06 stroke_cum_07 stroke_cum_08
  	stroke_cum_09 stroke_cum_10 stroke_cum_11 stroke_cum_12 stroke_cum_13
  	stroke_cum_14 stroke_cum_15 stroke_cum_16 stroke_cum_17 stroke_cum_18
  	stroke_cum_19 stroke_cum_20 study_y thyroid_cum_00 thyroid_cum_01 thyroid_cum_02
  	thyroid_cum_03 thyroid_cum_04 thyroid_cum_05 thyroid_cum_06 thyroid_cum_07
  	thyroid_cum_08 thyroid_cum_09 thyroid_cum_10 thyroid_cum_11 thyroid_cum_12
  	thyroid_cum_13 thyroid_cum_14 thyroid_cum_15 thyroid_cum_16 thyroid_cum_17
  	thyroid_cum_18 thyroid_cum_19 thyroid_cum_20 unsympathetic_00 unsympathetic_01
  	unsympathetic_02 unsympathetic_03 unsympathetic_04 unsympathetic_05
  	unsympathetic_06 unsympathetic_07 unsympathetic_08 unsympathetic_09
  	unsympathetic_10 unsympathetic_11 unsympathetic_12 unsympathetic_13
  	unsympathetic_14 unsympathetic_15 unsympathetic_16 unsympathetic_17
  	unsympathetic_18 unsympathetic_19 unsympathetic_20 vasc_3dis_sum_00
  	vasc_3dis_sum_01 vasc_3dis_sum_02 vasc_3dis_sum_03 vasc_3dis_sum_04
  	vasc_3dis_sum_05 vasc_3dis_sum_06 vasc_3dis_sum_07 vasc_3dis_sum_08
  	vasc_3dis_sum_09 vasc_3dis_sum_10 vasc_3dis_sum_11 vasc_3dis_sum_12
  	vasc_3dis_sum_13 vasc_3dis_sum_14 vasc_3dis_sum_15 vasc_3dis_sum_16
  	vasc_3dis_sum_17 vasc_3dis_sum_18 vasc_3dis_sum_19 vasc_3dis_sum_20
  	vasc_4dis_sum_00 vasc_4dis_sum_01 vasc_4dis_sum_02 vasc_4dis_sum_03
  	vasc_4dis_sum_04 vasc_4dis_sum_05 vasc_4dis_sum_06 vasc_4dis_sum_07
  	vasc_4dis_sum_08 vasc_4dis_sum_09 vasc_4dis_sum_10 vasc_4dis_sum_11
  	vasc_4dis_sum_12 vasc_4dis_sum_13 vasc_4dis_sum_14 vasc_4dis_sum_15
  	vasc_4dis_sum_16 vasc_4dis_sum_17 vasc_4dis_sum_18 vasc_4dis_sum_19
  	vasc_4dis_sum_20 vasc_risks_sum_00 vasc_risks_sum_01 vasc_risks_sum_02
  	vasc_risks_sum_03 vasc_risks_sum_04 vasc_risks_sum_05 vasc_risks_sum_06
  	vasc_risks_sum_07 vasc_risks_sum_08 vasc_risks_sum_09 vasc_risks_sum_10
  	vasc_risks_sum_11 vasc_risks_sum_12 vasc_risks_sum_13 vasc_risks_sum_14
  	vasc_risks_sum_15 vasc_risks_sum_16 vasc_risks_sum_17 vasc_risks_sum_18
  	vasc_risks_sum_19 vasc_risks_sum_20 vision_00 vision_01 vision_02 vision_03
  	vision_04 vision_05 vision_06 vision_07 vision_08 vision_09 vision_10 vision_11
  	vision_12 vision_13 vision_14 vision_15 vision_16 vision_17 vision_18 vision_19
  	vision_20 visionlog_00 visionlog_01 visionlog_02 visionlog_03 visionlog_04
  	visionlog_05 visionlog_06 visionlog_07 visionlog_08 visionlog_09 visionlog_10
  	visionlog_11 visionlog_12 visionlog_13 visionlog_14 visionlog_15 visionlog_16
  	visionlog_17 visionlog_18 visionlog_19 visionlog_20 wtkg_00 wtkg_01 wtkg_02
  	wtkg_03 wtkg_04 wtkg_05 wtkg_06 wtkg_07 wtkg_08 wtkg_09 wtkg_10 wtkg_11 wtkg_12
  	wtkg_13 wtkg_14 wtkg_15 wtkg_16 wtkg_17 wtkg_18 wtkg_19 wtkg_20 T0 T1 T2 T3 T4
  	T5 T6 T7 T8 T9 T10 T11 T12 T13 T14 T15 T16 T17 T18 T19 T20;
  Missing are all (-9999);
  USEVAR are
  !define the variables used in the analysis
  	time1-time13
  	p1-p13
  	c1-c13
  	Bage;
  	
  TSCORES are
  !define the time points
  	time1-time13;
  USEOBSERVATIONS are
  !select a subset of observations
  	msex EQ 1 and
  	dementia_00 NE 1 and dementia_01 NE 1 and dementia_02 NE 1 and
  	dementia_03 NE 1 and dementia_04 NE 1 and dementia_05 NE 1 and
  	dementia_06 NE 1 and dementia_07 NE 1 and dementia_08 NE 1 and
  	dementia_09 NE 1 and dementia_10 NE 1 and dementia_11 NE 1 and
  	dementia_12 NE 1 and dementia_13 NE 1 and dementia_14 NE 1 and
  	dementia_15 NE 1 and dementia_16 NE 1 and dementia_17 NE 1 and
  	dementia_18 NE 1 and dementia_19 NE 1 and dementia_20 NE 1;
  DEFINE:
  !assign variables to the process p
  	p1= gripavg_00;
  	p2= gripavg_01;
  	p3= gripavg_02;
  	p4= gripavg_03;
  	p5= gripavg_04;
  	p6= gripavg_05;
  	p7= gripavg_06;
  	p8= gripavg_07;
  	p9= gripavg_08;
  	p10=gripavg_09;
  	p11=gripavg_10;
  	p12=gripavg_11;
  	p13=gripavg_12;
  	p14=gripavg_13;
  	p15=gripavg_14;
  	p16=gripavg_15;
  	p17=gripavg_16;
  	p18=gripavg_17;
  	p19=gripavg_18;
  	p20=gripavg_19;
  	p21=gripavg_20;
  !assign variables to the process c
  	c1= cts_lopair_00;
  	c2= cts_lopair_01;
  	c3= cts_lopair_02;
  	c4= cts_lopair_03;
  	c5= cts_lopair_04;
  	c6= cts_lopair_05;
  	c7= cts_lopair_06;
  	c8= cts_lopair_07;
  	c9= cts_lopair_08;
  	c10=cts_lopair_09;
  	c11=cts_lopair_10;
  	c12=cts_lopair_11;
  	c13=cts_lopair_12;
  	c14=cts_lopair_13;
  	c15=cts_lopair_14;
  	c16=cts_lopair_15;
  	c17=cts_lopair_16;
  	c18=cts_lopair_17;
  	c19=cts_lopair_18;
  	c20=cts_lopair_19;
  	c21=cts_lopair_20;
  !assign variables to time points
  	time1= T0;
  	time2= T1;
  	time3= T2;
  	time4= T3;
  	time5= T4;
  	time6= T5;
  	time7= T6;
  	time8= T7;
  	time9= T8;
  	time10=T9;
  	time11=T10;
  	time12=T11;
  	time13=T12;
  	time14=T13;
  	time15=T14;
  	time16=T15;
  	time17=T16;
  	time18=T17;
  	time19=T18;
  	time20=T19;
  	time21=T20;
  !define the second-level terms
  	Bage=age_bl-70;   !Age centered at 70 baseline
  		!Dage=age_death;
  		!Sex=msex;         !0=female
  	Educ=educ-7;     ! Centered at 7 years
  		!SEP=SESgrp; couldn't find
  		!Marstat;
  	Height=htm_00-1.60;
  		!Weight
  		!BMI
  		!SmokHist=smoking;
  		!Alcohol;
  		!CompExp;
  		!PhysAct;
  		!BP;
  		!DepSymp;
  		!Cardio;
  		!Diab;
  		!MorbInd;
  		!BageEduc=Bage*Educ;
  ANALYSIS:
  TYPE = RANDOM;
  COVERAGE=.00;
  MODEL:
  !first-level equation
  	ip sp | p1-p13 AT time1-time13;
  	ic sc | c1-c13 AT time1-time13;
  !variance of the first-level terms	
  	ip (v_ip);
  	sp (v_sp);
  	ic (v_ic);
  	sc (v_sc);
  !covariance among first-level terms	
  	ip WITH sp (c_ipsp);
  	ip WITH ic (c_ipic);
  	ip WITH sc (c_ipsc);
  	sp WITH ic (c_spic);
  	sp WITH sc (c_spsc);
  	ic WITH sc (c_icsc);
  !second-level equation	
  	ip sp ic sc ON Bage;
  !residual means	
  	p1-p13 (res_p);
  	c1-c13 (res_c);
  !Paired covariances constrained to be equal across t	
  	p1-p13 pwith c1-c13(res_cov);
  MODEL CONSTRAINT:
  !assigns labels to new parameters;
  	NEW r_ipic;
  	NEW r_spsc;
  	NEW r_res_pc;
  !
  	r_ipic = c_ipic/((v_ip**0.5)*(v_ic**0.5));
  	r_spsc = c_spsc/((v_sp**0.5)*(v_sc**0.5));
  	r_res_pc = res_cov/((res_p**0.5)*(res_c**0.5));
  OUTPUT: sampstat cinterval;
  PLOT: Type is Plot1 Plot2 Plot3;



*** WARNING
  Data set contains cases with missing on all variables except
  x-variables.  These cases were not included in the analysis.
  Number of cases with missing on all variables except x-variables:  15
   1 WARNING(S) FOUND IN THE INPUT INSTRUCTIONS




Your new title

SUMMARY OF ANALYSIS

Number of groups                                                 1
Number of observations                                         336

Number of dependent variables                                   26
Number of independent variables                                  1
Number of continuous latent variables                            4

Observed dependent variables

  Continuous
   P1          P2          P3          P4          P5          P6
   P7          P8          P9          P10         P11         P12
   P13         C1          C2          C3          C4          C5
   C6          C7          C8          C9          C10         C11
   C12         C13

Observed independent variables
   BAGE

Continuous latent variables
   IP          SP          IC          SC

Variables with special functions

  Time scores
   TIME1       TIME2       TIME3       TIME4       TIME5       TIME6
   TIME7       TIME8       TIME9       TIME10      TIME11      TIME12
   TIME13


Estimator                                                      MLR
Information matrix                                        OBSERVED
Maximum number of iterations                                   100
Convergence criterion                                    0.100D-05
Maximum number of EM iterations                                500
Convergence criteria for the EM algorithm
  Loglikelihood change                                   0.100D-02
  Relative loglikelihood change                          0.100D-05
  Derivative                                             0.100D-03
Minimum variance                                         0.100D-03
Maximum number of steepest descent iterations                   20
Maximum number of iterations for H1                           2000
Convergence criterion for H1                             0.100D-03
Optimization algorithm                                         EMA

Input data file(s)
  radcMAP_wide.dat
Input data format  FREE


SUMMARY OF DATA

     Number of missing data patterns           143


COVARIANCE COVERAGE OF DATA

Minimum covariance coverage value   0.000


     PROPORTION OF DATA PRESENT


           Covariance Coverage
              P1            P2            P3            P4            P5
              ________      ________      ________      ________      ________
 P1             0.878
 P2             0.607         0.616
 P3             0.473         0.440         0.482
 P4             0.366         0.333         0.327         0.435
 P5             0.226         0.196         0.196         0.256         0.286
 P6             0.110         0.095         0.089         0.125         0.125
 P7             0.095         0.071         0.057         0.083         0.068
 P8             0.146         0.137         0.128         0.131         0.101
 P9             0.164         0.155         0.155         0.131         0.095
 P10            0.119         0.119         0.116         0.122         0.092
 P11            0.089         0.095         0.095         0.092         0.074
 P12            0.039         0.042         0.042         0.042         0.036
 P13            0.000         0.000         0.000         0.012         0.012
 C1             0.872         0.613         0.482         0.435         0.286
 C2             0.690         0.595         0.467         0.420         0.274
 C3             0.583         0.506         0.476         0.423         0.277
 C4             0.485         0.411         0.384         0.420         0.271
 C5             0.423         0.366         0.342         0.351         0.277
 C6             0.307         0.265         0.250         0.256         0.202
 C7             0.259         0.226         0.214         0.223         0.170
 C8             0.226         0.211         0.196         0.179         0.131
 C9             0.188         0.179         0.179         0.152         0.110
 C10            0.134         0.131         0.131         0.128         0.095
 C11            0.098         0.098         0.098         0.110         0.086
 C12            0.039         0.042         0.042         0.057         0.051
 C13            0.000         0.000         0.000         0.015         0.015
 BAGE           0.878         0.616         0.482         0.435         0.286


           Covariance Coverage
              P6            P7            P8            P9            P10
              ________      ________      ________      ________      ________
 P6             0.170
 P7             0.083         0.143
 P8             0.089         0.095         0.185
 P9             0.077         0.071         0.134         0.193
 P10            0.054         0.042         0.098         0.116         0.140
 P11            0.042         0.012         0.062         0.080         0.089
 P12            0.030         0.003         0.024         0.027         0.033
 P13            0.012         0.012         0.012         0.009         0.012
 C1             0.170         0.143         0.185         0.193         0.140
 C2             0.161         0.128         0.179         0.188         0.137
 C3             0.170         0.140         0.185         0.193         0.137
 C4             0.161         0.134         0.179         0.185         0.137
 C5             0.167         0.140         0.182         0.190         0.134
 C6             0.170         0.134         0.179         0.188         0.131
 C7             0.131         0.134         0.176         0.190         0.137
 C8             0.104         0.101         0.176         0.188         0.137
 C9             0.083         0.077         0.146         0.188         0.134
 C10            0.060         0.054         0.113         0.125         0.134
 C11            0.048         0.021         0.077         0.092         0.101
 C12            0.045         0.018         0.039         0.039         0.045
 C13            0.015         0.015         0.015         0.012         0.012
 BAGE           0.170         0.143         0.185         0.193         0.140


           Covariance Coverage
              P11           P12           P13           C1            C2
              ________      ________      ________      ________      ________
 P11            0.098
 P12            0.036         0.042
 P13            0.003         0.000         0.012
 C1             0.098         0.042         0.012         0.994
 C2             0.095         0.042         0.012         0.789         0.789
 C3             0.098         0.042         0.012         0.673         0.646
 C4             0.095         0.042         0.012         0.551         0.527
 C5             0.095         0.042         0.012         0.482         0.467
 C6             0.092         0.042         0.012         0.366         0.351
 C7             0.095         0.042         0.012         0.310         0.295
 C8             0.095         0.042         0.012         0.259         0.253
 C9             0.092         0.039         0.009         0.217         0.211
 C10            0.092         0.039         0.012         0.155         0.152
 C11            0.089         0.039         0.012         0.113         0.113
 C12            0.039         0.042         0.012         0.057         0.057
 C13            0.003         0.000         0.012         0.015         0.015
 BAGE           0.098         0.042         0.012         0.994         0.789


           Covariance Coverage
              C3            C4            C5            C6            C7
              ________      ________      ________      ________      ________
 C3             0.673
 C4             0.533         0.551
 C5             0.470         0.464         0.482
 C6             0.357         0.351         0.357         0.366
 C7             0.304         0.301         0.304         0.298         0.310
 C8             0.253         0.253         0.253         0.250         0.250
 C9             0.214         0.208         0.214         0.211         0.211
 C10            0.152         0.149         0.149         0.146         0.149
 C11            0.113         0.113         0.110         0.107         0.110
 C12            0.057         0.057         0.057         0.057         0.057
 C13            0.015         0.015         0.015         0.015         0.015
 BAGE           0.673         0.551         0.482         0.366         0.310


           Covariance Coverage
              C8            C9            C10           C11           C12
              ________      ________      ________      ________      ________
 C8             0.259
 C9             0.211         0.217
 C10            0.155         0.146         0.155
 C11            0.113         0.104         0.107         0.113
 C12            0.057         0.051         0.051         0.054         0.057
 C13            0.015         0.012         0.012         0.015         0.015
 BAGE           0.259         0.217         0.155         0.113         0.057


           Covariance Coverage
              C13           BAGE
              ________      ________
 C13            0.015
 BAGE           0.015         1.000


SAMPLE STATISTICS


     ESTIMATED SAMPLE STATISTICS


           Means
              P1            P2            P3            P4            P5
              ________      ________      ________      ________      ________
 1             69.170        67.587        66.365        64.629        61.440


           Means
              P6            P7            P8            P9            P10
              ________      ________      ________      ________      ________
 1             60.126        57.062        54.288        55.244        52.792


           Means
              P11           P12           P13           C1            C2
              ________      ________      ________      ________      ________
 1             49.696        48.422        45.284        11.536        11.256


           Means
              C3            C4            C5            C6            C7
              ________      ________      ________      ________      ________
 1             11.764        11.846        11.404        11.444        11.452


           Means
              C8            C9            C10           C11           C12
              ________      ________      ________      ________      ________
 1             11.067        11.415        10.682        10.494        10.864


           Means
              C13           BAGE
              ________      ________
 1             12.853         9.732


           Covariances
              P1            P2            P3            P4            P5
              ________      ________      ________      ________      ________
 P1           379.634
 P2           339.675       369.366
 P3           337.212       330.553       368.954
 P4           308.558       314.012       318.278       351.324
 P5           297.384       297.284       305.892       310.744       324.223
 P6           310.098       308.205       318.307       337.125       323.741
 P7           272.756       246.792       273.930       281.571       293.452
 P8           303.440       299.748       308.790       305.394       298.069
 P9           295.067       295.730       296.999       327.946       308.832
 P10          270.481       250.148       263.118       331.530       296.746
 P11          314.889       296.906       321.887       388.172       348.831
 P12          254.345       272.773       256.647       271.710       243.117
 P13           97.546       102.967        96.087        91.274        88.538
 C1             8.931        11.013         9.274         9.240         8.798
 C2             8.264         9.168         8.852         3.570         6.721
 C3            12.038        11.537         9.855         9.939         8.868
 C4             5.980         5.162         4.808         5.284         5.266
 C5            11.634        11.633        11.417        10.518        10.437
 C6            13.834        13.379        16.085        15.380        11.539
 C7            12.746        13.129        11.239        10.492         8.216
 C8             7.568        10.782        10.880         8.289        12.007
 C9            11.332        15.502        14.350        11.606         8.984
 C10           19.774        22.962        22.004        22.461        23.570
 C11           16.602        15.419        10.365        11.338        18.458
 C12           17.704        10.794        14.681        17.792        15.258
 C13            9.813        10.260         9.967        10.316         8.788
 BAGE         -57.811       -62.980       -59.826       -61.811       -58.557


           Covariances
              P6            P7            P8            P9            P10
              ________      ________      ________      ________      ________
 P6           382.180
 P7           329.204       371.989
 P8           328.269       292.846       346.060
 P9           357.601       308.361       326.787       398.960
 P10          356.936       295.948       321.519       386.748       436.092
 P11          424.747       378.225       356.641       412.521       454.097
 P12          272.591       231.834       254.636       281.284       270.472
 P13          100.492        98.956       102.338        86.115        70.763
 C1            14.316         9.708         8.611        11.925        12.575
 C2            13.633        10.689         9.341         4.620         2.806
 C3            13.877        13.630        10.437         8.471         8.141
 C4            10.875        14.595         6.057         3.972         1.211
 C5            15.913        10.881        11.291         9.385         7.348
 C6            18.362        18.535        11.220        14.915        16.175
 C7            13.705        13.413        10.849         9.256         7.655
 C8            14.613        16.126         8.442         6.301         1.538
 C9            14.421         8.256        10.145         9.901         5.081
 C10           29.015        29.316        20.216        20.822        17.594
 C11           13.261        28.192        17.539        11.996         6.020
 C12           14.384        21.070        13.978        10.913        16.118
 C13           10.692        10.035        10.520         9.109         8.066
 BAGE         -71.107       -65.160       -63.464       -58.575       -52.200


           Covariances
              P11           P12           P13           C1            C2
              ________      ________      ________      ________      ________
 P11          547.779
 P12          300.671       263.794
 P13           82.178        63.652        94.010
 C1            16.843         7.524        13.860         8.483
 C2             4.897         5.339        19.905         6.124        11.791
 C3            11.713         9.464         9.648         5.578         5.511
 C4             8.331         5.199        15.567         4.922         5.877
 C5            12.110        14.214         9.012         4.620         5.807
 C6            21.307        22.552         7.204         5.226         5.712
 C7            11.472        13.108        14.991         5.380         6.161
 C8             6.547         9.766        14.172         5.567         7.224
 C9             9.692        13.442        12.163         4.239         5.192
 C10           23.827        23.185        19.373         6.054         7.959
 C11            9.580        12.441        18.129         4.534         5.592
 C12           16.429        15.132         8.912         2.579         2.732
 C13            8.910         7.289         9.928         1.212         1.956
 BAGE         -93.593       -43.857        -3.391        -1.275        -0.252


           Covariances
              C3            C4            C5            C6            C7
              ________      ________      ________      ________      ________
 C3             8.262
 C4             4.813         7.569
 C5             5.483         5.538         8.576
 C6             6.088         5.074         5.940         9.322
 C7             5.357         5.429         5.626         6.063         7.783
 C8             6.107         6.021         6.792         6.386         6.363
 C9             3.804         4.075         5.790         5.027         5.249
 C10            6.509         5.803         8.092         7.013         7.769
 C11            4.844         5.518         5.349         4.445         5.608
 C12            4.567         2.386         3.714         5.231         3.496
 C13            0.991         1.779         1.096         0.911         1.529
 BAGE           0.329        -0.512        -1.153         1.238         1.402


           Covariances
              C8            C9            C10           C11           C12
              ________      ________      ________      ________      ________
 C8            10.177
 C9             6.231         7.144
 C10            9.949         7.519        12.947
 C11            8.636         4.860         9.178        12.688
 C12            6.216         4.140         7.254         7.436         9.704
 C13            1.431         1.391         2.046         1.661         1.129
 BAGE          -0.578         0.117        -1.051        -2.697         2.967


           Covariances
              C13           BAGE
              ________      ________
 C13            1.138
 BAGE           0.430        51.255


           Correlations
              P1            P2            P3            P4            P5
              ________      ________      ________      ________      ________
 P1             1.000
 P2             0.907         1.000
 P3             0.901         0.895         1.000
 P4             0.845         0.872         0.884         1.000
 P5             0.848         0.859         0.884         0.921         1.000
 P6             0.814         0.820         0.848         0.920         0.920
 P7             0.726         0.666         0.739         0.779         0.845
 P8             0.837         0.838         0.864         0.876         0.890
 P9             0.758         0.770         0.774         0.876         0.859
 P10            0.665         0.623         0.656         0.847         0.789
 P11            0.691         0.660         0.716         0.885         0.828
 P12            0.804         0.874         0.823         0.893         0.831
 P13            0.516         0.553         0.516         0.502         0.507
 C1             0.157         0.197         0.166         0.169         0.168
 C2             0.124         0.139         0.134         0.055         0.109
 C3             0.215         0.209         0.178         0.184         0.171
 C4             0.112         0.098         0.091         0.102         0.106
 C5             0.204         0.207         0.203         0.192         0.198
 C6             0.233         0.228         0.274         0.269         0.210
 C7             0.234         0.245         0.210         0.201         0.164
 C8             0.122         0.176         0.178         0.139         0.209
 C9             0.218         0.302         0.280         0.232         0.187
 C10            0.282         0.332         0.318         0.333         0.364
 C11            0.239         0.225         0.151         0.170         0.288
 C12            0.292         0.180         0.245         0.305         0.272
 C13            0.472         0.501         0.486         0.516         0.458
 BAGE          -0.414        -0.458        -0.435        -0.461        -0.454


           Correlations
              P6            P7            P8            P9            P10
              ________      ________      ________      ________      ________
 P6             1.000
 P7             0.873         1.000
 P8             0.903         0.816         1.000
 P9             0.916         0.800         0.879         1.000
 P10            0.874         0.735         0.828         0.927         1.000
 P11            0.928         0.838         0.819         0.882         0.929
 P12            0.859         0.740         0.843         0.867         0.797
 P13            0.530         0.529         0.567         0.445         0.349
 C1             0.251         0.173         0.159         0.205         0.207
 C2             0.203         0.161         0.146         0.067         0.039
 C3             0.247         0.246         0.195         0.148         0.136
 C4             0.202         0.275         0.118         0.072         0.021
 C5             0.278         0.193         0.207         0.160         0.120
 C6             0.308         0.315         0.198         0.245         0.254
 C7             0.251         0.249         0.209         0.166         0.131
 C8             0.234         0.262         0.142         0.099         0.023
 C9             0.276         0.160         0.204         0.185         0.091
 C10            0.412         0.422         0.302         0.290         0.234
 C11            0.190         0.410         0.265         0.169         0.081
 C12            0.236         0.351         0.241         0.175         0.248
 C13            0.513         0.488         0.530         0.428         0.362
 BAGE          -0.508        -0.472        -0.477        -0.410        -0.349


           Correlations
              P11           P12           P13           C1            C2
              ________      ________      ________      ________      ________
 P11            1.000
 P12            0.791         1.000
 P13            0.362         0.404         1.000
 C1             0.247         0.159         0.491         1.000
 C2             0.061         0.096         0.598         0.612         1.000
 C3             0.174         0.203         0.346         0.666         0.558
 C4             0.129         0.116         0.584         0.614         0.622
 C5             0.177         0.299         0.317         0.542         0.578
 C6             0.298         0.455         0.243         0.588         0.545
 C7             0.176         0.289         0.554         0.662         0.643
 C8             0.088         0.188         0.458         0.599         0.659
 C9             0.155         0.310         0.469         0.545         0.566
 C10            0.283         0.397         0.555         0.578         0.644
 C11            0.115         0.215         0.525         0.437         0.457
 C12            0.225         0.299         0.295         0.284         0.255
 C13            0.357         0.421         0.960         0.390         0.534
 BAGE          -0.559        -0.377        -0.049        -0.061        -0.010


           Correlations
              C3            C4            C5            C6            C7
              ________      ________      ________      ________      ________
 C3             1.000
 C4             0.609         1.000
 C5             0.651         0.687         1.000
 C6             0.694         0.604         0.664         1.000
 C7             0.668         0.707         0.689         0.712         1.000
 C8             0.666         0.686         0.727         0.656         0.715
 C9             0.495         0.554         0.740         0.616         0.704
 C10            0.629         0.586         0.768         0.638         0.774
 C11            0.473         0.563         0.513         0.409         0.564
 C12            0.510         0.278         0.407         0.550         0.402
 C13            0.323         0.606         0.351         0.280         0.514
 BAGE           0.016        -0.026        -0.055         0.057         0.070


           Correlations
              C8            C9            C10           C11           C12
              ________      ________      ________      ________      ________
 C8             1.000
 C9             0.731         1.000
 C10            0.867         0.782         1.000
 C11            0.760         0.510         0.716         1.000
 C12            0.626         0.497         0.647         0.670         1.000
 C13            0.420         0.488         0.533         0.437         0.340
 BAGE          -0.025         0.006        -0.041        -0.106         0.133


           Correlations
              C13           BAGE
              ________      ________
 C13            1.000
 BAGE           0.056         1.000


     MAXIMUM LOG-LIKELIHOOD VALUE FOR THE UNRESTRICTED (H1) MODEL IS -8722.865


UNIVARIATE HIGHER-ORDER MOMENT DESCRIPTIVE STATISTICS


     UNIVARIATE HIGHER-ORDER MOMENT DESCRIPTIVE STATISTICS

         Variable/         Mean/     Skewness/   Minimum/ % with                Percentiles
        Sample Size      Variance    Kurtosis    Maximum  Min/Max      20%/60%    40%/80%    Median

     P1                   69.024      -0.147       0.000    0.34%      53.250     64.250     69.000
             295.000     379.729       0.481     124.250    0.34%      75.500     84.500
     P2                   69.268      -0.028      21.500    0.48%      55.500     65.500     70.500
             207.000     299.037       0.480     130.250    0.48%      74.000     81.250
     P3                   69.685       0.089      18.500    0.62%      56.250     66.500     71.750
             162.000     311.172       0.677     127.500    0.62%      74.500     81.000
     P4                   66.118       0.144      20.250    0.68%      51.250     62.500     67.500
             146.000     311.095       0.528     125.000    0.68%      71.250     78.250
     P5                   65.076      -0.066      25.500    1.04%      50.000     60.500     65.250
              96.000     267.945      -0.262     100.750    1.04%      70.000     77.250
     P6                   64.390      -0.042      25.500    1.75%      47.500     62.000     66.750
              57.000     262.831      -0.084     107.750    1.75%      70.250     76.250
     P7                   65.031       0.409      32.250    2.08%      52.250     58.500     64.625
              48.000     335.330       0.311     112.250    2.08%      69.250     74.000
     P8                   61.448       0.483      23.750    1.61%      47.250     54.250     60.625
              62.000     315.156       0.815     121.750    1.61%      67.000     73.250
     P9                   62.223       0.452      27.500    1.54%      47.250     54.750     59.750
              65.000     275.691      -0.167     106.750    1.54%      65.500     78.250
     P10                  61.543       0.375      27.000    2.13%      42.500     58.000     60.750
              47.000     274.081      -0.203     101.500    2.13%      62.750     77.000
     P11                  60.333       0.722      32.250    3.03%      42.500     49.250     56.500
              33.000     382.347      -0.032     110.000    3.03%      61.250     75.000
     P12                  51.804       0.175      30.250    7.14%      32.000     50.500     53.000
              14.000     264.118      -1.080      80.750    7.14%      53.250     63.500
     P13                  47.438      -0.220      26.500   25.00%      26.500     44.000     48.625
               4.000     207.137      -1.181      66.000   25.00%      44.000     53.250
     C1                   11.539      -1.055       0.000    0.30%       9.000     11.000     12.000
             334.000       8.482       0.746      15.000   11.98%      13.000     14.000
     C2                   11.355      -1.304       0.000    1.13%       9.000     12.000     12.000
             265.000      11.361       1.286      15.000   11.70%      13.000     14.000
     C3                   11.960      -1.247       1.000    0.44%      10.000     12.000     13.000
             226.000       7.746       1.497      15.000   18.14%      13.000     14.000
     C4                   11.984      -1.520       0.000    0.54%      10.000     12.000     13.000
             185.000       7.086       2.922      15.000   11.35%      13.000     14.000
     C5                   11.716      -0.907       1.000    0.62%       9.000     12.000     12.000
             162.000       7.635       0.481      15.000   14.20%      13.000     14.000
     C6                   11.732      -1.211       2.000    0.81%      10.000     12.000     13.000
             123.000       8.587       0.899      15.000   12.20%      13.000     14.000
     C7                   11.721      -1.107       3.000    1.92%      10.000     11.000     12.000
             104.000       7.451       1.238      15.000   14.42%      13.000     14.000
     C8                   11.471      -1.111       0.000    1.15%       9.000     11.000     12.000
              87.000       9.008       1.270      15.000   12.64%      12.000     14.000
     C9                   11.945      -1.085       3.000    1.37%      10.000     12.000     12.000
              73.000       6.052       1.285      15.000   13.70%      13.000     14.000
     C10                  11.288      -0.954       1.000    1.92%       8.000     11.000     12.000
              52.000      10.628       0.411      15.000   15.38%      13.000     14.000
     C11                  11.395      -1.353       1.000    2.63%      10.000     11.000     12.000
              38.000       8.607       2.281      15.000    7.89%      13.000     14.000
     C12                  11.421      -1.015       3.000    5.26%       9.000     11.000     12.000
              19.000       9.296       0.793      15.000   15.79%      12.000     14.000
     C13                  13.200      -0.370      11.000   20.00%      11.000     13.000     13.000
               5.000       1.760      -0.783      15.000   20.00%      13.000     14.000
     BAGE                  9.732      -0.533     -12.094    0.30%       3.996      8.620     10.735
             336.000      51.255       0.023      25.242    0.30%      12.382     15.744


THE MODEL ESTIMATION TERMINATED NORMALLY



MODEL FIT INFORMATION

Number of Free Parameters                       21

Loglikelihood

          H0 Value                       -8257.010
          H0 Scaling Correction Factor      1.3377
            for MLR

Information Criteria

          Akaike (AIC)                   16556.020
          Bayesian (BIC)                 16636.179
          Sample-Size Adjusted BIC       16569.565
            (n* = (n + 2) / 24)



MODEL RESULTS

                                                    Two-Tailed
                    Estimate       S.E.  Est./S.E.    P-Value

 IP         ON
    BAGE              -1.148      0.136     -8.436      0.000

 SP         ON
    BAGE              -0.017      0.022     -0.753      0.451

 IC         ON
    BAGE              -0.017      0.024     -0.730      0.466

 SC         ON
    BAGE               0.004      0.004      0.873      0.383

 IP       WITH
    SP                -8.138      2.703     -3.011      0.003
    IC                 8.197      2.842      2.885      0.004
    SC                 0.708      0.412      1.720      0.085

 SP       WITH
    IC                 0.004      0.481      0.008      0.994
    SC                -0.010      0.041     -0.248      0.804

 IC       WITH
    SC                -0.108      0.075     -1.441      0.150

 P1       WITH
    C1                -0.256      0.443     -0.578      0.563

 P2       WITH
    C2                -0.256      0.443     -0.578      0.563

 P3       WITH
    C3                -0.256      0.443     -0.578      0.563

 P4       WITH
    C4                -0.256      0.443     -0.578      0.563

 P5       WITH
    C5                -0.256      0.443     -0.578      0.563

 P6       WITH
    C6                -0.256      0.443     -0.578      0.563

 P7       WITH
    C7                -0.256      0.443     -0.578      0.563

 P8       WITH
    C8                -0.256      0.443     -0.578      0.563

 P9       WITH
    C9                -0.256      0.443     -0.578      0.563

 P10      WITH
    C10               -0.256      0.443     -0.578      0.563

 P11      WITH
    C11               -0.256      0.443     -0.578      0.563

 P12      WITH
    C12               -0.256      0.443     -0.578      0.563

 P13      WITH
    C13               -0.256      0.443     -0.578      0.563

 Intercepts
    P1                 0.000      0.000    999.000    999.000
    P2                 0.000      0.000    999.000    999.000
    P3                 0.000      0.000    999.000    999.000
    P4                 0.000      0.000    999.000    999.000
    P5                 0.000      0.000    999.000    999.000
    P6                 0.000      0.000    999.000    999.000
    P7                 0.000      0.000    999.000    999.000
    P8                 0.000      0.000    999.000    999.000
    P9                 0.000      0.000    999.000    999.000
    P10                0.000      0.000    999.000    999.000
    P11                0.000      0.000    999.000    999.000
    P12                0.000      0.000    999.000    999.000
    P13                0.000      0.000    999.000    999.000
    C1                 0.000      0.000    999.000    999.000
    C2                 0.000      0.000    999.000    999.000
    C3                 0.000      0.000    999.000    999.000
    C4                 0.000      0.000    999.000    999.000
    C5                 0.000      0.000    999.000    999.000
    C6                 0.000      0.000    999.000    999.000
    C7                 0.000      0.000    999.000    999.000
    C8                 0.000      0.000    999.000    999.000
    C9                 0.000      0.000    999.000    999.000
    C10                0.000      0.000    999.000    999.000
    C11                0.000      0.000    999.000    999.000
    C12                0.000      0.000    999.000    999.000
    C13                0.000      0.000    999.000    999.000
    IP                80.663      1.782     45.258      0.000
    SP                -1.788      0.244     -7.341      0.000
    IC                11.756      0.268     43.829      0.000
    SC                -0.079      0.052     -1.522      0.128

 Residual Variances
    P1                34.929      2.339     14.932      0.000
    P2                34.929      2.339     14.932      0.000
    P3                34.929      2.339     14.932      0.000
    P4                34.929      2.339     14.932      0.000
    P5                34.929      2.339     14.932      0.000
    P6                34.929      2.339     14.932      0.000
    P7                34.929      2.339     14.932      0.000
    P8                34.929      2.339     14.932      0.000
    P9                34.929      2.339     14.932      0.000
    P10               34.929      2.339     14.932      0.000
    P11               34.929      2.339     14.932      0.000
    P12               34.929      2.339     14.932      0.000
    P13               34.929      2.339     14.932      0.000
    C1                 3.151      0.225     14.017      0.000
    C2                 3.151      0.225     14.017      0.000
    C3                 3.151      0.225     14.017      0.000
    C4                 3.151      0.225     14.017      0.000
    C5                 3.151      0.225     14.017      0.000
    C6                 3.151      0.225     14.017      0.000
    C7                 3.151      0.225     14.017      0.000
    C8                 3.151      0.225     14.017      0.000
    C9                 3.151      0.225     14.017      0.000
    C10                3.151      0.225     14.017      0.000
    C11                3.151      0.225     14.017      0.000
    C12                3.151      0.225     14.017      0.000
    C13                3.151      0.225     14.017      0.000
    IP               272.524     28.025      9.724      0.000
    SP                 2.101      0.705      2.982      0.003
    IC                 5.905      0.687      8.598      0.000
    SC                 0.038      0.014      2.638      0.008

New/Additional Parameters
    R_IPIC             0.204      0.065      3.153      0.002
    R_SPSC            -0.036      0.148     -0.245      0.806
    R_RES_PC          -0.024      0.042     -0.580      0.562


QUALITY OF NUMERICAL RESULTS

     Condition Number for the Information Matrix              0.587E-06
       (ratio of smallest to largest eigenvalue)


CONFIDENCE INTERVALS OF MODEL RESULTS

                  Lower .5%  Lower 2.5%    Lower 5%    Estimate    Upper 5%  Upper 2.5%   Upper .5%

 IP       ON
    BAGE            -1.498      -1.414      -1.371      -1.148      -0.924      -0.881      -0.797

 SP       ON
    BAGE            -0.073      -0.060      -0.053      -0.017       0.020       0.027       0.040

 IC       ON
    BAGE            -0.079      -0.064      -0.057      -0.017       0.022       0.029       0.044

 SC       ON
    BAGE            -0.008      -0.005      -0.003       0.004       0.011       0.013       0.015

 IP       WITH
    SP             -15.100     -13.435     -12.584      -8.138      -3.692      -2.841      -1.176
    IC               0.877       2.627       3.522       8.197      12.871      13.766      15.516
    SC              -0.352      -0.099       0.031       0.708       1.385       1.515       1.768

 SP       WITH
    IC              -1.235      -0.939      -0.787       0.004       0.795       0.946       1.242
    SC              -0.116      -0.091      -0.078      -0.010       0.057       0.070       0.096

 IC       WITH
    SC              -0.301      -0.255      -0.232      -0.108       0.015       0.039       0.085

 P1       WITH
    C1              -1.397      -1.124      -0.985      -0.256       0.473       0.612       0.885

 P2       WITH
    C2              -1.397      -1.124      -0.985      -0.256       0.473       0.612       0.885

 P3       WITH
    C3              -1.397      -1.124      -0.985      -0.256       0.473       0.612       0.885

 P4       WITH
    C4              -1.397      -1.124      -0.985      -0.256       0.473       0.612       0.885

 P5       WITH
    C5              -1.397      -1.124      -0.985      -0.256       0.473       0.612       0.885

 P6       WITH
    C6              -1.397      -1.124      -0.985      -0.256       0.473       0.612       0.885

 P7       WITH
    C7              -1.397      -1.124      -0.985      -0.256       0.473       0.612       0.885

 P8       WITH
    C8              -1.397      -1.124      -0.985      -0.256       0.473       0.612       0.885

 P9       WITH
    C9              -1.397      -1.124      -0.985      -0.256       0.473       0.612       0.885

 P10      WITH
    C10             -1.397      -1.124      -0.985      -0.256       0.473       0.612       0.885

 P11      WITH
    C11             -1.397      -1.124      -0.985      -0.256       0.473       0.612       0.885

 P12      WITH
    C12             -1.397      -1.124      -0.985      -0.256       0.473       0.612       0.885

 P13      WITH
    C13             -1.397      -1.124      -0.985      -0.256       0.473       0.612       0.885

 Intercepts
    P1               0.000       0.000       0.000       0.000       0.000       0.000       0.000
    P2               0.000       0.000       0.000       0.000       0.000       0.000       0.000
    P3               0.000       0.000       0.000       0.000       0.000       0.000       0.000
    P4               0.000       0.000       0.000       0.000       0.000       0.000       0.000
    P5               0.000       0.000       0.000       0.000       0.000       0.000       0.000
    P6               0.000       0.000       0.000       0.000       0.000       0.000       0.000
    P7               0.000       0.000       0.000       0.000       0.000       0.000       0.000
    P8               0.000       0.000       0.000       0.000       0.000       0.000       0.000
    P9               0.000       0.000       0.000       0.000       0.000       0.000       0.000
    P10              0.000       0.000       0.000       0.000       0.000       0.000       0.000
    P11              0.000       0.000       0.000       0.000       0.000       0.000       0.000
    P12              0.000       0.000       0.000       0.000       0.000       0.000       0.000
    P13              0.000       0.000       0.000       0.000       0.000       0.000       0.000
    C1               0.000       0.000       0.000       0.000       0.000       0.000       0.000
    C2               0.000       0.000       0.000       0.000       0.000       0.000       0.000
    C3               0.000       0.000       0.000       0.000       0.000       0.000       0.000
    C4               0.000       0.000       0.000       0.000       0.000       0.000       0.000
    C5               0.000       0.000       0.000       0.000       0.000       0.000       0.000
    C6               0.000       0.000       0.000       0.000       0.000       0.000       0.000
    C7               0.000       0.000       0.000       0.000       0.000       0.000       0.000
    C8               0.000       0.000       0.000       0.000       0.000       0.000       0.000
    C9               0.000       0.000       0.000       0.000       0.000       0.000       0.000
    C10              0.000       0.000       0.000       0.000       0.000       0.000       0.000
    C11              0.000       0.000       0.000       0.000       0.000       0.000       0.000
    C12              0.000       0.000       0.000       0.000       0.000       0.000       0.000
    C13              0.000       0.000       0.000       0.000       0.000       0.000       0.000
    IP              76.072      77.169      77.731      80.663      83.595      84.156      85.254
    SP              -2.416      -2.266      -2.189      -1.788      -1.388      -1.311      -1.161
    IC              11.065      11.230      11.315      11.756      12.197      12.282      12.447
    SC              -0.213      -0.181      -0.165      -0.079       0.006       0.023       0.055

 Residual Variances
    P1              28.904      30.344      31.081      34.929      38.777      39.514      40.954
    P2              28.904      30.344      31.081      34.929      38.777      39.514      40.954
    P3              28.904      30.344      31.081      34.929      38.777      39.514      40.954
    P4              28.904      30.344      31.081      34.929      38.777      39.514      40.954
    P5              28.904      30.344      31.081      34.929      38.777      39.514      40.954
    P6              28.904      30.344      31.081      34.929      38.777      39.514      40.954
    P7              28.904      30.344      31.081      34.929      38.777      39.514      40.954
    P8              28.904      30.344      31.081      34.929      38.777      39.514      40.954
    P9              28.904      30.344      31.081      34.929      38.777      39.514      40.954
    P10             28.904      30.344      31.081      34.929      38.777      39.514      40.954
    P11             28.904      30.344      31.081      34.929      38.777      39.514      40.954
    P12             28.904      30.344      31.081      34.929      38.777      39.514      40.954
    P13             28.904      30.344      31.081      34.929      38.777      39.514      40.954
    C1               2.572       2.710       2.781       3.151       3.520       3.591       3.730
    C2               2.572       2.710       2.781       3.151       3.520       3.591       3.730
    C3               2.572       2.710       2.781       3.151       3.520       3.591       3.730
    C4               2.572       2.710       2.781       3.151       3.520       3.591       3.730
    C5               2.572       2.710       2.781       3.151       3.520       3.591       3.730
    C6               2.572       2.710       2.781       3.151       3.520       3.591       3.730
    C7               2.572       2.710       2.781       3.151       3.520       3.591       3.730
    C8               2.572       2.710       2.781       3.151       3.520       3.591       3.730
    C9               2.572       2.710       2.781       3.151       3.520       3.591       3.730
    C10              2.572       2.710       2.781       3.151       3.520       3.591       3.730
    C11              2.572       2.710       2.781       3.151       3.520       3.591       3.730
    C12              2.572       2.710       2.781       3.151       3.520       3.591       3.730
    C13              2.572       2.710       2.781       3.151       3.520       3.591       3.730
    IP             200.336     217.594     226.422     272.524     318.625     327.453     344.711
    SP               0.286       0.720       0.942       2.101       3.260       3.482       3.916
    IC               4.136       4.559       4.775       5.905       7.035       7.251       7.674
    SC               0.001       0.010       0.014       0.038       0.061       0.066       0.074

New/Additional Parameters
    R_IPIC           0.037       0.077       0.098       0.204       0.311       0.331       0.371
    R_SPSC          -0.417      -0.326      -0.280      -0.036       0.207       0.254       0.345
    R_RES_PC        -0.133      -0.107      -0.094      -0.024       0.045       0.058       0.084


SAMPLE STATISTICS FOR ESTIMATED FACTOR SCORES


     SAMPLE STATISTICS


           Means
              IP            IP_SE         SP            SP_SE         IC
              ________      ________      ________      ________      ________
 1             69.495         4.818        -1.950         1.136        11.587


           Means
              IC_SE         SC            SC_SE
              ________      ________      ________
 1              1.002        -0.042         0.169


           Covariances
              IP            IP_SE         SP            SP_SE         IC
              ________      ________      ________      ________      ________
 IP           309.422
 IP_SE         -4.649         7.378
 SP            -4.806        -0.050         0.733
 SP_SE         -1.644         0.318         0.019         0.092
 IC             9.163        -0.421        -0.010        -0.085         4.855
 IC_SE         -1.181         0.224         0.018         0.043        -0.065
 SC             0.403         0.011        -0.016        -0.001        -0.049
 SC_SE         -0.124         0.020         0.002         0.006        -0.005


           Covariances
              IC_SE         SC            SC_SE
              ________      ________      ________
 IC_SE          0.061
 SC            -0.001         0.009
 SC_SE          0.003         0.000         0.001


           Correlations
              IP            IP_SE         SP            SP_SE         IC
              ________      ________      ________      ________      ________
 IP             1.000
 IP_SE         -0.097         1.000
 SP            -0.319        -0.022         1.000
 SP_SE         -0.308         0.386         0.074         1.000
 IC             0.236        -0.070        -0.005        -0.127         1.000
 IC_SE         -0.272         0.334         0.083         0.573        -0.120
 SC             0.237         0.043        -0.197        -0.018        -0.231
 SC_SE         -0.315         0.323         0.106         0.940        -0.103


           Correlations
              IC_SE         SC            SC_SE
              ________      ________      ________
 IC_SE          1.000
 SC            -0.051         1.000
 SC_SE          0.552        -0.039         1.000


PLOT INFORMATION

The following plots are available:

  Histograms (sample values, estimated factor scores)
  Scatterplots (sample values, estimated factor scores)
  Latent variable distribution plots

     Beginning Time:  10:05:28
        Ending Time:  10:05:59
       Elapsed Time:  00:00:31



MUTHEN & MUTHEN
3463 Stoner Ave.
Los Angeles, CA  90066

Tel: (310) 391-9971
Fax: (310) 391-8971
Web: www.StatModel.com
Support: Support@StatModel.com

Copyright (c) 1998-2014 Muthen & Muthen
