------Begin Mplus Model Run: 05Oct2015 09:51:50------
Target directory: C:/Users/iLife Admin/Documents/GitHub/RADC/outputs/pairs/grip_lineorientation
Run options:
	Recursive (run models in subdirectories): FALSE
	Show output on console: FALSE
	Replace existing outfile: always
------
Currently running model: b1_female_a_grip_lineorientation_10.inp
Currently running model: b1_female_a_grip_lineorientation_11.inp
Currently running model: b1_female_a_grip_lineorientation_12.inp
Currently running model: b1_female_a_grip_lineorientation_13.inp
Currently running model: b1_female_a_grip_lineorientation_14.inp
Currently running model: b1_female_a_grip_lineorientation_15.inp
Currently running model: b1_female_a_grip_lineorientation_16.inp
Currently running model: b1_female_a_grip_lineorientation_17.inp
Currently running model: b1_female_a_grip_lineorientation_18.inp
Currently running model: b1_female_a_grip_lineorientation_4.inp
Currently running model: b1_female_a_grip_lineorientation_5.inp
Currently running model: b1_female_a_grip_lineorientation_6.inp
Currently running model: b1_female_a_grip_lineorientation_7.inp
Currently running model: b1_female_a_grip_lineorientation_8.inp
Currently running model: b1_female_a_grip_lineorientation_9.inp
Currently running model: b1_male_a_grip_lineorientation_10.inp
Currently running model: b1_male_a_grip_lineorientation_11.inp
Currently running model: b1_male_a_grip_lineorientation_12.inp
Currently running model: b1_male_a_grip_lineorientation_13.inp
Currently running model: b1_male_a_grip_lineorientation_14.inp
Currently running model: b1_male_a_grip_lineorientation_15.inp
Currently running model: b1_male_a_grip_lineorientation_16.inp
Currently running model: b1_male_a_grip_lineorientation_17.inp
Currently running model: b1_male_a_grip_lineorientation_18.inp
Currently running model: b1_male_a_grip_lineorientation_4.inp
Currently running model: b1_male_a_grip_lineorientation_5.inp
Currently running model: b1_male_a_grip_lineorientation_6.inp
Currently running model: b1_male_a_grip_lineorientation_7.inp
Currently running model: b1_male_a_grip_lineorientation_8.inp
Currently running model: b1_male_a_grip_lineorientation_9.inp

------End Mplus Model Run: 05Oct2015 10:07:54------
