Mplus VERSION 7.3
MUTHEN & MUTHEN
10/04/2015   4:52 AM

INPUT INSTRUCTIONS

  TITLE:
  Your new title
  DATA:
  File = radcMAP_wide.dat;
  VARIABLE:
  Names are
  	projid study_x scaled_to_x agreeableness conscientiousness extraversion
  	neo_altruism neo_conscientiousness neo_trust openness anxiety_10items
  	neuroticism_12 neuroticism_6 age_bl age_death educ msex race spanish q1inc
  	apoe_genotype ldai_bl q3smo_bl q4smo_bl smoking married married2 age_at_visit_00
  	age_at_visit_01 age_at_visit_02 age_at_visit_03 age_at_visit_04 age_at_visit_05
  	age_at_visit_06 age_at_visit_07 age_at_visit_08 age_at_visit_09 age_at_visit_10
  	age_at_visit_11 age_at_visit_12 age_at_visit_13 age_at_visit_14 age_at_visit_15
  	age_at_visit_16 age_at_visit_17 age_at_visit_18 age_at_visit_19 age_at_visit_20
  	alcohol_g_00 alcohol_g_01 alcohol_g_02 alcohol_g_03 alcohol_g_04 alcohol_g_05
  	alcohol_g_06 alcohol_g_07 alcohol_g_08 alcohol_g_09 alcohol_g_10 alcohol_g_11
  	alcohol_g_12 alcohol_g_13 alcohol_g_14 alcohol_g_15 alcohol_g_16 alcohol_g_17
  	alcohol_g_18 alcohol_g_19 alcohol_g_20 bmi_00 bmi_01 bmi_02 bmi_03 bmi_04 bmi_05
  	bmi_06 bmi_07 bmi_08 bmi_09 bmi_10 bmi_11 bmi_12 bmi_13 bmi_14 bmi_15 bmi_16
  	bmi_17 bmi_18 bmi_19 bmi_20 bp11_00 bp11_01 bp11_02 bp11_03 bp11_04 bp11_05
  	bp11_06 bp11_07 bp11_08 bp11_09 bp11_10 bp11_11 bp11_12 bp11_13 bp11_14 bp11_15
  	bp11_16 bp11_17 bp11_18 bp11_19 bp11_20 bp2_00 bp2_01 bp2_02 bp2_03 bp2_04
  	bp2_05 bp2_06 bp2_07 bp2_08 bp2_09 bp2_10 bp2_11 bp2_12 bp2_13 bp2_14 bp2_15
  	bp2_16 bp2_17 bp2_18 bp2_19 bp2_20 bp3_00 bp3_01 bp3_02 bp3_03 bp3_04 bp3_05
  	bp3_06 bp3_07 bp3_08 bp3_09 bp3_10 bp31_00 bp31_01 bp31_02 bp31_03 bp31_04
  	bp31_05 bp31_06 bp31_07 bp31_08 bp31_09 bp3_11 bp31_10 bp31_11 bp31_12 bp31_13
  	bp31_14 bp31_15 bp31_16 bp31_17 bp31_18 bp31_19 bp3_12 bp31_20 bp3_13 bp3_14
  	bp3_15 bp3_16 bp3_17 bp3_18 bp3_19 bp3_20 bun_00 bun_01 bun_02 bun_03 bun_04
  	bun_05 bun_06 bun_07 bun_08 bun_09 bun_10 bun_11 bun_12 bun_13 bun_14 bun_15
  	bun_16 bun_17 bun_18 bun_19 bun_20 ca_00 ca_01 ca_02 ca_03 ca_04 ca_05 ca_06
  	ca_07 ca_08 ca_09 ca_10 ca_11 ca_12 ca_13 ca_14 ca_15 ca_16 ca_17 ca_18 ca_19
  	ca_20 cesdsum_00 cesdsum_01 cesdsum_02 cesdsum_03 cesdsum_04 cesdsum_05
  	cesdsum_06 cesdsum_07 cesdsum_08 cesdsum_09 cesdsum_10 cesdsum_11 cesdsum_12
  	cesdsum_13 cesdsum_14 cesdsum_15 cesdsum_16 cesdsum_17 cesdsum_18 cesdsum_19
  	cesdsum_20 chf_cum_00 chf_cum_01 chf_cum_02 chf_cum_03 chf_cum_04 chf_cum_05
  	chf_cum_06 chf_cum_07 chf_cum_08 chf_cum_09 chf_cum_10 chf_cum_11 chf_cum_12
  	chf_cum_13 chf_cum_14 chf_cum_15 chf_cum_16 chf_cum_17 chf_cum_18 chf_cum_19
  	chf_cum_20 chlstrl_00 chlstrl_01 chlstrl_02 chlstrl_03 chlstrl_04 chlstrl_05
  	chlstrl_06 chlstrl_07 chlstrl_08 chlstrl_09 chlstrl_10 chlstrl_11 chlstrl_12
  	chlstrl_13 chlstrl_14 chlstrl_15 chlstrl_16 chlstrl_17 chlstrl_18 chlstrl_19
  	chlstrl_20 cl_00 cl_01 cl_02 cl_03 cl_04 cl_05 cl_06 cl_07 cl_08 cl_09 cl_10
  	cl_11 cl_12 cl_13 cl_14 cl_15 cl_16 cl_17 cl_18 cl_19 cl_20 claudication_cum_00
  	claudication_cum_01 claudication_cum_02 claudication_cum_03 claudication_cum_04
  	claudication_cum_05 claudication_cum_06 claudication_cum_07 claudication_cum_08
  	claudication_cum_09 claudication_cum_10 claudication_cum_11 claudication_cum_12
  	claudication_cum_13 claudication_cum_14 claudication_cum_15 claudication_cum_16
  	claudication_cum_17 claudication_cum_18 claudication_cum_19 claudication_cum_20
  	co2_00 co2_01 co2_02 co2_03 co2_04 co2_05 co2_06 co2_07 co2_08 co2_09 co2_10
  	co2_11 co2_12 co2_13 co2_14 co2_15 co2_16 co2_17 co2_18 co2_19 co2_20 cogn_ep_00
  	cogn_ep_01 cogn_ep_02 cogn_ep_03 cogn_ep_04 cogn_ep_05 cogn_ep_06 cogn_ep_07
  	cogn_ep_08 cogn_ep_09 cogn_ep_10 cogn_ep_11 cogn_ep_12 cogn_ep_13 cogn_ep_14
  	cogn_ep_15 cogn_ep_16 cogn_ep_17 cogn_ep_18 cogn_ep_19 cogn_ep_20 cogn_global_00
  	cogn_global_01 cogn_global_02 cogn_global_03 cogn_global_04 cogn_global_05
  	cogn_global_06 cogn_global_07 cogn_global_08 cogn_global_09 cogn_global_10
  	cogn_global_11 cogn_global_12 cogn_global_13 cogn_global_14 cogn_global_15
  	cogn_global_16 cogn_global_17 cogn_global_18 cogn_global_19 cogn_global_20
  	cogn_po_00 cogn_po_01 cogn_po_02 cogn_po_03 cogn_po_04 cogn_po_05 cogn_po_06
  	cogn_po_07 cogn_po_08 cogn_po_09 cogn_po_10 cogn_po_11 cogn_po_12 cogn_po_13
  	cogn_po_14 cogn_po_15 cogn_po_16 cogn_po_17 cogn_po_18 cogn_po_19 cogn_po_20
  	cogn_ps_00 cogn_ps_01 cogn_ps_02 cogn_ps_03 cogn_ps_04 cogn_ps_05 cogn_ps_06
  	cogn_ps_07 cogn_ps_08 cogn_ps_09 cogn_ps_10 cogn_ps_11 cogn_ps_12 cogn_ps_13
  	cogn_ps_14 cogn_ps_15 cogn_ps_16 cogn_ps_17 cogn_ps_18 cogn_ps_19 cogn_ps_20
  	cogn_se_00 cogn_se_01 cogn_se_02 cogn_se_03 cogn_se_04 cogn_se_05 cogn_se_06
  	cogn_se_07 cogn_se_08 cogn_se_09 cogn_se_10 cogn_se_11 cogn_se_12 cogn_se_13
  	cogn_se_14 cogn_se_15 cogn_se_16 cogn_se_17 cogn_se_18 cogn_se_19 cogn_se_20
  	cogn_wo_00 cogn_wo_01 cogn_wo_02 cogn_wo_03 cogn_wo_04 cogn_wo_05 cogn_wo_06
  	cogn_wo_07 cogn_wo_08 cogn_wo_09 cogn_wo_10 cogn_wo_11 cogn_wo_12 cogn_wo_13
  	cogn_wo_14 cogn_wo_15 cogn_wo_16 cogn_wo_17 cogn_wo_18 cogn_wo_19 cogn_wo_20
  	crn_00 crn_01 crn_02 crn_03 crn_04 crn_05 crn_06 crn_07 crn_08 crn_09 crn_10
  	crn_11 crn_12 crn_13 crn_14 crn_15 crn_16 crn_17 crn_18 crn_19 crn_20
  	cts_bname_00 cts_bname_01 cts_bname_02 cts_bname_03 cts_bname_04 cts_bname_05
  	cts_bname_06 cts_bname_07 cts_bname_08 cts_bname_09 cts_bname_10 cts_bname_11
  	cts_bname_12 cts_bname_13 cts_bname_14 cts_bname_15 cts_bname_16 cts_bname_17
  	cts_bname_18 cts_bname_19 cts_bname_20 cts_catflu_00 cts_catflu_01 cts_catflu_02
  	cts_catflu_03 cts_catflu_04 cts_catflu_05 cts_catflu_06 cts_catflu_07
  	cts_catflu_08 cts_catflu_09 cts_catflu_10 cts_catflu_11 cts_catflu_12
  	cts_catflu_13 cts_catflu_14 cts_catflu_15 cts_catflu_16 cts_catflu_17
  	cts_catflu_18 cts_catflu_19 cts_catflu_20 cts_db_00 cts_db_01 cts_db_02
  	cts_db_03 cts_db_04 cts_db_05 cts_db_06 cts_db_07 cts_db_08 cts_db_09 cts_db_10
  	cts_db_11 cts_db_12 cts_db_13 cts_db_14 cts_db_15 cts_db_16 cts_db_17 cts_db_18
  	cts_db_19 cts_db_20 cts_delay_00 cts_delay_01 cts_delay_02 cts_delay_03
  	cts_delay_04 cts_delay_05 cts_delay_06 cts_delay_07 cts_delay_08 cts_delay_09
  	cts_delay_10 cts_delay_11 cts_delay_12 cts_delay_13 cts_delay_14 cts_delay_15
  	cts_delay_16 cts_delay_17 cts_delay_18 cts_delay_19 cts_delay_20 cts_df_00
  	cts_df_01 cts_df_02 cts_df_03 cts_df_04 cts_df_05 cts_df_06 cts_df_07 cts_df_08
  	cts_df_09 cts_df_10 cts_df_11 cts_df_12 cts_df_13 cts_df_14 cts_df_15 cts_df_16
  	cts_df_17 cts_df_18 cts_df_19 cts_df_20 cts_doperf_00 cts_doperf_01
  	cts_doperf_02 cts_doperf_03 cts_doperf_04 cts_doperf_05 cts_doperf_06
  	cts_doperf_07 cts_doperf_08 cts_doperf_09 cts_doperf_10 cts_doperf_11
  	cts_doperf_12 cts_doperf_13 cts_doperf_14 cts_doperf_15 cts_doperf_16
  	cts_doperf_17 cts_doperf_18 cts_doperf_19 cts_doperf_20 cts_ebdr_00 cts_ebdr_01
  	cts_ebdr_02 cts_ebdr_03 cts_ebdr_04 cts_ebdr_05 cts_ebdr_06 cts_ebdr_07
  	cts_ebdr_08 cts_ebdr_09 cts_ebdr_10 cts_ebdr_11 cts_ebdr_12 cts_ebdr_13
  	cts_ebdr_14 cts_ebdr_15 cts_ebdr_16 cts_ebdr_17 cts_ebdr_18 cts_ebdr_19
  	cts_ebdr_20 cts_ebmt_00 cts_ebmt_01 cts_ebmt_02 cts_ebmt_03 cts_ebmt_04
  	cts_ebmt_05 cts_ebmt_06 cts_ebmt_07 cts_ebmt_08 cts_ebmt_09 cts_ebmt_10
  	cts_ebmt_11 cts_ebmt_12 cts_ebmt_13 cts_ebmt_14 cts_ebmt_15 cts_ebmt_16
  	cts_ebmt_17 cts_ebmt_18 cts_ebmt_19 cts_ebmt_20 cts_idea_00 cts_idea_01
  	cts_idea_02 cts_idea_03 cts_idea_04 cts_idea_05 cts_idea_06 cts_idea_07
  	cts_idea_08 cts_idea_09 cts_idea_10 cts_idea_11 cts_idea_12 cts_idea_13
  	cts_idea_14 cts_idea_15 cts_idea_16 cts_idea_17 cts_idea_18 cts_idea_19
  	cts_idea_20 cts_lopair_00 cts_lopair_01 cts_lopair_02 cts_lopair_03
  	cts_lopair_04 cts_lopair_05 cts_lopair_06 cts_lopair_07 cts_lopair_08
  	cts_lopair_09 cts_lopair_10 cts_lopair_11 cts_lopair_12 cts_lopair_13
  	cts_lopair_14 cts_lopair_15 cts_lopair_16 cts_lopair_17 cts_lopair_18
  	cts_lopair_19 cts_lopair_20 cts_mmse30_00 cts_mmse30_01 cts_mmse30_02
  	cts_mmse30_03 cts_mmse30_04 cts_mmse30_05 cts_mmse30_06 cts_mmse30_07
  	cts_mmse30_08 cts_mmse30_09 cts_mmse30_10 cts_mmse30_11 cts_mmse30_12
  	cts_mmse30_13 cts_mmse30_14 cts_mmse30_15 cts_mmse30_16 cts_mmse30_17
  	cts_mmse30_18 cts_mmse30_19 cts_mmse30_20 cts_nccrtd_00 cts_nccrtd_01
  	cts_nccrtd_02 cts_nccrtd_03 cts_nccrtd_04 cts_nccrtd_05 cts_nccrtd_06
  	cts_nccrtd_07 cts_nccrtd_08 cts_nccrtd_09 cts_nccrtd_10 cts_nccrtd_11
  	cts_nccrtd_12 cts_nccrtd_13 cts_nccrtd_14 cts_nccrtd_15 cts_nccrtd_16
  	cts_nccrtd_17 cts_nccrtd_18 cts_nccrtd_19 cts_nccrtd_20 cts_pmat_00 cts_pmat_01
  	cts_pmat_02 cts_pmat_03 cts_pmat_04 cts_pmat_05 cts_pmat_06 cts_pmat_07
  	cts_pmat_08 cts_pmat_09 cts_pmat_10 cts_pmat_11 cts_pmat_12 cts_pmat_13
  	cts_pmat_14 cts_pmat_15 cts_pmat_16 cts_pmat_17 cts_pmat_18 cts_pmat_19
  	cts_pmat_20 cts_read_nart_00 cts_read_nart_01 cts_read_nart_02 cts_read_nart_03
  	cts_read_nart_04 cts_read_nart_05 cts_read_nart_06 cts_read_nart_07
  	cts_read_nart_08 cts_read_nart_09 cts_read_nart_10 cts_read_nart_11
  	cts_read_nart_12 cts_read_nart_13 cts_read_nart_14 cts_read_nart_15
  	cts_read_nart_16 cts_read_nart_17 cts_read_nart_18 cts_read_nart_19
  	cts_read_nart_20 cts_read_wrat_00 cts_read_wrat_01 cts_read_wrat_02
  	cts_read_wrat_03 cts_read_wrat_04 cts_read_wrat_05 cts_read_wrat_06
  	cts_read_wrat_07 cts_read_wrat_08 cts_read_wrat_09 cts_read_wrat_10
  	cts_read_wrat_11 cts_read_wrat_12 cts_read_wrat_13 cts_read_wrat_14
  	cts_read_wrat_15 cts_read_wrat_16 cts_read_wrat_17 cts_read_wrat_18
  	cts_read_wrat_19 cts_read_wrat_20 cts_sdmt_00 cts_sdmt_01 cts_sdmt_02
  	cts_sdmt_03 cts_sdmt_04 cts_sdmt_05 cts_sdmt_06 cts_sdmt_07 cts_sdmt_08
  	cts_sdmt_09 cts_sdmt_10 cts_sdmt_11 cts_sdmt_12 cts_sdmt_13 cts_sdmt_14
  	cts_sdmt_15 cts_sdmt_16 cts_sdmt_17 cts_sdmt_18 cts_sdmt_19 cts_sdmt_20
  	cts_story_00 cts_story_01 cts_story_02 cts_story_03 cts_story_04 cts_story_05
  	cts_story_06 cts_story_07 cts_story_08 cts_story_09 cts_story_10 cts_story_11
  	cts_story_12 cts_story_13 cts_story_14 cts_story_15 cts_story_16 cts_story_17
  	cts_story_18 cts_story_19 cts_story_20 cts_wli_00 cts_wli_01 cts_wli_02
  	cts_wli_03 cts_wli_04 cts_wli_05 cts_wli_06 cts_wli_07 cts_wli_08 cts_wli_09
  	cts_wli_10 cts_wli_11 cts_wli_12 cts_wli_13 cts_wli_14 cts_wli_15 cts_wli_16
  	cts_wli_17 cts_wli_18 cts_wli_19 cts_wli_20 cts_wlii_00 cts_wlii_01 cts_wlii_02
  	cts_wlii_03 cts_wlii_04 cts_wlii_05 cts_wlii_06 cts_wlii_07 cts_wlii_08
  	cts_wlii_09 cts_wlii_10 cts_wlii_11 cts_wlii_12 cts_wlii_13 cts_wlii_14
  	cts_wlii_15 cts_wlii_16 cts_wlii_17 cts_wlii_18 cts_wlii_19 cts_wlii_20
  	cts_wliii_00 cts_wliii_01 cts_wliii_02 cts_wliii_03 cts_wliii_04 cts_wliii_05
  	cts_wliii_06 cts_wliii_07 cts_wliii_08 cts_wliii_09 cts_wliii_10 cts_wliii_11
  	cts_wliii_12 cts_wliii_13 cts_wliii_14 cts_wliii_15 cts_wliii_16 cts_wliii_17
  	cts_wliii_18 cts_wliii_19 cts_wliii_20 dcfdx_00 dcfdx_01 dcfdx_02 dcfdx_03
  	dcfdx_04 dcfdx_05 dcfdx_06 dcfdx_07 dcfdx_08 dcfdx_09 dcfdx_10 dcfdx_11 dcfdx_12
  	dcfdx_13 dcfdx_14 dcfdx_15 dcfdx_16 dcfdx_17 dcfdx_18 dcfdx_19 dcfdx_20
  	dementia_00 dementia_01 dementia_02 dementia_03 dementia_04 dementia_05
  	dementia_06 dementia_07 dementia_08 dementia_09 dementia_10 dementia_11
  	dementia_12 dementia_13 dementia_14 dementia_15 dementia_16 dementia_17
  	dementia_18 dementia_19 dementia_20 dm_cum_00 dm_cum_01 dm_cum_02 dm_cum_03
  	dm_cum_04 dm_cum_05 dm_cum_06 dm_cum_07 dm_cum_08 dm_cum_09 dm_cum_10 dm_cum_11
  	dm_cum_12 dm_cum_13 dm_cum_14 dm_cum_15 dm_cum_16 dm_cum_17 dm_cum_18 dm_cum_19
  	dm_cum_20 fasting_00 fasting_01 fasting_02 fasting_03 fasting_04 fasting_05
  	fasting_06 fasting_07 fasting_08 fasting_09 fasting_10 fasting_11 fasting_12
  	fasting_13 fasting_14 fasting_15 fasting_16 fasting_17 fasting_18 fasting_19
  	fasting_20 fev_00 fev_01 fev_02 fev_03 fev_04 fev_05 fev_06 fev_07 fev_08 fev_09
  	fev_10 fev_11 fev_12 fev_13 fev_14 fev_15 fev_16 fev_17 fev_18 fev_19 fev_20
  	fu_year gait_speed_00 gait_speed_01 gait_speed_02 gait_speed_03 gait_speed_04
  	gait_speed_05 gait_speed_06 gait_speed_07 gait_speed_08 gait_speed_09
  	gait_speed_10 gait_speed_11 gait_speed_12 gait_speed_13 gait_speed_14
  	gait_speed_15 gait_speed_16 gait_speed_17 gait_speed_18 gait_speed_19
  	gait_speed_20 glucose_00 glucose_01 glucose_02 glucose_03 glucose_04 glucose_05
  	glucose_06 glucose_07 glucose_08 glucose_09 glucose_10 glucose_11 glucose_12
  	glucose_13 glucose_14 glucose_15 glucose_16 glucose_17 glucose_18 glucose_19
  	glucose_20 gripavg_00 gripavg_01 gripavg_02 gripavg_03 gripavg_04 gripavg_05
  	gripavg_06 gripavg_07 gripavg_08 gripavg_09 gripavg_10 gripavg_11 gripavg_12
  	gripavg_13 gripavg_14 gripavg_15 gripavg_16 gripavg_17 gripavg_18 gripavg_19
  	gripavg_20 hba1c_00 hba1c_01 hba1c_02 hba1c_03 hba1c_04 hba1c_05 hba1c_06
  	hba1c_07 hba1c_08 hba1c_09 hba1c_10 hba1c_11 hba1c_12 hba1c_13 hba1c_14 hba1c_15
  	hba1c_16 hba1c_17 hba1c_18 hba1c_19 hba1c_20 hdlchlstrl_00 hdlchlstrl_01
  	hdlchlstrl_02 hdlchlstrl_03 hdlchlstrl_04 hdlchlstrl_05 hdlchlstrl_06
  	hdlchlstrl_07 hdlchlstrl_08 hdlchlstrl_09 hdlchlstrl_10 hdlchlstrl_11
  	hdlchlstrl_12 hdlchlstrl_13 hdlchlstrl_14 hdlchlstrl_15 hdlchlstrl_16
  	hdlchlstrl_17 hdlchlstrl_18 hdlchlstrl_19 hdlchlstrl_20 hdlratio_00 hdlratio_01
  	hdlratio_02 hdlratio_03 hdlratio_04 hdlratio_05 hdlratio_06 hdlratio_07
  	hdlratio_08 hdlratio_09 hdlratio_10 hdlratio_11 hdlratio_12 hdlratio_13
  	hdlratio_14 hdlratio_15 hdlratio_16 hdlratio_17 hdlratio_18 hdlratio_19
  	hdlratio_20 heart_cum_00 heart_cum_01 heart_cum_02 heart_cum_03 heart_cum_04
  	heart_cum_05 heart_cum_06 heart_cum_07 heart_cum_08 heart_cum_09 heart_cum_10
  	heart_cum_11 heart_cum_12 heart_cum_13 heart_cum_14 heart_cum_15 heart_cum_16
  	heart_cum_17 heart_cum_18 heart_cum_19 heart_cum_20 htm_00 htm_01 htm_02 htm_03
  	htm_04 htm_05 htm_06 htm_07 htm_08 htm_09 htm_10 htm_11 htm_12 htm_13 htm_14
  	htm_15 htm_16 htm_17 htm_18 htm_19 htm_20 hypertension_cum_00
  	hypertension_cum_01 hypertension_cum_02 hypertension_cum_03 hypertension_cum_04
  	hypertension_cum_05 hypertension_cum_06 hypertension_cum_07 hypertension_cum_08
  	hypertension_cum_09 hypertension_cum_10 hypertension_cum_11 hypertension_cum_12
  	hypertension_cum_13 hypertension_cum_14 hypertension_cum_15 hypertension_cum_16
  	hypertension_cum_17 hypertension_cum_18 hypertension_cum_19 hypertension_cum_20
  	iadlsum_00 iadlsum_01 iadlsum_02 iadlsum_03 iadlsum_04 iadlsum_05 iadlsum_06
  	iadlsum_07 iadlsum_08 iadlsum_09 iadlsum_10 iadlsum_11 iadlsum_12 iadlsum_13
  	iadlsum_14 iadlsum_15 iadlsum_16 iadlsum_17 iadlsum_18 iadlsum_19 iadlsum_20
  	intrusion_00 intrusion_01 intrusion_02 intrusion_03 intrusion_04 intrusion_05
  	intrusion_06 intrusion_07 intrusion_08 intrusion_09 intrusion_10 intrusion_11
  	intrusion_12 intrusion_13 intrusion_14 intrusion_15 intrusion_16 intrusion_17
  	intrusion_18 intrusion_19 intrusion_20 k_00 k_01 k_02 k_03 k_04 k_05 k_06 k_07
  	k_08 k_09 k_10 k_11 k_12 k_13 k_14 k_15 k_16 k_17 k_18 k_19 k_20 katzsum_00
  	katzsum_01 katzsum_02 katzsum_03 katzsum_04 katzsum_05 katzsum_06 katzsum_07
  	katzsum_08 katzsum_09 katzsum_10 katzsum_11 katzsum_12 katzsum_13 katzsum_14
  	katzsum_15 katzsum_16 katzsum_17 katzsum_18 katzsum_19 katzsum_20 ldlchlstrl_00
  	ldlchlstrl_01 ldlchlstrl_02 ldlchlstrl_03 ldlchlstrl_04 ldlchlstrl_05
  	ldlchlstrl_06 ldlchlstrl_07 ldlchlstrl_08 ldlchlstrl_09 ldlchlstrl_10
  	ldlchlstrl_11 ldlchlstrl_12 ldlchlstrl_13 ldlchlstrl_14 ldlchlstrl_15
  	ldlchlstrl_16 ldlchlstrl_17 ldlchlstrl_18 ldlchlstrl_19 ldlchlstrl_20 mep_00
  	mep_01 mep_02 mep_03 mep_04 mep_05 mep_06 mep_07 mep_08 mep_09 mep_10 mep_11
  	mep_12 mep_13 mep_14 mep_15 mep_16 mep_17 mep_18 mep_19 mep_20 mip_00 mip_01
  	mip_02 mip_03 mip_04 mip_05 mip_06 mip_07 mip_08 mip_09 mip_10 mip_11 mip_12
  	mip_13 mip_14 mip_15 mip_16 mip_17 mip_18 mip_19 mip_20 na_00 na_01 na_02 na_03
  	na_04 na_05 na_06 na_07 na_08 na_09 na_10 na_11 na_12 na_13 na_14 na_15 na_16
  	na_17 na_18 na_19 na_20 neglifeevents_00 neglifeevents_01 neglifeevents_02
  	neglifeevents_03 neglifeevents_04 neglifeevents_05 neglifeevents_06
  	neglifeevents_07 neglifeevents_08 neglifeevents_09 neglifeevents_10
  	neglifeevents_11 neglifeevents_12 neglifeevents_13 neglifeevents_14
  	neglifeevents_15 neglifeevents_16 neglifeevents_17 neglifeevents_18
  	neglifeevents_19 neglifeevents_20 negsocexchange_00 negsocexchange_01
  	negsocexchange_02 negsocexchange_03 negsocexchange_04 negsocexchange_05
  	negsocexchange_06 negsocexchange_07 negsocexchange_08 negsocexchange_09
  	negsocexchange_10 negsocexchange_11 negsocexchange_12 negsocexchange_13
  	negsocexchange_14 negsocexchange_15 negsocexchange_16 negsocexchange_17
  	negsocexchange_18 negsocexchange_19 negsocexchange_20 nohelp_00 nohelp_01
  	nohelp_02 nohelp_03 nohelp_04 nohelp_05 nohelp_06 nohelp_07 nohelp_08 nohelp_09
  	nohelp_10 nohelp_11 nohelp_12 nohelp_13 nohelp_14 nohelp_15 nohelp_16 nohelp_17
  	nohelp_18 nohelp_19 nohelp_20 panas_00 panas_01 panas_02 panas_03 panas_04
  	panas_05 panas_06 panas_07 panas_08 panas_09 panas_10 panas_11 panas_12 panas_13
  	panas_14 panas_15 panas_16 panas_17 panas_18 panas_19 panas_20
  	perceivedstress_00 perceivedstress_01 perceivedstress_02 perceivedstress_03
  	perceivedstress_04 perceivedstress_05 perceivedstress_06 perceivedstress_07
  	perceivedstress_08 perceivedstress_09 perceivedstress_10 perceivedstress_11
  	perceivedstress_12 perceivedstress_13 perceivedstress_14 perceivedstress_15
  	perceivedstress_16 perceivedstress_17 perceivedstress_18 perceivedstress_19
  	perceivedstress_20 phys5itemsum_00 phys5itemsum_01 phys5itemsum_02
  	phys5itemsum_03 phys5itemsum_04 phys5itemsum_05 phys5itemsum_06 phys5itemsum_07
  	phys5itemsum_08 phys5itemsum_09 phys5itemsum_10 phys5itemsum_11 phys5itemsum_12
  	phys5itemsum_13 phys5itemsum_14 phys5itemsum_15 phys5itemsum_16 phys5itemsum_17
  	phys5itemsum_18 phys5itemsum_19 phys5itemsum_20 pvc_00 pvc_01 pvc_02 pvc_03
  	pvc_04 pvc_05 pvc_06 pvc_07 pvc_08 pvc_09 pvc_10 pvc_11 pvc_12 pvc_13 pvc_14
  	pvc_15 pvc_16 pvc_17 pvc_18 pvc_19 pvc_20 r_depres_00 r_depres_01 r_depres_02
  	r_depres_03 r_depres_04 r_depres_05 r_depres_06 r_depres_07 r_depres_08
  	r_depres_09 r_depres_10 r_depres_11 r_depres_12 r_depres_13 r_depres_14
  	r_depres_15 r_depres_16 r_depres_17 r_depres_18 r_depres_19 r_depres_20
  	rejection_00 rejection_01 rejection_02 rejection_03 rejection_04 rejection_05
  	rejection_06 rejection_07 rejection_08 rejection_09 rejection_10 rejection_11
  	rejection_12 rejection_13 rejection_14 rejection_15 rejection_16 rejection_17
  	rejection_18 rejection_19 rejection_20 rosbscl_00 rosbscl_01 rosbscl_02
  	rosbscl_03 rosbscl_04 rosbscl_05 rosbscl_06 rosbscl_07 rosbscl_08 rosbscl_09
  	rosbscl_10 rosbscl_11 rosbscl_12 rosbscl_13 rosbscl_14 rosbscl_15 rosbscl_16
  	rosbscl_17 rosbscl_18 rosbscl_19 rosbscl_20 rosbsum_00 rosbsum_01 rosbsum_02
  	rosbsum_03 rosbsum_04 rosbsum_05 rosbsum_06 rosbsum_07 rosbsum_08 rosbsum_09
  	rosbsum_10 rosbsum_11 rosbsum_12 rosbsum_13 rosbsum_14 rosbsum_15 rosbsum_16
  	rosbsum_17 rosbsum_18 rosbsum_19 rosbsum_20 r_stroke_00 r_stroke_01 r_stroke_02
  	r_stroke_03 r_stroke_04 r_stroke_05 r_stroke_06 r_stroke_07 r_stroke_08
  	r_stroke_09 r_stroke_10 r_stroke_11 r_stroke_12 r_stroke_13 r_stroke_14
  	r_stroke_15 r_stroke_16 r_stroke_17 r_stroke_18 r_stroke_19 r_stroke_20
  	scaled_to_y stroke_cum_00 stroke_cum_01 stroke_cum_02 stroke_cum_03
  	stroke_cum_04 stroke_cum_05 stroke_cum_06 stroke_cum_07 stroke_cum_08
  	stroke_cum_09 stroke_cum_10 stroke_cum_11 stroke_cum_12 stroke_cum_13
  	stroke_cum_14 stroke_cum_15 stroke_cum_16 stroke_cum_17 stroke_cum_18
  	stroke_cum_19 stroke_cum_20 study_y thyroid_cum_00 thyroid_cum_01 thyroid_cum_02
  	thyroid_cum_03 thyroid_cum_04 thyroid_cum_05 thyroid_cum_06 thyroid_cum_07
  	thyroid_cum_08 thyroid_cum_09 thyroid_cum_10 thyroid_cum_11 thyroid_cum_12
  	thyroid_cum_13 thyroid_cum_14 thyroid_cum_15 thyroid_cum_16 thyroid_cum_17
  	thyroid_cum_18 thyroid_cum_19 thyroid_cum_20 unsympathetic_00 unsympathetic_01
  	unsympathetic_02 unsympathetic_03 unsympathetic_04 unsympathetic_05
  	unsympathetic_06 unsympathetic_07 unsympathetic_08 unsympathetic_09
  	unsympathetic_10 unsympathetic_11 unsympathetic_12 unsympathetic_13
  	unsympathetic_14 unsympathetic_15 unsympathetic_16 unsympathetic_17
  	unsympathetic_18 unsympathetic_19 unsympathetic_20 vasc_3dis_sum_00
  	vasc_3dis_sum_01 vasc_3dis_sum_02 vasc_3dis_sum_03 vasc_3dis_sum_04
  	vasc_3dis_sum_05 vasc_3dis_sum_06 vasc_3dis_sum_07 vasc_3dis_sum_08
  	vasc_3dis_sum_09 vasc_3dis_sum_10 vasc_3dis_sum_11 vasc_3dis_sum_12
  	vasc_3dis_sum_13 vasc_3dis_sum_14 vasc_3dis_sum_15 vasc_3dis_sum_16
  	vasc_3dis_sum_17 vasc_3dis_sum_18 vasc_3dis_sum_19 vasc_3dis_sum_20
  	vasc_4dis_sum_00 vasc_4dis_sum_01 vasc_4dis_sum_02 vasc_4dis_sum_03
  	vasc_4dis_sum_04 vasc_4dis_sum_05 vasc_4dis_sum_06 vasc_4dis_sum_07
  	vasc_4dis_sum_08 vasc_4dis_sum_09 vasc_4dis_sum_10 vasc_4dis_sum_11
  	vasc_4dis_sum_12 vasc_4dis_sum_13 vasc_4dis_sum_14 vasc_4dis_sum_15
  	vasc_4dis_sum_16 vasc_4dis_sum_17 vasc_4dis_sum_18 vasc_4dis_sum_19
  	vasc_4dis_sum_20 vasc_risks_sum_00 vasc_risks_sum_01 vasc_risks_sum_02
  	vasc_risks_sum_03 vasc_risks_sum_04 vasc_risks_sum_05 vasc_risks_sum_06
  	vasc_risks_sum_07 vasc_risks_sum_08 vasc_risks_sum_09 vasc_risks_sum_10
  	vasc_risks_sum_11 vasc_risks_sum_12 vasc_risks_sum_13 vasc_risks_sum_14
  	vasc_risks_sum_15 vasc_risks_sum_16 vasc_risks_sum_17 vasc_risks_sum_18
  	vasc_risks_sum_19 vasc_risks_sum_20 vision_00 vision_01 vision_02 vision_03
  	vision_04 vision_05 vision_06 vision_07 vision_08 vision_09 vision_10 vision_11
  	vision_12 vision_13 vision_14 vision_15 vision_16 vision_17 vision_18 vision_19
  	vision_20 visionlog_00 visionlog_01 visionlog_02 visionlog_03 visionlog_04
  	visionlog_05 visionlog_06 visionlog_07 visionlog_08 visionlog_09 visionlog_10
  	visionlog_11 visionlog_12 visionlog_13 visionlog_14 visionlog_15 visionlog_16
  	visionlog_17 visionlog_18 visionlog_19 visionlog_20 wtkg_00 wtkg_01 wtkg_02
  	wtkg_03 wtkg_04 wtkg_05 wtkg_06 wtkg_07 wtkg_08 wtkg_09 wtkg_10 wtkg_11 wtkg_12
  	wtkg_13 wtkg_14 wtkg_15 wtkg_16 wtkg_17 wtkg_18 wtkg_19 wtkg_20 T0 T1 T2 T3 T4
  	T5 T6 T7 T8 T9 T10 T11 T12 T13 T14 T15 T16 T17 T18 T19 T20;
  Missing are all (-9999);
  USEVAR are
  !define the variables used in the analysis
  	time1-time14
  	p1-p14
  	c1-c14
  	Bage;
  	
  TSCORES are
  !define the time points
  	time1-time14;
  USEOBSERVATIONS are
  !select a subset of observations
  	msex EQ 1 and
  	dementia_00 NE 1 and dementia_01 NE 1 and dementia_02 NE 1 and
  	dementia_03 NE 1 and dementia_04 NE 1 and dementia_05 NE 1 and
  	dementia_06 NE 1 and dementia_07 NE 1 and dementia_08 NE 1 and
  	dementia_09 NE 1 and dementia_10 NE 1 and dementia_11 NE 1 and
  	dementia_12 NE 1 and dementia_13 NE 1 and dementia_14 NE 1 and
  	dementia_15 NE 1 and dementia_16 NE 1 and dementia_17 NE 1 and
  	dementia_18 NE 1 and dementia_19 NE 1 and dementia_20 NE 1;
  DEFINE:
  !assign variables to the process p
  	p1= fev_00;
  	p2= fev_01;
  	p3= fev_02;
  	p4= fev_03;
  	p5= fev_04;
  	p6= fev_05;
  	p7= fev_06;
  	p8= fev_07;
  	p9= fev_08;
  	p10=fev_09;
  	p11=fev_10;
  	p12=fev_11;
  	p13=fev_12;
  	p14=fev_13;
  	p15=fev_14;
  	p16=fev_15;
  	p17=fev_16;
  	p18=fev_17;
  	p19=fev_18;
  	p20=fev_19;
  	p21=fev_20;
  !assign variables to the process c
  	c1= cts_wli_00;
  	c2= cts_wli_01;
  	c3= cts_wli_02;
  	c4= cts_wli_03;
  	c5= cts_wli_04;
  	c6= cts_wli_05;
  	c7= cts_wli_06;
  	c8= cts_wli_07;
  	c9= cts_wli_08;
  	c10=cts_wli_09;
  	c11=cts_wli_10;
  	c12=cts_wli_11;
  	c13=cts_wli_12;
  	c14=cts_wli_13;
  	c15=cts_wli_14;
  	c16=cts_wli_15;
  	c17=cts_wli_16;
  	c18=cts_wli_17;
  	c19=cts_wli_18;
  	c20=cts_wli_19;
  	c21=cts_wli_20;
  !assign variables to time points
  	time1= T0;
  	time2= T1;
  	time3= T2;
  	time4= T3;
  	time5= T4;
  	time6= T5;
  	time7= T6;
  	time8= T7;
  	time9= T8;
  	time10=T9;
  	time11=T10;
  	time12=T11;
  	time13=T12;
  	time14=T13;
  	time15=T14;
  	time16=T15;
  	time17=T16;
  	time18=T17;
  	time19=T18;
  	time20=T19;
  	time21=T20;
  !define the second-level terms
  	Bage=age_bl-70;   !Age centered at 70 baseline
  		!Dage=age_death;
  		!Sex=msex;         !0=female
  	Educ=educ-7;     ! Centered at 7 years
  		!SEP=SESgrp; couldn't find
  		!Marstat;
  	Height=htm_00-1.60;
  		!Weight
  		!BMI
  		!SmokHist=smoking;
  		!Alcohol;
  		!CompExp;
  		!PhysAct;
  		!BP;
  		!DepSymp;
  		!Cardio;
  		!Diab;
  		!MorbInd;
  		!BageEduc=Bage*Educ;
  ANALYSIS:
  TYPE = RANDOM;
  COVERAGE=.00;
  MODEL:
  !first-level equation
  	ip sp | p1-p14 AT time1-time14;
  	ic sc | c1-c14 AT time1-time14;
  !variance of the first-level terms	
  	ip (v_ip);
  	sp (v_sp);
  	ic (v_ic);
  	sc (v_sc);
  !covariance among first-level terms	
  	ip WITH sp (c_ipsp);
  	ip WITH ic (c_ipic);
  	ip WITH sc (c_ipsc);
  	sp WITH ic (c_spic);
  	sp WITH sc (c_spsc);
  	ic WITH sc (c_icsc);
  !second-level equation	
  	ip sp ic sc ON Bage;
  !residual means	
  	p1-p14 (res_p);
  	c1-c14 (res_c);
  !Paired covariances constrained to be equal across t	
  	p1-p14 pwith c1-c14(res_cov);
  MODEL CONSTRAINT:
  !assigns labels to new parameters;
  	NEW r_ipic;
  	NEW r_spsc;
  	NEW r_res_pc;
  !
  	r_ipic = c_ipic/((v_ip**0.5)*(v_ic**0.5));
  	r_spsc = c_spsc/((v_sp**0.5)*(v_sc**0.5));
  	r_res_pc = res_cov/((res_p**0.5)*(res_c**0.5));
  OUTPUT: sampstat cinterval;
  PLOT: Type is Plot1 Plot2 Plot3;



*** WARNING
  Data set contains cases with missing on all variables except
  x-variables.  These cases were not included in the analysis.
  Number of cases with missing on all variables except x-variables:  15
   1 WARNING(S) FOUND IN THE INPUT INSTRUCTIONS




Your new title

SUMMARY OF ANALYSIS

Number of groups                                                 1
Number of observations                                         336

Number of dependent variables                                   28
Number of independent variables                                  1
Number of continuous latent variables                            4

Observed dependent variables

  Continuous
   P1          P2          P3          P4          P5          P6
   P7          P8          P9          P10         P11         P12
   P13         P14         C1          C2          C3          C4
   C5          C6          C7          C8          C9          C10
   C11         C12         C13         C14

Observed independent variables
   BAGE

Continuous latent variables
   IP          SP          IC          SC

Variables with special functions

  Time scores
   TIME1       TIME2       TIME3       TIME4       TIME5       TIME6
   TIME7       TIME8       TIME9       TIME10      TIME11      TIME12
   TIME13      TIME14


Estimator                                                      MLR
Information matrix                                        OBSERVED
Maximum number of iterations                                   100
Convergence criterion                                    0.100D-05
Maximum number of EM iterations                                500
Convergence criteria for the EM algorithm
  Loglikelihood change                                   0.100D-02
  Relative loglikelihood change                          0.100D-05
  Derivative                                             0.100D-03
Minimum variance                                         0.100D-03
Maximum number of steepest descent iterations                   20
Maximum number of iterations for H1                           2000
Convergence criterion for H1                             0.100D-03
Optimization algorithm                                         EMA

Input data file(s)
  radcMAP_wide.dat
Input data format  FREE


SUMMARY OF DATA

     Number of missing data patterns           142


COVARIANCE COVERAGE OF DATA

Minimum covariance coverage value   0.000


     PROPORTION OF DATA PRESENT


           Covariance Coverage
              P1            P2            P3            P4            P5
              ________      ________      ________      ________      ________
 P1             0.872
 P2             0.598         0.604
 P3             0.470         0.432         0.482
 P4             0.348         0.312         0.315         0.357
 P5             0.226         0.190         0.196         0.196         0.286
 P6             0.110         0.089         0.089         0.074         0.125
 P7             0.092         0.065         0.057         0.045         0.068
 P8             0.143         0.137         0.128         0.098         0.101
 P9             0.161         0.149         0.149         0.104         0.089
 P10            0.119         0.119         0.116         0.098         0.092
 P11            0.089         0.092         0.095         0.086         0.074
 P12            0.039         0.042         0.042         0.042         0.036
 P13            0.000         0.000         0.000         0.000         0.012
 P14            0.000         0.000         0.000         0.000         0.012
 C1             0.869         0.601         0.482         0.357         0.286
 C2             0.690         0.592         0.470         0.348         0.277
 C3             0.586         0.503         0.482         0.351         0.280
 C4             0.485         0.408         0.387         0.351         0.277
 C5             0.426         0.366         0.348         0.295         0.283
 C6             0.304         0.259         0.250         0.196         0.202
 C7             0.265         0.229         0.220         0.179         0.173
 C8             0.223         0.208         0.196         0.146         0.140
 C9             0.190         0.179         0.182         0.128         0.110
 C10            0.131         0.128         0.128         0.104         0.092
 C11            0.098         0.101         0.104         0.095         0.092
 C12            0.039         0.042         0.042         0.042         0.051
 C13            0.000         0.000         0.000         0.000         0.015
 C14            0.000         0.000         0.000         0.000         0.012
 BAGE           0.872         0.604         0.482         0.357         0.286


           Covariance Coverage
              P6            P7            P8            P9            P10
              ________      ________      ________      ________      ________
 P6             0.170
 P7             0.083         0.143
 P8             0.089         0.095         0.185
 P9             0.071         0.068         0.131         0.188
 P10            0.054         0.042         0.098         0.113         0.140
 P11            0.042         0.012         0.062         0.074         0.089
 P12            0.030         0.003         0.024         0.024         0.033
 P13            0.012         0.012         0.012         0.009         0.012
 P14            0.012         0.012         0.012         0.009         0.009
 C1             0.170         0.143         0.185         0.188         0.140
 C2             0.161         0.128         0.179         0.185         0.137
 C3             0.170         0.140         0.185         0.188         0.137
 C4             0.161         0.134         0.179         0.182         0.137
 C5             0.167         0.140         0.182         0.185         0.134
 C6             0.170         0.134         0.179         0.182         0.131
 C7             0.131         0.137         0.179         0.188         0.140
 C8             0.113         0.110         0.185         0.188         0.140
 C9             0.083         0.077         0.149         0.185         0.137
 C10            0.060         0.054         0.110         0.119         0.131
 C11            0.054         0.024         0.080         0.092         0.104
 C12            0.045         0.018         0.039         0.036         0.045
 C13            0.015         0.015         0.015         0.012         0.012
 C14            0.012         0.012         0.012         0.009         0.009
 BAGE           0.170         0.143         0.185         0.188         0.140


           Covariance Coverage
              P11           P12           P13           P14           C1
              ________      ________      ________      ________      ________
 P11            0.098
 P12            0.036         0.042
 P13            0.003         0.000         0.012
 P14            0.000         0.000         0.009         0.012
 C1             0.098         0.042         0.012         0.012         0.997
 C2             0.095         0.042         0.012         0.012         0.795
 C3             0.098         0.042         0.012         0.012         0.676
 C4             0.095         0.042         0.012         0.012         0.557
 C5             0.095         0.042         0.012         0.012         0.491
 C6             0.092         0.042         0.012         0.012         0.366
 C7             0.098         0.042         0.012         0.012         0.318
 C8             0.095         0.042         0.012         0.012         0.268
 C9             0.095         0.039         0.009         0.009         0.220
 C10            0.089         0.039         0.012         0.009         0.152
 C11            0.095         0.042         0.012         0.012         0.119
 C12            0.039         0.042         0.012         0.012         0.057
 C13            0.003         0.000         0.012         0.012         0.015
 C14            0.000         0.000         0.009         0.012         0.012
 BAGE           0.098         0.042         0.012         0.012         0.997


           Covariance Coverage
              C2            C3            C4            C5            C6
              ________      ________      ________      ________      ________
 C2             0.798
 C3             0.652         0.676
 C4             0.533         0.539         0.557
 C5             0.476         0.479         0.470         0.491
 C6             0.351         0.357         0.351         0.357         0.366
 C7             0.304         0.312         0.310         0.312         0.304
 C8             0.259         0.262         0.262         0.262         0.259
 C9             0.214         0.217         0.211         0.214         0.211
 C10            0.149         0.149         0.146         0.146         0.143
 C11            0.116         0.119         0.116         0.116         0.113
 C12            0.057         0.057         0.057         0.057         0.057
 C13            0.015         0.015         0.015         0.015         0.015
 C14            0.012         0.012         0.012         0.012         0.012
 BAGE           0.798         0.676         0.557         0.491         0.366


           Covariance Coverage
              C7            C8            C9            C10           C11
              ________      ________      ________      ________      ________
 C7             0.318
 C8             0.262         0.268
 C9             0.217         0.217         0.220
 C10            0.149         0.152         0.146         0.152
 C11            0.119         0.116         0.113         0.107         0.119
 C12            0.057         0.057         0.051         0.051         0.057
 C13            0.015         0.015         0.012         0.012         0.015
 C14            0.012         0.012         0.009         0.009         0.012
 BAGE           0.318         0.268         0.220         0.152         0.119


           Covariance Coverage
              C12           C13           C14           BAGE
              ________      ________      ________      ________
 C12            0.057
 C13            0.015         0.015
 C14            0.012         0.012         0.012
 BAGE           0.057         0.015         0.012         1.000


SAMPLE STATISTICS


     ESTIMATED SAMPLE STATISTICS


           Means
              P1            P2            P3            P4            P5
              ________      ________      ________      ________      ________
 1              2.151         2.111         2.014         1.958         1.966


           Means
              P6            P7            P8            P9            P10
              ________      ________      ________      ________      ________
 1              1.953         1.960         1.800         1.754         1.681


           Means
              P11           P12           P13           P14           C1
              ________      ________      ________      ________      ________
 1              1.764         1.794         1.817         1.606        16.227


           Means
              C2            C3            C4            C5            C6
              ________      ________      ________      ________      ________
 1             16.858        16.758        17.079        17.018        17.155


           Means
              C7            C8            C9            C10           C11
              ________      ________      ________      ________      ________
 1             16.868        16.473        16.513        16.334        15.266


           Means
              C12           C13           C14           BAGE
              ________      ________      ________      ________
 1             16.318        18.931        18.222         9.732


           Covariances
              P1            P2            P3            P4            P5
              ________      ________      ________      ________      ________
 P1             0.431
 P2             0.359         0.368
 P3             0.360         0.342         0.422
 P4             0.354         0.329         0.348         0.392
 P5             0.353         0.323         0.346         0.361         0.381
 P6             0.402         0.372         0.353         0.351         0.361
 P7             0.303         0.300         0.301         0.330         0.306
 P8             0.331         0.304         0.306         0.318         0.312
 P9             0.365         0.330         0.327         0.335         0.318
 P10            0.393         0.348         0.358         0.354         0.362
 P11            0.281         0.225         0.220         0.226         0.234
 P12            0.305         0.293         0.248         0.258         0.262
 P13            0.092         0.092         0.096         0.102         0.099
 P14            0.113         0.114         0.109         0.113         0.109
 C1             0.591         0.414         0.526         0.519         0.725
 C2             0.527         0.508         0.357         0.296         0.507
 C3             0.552         0.590         0.530         0.471         0.663
 C4             0.663         0.537         0.685         0.605         0.616
 C5             0.590         0.486         0.605         0.562         0.696
 C6             0.708         0.630         0.657         0.554         0.546
 C7             1.072         0.759         0.802         0.880         0.881
 C8             0.596         0.467         0.574         0.514         0.503
 C9             0.573         0.455         0.615         0.943         0.783
 C10            0.719         0.369         0.636         0.758         0.749
 C11            1.180         1.349         1.131         1.229         1.058
 C12            0.785         0.749         0.729         0.948         0.693
 C13            0.714         0.731         0.800         1.004         0.800
 C14            0.867         0.975         0.939         1.088         0.875
 BAGE          -1.455        -1.189        -1.362        -1.704        -1.660


           Covariances
              P6            P7            P8            P9            P10
              ________      ________      ________      ________      ________
 P6             0.445
 P7             0.346         0.394
 P8             0.362         0.307         0.397
 P9             0.390         0.329         0.327         0.400
 P10            0.421         0.350         0.360         0.397         0.484
 P11            0.272         0.201         0.286         0.267         0.314
 P12            0.337         0.250         0.260         0.319         0.314
 P13            0.097         0.090         0.087         0.099         0.097
 P14            0.109         0.092         0.093         0.109         0.101
 C1             0.793         0.503         0.583         0.636         0.523
 C2             0.805         0.309         0.169         0.629         0.755
 C3             0.626         0.214         0.295         0.671         0.398
 C4             0.807         0.324         0.466         0.745         0.744
 C5             0.724         0.304         0.437         0.808         0.591
 C6             0.750         0.696         0.373         0.651         0.865
 C7             0.845         0.736         0.643         0.807         0.876
 C8             0.518         0.468         0.614         0.585         0.798
 C9             0.637         0.587         0.594         0.585         0.604
 C10            0.741         0.960         0.502         0.814         0.879
 C11            1.119         1.016         0.513         1.155         1.161
 C12            0.897         1.063         0.893         1.198         1.268
 C13            0.757         1.028         0.765         0.903         0.954
 C14            0.913         1.123         0.855         1.010         0.999
 BAGE          -1.558        -1.855        -1.088        -1.878        -1.729


           Covariances
              P11           P12           P13           P14           C1
              ________      ________      ________      ________      ________
 P11            0.313
 P12            0.240         0.403
 P13            0.036         0.053         0.082
 P14            0.045         0.081         0.090         0.109
 C1             0.088         0.600         0.646         0.781        15.390
 C2             0.063         0.608         0.214         0.253         8.844
 C3             0.113         1.134         0.494         0.715         9.739
 C4             0.258         0.666         0.651         0.713         9.984
 C5             0.365         0.959         0.358         0.460        10.936
 C6             0.452         1.186         0.360         0.549         9.723
 C7             0.406         0.763         0.481         0.705        10.958
 C8             0.335         0.116         0.760         0.887        11.398
 C9            -0.305         0.536         0.676         0.760        12.417
 C10            0.042         0.247         0.705         0.739        11.247
 C11            0.066         1.061         1.061         1.313        12.433
 C12            0.752         0.836         0.764         0.853         9.624
 C13            0.199         0.076         0.878         0.888         5.942
 C14            0.229         0.467         0.895         0.982         6.981
 BAGE          -0.791        -1.787        -0.613        -0.623        -7.961


           Covariances
              C2            C3            C4            C5            C6
              ________      ________      ________      ________      ________
 C2            13.551
 C3             9.167        17.255
 C4             8.501         9.643        17.383
 C5             8.259        10.513        11.316        16.783
 C6             8.567        10.400        11.390        10.463        17.042
 C7             9.787        11.838        12.315        10.773        13.458
 C8             7.615         9.421        11.540        11.552        12.099
 C9             9.292        11.764        12.529        12.454        11.135
 C10            7.882         9.720        12.086        11.667        11.275
 C11           10.358        11.509        15.111        11.663        14.842
 C12            6.300         7.526        12.904        12.069        13.446
 C13            2.788         3.654         8.780         4.016         4.648
 C14            3.255         5.293         8.476         5.386         6.571
 BAGE          -7.173        -7.733        -6.267        -7.181        -8.324


           Covariances
              C7            C8            C9            C10           C11
              ________      ________      ________      ________      ________
 C7            21.736
 C8            14.099        19.915
 C9            14.703        14.175        22.842
 C10           15.503        16.197        16.021        20.080
 C11           15.912        16.502        17.160        14.024        28.067
 C12           12.843        17.121        12.378        14.467        18.123
 C13            7.934        11.121         9.239        10.951        13.738
 C14            8.082        11.540        10.481        10.507        15.700
 BAGE          -9.989        -5.051        -9.777        -7.416       -16.854


           Covariances
              C12           C13           C14           BAGE
              ________      ________      ________      ________
 C12           21.180
 C13           12.273        12.874
 C14           12.529        11.896        12.344
 BAGE         -14.766        -9.683        -9.449        51.255


           Correlations
              P1            P2            P3            P4            P5
              ________      ________      ________      ________      ________
 P1             1.000
 P2             0.902         1.000
 P3             0.843         0.866         1.000
 P4             0.861         0.864         0.855         1.000
 P5             0.870         0.861         0.862         0.934         1.000
 P6             0.919         0.920         0.815         0.840         0.876
 P7             0.735         0.788         0.740         0.839         0.791
 P8             0.800         0.795         0.749         0.806         0.801
 P9             0.880         0.859         0.795         0.847         0.815
 P10            0.860         0.825         0.792         0.812         0.841
 P11            0.766         0.663         0.605         0.643         0.677
 P12            0.733         0.760         0.602         0.650         0.669
 P13            0.487         0.527         0.514         0.571         0.560
 P14            0.522         0.572         0.507         0.548         0.538
 C1             0.230         0.174         0.206         0.211         0.299
 C2             0.218         0.227         0.149         0.128         0.223
 C3             0.203         0.234         0.196         0.181         0.259
 C4             0.242         0.212         0.253         0.232         0.239
 C5             0.220         0.195         0.227         0.219         0.275
 C6             0.261         0.251         0.245         0.214         0.214
 C7             0.350         0.268         0.265         0.301         0.306
 C8             0.204         0.172         0.198         0.184         0.183
 C9             0.183         0.157         0.198         0.315         0.265
 C10            0.244         0.136         0.218         0.270         0.271
 C11            0.339         0.420         0.329         0.370         0.323
 C12            0.260         0.268         0.244         0.329         0.244
 C13            0.303         0.336         0.343         0.447         0.361
 C14            0.376         0.457         0.411         0.494         0.403
 BAGE          -0.310        -0.274        -0.293        -0.380        -0.376


           Correlations
              P6            P7            P8            P9            P10
              ________      ________      ________      ________      ________
 P6             1.000
 P7             0.828         1.000
 P8             0.861         0.777         1.000
 P9             0.924         0.830         0.821         1.000
 P10            0.906         0.802         0.821         0.901         1.000
 P11            0.730         0.572         0.812         0.753         0.806
 P12            0.796         0.627         0.651         0.794         0.712
 P13            0.508         0.503         0.480         0.544         0.487
 P14            0.495         0.447         0.450         0.524         0.439
 C1             0.303         0.204         0.236         0.256         0.192
 C2             0.328         0.134         0.073         0.270         0.295
 C3             0.226         0.082         0.113         0.255         0.138
 C4             0.290         0.124         0.177         0.282         0.256
 C5             0.265         0.118         0.169         0.312         0.207
 C6             0.272         0.269         0.143         0.249         0.301
 C7             0.272         0.252         0.219         0.274         0.270
 C8             0.174         0.167         0.218         0.207         0.257
 C9             0.200         0.196         0.197         0.193         0.182
 C10            0.248         0.342         0.178         0.287         0.282
 C11            0.317         0.306         0.154         0.345         0.315
 C12            0.292         0.368         0.308         0.411         0.396
 C13            0.316         0.457         0.338         0.398         0.382
 C14            0.390         0.510         0.386         0.454         0.409
 BAGE          -0.326        -0.413        -0.241        -0.414        -0.347


           Correlations
              P11           P12           P13           P14           C1
              ________      ________      ________      ________      ________
 P11            1.000
 P12            0.677         1.000
 P13            0.227         0.290         1.000
 P14            0.245         0.389         0.954         1.000
 C1             0.040         0.241         0.575         0.604         1.000
 C2             0.031         0.260         0.202         0.209         0.612
 C3             0.049         0.430         0.415         0.522         0.598
 C4             0.110         0.252         0.545         0.519         0.610
 C5             0.159         0.369         0.305         0.341         0.680
 C6             0.196         0.453         0.305         0.403         0.600
 C7             0.156         0.258         0.360         0.459         0.599
 C8             0.134         0.041         0.595         0.603         0.651
 C9            -0.114         0.177         0.494         0.483         0.662
 C10            0.017         0.087         0.549         0.500         0.640
 C11            0.022         0.316         0.699         0.752         0.598
 C12            0.292         0.286         0.579         0.562         0.533
 C13            0.099         0.033         0.854         0.751         0.422
 C14            0.116         0.210         0.889         0.848         0.507
 BAGE          -0.197        -0.393        -0.299        -0.264        -0.283


           Correlations
              C2            C3            C4            C5            C6
              ________      ________      ________      ________      ________
 C2             1.000
 C3             0.600         1.000
 C4             0.554         0.557         1.000
 C5             0.548         0.618         0.662         1.000
 C6             0.564         0.606         0.662         0.619         1.000
 C7             0.570         0.611         0.634         0.564         0.699
 C8             0.464         0.508         0.620         0.632         0.657
 C9             0.528         0.593         0.629         0.636         0.564
 C10            0.478         0.522         0.647         0.636         0.609
 C11            0.531         0.523         0.684         0.537         0.679
 C12            0.372         0.394         0.672         0.640         0.708
 C13            0.211         0.245         0.587         0.273         0.314
 C14            0.252         0.363         0.579         0.374         0.453
 BAGE          -0.272        -0.260        -0.210        -0.245        -0.282


           Correlations
              C7            C8            C9            C10           C11
              ________      ________      ________      ________      ________
 C7             1.000
 C8             0.678         1.000
 C9             0.660         0.665         1.000
 C10            0.742         0.810         0.748         1.000
 C11            0.644         0.698         0.678         0.591         1.000
 C12            0.599         0.834         0.563         0.702         0.743
 C13            0.474         0.695         0.539         0.681         0.723
 C14            0.493         0.736         0.624         0.667         0.843
 BAGE          -0.299        -0.158        -0.286        -0.231        -0.444


           Correlations
              C12           C13           C14           BAGE
              ________      ________      ________      ________
 C12            1.000
 C13            0.743         1.000
 C14            0.775         0.944         1.000
 BAGE          -0.448        -0.377        -0.376         1.000


     MAXIMUM LOG-LIKELIHOOD VALUE FOR THE UNRESTRICTED (H1) MODEL IS -4993.319


UNIVARIATE HIGHER-ORDER MOMENT DESCRIPTIVE STATISTICS


     UNIVARIATE HIGHER-ORDER MOMENT DESCRIPTIVE STATISTICS

         Variable/         Mean/     Skewness/   Minimum/ % with                Percentiles
        Sample Size      Variance    Kurtosis    Maximum  Min/Max      20%/60%    40%/80%    Median

     P1                    2.156      -0.292       0.000    0.34%       1.605      2.005      2.170
             293.000       0.431      -0.205       3.535    0.34%       2.370      2.730
     P2                    2.173      -0.189       0.735    0.49%       1.695      2.050      2.180
             203.000       0.310      -0.416       3.605    0.49%       2.330      2.670
     P3                    2.066      -0.103       0.585    0.62%       1.580      1.910      2.062
             162.000       0.359      -0.286       3.630    0.62%       2.245      2.585
     P4                    2.027      -0.065       0.785    0.83%       1.555      1.910      2.060
             120.000       0.306      -0.265       3.490    0.83%       2.165      2.410
     P5                    2.051      -0.077       0.865    1.04%       1.470      1.940      2.093
              96.000       0.294      -0.588       3.285    1.04%       2.215      2.515
     P6                    2.029       0.029       0.585    1.75%       1.335      1.830      2.080
              57.000       0.460      -0.504       3.625    1.75%       2.250      2.660
     P7                    2.085      -0.313       0.995    2.08%       1.415      2.025      2.152
              48.000       0.270      -0.932       2.895    2.08%       2.255      2.535
     P8                    2.045      -0.208       0.805    1.61%       1.495      1.995      2.105
              62.000       0.324      -0.792       3.015    1.61%       2.205      2.675
     P9                    2.057       0.093       1.055    1.59%       1.580      1.880      2.100
              63.000       0.272      -0.597       3.220    1.59%       2.195      2.470
     P10                   1.921      -0.116       1.000    2.13%       1.465      1.835      1.975
              47.000       0.237      -0.608       2.870    2.13%       2.055      2.310
     P11                   1.827      -0.521       0.610    3.03%       1.465      1.750      1.810
              33.000       0.207       0.328       2.635    3.03%       1.935      2.250
     P12                   1.860      -0.380       1.015    7.14%       1.500      1.725      1.907
              14.000       0.193      -0.697       2.550    7.14%       1.925      2.155
     P13                   1.904      -0.924       1.010   25.00%       1.010      1.965      2.140
               4.000       0.287      -0.885       2.325   25.00%       1.965      2.315
     P14                   1.693      -0.220       0.835   25.00%       0.835      1.435      1.755
               4.000       0.371      -1.449       2.425   25.00%       1.435      2.075
     C1                   16.233       0.004       5.000    0.30%      13.000     15.000     16.000
             335.000      15.397      -0.098      29.000    0.30%      17.000     20.000
     C2                   17.093      -0.072       6.000    0.37%      14.000     16.000     17.000
             268.000      13.323      -0.412      25.000    1.87%      18.000     20.000
     C3                   17.145      -0.391       3.000    0.44%      14.000     16.000     17.000
             227.000      16.019       0.222      27.000    0.44%      18.000     21.000
     C4                   17.433      -0.203       8.000    1.60%      14.000     16.000     18.000
             187.000      16.053      -0.337      27.000    1.07%      19.000     21.000
     C5                   17.594      -0.032       7.000    0.61%      14.000     17.000     18.000
             165.000      14.229       0.000      28.000    0.61%      19.000     21.000
     C6                   18.073       0.129       8.000    0.81%      15.000     17.000     18.000
             123.000      14.995      -0.288      27.000    1.63%      19.000     21.000
     C7                   18.000      -0.177       7.000    0.93%      14.000     17.000     18.000
             107.000      18.953      -0.399      30.000    0.93%      20.000     22.000
     C8                   17.689      -0.091       8.000    1.11%      14.000     17.000     18.000
              90.000      18.814      -0.645      27.000    2.22%      19.000     22.000
     C9                   17.919      -0.231       8.000    1.35%      14.000     17.000     18.000
              74.000      17.507      -0.627      27.000    1.35%      19.000     22.000
     C10                  18.118       0.476      11.000    3.92%      15.000     17.000     18.000
              51.000      14.614       0.220      28.000    1.96%      19.000     21.000
     C11                  17.300      -0.074       8.000    2.50%      13.000     16.000     17.500
              40.000      18.610      -0.844      26.000    2.50%      18.000     21.000
     C12                  17.632       0.036       8.000    5.26%      15.000     17.000     18.000
              19.000      19.391       0.629      28.000    5.26%      18.000     20.000
     C13                  19.800       0.106      12.000   20.00%      12.000     18.000     20.000
               5.000      26.560      -0.665      28.000   20.00%      20.000     21.000
     C14                  19.250      -0.104      11.000   25.00%      11.000     17.000     19.500
               4.000      35.188      -1.320      27.000   25.00%      17.000     22.000
     BAGE                  9.732      -0.533     -12.094    0.30%       3.996      8.620     10.735
             336.000      51.255       0.023      25.242    0.30%      12.382     15.744


THE MODEL ESTIMATION TERMINATED NORMALLY



MODEL FIT INFORMATION

Number of Free Parameters                       21

Loglikelihood

          H0 Value                       -4703.489
          H0 Scaling Correction Factor      1.0874
            for MLR

Information Criteria

          Akaike (AIC)                    9448.979
          Bayesian (BIC)                  9529.138
          Sample-Size Adjusted BIC        9462.523
            (n* = (n + 2) / 24)



MODEL RESULTS

                                                    Two-Tailed
                    Estimate       S.E.  Est./S.E.    P-Value

 IP         ON
    BAGE              -0.027      0.004     -6.205      0.000

 SP         ON
    BAGE              -0.001      0.001     -1.494      0.135

 IC         ON
    BAGE              -0.143      0.026     -5.489      0.000

 SC         ON
    BAGE              -0.003      0.005     -0.685      0.493

 IP       WITH
    SP                -0.003      0.002     -1.665      0.096
    IC                 0.342      0.122      2.806      0.005
    SC                 0.000      0.020      0.002      0.999

 SP       WITH
    IC                -0.001      0.011     -0.107      0.915
    SC                 0.001      0.001      1.042      0.298

 IC       WITH
    SC                 0.095      0.096      0.993      0.321

 P1       WITH
    C1                 0.043      0.022      1.924      0.054

 P2       WITH
    C2                 0.043      0.022      1.924      0.054

 P3       WITH
    C3                 0.043      0.022      1.924      0.054

 P4       WITH
    C4                 0.043      0.022      1.924      0.054

 P5       WITH
    C5                 0.043      0.022      1.924      0.054

 P6       WITH
    C6                 0.043      0.022      1.924      0.054

 P7       WITH
    C7                 0.043      0.022      1.924      0.054

 P8       WITH
    C8                 0.043      0.022      1.924      0.054

 P9       WITH
    C9                 0.043      0.022      1.924      0.054

 P10      WITH
    C10                0.043      0.022      1.924      0.054

 P11      WITH
    C11                0.043      0.022      1.924      0.054

 P12      WITH
    C12                0.043      0.022      1.924      0.054

 P13      WITH
    C13                0.043      0.022      1.924      0.054

 P14      WITH
    C14                0.043      0.022      1.924      0.054

 Intercepts
    P1                 0.000      0.000    999.000    999.000
    P2                 0.000      0.000    999.000    999.000
    P3                 0.000      0.000    999.000    999.000
    P4                 0.000      0.000    999.000    999.000
    P5                 0.000      0.000    999.000    999.000
    P6                 0.000      0.000    999.000    999.000
    P7                 0.000      0.000    999.000    999.000
    P8                 0.000      0.000    999.000    999.000
    P9                 0.000      0.000    999.000    999.000
    P10                0.000      0.000    999.000    999.000
    P11                0.000      0.000    999.000    999.000
    P12                0.000      0.000    999.000    999.000
    P13                0.000      0.000    999.000    999.000
    P14                0.000      0.000    999.000    999.000
    C1                 0.000      0.000    999.000    999.000
    C2                 0.000      0.000    999.000    999.000
    C3                 0.000      0.000    999.000    999.000
    C4                 0.000      0.000    999.000    999.000
    C5                 0.000      0.000    999.000    999.000
    C6                 0.000      0.000    999.000    999.000
    C7                 0.000      0.000    999.000    999.000
    C8                 0.000      0.000    999.000    999.000
    C9                 0.000      0.000    999.000    999.000
    C10                0.000      0.000    999.000    999.000
    C11                0.000      0.000    999.000    999.000
    C12                0.000      0.000    999.000    999.000
    C13                0.000      0.000    999.000    999.000
    C14                0.000      0.000    999.000    999.000
    IP                 2.406      0.055     43.417      0.000
    SP                -0.040      0.005     -7.960      0.000
    IC                18.033      0.319     56.586      0.000
    SC                 0.038      0.052      0.723      0.470

 Residual Variances
    P1                 0.050      0.005     10.195      0.000
    P2                 0.050      0.005     10.195      0.000
    P3                 0.050      0.005     10.195      0.000
    P4                 0.050      0.005     10.195      0.000
    P5                 0.050      0.005     10.195      0.000
    P6                 0.050      0.005     10.195      0.000
    P7                 0.050      0.005     10.195      0.000
    P8                 0.050      0.005     10.195      0.000
    P9                 0.050      0.005     10.195      0.000
    P10                0.050      0.005     10.195      0.000
    P11                0.050      0.005     10.195      0.000
    P12                0.050      0.005     10.195      0.000
    P13                0.050      0.005     10.195      0.000
    P14                0.050      0.005     10.195      0.000
    C1                 6.398      0.275     23.233      0.000
    C2                 6.398      0.275     23.233      0.000
    C3                 6.398      0.275     23.233      0.000
    C4                 6.398      0.275     23.233      0.000
    C5                 6.398      0.275     23.233      0.000
    C6                 6.398      0.275     23.233      0.000
    C7                 6.398      0.275     23.233      0.000
    C8                 6.398      0.275     23.233      0.000
    C9                 6.398      0.275     23.233      0.000
    C10                6.398      0.275     23.233      0.000
    C11                6.398      0.275     23.233      0.000
    C12                6.398      0.275     23.233      0.000
    C13                6.398      0.275     23.233      0.000
    C14                6.398      0.275     23.233      0.000
    IP                 0.320      0.028     11.307      0.000
    SP                 0.000      0.000      2.483      0.013
    IC                 8.127      0.842      9.649      0.000
    SC                 0.037      0.013      2.806      0.005

New/Additional Parameters
    R_IPIC             0.212      0.073      2.901      0.004
    R_SPSC             0.317      0.305      1.040      0.298
    R_RES_PC           0.076      0.039      1.934      0.053


QUALITY OF NUMERICAL RESULTS

     Condition Number for the Information Matrix              0.153E-05
       (ratio of smallest to largest eigenvalue)


CONFIDENCE INTERVALS OF MODEL RESULTS

                  Lower .5%  Lower 2.5%    Lower 5%    Estimate    Upper 5%  Upper 2.5%   Upper .5%

 IP       ON
    BAGE            -0.039      -0.036      -0.035      -0.027      -0.020      -0.019      -0.016

 SP       ON
    BAGE            -0.002      -0.002      -0.002      -0.001       0.000       0.000       0.001

 IC       ON
    BAGE            -0.209      -0.193      -0.185      -0.143      -0.100      -0.092      -0.076

 SC       ON
    BAGE            -0.016      -0.013      -0.012      -0.003       0.005       0.006       0.009

 IP       WITH
    SP              -0.007      -0.006      -0.006      -0.003       0.000       0.001       0.002
    IC               0.028       0.103       0.141       0.342       0.542       0.580       0.655
    SC              -0.053      -0.040      -0.034       0.000       0.034       0.040       0.053

 SP       WITH
    IC              -0.028      -0.022      -0.019      -0.001       0.016       0.020       0.026
    SC              -0.002      -0.001      -0.001       0.001       0.003       0.003       0.004

 IC       WITH
    SC              -0.151      -0.092      -0.062       0.095       0.252       0.282       0.341

 P1       WITH
    C1              -0.015      -0.001       0.006       0.043       0.080       0.087       0.101

 P2       WITH
    C2              -0.015      -0.001       0.006       0.043       0.080       0.087       0.101

 P3       WITH
    C3              -0.015      -0.001       0.006       0.043       0.080       0.087       0.101

 P4       WITH
    C4              -0.015      -0.001       0.006       0.043       0.080       0.087       0.101

 P5       WITH
    C5              -0.015      -0.001       0.006       0.043       0.080       0.087       0.101

 P6       WITH
    C6              -0.015      -0.001       0.006       0.043       0.080       0.087       0.101

 P7       WITH
    C7              -0.015      -0.001       0.006       0.043       0.080       0.087       0.101

 P8       WITH
    C8              -0.015      -0.001       0.006       0.043       0.080       0.087       0.101

 P9       WITH
    C9              -0.015      -0.001       0.006       0.043       0.080       0.087       0.101

 P10      WITH
    C10             -0.015      -0.001       0.006       0.043       0.080       0.087       0.101

 P11      WITH
    C11             -0.015      -0.001       0.006       0.043       0.080       0.087       0.101

 P12      WITH
    C12             -0.015      -0.001       0.006       0.043       0.080       0.087       0.101

 P13      WITH
    C13             -0.015      -0.001       0.006       0.043       0.080       0.087       0.101

 P14      WITH
    C14             -0.015      -0.001       0.006       0.043       0.080       0.087       0.101

 Intercepts
    P1               0.000       0.000       0.000       0.000       0.000       0.000       0.000
    P2               0.000       0.000       0.000       0.000       0.000       0.000       0.000
    P3               0.000       0.000       0.000       0.000       0.000       0.000       0.000
    P4               0.000       0.000       0.000       0.000       0.000       0.000       0.000
    P5               0.000       0.000       0.000       0.000       0.000       0.000       0.000
    P6               0.000       0.000       0.000       0.000       0.000       0.000       0.000
    P7               0.000       0.000       0.000       0.000       0.000       0.000       0.000
    P8               0.000       0.000       0.000       0.000       0.000       0.000       0.000
    P9               0.000       0.000       0.000       0.000       0.000       0.000       0.000
    P10              0.000       0.000       0.000       0.000       0.000       0.000       0.000
    P11              0.000       0.000       0.000       0.000       0.000       0.000       0.000
    P12              0.000       0.000       0.000       0.000       0.000       0.000       0.000
    P13              0.000       0.000       0.000       0.000       0.000       0.000       0.000
    P14              0.000       0.000       0.000       0.000       0.000       0.000       0.000
    C1               0.000       0.000       0.000       0.000       0.000       0.000       0.000
    C2               0.000       0.000       0.000       0.000       0.000       0.000       0.000
    C3               0.000       0.000       0.000       0.000       0.000       0.000       0.000
    C4               0.000       0.000       0.000       0.000       0.000       0.000       0.000
    C5               0.000       0.000       0.000       0.000       0.000       0.000       0.000
    C6               0.000       0.000       0.000       0.000       0.000       0.000       0.000
    C7               0.000       0.000       0.000       0.000       0.000       0.000       0.000
    C8               0.000       0.000       0.000       0.000       0.000       0.000       0.000
    C9               0.000       0.000       0.000       0.000       0.000       0.000       0.000
    C10              0.000       0.000       0.000       0.000       0.000       0.000       0.000
    C11              0.000       0.000       0.000       0.000       0.000       0.000       0.000
    C12              0.000       0.000       0.000       0.000       0.000       0.000       0.000
    C13              0.000       0.000       0.000       0.000       0.000       0.000       0.000
    C14              0.000       0.000       0.000       0.000       0.000       0.000       0.000
    IP               2.263       2.298       2.315       2.406       2.497       2.515       2.549
    SP              -0.053      -0.050      -0.048      -0.040      -0.032      -0.030      -0.027
    IC              17.212      17.408      17.509      18.033      18.557      18.658      18.854
    SC              -0.097      -0.065      -0.048       0.038       0.124       0.141       0.173

 Residual Variances
    P1               0.037       0.041       0.042       0.050       0.058       0.060       0.063
    P2               0.037       0.041       0.042       0.050       0.058       0.060       0.063
    P3               0.037       0.041       0.042       0.050       0.058       0.060       0.063
    P4               0.037       0.041       0.042       0.050       0.058       0.060       0.063
    P5               0.037       0.041       0.042       0.050       0.058       0.060       0.063
    P6               0.037       0.041       0.042       0.050       0.058       0.060       0.063
    P7               0.037       0.041       0.042       0.050       0.058       0.060       0.063
    P8               0.037       0.041       0.042       0.050       0.058       0.060       0.063
    P9               0.037       0.041       0.042       0.050       0.058       0.060       0.063
    P10              0.037       0.041       0.042       0.050       0.058       0.060       0.063
    P11              0.037       0.041       0.042       0.050       0.058       0.060       0.063
    P12              0.037       0.041       0.042       0.050       0.058       0.060       0.063
    P13              0.037       0.041       0.042       0.050       0.058       0.060       0.063
    P14              0.037       0.041       0.042       0.050       0.058       0.060       0.063
    C1               5.688       5.858       5.945       6.398       6.851       6.937       7.107
    C2               5.688       5.858       5.945       6.398       6.851       6.937       7.107
    C3               5.688       5.858       5.945       6.398       6.851       6.937       7.107
    C4               5.688       5.858       5.945       6.398       6.851       6.937       7.107
    C5               5.688       5.858       5.945       6.398       6.851       6.937       7.107
    C6               5.688       5.858       5.945       6.398       6.851       6.937       7.107
    C7               5.688       5.858       5.945       6.398       6.851       6.937       7.107
    C8               5.688       5.858       5.945       6.398       6.851       6.937       7.107
    C9               5.688       5.858       5.945       6.398       6.851       6.937       7.107
    C10              5.688       5.858       5.945       6.398       6.851       6.937       7.107
    C11              5.688       5.858       5.945       6.398       6.851       6.937       7.107
    C12              5.688       5.858       5.945       6.398       6.851       6.937       7.107
    C13              5.688       5.858       5.945       6.398       6.851       6.937       7.107
    C14              5.688       5.858       5.945       6.398       6.851       6.937       7.107
    IP               0.247       0.265       0.274       0.320       0.367       0.376       0.393
    SP               0.000       0.000       0.000       0.000       0.001       0.001       0.001
    IC               5.957       6.476       6.741       8.127       9.513       9.778      10.297
    SC               0.003       0.011       0.015       0.037       0.059       0.064       0.072

New/Additional Parameters
    R_IPIC           0.024       0.069       0.092       0.212       0.332       0.355       0.400
    R_SPSC          -0.469      -0.281      -0.185       0.317       0.819       0.915       1.103
    R_RES_PC        -0.025      -0.001       0.011       0.076       0.141       0.154       0.178


SAMPLE STATISTICS FOR ESTIMATED FACTOR SCORES


     SAMPLE STATISTICS


           Means
              IP            IP_SE         SP            SP_SE         IC
              ________      ________      ________      ________      ________
 1              2.139         0.168        -0.047         0.018        16.646


           Means
              IC_SE         SC            SC_SE
              ________      ________      ________
 1              1.274         0.005         0.175


           Covariances
              IP            IP_SE         SP            SP_SE         IC
              ________      ________      ________      ________      ________
 IP             0.319
 IP_SE         -0.007         0.011
 SP            -0.001         0.000         0.000
 SP_SE          0.000         0.000         0.000         0.000
 IC             0.518        -0.057         0.006        -0.001         7.435
 IC_SE         -0.034         0.016         0.000         0.000        -0.239
 SC             0.006        -0.001         0.000         0.000         0.148
 SC_SE         -0.002         0.001         0.000         0.000        -0.015


           Covariances
              IC_SE         SC            SC_SE
              ________      ________      ________
 IC_SE          0.109
 SC            -0.003         0.007
 SC_SE          0.005         0.000         0.000


           Correlations
              IP            IP_SE         SP            SP_SE         IC
              ________      ________      ________      ________      ________
 IP             1.000
 IP_SE         -0.123         1.000
 SP            -0.198        -0.043         1.000
 SP_SE         -0.222         0.419        -0.034         1.000
 IC             0.336        -0.195         0.226        -0.233         1.000
 IC_SE         -0.184         0.444        -0.017         0.553        -0.265
 SC             0.136        -0.086         0.466        -0.111         0.645
 SC_SE         -0.222         0.374        -0.041         0.915        -0.276


           Correlations
              IC_SE         SC            SC_SE
              ________      ________      ________
 IC_SE          1.000
 SC            -0.123         1.000
 SC_SE          0.705        -0.145         1.000


PLOT INFORMATION

The following plots are available:

  Histograms (sample values, estimated factor scores)
  Scatterplots (sample values, estimated factor scores)
  Latent variable distribution plots

     Beginning Time:  04:52:03
        Ending Time:  04:52:37
       Elapsed Time:  00:00:34



MUTHEN & MUTHEN
3463 Stoner Ave.
Los Angeles, CA  90066

Tel: (310) 391-9971
Fax: (310) 391-8971
Web: www.StatModel.com
Support: Support@StatModel.com

Copyright (c) 1998-2014 Muthen & Muthen
