Mplus VERSION 7.3
MUTHEN & MUTHEN
10/09/2015   9:48 PM

INPUT INSTRUCTIONS

  TITLE:
  Your new title
  DATA:
  File = radcMAP_wide.dat;
  VARIABLE:
  Names are
  	projid study_x scaled_to_x agreeableness conscientiousness extraversion
  	neo_altruism neo_conscientiousness neo_trust openness anxiety_10items
  	neuroticism_12 neuroticism_6 age_bl age_death educ msex race spanish q1inc
  	apoe_genotype ldai_bl q3smo_bl q4smo_bl smoking married married2 age_at_visit_00
  	age_at_visit_01 age_at_visit_02 age_at_visit_03 age_at_visit_04 age_at_visit_05
  	age_at_visit_06 age_at_visit_07 age_at_visit_08 age_at_visit_09 age_at_visit_10
  	age_at_visit_11 age_at_visit_12 age_at_visit_13 age_at_visit_14 age_at_visit_15
  	age_at_visit_16 age_at_visit_17 age_at_visit_18 age_at_visit_19 age_at_visit_20
  	alcohol_g_00 alcohol_g_01 alcohol_g_02 alcohol_g_03 alcohol_g_04 alcohol_g_05
  	alcohol_g_06 alcohol_g_07 alcohol_g_08 alcohol_g_09 alcohol_g_10 alcohol_g_11
  	alcohol_g_12 alcohol_g_13 alcohol_g_14 alcohol_g_15 alcohol_g_16 alcohol_g_17
  	alcohol_g_18 alcohol_g_19 alcohol_g_20 bmi_00 bmi_01 bmi_02 bmi_03 bmi_04 bmi_05
  	bmi_06 bmi_07 bmi_08 bmi_09 bmi_10 bmi_11 bmi_12 bmi_13 bmi_14 bmi_15 bmi_16
  	bmi_17 bmi_18 bmi_19 bmi_20 bp11_00 bp11_01 bp11_02 bp11_03 bp11_04 bp11_05
  	bp11_06 bp11_07 bp11_08 bp11_09 bp11_10 bp11_11 bp11_12 bp11_13 bp11_14 bp11_15
  	bp11_16 bp11_17 bp11_18 bp11_19 bp11_20 bp2_00 bp2_01 bp2_02 bp2_03 bp2_04
  	bp2_05 bp2_06 bp2_07 bp2_08 bp2_09 bp2_10 bp2_11 bp2_12 bp2_13 bp2_14 bp2_15
  	bp2_16 bp2_17 bp2_18 bp2_19 bp2_20 bp3_00 bp3_01 bp3_02 bp3_03 bp3_04 bp3_05
  	bp3_06 bp3_07 bp3_08 bp3_09 bp3_10 bp31_00 bp31_01 bp31_02 bp31_03 bp31_04
  	bp31_05 bp31_06 bp31_07 bp31_08 bp31_09 bp3_11 bp31_10 bp31_11 bp31_12 bp31_13
  	bp31_14 bp31_15 bp31_16 bp31_17 bp31_18 bp31_19 bp3_12 bp31_20 bp3_13 bp3_14
  	bp3_15 bp3_16 bp3_17 bp3_18 bp3_19 bp3_20 bun_00 bun_01 bun_02 bun_03 bun_04
  	bun_05 bun_06 bun_07 bun_08 bun_09 bun_10 bun_11 bun_12 bun_13 bun_14 bun_15
  	bun_16 bun_17 bun_18 bun_19 bun_20 ca_00 ca_01 ca_02 ca_03 ca_04 ca_05 ca_06
  	ca_07 ca_08 ca_09 ca_10 ca_11 ca_12 ca_13 ca_14 ca_15 ca_16 ca_17 ca_18 ca_19
  	ca_20 cesdsum_00 cesdsum_01 cesdsum_02 cesdsum_03 cesdsum_04 cesdsum_05
  	cesdsum_06 cesdsum_07 cesdsum_08 cesdsum_09 cesdsum_10 cesdsum_11 cesdsum_12
  	cesdsum_13 cesdsum_14 cesdsum_15 cesdsum_16 cesdsum_17 cesdsum_18 cesdsum_19
  	cesdsum_20 chf_cum_00 chf_cum_01 chf_cum_02 chf_cum_03 chf_cum_04 chf_cum_05
  	chf_cum_06 chf_cum_07 chf_cum_08 chf_cum_09 chf_cum_10 chf_cum_11 chf_cum_12
  	chf_cum_13 chf_cum_14 chf_cum_15 chf_cum_16 chf_cum_17 chf_cum_18 chf_cum_19
  	chf_cum_20 chlstrl_00 chlstrl_01 chlstrl_02 chlstrl_03 chlstrl_04 chlstrl_05
  	chlstrl_06 chlstrl_07 chlstrl_08 chlstrl_09 chlstrl_10 chlstrl_11 chlstrl_12
  	chlstrl_13 chlstrl_14 chlstrl_15 chlstrl_16 chlstrl_17 chlstrl_18 chlstrl_19
  	chlstrl_20 cl_00 cl_01 cl_02 cl_03 cl_04 cl_05 cl_06 cl_07 cl_08 cl_09 cl_10
  	cl_11 cl_12 cl_13 cl_14 cl_15 cl_16 cl_17 cl_18 cl_19 cl_20 claudication_cum_00
  	claudication_cum_01 claudication_cum_02 claudication_cum_03 claudication_cum_04
  	claudication_cum_05 claudication_cum_06 claudication_cum_07 claudication_cum_08
  	claudication_cum_09 claudication_cum_10 claudication_cum_11 claudication_cum_12
  	claudication_cum_13 claudication_cum_14 claudication_cum_15 claudication_cum_16
  	claudication_cum_17 claudication_cum_18 claudication_cum_19 claudication_cum_20
  	co2_00 co2_01 co2_02 co2_03 co2_04 co2_05 co2_06 co2_07 co2_08 co2_09 co2_10
  	co2_11 co2_12 co2_13 co2_14 co2_15 co2_16 co2_17 co2_18 co2_19 co2_20 cogn_ep_00
  	cogn_ep_01 cogn_ep_02 cogn_ep_03 cogn_ep_04 cogn_ep_05 cogn_ep_06 cogn_ep_07
  	cogn_ep_08 cogn_ep_09 cogn_ep_10 cogn_ep_11 cogn_ep_12 cogn_ep_13 cogn_ep_14
  	cogn_ep_15 cogn_ep_16 cogn_ep_17 cogn_ep_18 cogn_ep_19 cogn_ep_20 cogn_global_00
  	cogn_global_01 cogn_global_02 cogn_global_03 cogn_global_04 cogn_global_05
  	cogn_global_06 cogn_global_07 cogn_global_08 cogn_global_09 cogn_global_10
  	cogn_global_11 cogn_global_12 cogn_global_13 cogn_global_14 cogn_global_15
  	cogn_global_16 cogn_global_17 cogn_global_18 cogn_global_19 cogn_global_20
  	cogn_po_00 cogn_po_01 cogn_po_02 cogn_po_03 cogn_po_04 cogn_po_05 cogn_po_06
  	cogn_po_07 cogn_po_08 cogn_po_09 cogn_po_10 cogn_po_11 cogn_po_12 cogn_po_13
  	cogn_po_14 cogn_po_15 cogn_po_16 cogn_po_17 cogn_po_18 cogn_po_19 cogn_po_20
  	cogn_ps_00 cogn_ps_01 cogn_ps_02 cogn_ps_03 cogn_ps_04 cogn_ps_05 cogn_ps_06
  	cogn_ps_07 cogn_ps_08 cogn_ps_09 cogn_ps_10 cogn_ps_11 cogn_ps_12 cogn_ps_13
  	cogn_ps_14 cogn_ps_15 cogn_ps_16 cogn_ps_17 cogn_ps_18 cogn_ps_19 cogn_ps_20
  	cogn_se_00 cogn_se_01 cogn_se_02 cogn_se_03 cogn_se_04 cogn_se_05 cogn_se_06
  	cogn_se_07 cogn_se_08 cogn_se_09 cogn_se_10 cogn_se_11 cogn_se_12 cogn_se_13
  	cogn_se_14 cogn_se_15 cogn_se_16 cogn_se_17 cogn_se_18 cogn_se_19 cogn_se_20
  	cogn_wo_00 cogn_wo_01 cogn_wo_02 cogn_wo_03 cogn_wo_04 cogn_wo_05 cogn_wo_06
  	cogn_wo_07 cogn_wo_08 cogn_wo_09 cogn_wo_10 cogn_wo_11 cogn_wo_12 cogn_wo_13
  	cogn_wo_14 cogn_wo_15 cogn_wo_16 cogn_wo_17 cogn_wo_18 cogn_wo_19 cogn_wo_20
  	crn_00 crn_01 crn_02 crn_03 crn_04 crn_05 crn_06 crn_07 crn_08 crn_09 crn_10
  	crn_11 crn_12 crn_13 crn_14 crn_15 crn_16 crn_17 crn_18 crn_19 crn_20
  	cts_bname_00 cts_bname_01 cts_bname_02 cts_bname_03 cts_bname_04 cts_bname_05
  	cts_bname_06 cts_bname_07 cts_bname_08 cts_bname_09 cts_bname_10 cts_bname_11
  	cts_bname_12 cts_bname_13 cts_bname_14 cts_bname_15 cts_bname_16 cts_bname_17
  	cts_bname_18 cts_bname_19 cts_bname_20 cts_catflu_00 cts_catflu_01 cts_catflu_02
  	cts_catflu_03 cts_catflu_04 cts_catflu_05 cts_catflu_06 cts_catflu_07
  	cts_catflu_08 cts_catflu_09 cts_catflu_10 cts_catflu_11 cts_catflu_12
  	cts_catflu_13 cts_catflu_14 cts_catflu_15 cts_catflu_16 cts_catflu_17
  	cts_catflu_18 cts_catflu_19 cts_catflu_20 cts_db_00 cts_db_01 cts_db_02
  	cts_db_03 cts_db_04 cts_db_05 cts_db_06 cts_db_07 cts_db_08 cts_db_09 cts_db_10
  	cts_db_11 cts_db_12 cts_db_13 cts_db_14 cts_db_15 cts_db_16 cts_db_17 cts_db_18
  	cts_db_19 cts_db_20 cts_delay_00 cts_delay_01 cts_delay_02 cts_delay_03
  	cts_delay_04 cts_delay_05 cts_delay_06 cts_delay_07 cts_delay_08 cts_delay_09
  	cts_delay_10 cts_delay_11 cts_delay_12 cts_delay_13 cts_delay_14 cts_delay_15
  	cts_delay_16 cts_delay_17 cts_delay_18 cts_delay_19 cts_delay_20 cts_df_00
  	cts_df_01 cts_df_02 cts_df_03 cts_df_04 cts_df_05 cts_df_06 cts_df_07 cts_df_08
  	cts_df_09 cts_df_10 cts_df_11 cts_df_12 cts_df_13 cts_df_14 cts_df_15 cts_df_16
  	cts_df_17 cts_df_18 cts_df_19 cts_df_20 cts_doperf_00 cts_doperf_01
  	cts_doperf_02 cts_doperf_03 cts_doperf_04 cts_doperf_05 cts_doperf_06
  	cts_doperf_07 cts_doperf_08 cts_doperf_09 cts_doperf_10 cts_doperf_11
  	cts_doperf_12 cts_doperf_13 cts_doperf_14 cts_doperf_15 cts_doperf_16
  	cts_doperf_17 cts_doperf_18 cts_doperf_19 cts_doperf_20 cts_ebdr_00 cts_ebdr_01
  	cts_ebdr_02 cts_ebdr_03 cts_ebdr_04 cts_ebdr_05 cts_ebdr_06 cts_ebdr_07
  	cts_ebdr_08 cts_ebdr_09 cts_ebdr_10 cts_ebdr_11 cts_ebdr_12 cts_ebdr_13
  	cts_ebdr_14 cts_ebdr_15 cts_ebdr_16 cts_ebdr_17 cts_ebdr_18 cts_ebdr_19
  	cts_ebdr_20 cts_ebmt_00 cts_ebmt_01 cts_ebmt_02 cts_ebmt_03 cts_ebmt_04
  	cts_ebmt_05 cts_ebmt_06 cts_ebmt_07 cts_ebmt_08 cts_ebmt_09 cts_ebmt_10
  	cts_ebmt_11 cts_ebmt_12 cts_ebmt_13 cts_ebmt_14 cts_ebmt_15 cts_ebmt_16
  	cts_ebmt_17 cts_ebmt_18 cts_ebmt_19 cts_ebmt_20 cts_idea_00 cts_idea_01
  	cts_idea_02 cts_idea_03 cts_idea_04 cts_idea_05 cts_idea_06 cts_idea_07
  	cts_idea_08 cts_idea_09 cts_idea_10 cts_idea_11 cts_idea_12 cts_idea_13
  	cts_idea_14 cts_idea_15 cts_idea_16 cts_idea_17 cts_idea_18 cts_idea_19
  	cts_idea_20 cts_lopair_00 cts_lopair_01 cts_lopair_02 cts_lopair_03
  	cts_lopair_04 cts_lopair_05 cts_lopair_06 cts_lopair_07 cts_lopair_08
  	cts_lopair_09 cts_lopair_10 cts_lopair_11 cts_lopair_12 cts_lopair_13
  	cts_lopair_14 cts_lopair_15 cts_lopair_16 cts_lopair_17 cts_lopair_18
  	cts_lopair_19 cts_lopair_20 cts_mmse30_00 cts_mmse30_01 cts_mmse30_02
  	cts_mmse30_03 cts_mmse30_04 cts_mmse30_05 cts_mmse30_06 cts_mmse30_07
  	cts_mmse30_08 cts_mmse30_09 cts_mmse30_10 cts_mmse30_11 cts_mmse30_12
  	cts_mmse30_13 cts_mmse30_14 cts_mmse30_15 cts_mmse30_16 cts_mmse30_17
  	cts_mmse30_18 cts_mmse30_19 cts_mmse30_20 cts_nccrtd_00 cts_nccrtd_01
  	cts_nccrtd_02 cts_nccrtd_03 cts_nccrtd_04 cts_nccrtd_05 cts_nccrtd_06
  	cts_nccrtd_07 cts_nccrtd_08 cts_nccrtd_09 cts_nccrtd_10 cts_nccrtd_11
  	cts_nccrtd_12 cts_nccrtd_13 cts_nccrtd_14 cts_nccrtd_15 cts_nccrtd_16
  	cts_nccrtd_17 cts_nccrtd_18 cts_nccrtd_19 cts_nccrtd_20 cts_pmat_00 cts_pmat_01
  	cts_pmat_02 cts_pmat_03 cts_pmat_04 cts_pmat_05 cts_pmat_06 cts_pmat_07
  	cts_pmat_08 cts_pmat_09 cts_pmat_10 cts_pmat_11 cts_pmat_12 cts_pmat_13
  	cts_pmat_14 cts_pmat_15 cts_pmat_16 cts_pmat_17 cts_pmat_18 cts_pmat_19
  	cts_pmat_20 cts_read_nart_00 cts_read_nart_01 cts_read_nart_02 cts_read_nart_03
  	cts_read_nart_04 cts_read_nart_05 cts_read_nart_06 cts_read_nart_07
  	cts_read_nart_08 cts_read_nart_09 cts_read_nart_10 cts_read_nart_11
  	cts_read_nart_12 cts_read_nart_13 cts_read_nart_14 cts_read_nart_15
  	cts_read_nart_16 cts_read_nart_17 cts_read_nart_18 cts_read_nart_19
  	cts_read_nart_20 cts_read_wrat_00 cts_read_wrat_01 cts_read_wrat_02
  	cts_read_wrat_03 cts_read_wrat_04 cts_read_wrat_05 cts_read_wrat_06
  	cts_read_wrat_07 cts_read_wrat_08 cts_read_wrat_09 cts_read_wrat_10
  	cts_read_wrat_11 cts_read_wrat_12 cts_read_wrat_13 cts_read_wrat_14
  	cts_read_wrat_15 cts_read_wrat_16 cts_read_wrat_17 cts_read_wrat_18
  	cts_read_wrat_19 cts_read_wrat_20 cts_sdmt_00 cts_sdmt_01 cts_sdmt_02
  	cts_sdmt_03 cts_sdmt_04 cts_sdmt_05 cts_sdmt_06 cts_sdmt_07 cts_sdmt_08
  	cts_sdmt_09 cts_sdmt_10 cts_sdmt_11 cts_sdmt_12 cts_sdmt_13 cts_sdmt_14
  	cts_sdmt_15 cts_sdmt_16 cts_sdmt_17 cts_sdmt_18 cts_sdmt_19 cts_sdmt_20
  	cts_story_00 cts_story_01 cts_story_02 cts_story_03 cts_story_04 cts_story_05
  	cts_story_06 cts_story_07 cts_story_08 cts_story_09 cts_story_10 cts_story_11
  	cts_story_12 cts_story_13 cts_story_14 cts_story_15 cts_story_16 cts_story_17
  	cts_story_18 cts_story_19 cts_story_20 cts_wli_00 cts_wli_01 cts_wli_02
  	cts_wli_03 cts_wli_04 cts_wli_05 cts_wli_06 cts_wli_07 cts_wli_08 cts_wli_09
  	cts_wli_10 cts_wli_11 cts_wli_12 cts_wli_13 cts_wli_14 cts_wli_15 cts_wli_16
  	cts_wli_17 cts_wli_18 cts_wli_19 cts_wli_20 cts_wlii_00 cts_wlii_01 cts_wlii_02
  	cts_wlii_03 cts_wlii_04 cts_wlii_05 cts_wlii_06 cts_wlii_07 cts_wlii_08
  	cts_wlii_09 cts_wlii_10 cts_wlii_11 cts_wlii_12 cts_wlii_13 cts_wlii_14
  	cts_wlii_15 cts_wlii_16 cts_wlii_17 cts_wlii_18 cts_wlii_19 cts_wlii_20
  	cts_wliii_00 cts_wliii_01 cts_wliii_02 cts_wliii_03 cts_wliii_04 cts_wliii_05
  	cts_wliii_06 cts_wliii_07 cts_wliii_08 cts_wliii_09 cts_wliii_10 cts_wliii_11
  	cts_wliii_12 cts_wliii_13 cts_wliii_14 cts_wliii_15 cts_wliii_16 cts_wliii_17
  	cts_wliii_18 cts_wliii_19 cts_wliii_20 dcfdx_00 dcfdx_01 dcfdx_02 dcfdx_03
  	dcfdx_04 dcfdx_05 dcfdx_06 dcfdx_07 dcfdx_08 dcfdx_09 dcfdx_10 dcfdx_11 dcfdx_12
  	dcfdx_13 dcfdx_14 dcfdx_15 dcfdx_16 dcfdx_17 dcfdx_18 dcfdx_19 dcfdx_20
  	dementia_00 dementia_01 dementia_02 dementia_03 dementia_04 dementia_05
  	dementia_06 dementia_07 dementia_08 dementia_09 dementia_10 dementia_11
  	dementia_12 dementia_13 dementia_14 dementia_15 dementia_16 dementia_17
  	dementia_18 dementia_19 dementia_20 dm_cum_00 dm_cum_01 dm_cum_02 dm_cum_03
  	dm_cum_04 dm_cum_05 dm_cum_06 dm_cum_07 dm_cum_08 dm_cum_09 dm_cum_10 dm_cum_11
  	dm_cum_12 dm_cum_13 dm_cum_14 dm_cum_15 dm_cum_16 dm_cum_17 dm_cum_18 dm_cum_19
  	dm_cum_20 fasting_00 fasting_01 fasting_02 fasting_03 fasting_04 fasting_05
  	fasting_06 fasting_07 fasting_08 fasting_09 fasting_10 fasting_11 fasting_12
  	fasting_13 fasting_14 fasting_15 fasting_16 fasting_17 fasting_18 fasting_19
  	fasting_20 fev_00 fev_01 fev_02 fev_03 fev_04 fev_05 fev_06 fev_07 fev_08 fev_09
  	fev_10 fev_11 fev_12 fev_13 fev_14 fev_15 fev_16 fev_17 fev_18 fev_19 fev_20
  	fu_year gait_speed_00 gait_speed_01 gait_speed_02 gait_speed_03 gait_speed_04
  	gait_speed_05 gait_speed_06 gait_speed_07 gait_speed_08 gait_speed_09
  	gait_speed_10 gait_speed_11 gait_speed_12 gait_speed_13 gait_speed_14
  	gait_speed_15 gait_speed_16 gait_speed_17 gait_speed_18 gait_speed_19
  	gait_speed_20 glucose_00 glucose_01 glucose_02 glucose_03 glucose_04 glucose_05
  	glucose_06 glucose_07 glucose_08 glucose_09 glucose_10 glucose_11 glucose_12
  	glucose_13 glucose_14 glucose_15 glucose_16 glucose_17 glucose_18 glucose_19
  	glucose_20 gripavg_00 gripavg_01 gripavg_02 gripavg_03 gripavg_04 gripavg_05
  	gripavg_06 gripavg_07 gripavg_08 gripavg_09 gripavg_10 gripavg_11 gripavg_12
  	gripavg_13 gripavg_14 gripavg_15 gripavg_16 gripavg_17 gripavg_18 gripavg_19
  	gripavg_20 hba1c_00 hba1c_01 hba1c_02 hba1c_03 hba1c_04 hba1c_05 hba1c_06
  	hba1c_07 hba1c_08 hba1c_09 hba1c_10 hba1c_11 hba1c_12 hba1c_13 hba1c_14 hba1c_15
  	hba1c_16 hba1c_17 hba1c_18 hba1c_19 hba1c_20 hdlchlstrl_00 hdlchlstrl_01
  	hdlchlstrl_02 hdlchlstrl_03 hdlchlstrl_04 hdlchlstrl_05 hdlchlstrl_06
  	hdlchlstrl_07 hdlchlstrl_08 hdlchlstrl_09 hdlchlstrl_10 hdlchlstrl_11
  	hdlchlstrl_12 hdlchlstrl_13 hdlchlstrl_14 hdlchlstrl_15 hdlchlstrl_16
  	hdlchlstrl_17 hdlchlstrl_18 hdlchlstrl_19 hdlchlstrl_20 hdlratio_00 hdlratio_01
  	hdlratio_02 hdlratio_03 hdlratio_04 hdlratio_05 hdlratio_06 hdlratio_07
  	hdlratio_08 hdlratio_09 hdlratio_10 hdlratio_11 hdlratio_12 hdlratio_13
  	hdlratio_14 hdlratio_15 hdlratio_16 hdlratio_17 hdlratio_18 hdlratio_19
  	hdlratio_20 heart_cum_00 heart_cum_01 heart_cum_02 heart_cum_03 heart_cum_04
  	heart_cum_05 heart_cum_06 heart_cum_07 heart_cum_08 heart_cum_09 heart_cum_10
  	heart_cum_11 heart_cum_12 heart_cum_13 heart_cum_14 heart_cum_15 heart_cum_16
  	heart_cum_17 heart_cum_18 heart_cum_19 heart_cum_20 htm_00 htm_01 htm_02 htm_03
  	htm_04 htm_05 htm_06 htm_07 htm_08 htm_09 htm_10 htm_11 htm_12 htm_13 htm_14
  	htm_15 htm_16 htm_17 htm_18 htm_19 htm_20 hypertension_cum_00
  	hypertension_cum_01 hypertension_cum_02 hypertension_cum_03 hypertension_cum_04
  	hypertension_cum_05 hypertension_cum_06 hypertension_cum_07 hypertension_cum_08
  	hypertension_cum_09 hypertension_cum_10 hypertension_cum_11 hypertension_cum_12
  	hypertension_cum_13 hypertension_cum_14 hypertension_cum_15 hypertension_cum_16
  	hypertension_cum_17 hypertension_cum_18 hypertension_cum_19 hypertension_cum_20
  	iadlsum_00 iadlsum_01 iadlsum_02 iadlsum_03 iadlsum_04 iadlsum_05 iadlsum_06
  	iadlsum_07 iadlsum_08 iadlsum_09 iadlsum_10 iadlsum_11 iadlsum_12 iadlsum_13
  	iadlsum_14 iadlsum_15 iadlsum_16 iadlsum_17 iadlsum_18 iadlsum_19 iadlsum_20
  	intrusion_00 intrusion_01 intrusion_02 intrusion_03 intrusion_04 intrusion_05
  	intrusion_06 intrusion_07 intrusion_08 intrusion_09 intrusion_10 intrusion_11
  	intrusion_12 intrusion_13 intrusion_14 intrusion_15 intrusion_16 intrusion_17
  	intrusion_18 intrusion_19 intrusion_20 k_00 k_01 k_02 k_03 k_04 k_05 k_06 k_07
  	k_08 k_09 k_10 k_11 k_12 k_13 k_14 k_15 k_16 k_17 k_18 k_19 k_20 katzsum_00
  	katzsum_01 katzsum_02 katzsum_03 katzsum_04 katzsum_05 katzsum_06 katzsum_07
  	katzsum_08 katzsum_09 katzsum_10 katzsum_11 katzsum_12 katzsum_13 katzsum_14
  	katzsum_15 katzsum_16 katzsum_17 katzsum_18 katzsum_19 katzsum_20 ldlchlstrl_00
  	ldlchlstrl_01 ldlchlstrl_02 ldlchlstrl_03 ldlchlstrl_04 ldlchlstrl_05
  	ldlchlstrl_06 ldlchlstrl_07 ldlchlstrl_08 ldlchlstrl_09 ldlchlstrl_10
  	ldlchlstrl_11 ldlchlstrl_12 ldlchlstrl_13 ldlchlstrl_14 ldlchlstrl_15
  	ldlchlstrl_16 ldlchlstrl_17 ldlchlstrl_18 ldlchlstrl_19 ldlchlstrl_20 mep_00
  	mep_01 mep_02 mep_03 mep_04 mep_05 mep_06 mep_07 mep_08 mep_09 mep_10 mep_11
  	mep_12 mep_13 mep_14 mep_15 mep_16 mep_17 mep_18 mep_19 mep_20 mip_00 mip_01
  	mip_02 mip_03 mip_04 mip_05 mip_06 mip_07 mip_08 mip_09 mip_10 mip_11 mip_12
  	mip_13 mip_14 mip_15 mip_16 mip_17 mip_18 mip_19 mip_20 na_00 na_01 na_02 na_03
  	na_04 na_05 na_06 na_07 na_08 na_09 na_10 na_11 na_12 na_13 na_14 na_15 na_16
  	na_17 na_18 na_19 na_20 neglifeevents_00 neglifeevents_01 neglifeevents_02
  	neglifeevents_03 neglifeevents_04 neglifeevents_05 neglifeevents_06
  	neglifeevents_07 neglifeevents_08 neglifeevents_09 neglifeevents_10
  	neglifeevents_11 neglifeevents_12 neglifeevents_13 neglifeevents_14
  	neglifeevents_15 neglifeevents_16 neglifeevents_17 neglifeevents_18
  	neglifeevents_19 neglifeevents_20 negsocexchange_00 negsocexchange_01
  	negsocexchange_02 negsocexchange_03 negsocexchange_04 negsocexchange_05
  	negsocexchange_06 negsocexchange_07 negsocexchange_08 negsocexchange_09
  	negsocexchange_10 negsocexchange_11 negsocexchange_12 negsocexchange_13
  	negsocexchange_14 negsocexchange_15 negsocexchange_16 negsocexchange_17
  	negsocexchange_18 negsocexchange_19 negsocexchange_20 nohelp_00 nohelp_01
  	nohelp_02 nohelp_03 nohelp_04 nohelp_05 nohelp_06 nohelp_07 nohelp_08 nohelp_09
  	nohelp_10 nohelp_11 nohelp_12 nohelp_13 nohelp_14 nohelp_15 nohelp_16 nohelp_17
  	nohelp_18 nohelp_19 nohelp_20 panas_00 panas_01 panas_02 panas_03 panas_04
  	panas_05 panas_06 panas_07 panas_08 panas_09 panas_10 panas_11 panas_12 panas_13
  	panas_14 panas_15 panas_16 panas_17 panas_18 panas_19 panas_20
  	perceivedstress_00 perceivedstress_01 perceivedstress_02 perceivedstress_03
  	perceivedstress_04 perceivedstress_05 perceivedstress_06 perceivedstress_07
  	perceivedstress_08 perceivedstress_09 perceivedstress_10 perceivedstress_11
  	perceivedstress_12 perceivedstress_13 perceivedstress_14 perceivedstress_15
  	perceivedstress_16 perceivedstress_17 perceivedstress_18 perceivedstress_19
  	perceivedstress_20 phys5itemsum_00 phys5itemsum_01 phys5itemsum_02
  	phys5itemsum_03 phys5itemsum_04 phys5itemsum_05 phys5itemsum_06 phys5itemsum_07
  	phys5itemsum_08 phys5itemsum_09 phys5itemsum_10 phys5itemsum_11 phys5itemsum_12
  	phys5itemsum_13 phys5itemsum_14 phys5itemsum_15 phys5itemsum_16 phys5itemsum_17
  	phys5itemsum_18 phys5itemsum_19 phys5itemsum_20 pvc_00 pvc_01 pvc_02 pvc_03
  	pvc_04 pvc_05 pvc_06 pvc_07 pvc_08 pvc_09 pvc_10 pvc_11 pvc_12 pvc_13 pvc_14
  	pvc_15 pvc_16 pvc_17 pvc_18 pvc_19 pvc_20 r_depres_00 r_depres_01 r_depres_02
  	r_depres_03 r_depres_04 r_depres_05 r_depres_06 r_depres_07 r_depres_08
  	r_depres_09 r_depres_10 r_depres_11 r_depres_12 r_depres_13 r_depres_14
  	r_depres_15 r_depres_16 r_depres_17 r_depres_18 r_depres_19 r_depres_20
  	rejection_00 rejection_01 rejection_02 rejection_03 rejection_04 rejection_05
  	rejection_06 rejection_07 rejection_08 rejection_09 rejection_10 rejection_11
  	rejection_12 rejection_13 rejection_14 rejection_15 rejection_16 rejection_17
  	rejection_18 rejection_19 rejection_20 rosbscl_00 rosbscl_01 rosbscl_02
  	rosbscl_03 rosbscl_04 rosbscl_05 rosbscl_06 rosbscl_07 rosbscl_08 rosbscl_09
  	rosbscl_10 rosbscl_11 rosbscl_12 rosbscl_13 rosbscl_14 rosbscl_15 rosbscl_16
  	rosbscl_17 rosbscl_18 rosbscl_19 rosbscl_20 rosbsum_00 rosbsum_01 rosbsum_02
  	rosbsum_03 rosbsum_04 rosbsum_05 rosbsum_06 rosbsum_07 rosbsum_08 rosbsum_09
  	rosbsum_10 rosbsum_11 rosbsum_12 rosbsum_13 rosbsum_14 rosbsum_15 rosbsum_16
  	rosbsum_17 rosbsum_18 rosbsum_19 rosbsum_20 r_stroke_00 r_stroke_01 r_stroke_02
  	r_stroke_03 r_stroke_04 r_stroke_05 r_stroke_06 r_stroke_07 r_stroke_08
  	r_stroke_09 r_stroke_10 r_stroke_11 r_stroke_12 r_stroke_13 r_stroke_14
  	r_stroke_15 r_stroke_16 r_stroke_17 r_stroke_18 r_stroke_19 r_stroke_20
  	scaled_to_y stroke_cum_00 stroke_cum_01 stroke_cum_02 stroke_cum_03
  	stroke_cum_04 stroke_cum_05 stroke_cum_06 stroke_cum_07 stroke_cum_08
  	stroke_cum_09 stroke_cum_10 stroke_cum_11 stroke_cum_12 stroke_cum_13
  	stroke_cum_14 stroke_cum_15 stroke_cum_16 stroke_cum_17 stroke_cum_18
  	stroke_cum_19 stroke_cum_20 study_y thyroid_cum_00 thyroid_cum_01 thyroid_cum_02
  	thyroid_cum_03 thyroid_cum_04 thyroid_cum_05 thyroid_cum_06 thyroid_cum_07
  	thyroid_cum_08 thyroid_cum_09 thyroid_cum_10 thyroid_cum_11 thyroid_cum_12
  	thyroid_cum_13 thyroid_cum_14 thyroid_cum_15 thyroid_cum_16 thyroid_cum_17
  	thyroid_cum_18 thyroid_cum_19 thyroid_cum_20 unsympathetic_00 unsympathetic_01
  	unsympathetic_02 unsympathetic_03 unsympathetic_04 unsympathetic_05
  	unsympathetic_06 unsympathetic_07 unsympathetic_08 unsympathetic_09
  	unsympathetic_10 unsympathetic_11 unsympathetic_12 unsympathetic_13
  	unsympathetic_14 unsympathetic_15 unsympathetic_16 unsympathetic_17
  	unsympathetic_18 unsympathetic_19 unsympathetic_20 vasc_3dis_sum_00
  	vasc_3dis_sum_01 vasc_3dis_sum_02 vasc_3dis_sum_03 vasc_3dis_sum_04
  	vasc_3dis_sum_05 vasc_3dis_sum_06 vasc_3dis_sum_07 vasc_3dis_sum_08
  	vasc_3dis_sum_09 vasc_3dis_sum_10 vasc_3dis_sum_11 vasc_3dis_sum_12
  	vasc_3dis_sum_13 vasc_3dis_sum_14 vasc_3dis_sum_15 vasc_3dis_sum_16
  	vasc_3dis_sum_17 vasc_3dis_sum_18 vasc_3dis_sum_19 vasc_3dis_sum_20
  	vasc_4dis_sum_00 vasc_4dis_sum_01 vasc_4dis_sum_02 vasc_4dis_sum_03
  	vasc_4dis_sum_04 vasc_4dis_sum_05 vasc_4dis_sum_06 vasc_4dis_sum_07
  	vasc_4dis_sum_08 vasc_4dis_sum_09 vasc_4dis_sum_10 vasc_4dis_sum_11
  	vasc_4dis_sum_12 vasc_4dis_sum_13 vasc_4dis_sum_14 vasc_4dis_sum_15
  	vasc_4dis_sum_16 vasc_4dis_sum_17 vasc_4dis_sum_18 vasc_4dis_sum_19
  	vasc_4dis_sum_20 vasc_risks_sum_00 vasc_risks_sum_01 vasc_risks_sum_02
  	vasc_risks_sum_03 vasc_risks_sum_04 vasc_risks_sum_05 vasc_risks_sum_06
  	vasc_risks_sum_07 vasc_risks_sum_08 vasc_risks_sum_09 vasc_risks_sum_10
  	vasc_risks_sum_11 vasc_risks_sum_12 vasc_risks_sum_13 vasc_risks_sum_14
  	vasc_risks_sum_15 vasc_risks_sum_16 vasc_risks_sum_17 vasc_risks_sum_18
  	vasc_risks_sum_19 vasc_risks_sum_20 vision_00 vision_01 vision_02 vision_03
  	vision_04 vision_05 vision_06 vision_07 vision_08 vision_09 vision_10 vision_11
  	vision_12 vision_13 vision_14 vision_15 vision_16 vision_17 vision_18 vision_19
  	vision_20 visionlog_00 visionlog_01 visionlog_02 visionlog_03 visionlog_04
  	visionlog_05 visionlog_06 visionlog_07 visionlog_08 visionlog_09 visionlog_10
  	visionlog_11 visionlog_12 visionlog_13 visionlog_14 visionlog_15 visionlog_16
  	visionlog_17 visionlog_18 visionlog_19 visionlog_20 wtkg_00 wtkg_01 wtkg_02
  	wtkg_03 wtkg_04 wtkg_05 wtkg_06 wtkg_07 wtkg_08 wtkg_09 wtkg_10 wtkg_11 wtkg_12
  	wtkg_13 wtkg_14 wtkg_15 wtkg_16 wtkg_17 wtkg_18 wtkg_19 wtkg_20 T0 T1 T2 T3 T4
  	T5 T6 T7 T8 T9 T10 T11 T12 T13 T14 T15 T16 T17 T18 T19 T20;
  Missing are all (-9999);
  USEVAR are
  !define the variables used in the analysis
  	time1-time16
  	p1-p16
  	c1-c16
  	Bage;
  	
  TSCORES are
  !define the time points
  	time1-time16;
  USEOBSERVATIONS are
  !select a subset of observations
  	msex EQ 1 and
  	dementia_00 NE 1 and dementia_01 NE 1 and dementia_02 NE 1 and
  	dementia_03 NE 1 and dementia_04 NE 1 and dementia_05 NE 1 and
  	dementia_06 NE 1 and dementia_07 NE 1 and dementia_08 NE 1 and
  	dementia_09 NE 1 and dementia_10 NE 1 and dementia_11 NE 1 and
  	dementia_12 NE 1 and dementia_13 NE 1 and dementia_14 NE 1 and
  	dementia_15 NE 1 and dementia_16 NE 1 and dementia_17 NE 1 and
  	dementia_18 NE 1 and dementia_19 NE 1 and dementia_20 NE 1;
  DEFINE:
  !assign variables to the process p
  	p1= gripavg_00;
  	p2= gripavg_01;
  	p3= gripavg_02;
  	p4= gripavg_03;
  	p5= gripavg_04;
  	p6= gripavg_05;
  	p7= gripavg_06;
  	p8= gripavg_07;
  	p9= gripavg_08;
  	p10=gripavg_09;
  	p11=gripavg_10;
  	p12=gripavg_11;
  	p13=gripavg_12;
  	p14=gripavg_13;
  	p15=gripavg_14;
  	p16=gripavg_15;
  	p17=gripavg_16;
  	p18=gripavg_17;
  	p19=gripavg_18;
  	p20=gripavg_19;
  	p21=gripavg_20;
  !assign variables to the process c
  	c1= cts_nccrtd_00;
  	c2= cts_nccrtd_01;
  	c3= cts_nccrtd_02;
  	c4= cts_nccrtd_03;
  	c5= cts_nccrtd_04;
  	c6= cts_nccrtd_05;
  	c7= cts_nccrtd_06;
  	c8= cts_nccrtd_07;
  	c9= cts_nccrtd_08;
  	c10=cts_nccrtd_09;
  	c11=cts_nccrtd_10;
  	c12=cts_nccrtd_11;
  	c13=cts_nccrtd_12;
  	c14=cts_nccrtd_13;
  	c15=cts_nccrtd_14;
  	c16=cts_nccrtd_15;
  	c17=cts_nccrtd_16;
  	c18=cts_nccrtd_17;
  	c19=cts_nccrtd_18;
  	c20=cts_nccrtd_19;
  	c21=cts_nccrtd_20;
  !assign variables to time points
  	time1= T0;
  	time2= T1;
  	time3= T2;
  	time4= T3;
  	time5= T4;
  	time6= T5;
  	time7= T6;
  	time8= T7;
  	time9= T8;
  	time10=T9;
  	time11=T10;
  	time12=T11;
  	time13=T12;
  	time14=T13;
  	time15=T14;
  	time16=T15;
  	time17=T16;
  	time18=T17;
  	time19=T18;
  	time20=T19;
  	time21=T20;
  !define the second-level terms
  	Bage=age_bl-70;   !Age centered at 70 baseline
  		!Dage=age_death;
  		!Sex=msex;         !0=female
  	Educ=educ-7;     ! Centered at 7 years
  		!SEP=SESgrp; couldn't find
  		!Marstat;
  	Height=htm_00-1.60;
  		!Weight
  		!BMI
  		!SmokHist=smoking;
  		!Alcohol;
  		!CompExp;
  		!PhysAct;
  		!BP;
  		!DepSymp;
  		!Cardio;
  		!Diab;
  		!MorbInd;
  		!BageEduc=Bage*Educ;
  ANALYSIS:
  TYPE = RANDOM;
  COVERAGE=.00;
  MODEL:
  !first-level equation
  	ip sp | p1-p16 AT time1-time16;
  	ic sc | c1-c16 AT time1-time16;
  !variance of the first-level terms	
  	ip (v_ip);
  	sp (v_sp);
  	ic (v_ic);
  	sc (v_sc);
  !covariance among first-level terms	
  	ip WITH sp (c_ipsp);
  	ip WITH ic (c_ipic);
  	ip WITH sc (c_ipsc);
  	sp WITH ic (c_spic);
  	sp WITH sc (c_spsc);
  	ic WITH sc (c_icsc);
  !second-level equation	
  	ip sp ic sc ON Bage;
  !residual means	
  	p1-p16 (res_p);
  	c1-c16 (res_c);
  !Paired covariances constrained to be equal across t	
  	p1-p16 pwith c1-c16(res_cov);
  MODEL CONSTRAINT:
  !assigns labels to new parameters;
  	NEW r_ipic;
  	NEW r_spsc;
  	NEW r_res_pc;
  !
  	r_ipic = c_ipic/((v_ip**0.5)*(v_ic**0.5));
  	r_spsc = c_spsc/((v_sp**0.5)*(v_sc**0.5));
  	r_res_pc = res_cov/((res_p**0.5)*(res_c**0.5));
  OUTPUT: sampstat cinterval;
  PLOT: Type is Plot1 Plot2 Plot3;



*** WARNING
  Data set contains cases with missing on all variables except
  x-variables.  These cases were not included in the analysis.
  Number of cases with missing on all variables except x-variables:  15
   1 WARNING(S) FOUND IN THE INPUT INSTRUCTIONS




Your new title

SUMMARY OF ANALYSIS

Number of groups                                                 1
Number of observations                                         336

Number of dependent variables                                   32
Number of independent variables                                  1
Number of continuous latent variables                            4

Observed dependent variables

  Continuous
   P1          P2          P3          P4          P5          P6
   P7          P8          P9          P10         P11         P12
   P13         P14         P15         P16         C1          C2
   C3          C4          C5          C6          C7          C8
   C9          C10         C11         C12         C13         C14
   C15         C16

Observed independent variables
   BAGE

Continuous latent variables
   IP          SP          IC          SC

Variables with special functions

  Time scores
   TIME1       TIME2       TIME3       TIME4       TIME5       TIME6
   TIME7       TIME8       TIME9       TIME10      TIME11      TIME12
   TIME13      TIME14      TIME15      TIME16


Estimator                                                      MLR
Information matrix                                        OBSERVED
Maximum number of iterations                                   100
Convergence criterion                                    0.100D-05
Maximum number of EM iterations                                500
Convergence criteria for the EM algorithm
  Loglikelihood change                                   0.100D-02
  Relative loglikelihood change                          0.100D-05
  Derivative                                             0.100D-03
Minimum variance                                         0.100D-03
Maximum number of steepest descent iterations                   20
Maximum number of iterations for H1                           2000
Convergence criterion for H1                             0.100D-03
Optimization algorithm                                         EMA

Input data file(s)
  radcMAP_wide.dat
Input data format  FREE


SUMMARY OF DATA

     Number of missing data patterns           141


COVARIANCE COVERAGE OF DATA

Minimum covariance coverage value   0.000


     PROPORTION OF DATA PRESENT


           Covariance Coverage
              P1            P2            P3            P4            P5
              ________      ________      ________      ________      ________
 P1             0.878
 P2             0.607         0.616
 P3             0.473         0.440         0.482
 P4             0.366         0.333         0.327         0.435
 P5             0.226         0.196         0.196         0.256         0.286
 P6             0.110         0.095         0.089         0.125         0.125
 P7             0.095         0.071         0.057         0.083         0.068
 P8             0.146         0.137         0.128         0.131         0.101
 P9             0.164         0.155         0.155         0.131         0.095
 P10            0.119         0.119         0.116         0.122         0.092
 P11            0.089         0.095         0.095         0.092         0.074
 P12            0.039         0.042         0.042         0.042         0.036
 P13            0.000         0.000         0.000         0.012         0.012
 P14            0.000         0.000         0.000         0.012         0.012
 P15            0.000         0.000         0.000         0.006         0.006
 P16            0.000         0.000         0.000         0.006         0.006
 C1             0.875         0.613         0.482         0.435         0.286
 C2             0.690         0.595         0.467         0.423         0.277
 C3             0.583         0.506         0.476         0.423         0.277
 C4             0.485         0.411         0.384         0.420         0.271
 C5             0.423         0.366         0.342         0.351         0.277
 C6             0.307         0.265         0.250         0.256         0.202
 C7             0.262         0.229         0.217         0.226         0.173
 C8             0.226         0.211         0.196         0.182         0.134
 C9             0.190         0.182         0.182         0.155         0.110
 C10            0.134         0.128         0.128         0.125         0.092
 C11            0.098         0.104         0.104         0.113         0.092
 C12            0.039         0.042         0.042         0.057         0.051
 C13            0.000         0.000         0.000         0.015         0.015
 C14            0.000         0.000         0.000         0.012         0.012
 C15            0.000         0.000         0.000         0.006         0.006
 C16            0.000         0.000         0.000         0.006         0.006
 BAGE           0.878         0.616         0.482         0.435         0.286


           Covariance Coverage
              P6            P7            P8            P9            P10
              ________      ________      ________      ________      ________
 P6             0.170
 P7             0.083         0.143
 P8             0.089         0.095         0.185
 P9             0.077         0.071         0.134         0.193
 P10            0.054         0.042         0.098         0.116         0.140
 P11            0.042         0.012         0.062         0.080         0.089
 P12            0.030         0.003         0.024         0.027         0.033
 P13            0.012         0.012         0.012         0.009         0.012
 P14            0.012         0.012         0.012         0.009         0.009
 P15            0.006         0.006         0.006         0.006         0.006
 P16            0.006         0.006         0.006         0.006         0.006
 C1             0.170         0.143         0.185         0.193         0.140
 C2             0.161         0.128         0.179         0.188         0.137
 C3             0.170         0.140         0.185         0.193         0.137
 C4             0.161         0.134         0.179         0.185         0.137
 C5             0.167         0.140         0.182         0.190         0.134
 C6             0.170         0.134         0.179         0.188         0.131
 C7             0.131         0.134         0.179         0.193         0.140
 C8             0.107         0.104         0.179         0.190         0.140
 C9             0.083         0.077         0.149         0.190         0.137
 C10            0.057         0.054         0.110         0.122         0.131
 C11            0.054         0.024         0.080         0.098         0.104
 C12            0.045         0.018         0.039         0.039         0.045
 C13            0.015         0.015         0.015         0.012         0.012
 C14            0.012         0.012         0.012         0.009         0.009
 C15            0.006         0.006         0.006         0.006         0.006
 C16            0.006         0.006         0.006         0.006         0.006
 BAGE           0.170         0.143         0.185         0.193         0.140


           Covariance Coverage
              P11           P12           P13           P14           P15
              ________      ________      ________      ________      ________
 P11            0.098
 P12            0.036         0.042
 P13            0.003         0.000         0.012
 P14            0.000         0.000         0.009         0.012
 P15            0.000         0.000         0.006         0.006         0.006
 P16            0.000         0.000         0.006         0.006         0.006
 C1             0.098         0.042         0.012         0.012         0.006
 C2             0.095         0.042         0.012         0.012         0.006
 C3             0.098         0.042         0.012         0.012         0.006
 C4             0.095         0.042         0.012         0.012         0.006
 C5             0.095         0.042         0.012         0.012         0.006
 C6             0.092         0.042         0.012         0.012         0.006
 C7             0.098         0.042         0.012         0.012         0.006
 C8             0.095         0.042         0.012         0.012         0.006
 C9             0.095         0.039         0.009         0.009         0.006
 C10            0.089         0.036         0.012         0.009         0.006
 C11            0.095         0.042         0.012         0.012         0.006
 C12            0.039         0.042         0.012         0.012         0.006
 C13            0.003         0.000         0.012         0.012         0.006
 C14            0.000         0.000         0.009         0.012         0.006
 C15            0.000         0.000         0.006         0.006         0.006
 C16            0.000         0.000         0.006         0.006         0.006
 BAGE           0.098         0.042         0.012         0.012         0.006


           Covariance Coverage
              P16           C1            C2            C3            C4
              ________      ________      ________      ________      ________
 P16            0.006
 C1             0.006         0.997
 C2             0.006         0.792         0.792
 C3             0.006         0.673         0.649         0.673
 C4             0.006         0.551         0.527         0.533         0.551
 C5             0.006         0.482         0.467         0.470         0.464
 C6             0.006         0.366         0.351         0.357         0.351
 C7             0.006         0.312         0.298         0.307         0.304
 C8             0.006         0.262         0.256         0.256         0.256
 C9             0.006         0.220         0.214         0.217         0.211
 C10            0.006         0.152         0.149         0.149         0.146
 C11            0.006         0.119         0.116         0.119         0.116
 C12            0.006         0.057         0.057         0.057         0.057
 C13            0.006         0.015         0.015         0.015         0.015
 C14            0.006         0.012         0.012         0.012         0.012
 C15            0.006         0.006         0.006         0.006         0.006
 C16            0.006         0.006         0.006         0.006         0.006
 BAGE           0.006         0.997         0.792         0.673         0.551


           Covariance Coverage
              C5            C6            C7            C8            C9
              ________      ________      ________      ________      ________
 C5             0.482
 C6             0.357         0.366
 C7             0.307         0.301         0.312
 C8             0.256         0.253         0.256         0.262
 C9             0.214         0.211         0.217         0.217         0.220
 C10            0.146         0.143         0.149         0.152         0.146
 C11            0.116         0.113         0.119         0.116         0.113
 C12            0.057         0.057         0.057         0.057         0.051
 C13            0.015         0.015         0.015         0.015         0.012
 C14            0.012         0.012         0.012         0.012         0.009
 C15            0.006         0.006         0.006         0.006         0.006
 C16            0.006         0.006         0.006         0.006         0.006
 BAGE           0.482         0.366         0.312         0.262         0.220


           Covariance Coverage
              C10           C11           C12           C13           C14
              ________      ________      ________      ________      ________
 C10            0.152
 C11            0.107         0.119
 C12            0.048         0.057         0.057
 C13            0.012         0.015         0.015         0.015
 C14            0.009         0.012         0.012         0.012         0.012
 C15            0.006         0.006         0.006         0.006         0.006
 C16            0.006         0.006         0.006         0.006         0.006
 BAGE           0.152         0.119         0.057         0.015         0.012


           Covariance Coverage
              C15           C16           BAGE
              ________      ________      ________
 C15            0.006
 C16            0.006         0.006
 BAGE           0.006         0.006         1.000


SAMPLE STATISTICS


     ESTIMATED SAMPLE STATISTICS


           Means
              P1            P2            P3            P4            P5
              ________      ________      ________      ________      ________
 1             69.297        67.564        66.435        63.985        61.758


           Means
              P6            P7            P8            P9            P10
              ________      ________      ________      ________      ________
 1             59.933        58.194        54.758        54.695        53.064


           Means
              P11           P12           P13           P14           P15
              ________      ________      ________      ________      ________
 1             50.120        48.123        45.502        53.149        58.341


           Means
              P16           C1            C2            C3            C4
              ________      ________      ________      ________      ________
 1             49.204        24.245        23.805        23.457        23.512


           Means
              C5            C6            C7            C8            C9
              ________      ________      ________      ________      ________
 1             22.707        22.103        21.214        21.571        20.772


           Means
              C10           C11           C12           C13           C14
              ________      ________      ________      ________      ________
 1             19.111        17.683        18.220        19.330        20.556


           Means
              C15           C16           BAGE
              ________      ________      ________
 1             21.485        18.545         9.732


           Covariances
              P1            P2            P3            P4            P5
              ________      ________      ________      ________      ________
 P1           388.647
 P2           343.963       368.808
 P3           350.235       339.203       389.252
 P4           308.258       306.698       324.528       341.362
 P5           287.384       276.724       305.261       297.823       303.370
 P6           287.459       276.124       304.465       300.867       283.920
 P7           294.779       282.724       299.685       306.122       303.847
 P8           278.489       276.671       306.806       306.225       296.007
 P9           278.058       280.145       296.428       311.318       304.920
 P10          255.490       249.322       272.093       323.854       298.028
 P11          312.775       299.863       329.262       366.710       342.416
 P12          267.107       280.885       257.449       258.940       230.412
 P13          112.453        98.072       119.311        87.085       104.708
 P14           29.086        32.791        29.975        18.417        19.891
 P15            1.070         1.393         1.055         0.940         0.127
 P16           -9.117       -11.869        -8.984        -8.005        -1.086
 C1            26.394        34.521        33.131        31.559        23.048
 C2            41.633        47.239        49.259        43.367        39.539
 C3            42.267        46.707        49.231        44.701        37.184
 C4            36.038        42.537        45.412        39.855        36.552
 C5            48.997        49.897        55.110        39.314        41.263
 C6            54.985        53.971        62.211        55.600        53.758
 C7            64.882        62.564        68.008        59.042        58.410
 C8            42.354        39.948        45.540        41.236        38.854
 C9            42.572        32.774        41.395        36.852        36.331
 C10           76.299        81.797        77.399        81.794        75.519
 C11           63.996        55.715        63.721        71.834        69.386
 C12           42.580        36.961        40.725        47.254        43.779
 C13           17.965        11.311        21.319        13.670        25.230
 C14           -0.700        -2.247        -0.592        -0.728         0.024
 C15            0.476         0.619         0.469         0.418         0.057
 C16           -1.427        -1.858        -1.406        -1.253        -0.170
 BAGE         -58.495       -61.792       -61.958       -61.621       -55.237


           Covariances
              P6            P7            P8            P9            P10
              ________      ________      ________      ________      ________
 P6           323.535
 P7           297.087       393.252
 P8           301.908       316.185       362.786
 P9           319.740       339.049       335.074       392.321
 P10          317.740       335.919       339.529       375.972       413.614
 P11          360.344       374.925       361.059       384.155       406.633
 P12          244.914       254.784       216.434       243.153       230.481
 P13          126.259       121.509       130.093       121.202       118.107
 P14           27.475        24.046        23.580        14.007        12.261
 P15           -0.211        -0.389         0.312        -0.565        -0.267
 P16            1.795         3.311        -2.656         4.813         2.275
 C1            27.423        45.320        29.043        30.833        21.449
 C2            46.863        71.249        53.417        51.243        46.862
 C3            39.295        69.684        54.227        49.019        45.517
 C4            42.862        74.005        46.722        51.132        45.256
 C5            34.757        63.264        44.063        44.515        44.563
 C6            55.671        78.667        60.992        60.298        50.620
 C7            58.444        82.778        64.462        69.048        62.041
 C8            31.746        68.171        55.970        48.425        44.167
 C9            26.716        58.315        51.129        40.629        33.086
 C10           84.572       119.702       102.132        99.070       100.563
 C11           74.627        93.782        75.620        89.896        89.167
 C12           33.514        93.067        55.710        56.715        64.325
 C13           27.521        29.600        30.359        32.506        29.614
 C14           -2.727        -1.057        -0.250        -0.932        -1.124
 C15           -0.094        -0.173         0.139        -0.251        -0.119
 C16            0.281         0.518        -0.416         0.753         0.356
 BAGE         -61.181       -66.526       -60.039       -58.062       -53.456


           Covariances
              P11           P12           P13           P14           P15
              ________      ________      ________      ________      ________
 P11          459.126
 P12          276.409       276.126
 P13          129.377        70.688       117.028
 P14           19.164        25.559        19.321        12.333
 P15           -0.336         1.627         0.074        -0.013         0.204
 P16            2.862       -13.863        -0.634         0.108        -1.718
 C1            18.966        32.007       -12.288         8.873        -0.483
 C2            45.732        41.427        13.487        11.284         0.230
 C3            43.047        42.144        -5.415         5.096        -0.625
 C4            36.363        34.421         2.873         7.430        -1.019
 C5            33.904        48.616         3.520        10.547        -0.375
 C6            53.775        61.236        -3.493         7.787         0.055
 C7            56.953        61.178         0.938         5.515        -0.221
 C8            36.078        40.666         1.938         3.267         0.317
 C9            36.760        19.262        -9.294         1.583        -0.216
 C10           93.371        68.894        23.874        13.778        -0.652
 C11           89.072        67.574        13.759         5.158        -0.897
 C12           47.884        47.048         0.118         0.874        -0.626
 C13           31.948        11.340        26.472         2.444        -0.595
 C14           -1.064         1.610        -2.152        -1.287         0.268
 C15           -0.149         0.723         0.033        -0.006         0.090
 C16            0.448        -2.170        -0.099         0.017        -0.269
 BAGE         -78.326       -55.157       -22.179        -7.700         1.047


           Covariances
              P16           C1            C2            C3            C4
              ________      ________      ________      ________      ________
 P16           14.788
 C1             4.115        57.294
 C2            -1.963        47.704        60.863
 C3             5.323        44.158        46.497        62.229
 C4             8.683        50.438        53.103        51.923        70.523
 C5             3.193        41.803        43.088        44.817        49.873
 C6            -0.468        43.796        46.564        48.167        52.505
 C7             1.880        45.870        47.245        55.600        55.803
 C8            -2.699        34.334        39.230        42.618        46.083
 C9             1.842        36.560        40.461        41.274        42.916
 C10            5.552        41.774        47.095        47.635        58.681
 C11            7.644        28.367        32.400        42.059        38.956
 C12            5.334        24.836        29.023        50.755        50.942
 C13            5.069        -3.732         1.464         3.039         0.802
 C14           -2.284        -1.130        -0.022         1.055        -2.434
 C15           -0.764        -0.215         0.102        -0.278        -0.453
 C16            2.291         0.644        -0.307         0.833         1.359
 BAGE          -8.918        -9.308       -12.257       -10.425       -14.897


           Covariances
              C5            C6            C7            C8            C9
              ________      ________      ________      ________      ________
 C5            64.489
 C6            45.615        58.828
 C7            52.600        53.926        67.987
 C8            43.911        46.198        47.306        50.317
 C9            37.846        42.804        46.527        40.844        54.388
 C10           47.852        50.962        52.774        47.818        43.750
 C11           37.508        41.062        42.071        38.815        27.356
 C12           43.140        46.438        45.633        52.146        29.856
 C13            2.597         0.128         1.982         0.865        -2.060
 C14            0.291         1.298         0.824         1.827         0.575
 C15           -0.167         0.024        -0.098         0.141        -0.096
 C16            0.500        -0.073         0.294        -0.422         0.288
 BAGE         -15.652       -12.126       -15.226        -8.816       -15.226


           Covariances
              C10           C11           C12           C13           C14
              ________      ________      ________      ________      ________
 C10           74.876
 C11           46.390        57.821
 C12           55.477        54.231        89.108
 C13            3.587         9.683         5.123        10.975
 C14           -2.387         1.140         1.531         0.141         1.125
 C15           -0.290        -0.399        -0.278        -0.264         0.119
 C16            0.869         1.196         0.835         0.793        -0.358
 BAGE         -19.779       -18.368        -3.166        -7.866         1.987


           Covariances
              C15           C16           BAGE
              ________      ________      ________
 C15            0.040
 C16           -0.120         0.362
 BAGE           0.465        -1.396        51.255


           Correlations
              P1            P2            P3            P4            P5
              ________      ________      ________      ________      ________
 P1             1.000
 P2             0.909         1.000
 P3             0.900         0.895         1.000
 P4             0.846         0.864         0.890         1.000
 P5             0.837         0.827         0.888         0.925         1.000
 P6             0.811         0.799         0.858         0.905         0.906
 P7             0.754         0.742         0.766         0.836         0.880
 P8             0.742         0.756         0.816         0.870         0.892
 P9             0.712         0.736         0.759         0.851         0.884
 P10            0.637         0.638         0.678         0.862         0.841
 P11            0.740         0.729         0.779         0.926         0.917
 P12            0.815         0.880         0.785         0.843         0.796
 P13            0.527         0.472         0.559         0.436         0.556
 P14            0.420         0.486         0.433         0.284         0.325
 P15            0.120         0.161         0.118         0.113         0.016
 P16           -0.120        -0.161        -0.118        -0.113        -0.016
 C1             0.177         0.237         0.222         0.226         0.175
 C2             0.271         0.315         0.320         0.301         0.291
 C3             0.272         0.308         0.316         0.307         0.271
 C4             0.218         0.264         0.274         0.257         0.250
 C5             0.309         0.324         0.348         0.265         0.295
 C6             0.364         0.366         0.411         0.392         0.402
 C7             0.399         0.395         0.418         0.388         0.407
 C8             0.303         0.293         0.325         0.315         0.314
 C9             0.293         0.231         0.284         0.270         0.283
 C10            0.447         0.492         0.453         0.512         0.501
 C11            0.427         0.382         0.425         0.511         0.524
 C12            0.229         0.204         0.219         0.271         0.266
 C13            0.275         0.178         0.326         0.223         0.437
 C14           -0.033        -0.110        -0.028        -0.037         0.001
 C15            0.120         0.161         0.118         0.113         0.016
 C16           -0.120        -0.161        -0.118        -0.113        -0.016
 BAGE          -0.414        -0.449        -0.439        -0.466        -0.443


           Correlations
              P6            P7            P8            P9            P10
              ________      ________      ________      ________      ________
 P6             1.000
 P7             0.833         1.000
 P8             0.881         0.837         1.000
 P9             0.897         0.863         0.888         1.000
 P10            0.869         0.833         0.877         0.933         1.000
 P11            0.935         0.882         0.885         0.905         0.933
 P12            0.819         0.773         0.684         0.739         0.682
 P13            0.649         0.566         0.631         0.566         0.537
 P14            0.435         0.345         0.353         0.201         0.172
 P15           -0.026        -0.043         0.036        -0.063        -0.029
 P16            0.026         0.043        -0.036         0.063         0.029
 C1             0.201         0.302         0.201         0.206         0.139
 C2             0.334         0.461         0.359         0.332         0.295
 C3             0.277         0.445         0.361         0.314         0.284
 C4             0.284         0.444         0.292         0.307         0.265
 C5             0.241         0.397         0.288         0.280         0.273
 C6             0.404         0.517         0.417         0.397         0.325
 C7             0.394         0.506         0.410         0.423         0.370
 C8             0.249         0.485         0.414         0.345         0.306
 C9             0.201         0.399         0.364         0.278         0.221
 C10            0.543         0.698         0.620         0.578         0.571
 C11            0.546         0.622         0.522         0.597         0.577
 C12            0.197         0.497         0.310         0.303         0.335
 C13            0.462         0.451         0.481         0.495         0.440
 C14           -0.143        -0.050        -0.012        -0.044        -0.052
 C15           -0.026        -0.043         0.036        -0.063        -0.029
 C16            0.026         0.043        -0.036         0.063         0.029
 BAGE          -0.475        -0.469        -0.440        -0.409        -0.367


           Correlations
              P11           P12           P13           P14           P15
              ________      ________      ________      ________      ________
 P11            1.000
 P12            0.776         1.000
 P13            0.558         0.393         1.000
 P14            0.255         0.438         0.509         1.000
 P15           -0.035         0.217         0.015        -0.008         1.000
 P16            0.035        -0.217        -0.015         0.008        -0.990
 C1             0.117         0.254        -0.150         0.334        -0.141
 C2             0.274         0.320         0.160         0.412         0.065
 C3             0.255         0.322        -0.063         0.184        -0.175
 C4             0.202         0.247         0.032         0.252        -0.269
 C5             0.197         0.364         0.041         0.374        -0.103
 C6             0.327         0.480        -0.042         0.289         0.016
 C7             0.322         0.447         0.011         0.190        -0.059
 C8             0.237         0.345         0.025         0.131         0.099
 C9             0.233         0.157        -0.116         0.061        -0.065
 C10            0.504         0.479         0.255         0.453        -0.167
 C11            0.547         0.535         0.167         0.193        -0.261
 C12            0.237         0.300         0.001         0.026        -0.147
 C13            0.450         0.206         0.739         0.210        -0.398
 C14           -0.047         0.091        -0.188        -0.346         0.560
 C15           -0.035         0.217         0.015        -0.008         0.990
 C16            0.035        -0.217        -0.015         0.008        -0.990
 BAGE          -0.511        -0.464        -0.286        -0.306         0.324


           Correlations
              P16           C1            C2            C3            C4
              ________      ________      ________      ________      ________
 P16            1.000
 C1             0.141         1.000
 C2            -0.065         0.808         1.000
 C3             0.175         0.740         0.756         1.000
 C4             0.269         0.793         0.811         0.784         1.000
 C5             0.103         0.688         0.688         0.707         0.740
 C6            -0.016         0.754         0.778         0.796         0.815
 C7             0.059         0.735         0.734         0.855         0.806
 C8            -0.099         0.639         0.709         0.762         0.774
 C9             0.065         0.655         0.703         0.709         0.693
 C10            0.167         0.638         0.698         0.698         0.808
 C11            0.261         0.493         0.546         0.701         0.610
 C12            0.147         0.348         0.394         0.682         0.643
 C13            0.398        -0.149         0.057         0.116         0.029
 C14           -0.560        -0.141        -0.003         0.126        -0.273
 C15           -0.990        -0.141         0.065        -0.175        -0.269
 C16            0.990         0.141        -0.065         0.175         0.269
 BAGE          -0.324        -0.172        -0.219        -0.185        -0.248


           Correlations
              C5            C6            C7            C8            C9
              ________      ________      ________      ________      ________
 C5             1.000
 C6             0.741         1.000
 C7             0.794         0.853         1.000
 C8             0.771         0.849         0.809         1.000
 C9             0.639         0.757         0.765         0.781         1.000
 C10            0.689         0.768         0.740         0.779         0.686
 C11            0.614         0.704         0.671         0.720         0.488
 C12            0.569         0.641         0.586         0.779         0.429
 C13            0.098         0.005         0.073         0.037        -0.084
 C14            0.034         0.160         0.094         0.243         0.073
 C15           -0.103         0.016        -0.059         0.099        -0.065
 C16            0.103        -0.016         0.059        -0.099         0.065
 BAGE          -0.272        -0.221        -0.258        -0.174        -0.288


           Correlations
              C10           C11           C12           C13           C14
              ________      ________      ________      ________      ________
 C10            1.000
 C11            0.705         1.000
 C12            0.679         0.756         1.000
 C13            0.125         0.384         0.164         1.000
 C14           -0.260         0.141         0.153         0.040         1.000
 C15           -0.167        -0.261        -0.147        -0.398         0.560
 C16            0.167         0.261         0.147         0.398        -0.560
 BAGE          -0.319        -0.337        -0.047        -0.332         0.262


           Correlations
              C15           C16           BAGE
              ________      ________      ________
 C15            1.000
 C16           -0.990         1.000
 BAGE           0.324        -0.324         1.000


     MAXIMUM LOG-LIKELIHOOD VALUE FOR THE UNRESTRICTED (H1) MODEL IS -10105.579


UNIVARIATE HIGHER-ORDER MOMENT DESCRIPTIVE STATISTICS


     UNIVARIATE HIGHER-ORDER MOMENT DESCRIPTIVE STATISTICS

         Variable/         Mean/     Skewness/   Minimum/ % with                Percentiles
        Sample Size      Variance    Kurtosis    Maximum  Min/Max      20%/60%    40%/80%    Median

     P1                   69.024      -0.147       0.000    0.34%      53.250     64.250     69.000
             295.000     379.729       0.481     124.250    0.34%      75.500     84.500
     P2                   69.268      -0.028      21.500    0.48%      55.500     65.500     70.500
             207.000     299.037       0.480     130.250    0.48%      74.000     81.250
     P3                   69.685       0.089      18.500    0.62%      56.250     66.500     71.750
             162.000     311.172       0.677     127.500    0.62%      74.500     81.000
     P4                   66.118       0.144      20.250    0.68%      51.250     62.500     67.500
             146.000     311.095       0.528     125.000    0.68%      71.250     78.250
     P5                   65.076      -0.066      25.500    1.04%      50.000     60.500     65.250
              96.000     267.945      -0.262     100.750    1.04%      70.000     77.250
     P6                   64.390      -0.042      25.500    1.75%      47.500     62.000     66.750
              57.000     262.831      -0.084     107.750    1.75%      70.250     76.250
     P7                   65.031       0.409      32.250    2.08%      52.250     58.500     64.625
              48.000     335.330       0.311     112.250    2.08%      69.250     74.000
     P8                   61.448       0.483      23.750    1.61%      47.250     54.250     60.625
              62.000     315.156       0.815     121.750    1.61%      67.000     73.250
     P9                   62.223       0.452      27.500    1.54%      47.250     54.750     59.750
              65.000     275.691      -0.167     106.750    1.54%      65.500     78.250
     P10                  61.543       0.375      27.000    2.13%      42.500     58.000     60.750
              47.000     274.081      -0.203     101.500    2.13%      62.750     77.000
     P11                  60.333       0.722      32.250    3.03%      42.500     49.250     56.500
              33.000     382.347      -0.032     110.000    3.03%      61.250     75.000
     P12                  51.804       0.175      30.250    7.14%      32.000     50.500     53.000
              14.000     264.118      -1.080      80.750    7.14%      53.250     63.500
     P13                  47.438      -0.220      26.500   25.00%      26.500     44.000     48.625
               4.000     207.137      -1.181      66.000   25.00%      44.000     53.250
     P14                  54.188       0.153      47.750   25.00%      47.750     51.750     53.875
               4.000      25.137      -1.318      61.250   25.00%      51.750     56.000
     P15                  58.375       0.000      57.250   50.00%      57.250     57.250     58.375
               2.000       1.266      -2.000      59.500   50.00%      57.250     59.500
     P16                  48.917       0.000      39.333   50.00%      39.333     39.333     48.917
               2.000      91.840      -2.000      58.500   50.00%      39.333     58.500
     C1                   24.254      -0.072       0.000    0.30%      18.000     22.000     24.000
             335.000      57.282      -0.102      44.000    0.30%      26.000     30.000
     C2                   24.402      -0.130       6.000    0.75%      17.000     22.000     25.000
             266.000      57.707      -0.456      42.000    0.75%      27.000     31.000
     C3                   24.327      -0.226       0.000    0.44%      18.000     22.000     24.000
             226.000      58.495       0.195      43.000    0.44%      26.000     30.000
     C4                   24.670      -0.012       0.000    1.08%      18.000     22.000     24.000
             185.000      61.302       0.364      48.000    0.54%      27.000     31.000
     C5                   23.895       0.078       0.000    0.62%      17.000     22.000     24.000
             162.000      54.477       0.167      44.000    0.62%      25.000     31.000
     C6                   24.252       0.134      11.000    1.63%      18.000     22.000     24.000
             123.000      45.993      -0.779      40.000    1.63%      27.000     31.000
     C7                   23.600       0.309      12.000    4.76%      16.000     22.000     24.000
             105.000      50.602      -0.463      41.000    0.95%      25.000     29.000
     C8                   23.648      -0.151       7.000    1.14%      19.000     22.000     24.000
              88.000      38.342       0.204      39.000    1.14%      25.000     28.000
     C9                   22.784       0.035      10.000    4.05%      16.000     20.000     23.500
              74.000      48.872      -0.876      38.000    1.35%      24.000     30.000
     C10                  22.549       0.422       8.000    1.96%      16.000     20.000     22.000
              51.000      38.836       0.671      40.000    1.96%      25.000     27.000
     C11                  20.200      -0.338       4.000    2.50%      14.000     18.000     20.000
              40.000      35.510      -0.041      31.000    2.50%      22.000     25.000
     C12                  20.895      -0.240       6.000    5.26%      13.000     21.000     21.000
              19.000      54.726      -0.169      36.000    5.26%      21.000     27.000
     C13                  19.600      -0.396      14.000   20.00%      14.000     18.000     20.000
               5.000      11.840      -1.005      24.000   20.00%      20.000     22.000
     C14                  20.500       0.000      18.000   25.00%      18.000     19.000     20.500
               4.000       4.250      -1.779      23.000   25.00%      19.000     22.000
     C15                  21.500       0.000      21.000   50.00%      21.000     21.000     21.500
               2.000       0.250      -2.000      22.000   50.00%      21.000     22.000
     C16                  18.500       0.000      17.000   50.00%      17.000     17.000     18.500
               2.000       2.250      -2.000      20.000   50.00%      17.000     20.000
     BAGE                  9.732      -0.533     -12.094    0.30%       3.996      8.620     10.735
             336.000      51.255       0.023      25.242    0.30%      12.382     15.744


THE MODEL ESTIMATION TERMINATED NORMALLY



MODEL FIT INFORMATION

Number of Free Parameters                       21

Loglikelihood

          H0 Value                       -9632.474
          H0 Scaling Correction Factor      1.3047
            for MLR

Information Criteria

          Akaike (AIC)                   19306.947
          Bayesian (BIC)                 19387.106
          Sample-Size Adjusted BIC       19320.492
            (n* = (n + 2) / 24)



MODEL RESULTS

                                                    Two-Tailed
                    Estimate       S.E.  Est./S.E.    P-Value

 IP         ON
    BAGE              -1.145      0.136     -8.448      0.000

 SP         ON
    BAGE              -0.017      0.022     -0.765      0.444

 IC         ON
    BAGE              -0.207      0.061     -3.412      0.001

 SC         ON
    BAGE              -0.011      0.008     -1.306      0.192

 IP       WITH
    SP                -8.066      2.651     -3.042      0.002
    IC                22.191      6.759      3.283      0.001
    SC                 1.942      0.863      2.250      0.024

 SP       WITH
    IC                 0.698      1.110      0.629      0.529
    SC                 0.094      0.115      0.810      0.418

 IC       WITH
    SC                -0.693      0.409     -1.695      0.090

 P1       WITH
    C1                 0.135      0.730      0.185      0.853

 P2       WITH
    C2                 0.135      0.730      0.185      0.853

 P3       WITH
    C3                 0.135      0.730      0.185      0.853

 P4       WITH
    C4                 0.135      0.730      0.185      0.853

 P5       WITH
    C5                 0.135      0.730      0.185      0.853

 P6       WITH
    C6                 0.135      0.730      0.185      0.853

 P7       WITH
    C7                 0.135      0.730      0.185      0.853

 P8       WITH
    C8                 0.135      0.730      0.185      0.853

 P9       WITH
    C9                 0.135      0.730      0.185      0.853

 P10      WITH
    C10                0.135      0.730      0.185      0.853

 P11      WITH
    C11                0.135      0.730      0.185      0.853

 P12      WITH
    C12                0.135      0.730      0.185      0.853

 P13      WITH
    C13                0.135      0.730      0.185      0.853

 P14      WITH
    C14                0.135      0.730      0.185      0.853

 P15      WITH
    C15                0.135      0.730      0.185      0.853

 P16      WITH
    C16                0.135      0.730      0.185      0.853

 Intercepts
    P1                 0.000      0.000    999.000    999.000
    P2                 0.000      0.000    999.000    999.000
    P3                 0.000      0.000    999.000    999.000
    P4                 0.000      0.000    999.000    999.000
    P5                 0.000      0.000    999.000    999.000
    P6                 0.000      0.000    999.000    999.000
    P7                 0.000      0.000    999.000    999.000
    P8                 0.000      0.000    999.000    999.000
    P9                 0.000      0.000    999.000    999.000
    P10                0.000      0.000    999.000    999.000
    P11                0.000      0.000    999.000    999.000
    P12                0.000      0.000    999.000    999.000
    P13                0.000      0.000    999.000    999.000
    P14                0.000      0.000    999.000    999.000
    P15                0.000      0.000    999.000    999.000
    P16                0.000      0.000    999.000    999.000
    C1                 0.000      0.000    999.000    999.000
    C2                 0.000      0.000    999.000    999.000
    C3                 0.000      0.000    999.000    999.000
    C4                 0.000      0.000    999.000    999.000
    C5                 0.000      0.000    999.000    999.000
    C6                 0.000      0.000    999.000    999.000
    C7                 0.000      0.000    999.000    999.000
    C8                 0.000      0.000    999.000    999.000
    C9                 0.000      0.000    999.000    999.000
    C10                0.000      0.000    999.000    999.000
    C11                0.000      0.000    999.000    999.000
    C12                0.000      0.000    999.000    999.000
    C13                0.000      0.000    999.000    999.000
    C14                0.000      0.000    999.000    999.000
    C15                0.000      0.000    999.000    999.000
    C16                0.000      0.000    999.000    999.000
    IP                80.604      1.781     45.251      0.000
    SP                -1.810      0.247     -7.323      0.000
    IC                26.478      0.705     37.550      0.000
    SC                -0.397      0.093     -4.263      0.000

 Residual Variances
    P1                34.933      2.336     14.956      0.000
    P2                34.933      2.336     14.956      0.000
    P3                34.933      2.336     14.956      0.000
    P4                34.933      2.336     14.956      0.000
    P5                34.933      2.336     14.956      0.000
    P6                34.933      2.336     14.956      0.000
    P7                34.933      2.336     14.956      0.000
    P8                34.933      2.336     14.956      0.000
    P9                34.933      2.336     14.956      0.000
    P10               34.933      2.336     14.956      0.000
    P11               34.933      2.336     14.956      0.000
    P12               34.933      2.336     14.956      0.000
    P13               34.933      2.336     14.956      0.000
    P14               34.933      2.336     14.956      0.000
    P15               34.933      2.336     14.956      0.000
    P16               34.933      2.336     14.956      0.000
    C1                13.742      1.181     11.633      0.000
    C2                13.742      1.181     11.633      0.000
    C3                13.742      1.181     11.633      0.000
    C4                13.742      1.181     11.633      0.000
    C5                13.742      1.181     11.633      0.000
    C6                13.742      1.181     11.633      0.000
    C7                13.742      1.181     11.633      0.000
    C8                13.742      1.181     11.633      0.000
    C9                13.742      1.181     11.633      0.000
    C10               13.742      1.181     11.633      0.000
    C11               13.742      1.181     11.633      0.000
    C12               13.742      1.181     11.633      0.000
    C13               13.742      1.181     11.633      0.000
    C14               13.742      1.181     11.633      0.000
    C15               13.742      1.181     11.633      0.000
    C16               13.742      1.181     11.633      0.000
    IP               272.546     28.069      9.710      0.000
    SP                 2.093      0.656      3.190      0.001
    IC                45.751      3.934     11.631      0.000
    SC                 0.159      0.058      2.742      0.006

New/Additional Parameters
    R_IPIC             0.199      0.056      3.538      0.000
    R_SPSC             0.162      0.207      0.783      0.434
    R_RES_PC           0.006      0.033      0.185      0.853


QUALITY OF NUMERICAL RESULTS

     Condition Number for the Information Matrix              0.446E-07
       (ratio of smallest to largest eigenvalue)


CONFIDENCE INTERVALS OF MODEL RESULTS

                  Lower .5%  Lower 2.5%    Lower 5%    Estimate    Upper 5%  Upper 2.5%   Upper .5%

 IP       ON
    BAGE            -1.494      -1.410      -1.368      -1.145      -0.922      -0.879      -0.796

 SP       ON
    BAGE            -0.073      -0.059      -0.052      -0.017       0.019       0.026       0.039

 IC       ON
    BAGE            -0.362      -0.325      -0.306      -0.207      -0.107      -0.088      -0.051

 SC       ON
    BAGE            -0.032      -0.027      -0.024      -0.011       0.003       0.005       0.010

 IP       WITH
    SP             -14.895     -13.262     -12.427      -8.066      -3.704      -2.869      -1.236
    IC               4.782       8.944      11.073      22.191      33.309      35.438      39.600
    SC              -0.281       0.251       0.523       1.942       3.362       3.634       4.166

 SP       WITH
    IC              -2.161      -1.477      -1.128       0.698       2.524       2.874       3.557
    SC              -0.204      -0.133      -0.096       0.094       0.283       0.320       0.391

 IC       WITH
    SC              -1.747      -1.495      -1.366      -0.693      -0.020       0.108       0.360

 P1       WITH
    C1              -1.745      -1.295      -1.066       0.135       1.335       1.565       2.014

 P2       WITH
    C2              -1.745      -1.295      -1.066       0.135       1.335       1.565       2.014

 P3       WITH
    C3              -1.745      -1.295      -1.066       0.135       1.335       1.565       2.014

 P4       WITH
    C4              -1.745      -1.295      -1.066       0.135       1.335       1.565       2.014

 P5       WITH
    C5              -1.745      -1.295      -1.066       0.135       1.335       1.565       2.014

 P6       WITH
    C6              -1.745      -1.295      -1.066       0.135       1.335       1.565       2.014

 P7       WITH
    C7              -1.745      -1.295      -1.066       0.135       1.335       1.565       2.014

 P8       WITH
    C8              -1.745      -1.295      -1.066       0.135       1.335       1.565       2.014

 P9       WITH
    C9              -1.745      -1.295      -1.066       0.135       1.335       1.565       2.014

 P10      WITH
    C10             -1.745      -1.295      -1.066       0.135       1.335       1.565       2.014

 P11      WITH
    C11             -1.745      -1.295      -1.066       0.135       1.335       1.565       2.014

 P12      WITH
    C12             -1.745      -1.295      -1.066       0.135       1.335       1.565       2.014

 P13      WITH
    C13             -1.745      -1.295      -1.066       0.135       1.335       1.565       2.014

 P14      WITH
    C14             -1.745      -1.295      -1.066       0.135       1.335       1.565       2.014

 P15      WITH
    C15             -1.745      -1.295      -1.066       0.135       1.335       1.565       2.014

 P16      WITH
    C16             -1.745      -1.295      -1.066       0.135       1.335       1.565       2.014

 Intercepts
    P1               0.000       0.000       0.000       0.000       0.000       0.000       0.000
    P2               0.000       0.000       0.000       0.000       0.000       0.000       0.000
    P3               0.000       0.000       0.000       0.000       0.000       0.000       0.000
    P4               0.000       0.000       0.000       0.000       0.000       0.000       0.000
    P5               0.000       0.000       0.000       0.000       0.000       0.000       0.000
    P6               0.000       0.000       0.000       0.000       0.000       0.000       0.000
    P7               0.000       0.000       0.000       0.000       0.000       0.000       0.000
    P8               0.000       0.000       0.000       0.000       0.000       0.000       0.000
    P9               0.000       0.000       0.000       0.000       0.000       0.000       0.000
    P10              0.000       0.000       0.000       0.000       0.000       0.000       0.000
    P11              0.000       0.000       0.000       0.000       0.000       0.000       0.000
    P12              0.000       0.000       0.000       0.000       0.000       0.000       0.000
    P13              0.000       0.000       0.000       0.000       0.000       0.000       0.000
    P14              0.000       0.000       0.000       0.000       0.000       0.000       0.000
    P15              0.000       0.000       0.000       0.000       0.000       0.000       0.000
    P16              0.000       0.000       0.000       0.000       0.000       0.000       0.000
    C1               0.000       0.000       0.000       0.000       0.000       0.000       0.000
    C2               0.000       0.000       0.000       0.000       0.000       0.000       0.000
    C3               0.000       0.000       0.000       0.000       0.000       0.000       0.000
    C4               0.000       0.000       0.000       0.000       0.000       0.000       0.000
    C5               0.000       0.000       0.000       0.000       0.000       0.000       0.000
    C6               0.000       0.000       0.000       0.000       0.000       0.000       0.000
    C7               0.000       0.000       0.000       0.000       0.000       0.000       0.000
    C8               0.000       0.000       0.000       0.000       0.000       0.000       0.000
    C9               0.000       0.000       0.000       0.000       0.000       0.000       0.000
    C10              0.000       0.000       0.000       0.000       0.000       0.000       0.000
    C11              0.000       0.000       0.000       0.000       0.000       0.000       0.000
    C12              0.000       0.000       0.000       0.000       0.000       0.000       0.000
    C13              0.000       0.000       0.000       0.000       0.000       0.000       0.000
    C14              0.000       0.000       0.000       0.000       0.000       0.000       0.000
    C15              0.000       0.000       0.000       0.000       0.000       0.000       0.000
    C16              0.000       0.000       0.000       0.000       0.000       0.000       0.000
    IP              76.016      77.112      77.674      80.604      83.534      84.095      85.192
    SP              -2.447      -2.295      -2.217      -1.810      -1.404      -1.326      -1.174
    IC              24.661      25.096      25.318      26.478      27.638      27.860      28.294
    SC              -0.637      -0.579      -0.550      -0.397      -0.244      -0.214      -0.157

 Residual Variances
    P1              28.917      30.355      31.091      34.933      38.775      39.511      40.949
    P2              28.917      30.355      31.091      34.933      38.775      39.511      40.949
    P3              28.917      30.355      31.091      34.933      38.775      39.511      40.949
    P4              28.917      30.355      31.091      34.933      38.775      39.511      40.949
    P5              28.917      30.355      31.091      34.933      38.775      39.511      40.949
    P6              28.917      30.355      31.091      34.933      38.775      39.511      40.949
    P7              28.917      30.355      31.091      34.933      38.775      39.511      40.949
    P8              28.917      30.355      31.091      34.933      38.775      39.511      40.949
    P9              28.917      30.355      31.091      34.933      38.775      39.511      40.949
    P10             28.917      30.355      31.091      34.933      38.775      39.511      40.949
    P11             28.917      30.355      31.091      34.933      38.775      39.511      40.949
    P12             28.917      30.355      31.091      34.933      38.775      39.511      40.949
    P13             28.917      30.355      31.091      34.933      38.775      39.511      40.949
    P14             28.917      30.355      31.091      34.933      38.775      39.511      40.949
    P15             28.917      30.355      31.091      34.933      38.775      39.511      40.949
    P16             28.917      30.355      31.091      34.933      38.775      39.511      40.949
    C1              10.699      11.426      11.798      13.742      15.685      16.057      16.784
    C2              10.699      11.426      11.798      13.742      15.685      16.057      16.784
    C3              10.699      11.426      11.798      13.742      15.685      16.057      16.784
    C4              10.699      11.426      11.798      13.742      15.685      16.057      16.784
    C5              10.699      11.426      11.798      13.742      15.685      16.057      16.784
    C6              10.699      11.426      11.798      13.742      15.685      16.057      16.784
    C7              10.699      11.426      11.798      13.742      15.685      16.057      16.784
    C8              10.699      11.426      11.798      13.742      15.685      16.057      16.784
    C9              10.699      11.426      11.798      13.742      15.685      16.057      16.784
    C10             10.699      11.426      11.798      13.742      15.685      16.057      16.784
    C11             10.699      11.426      11.798      13.742      15.685      16.057      16.784
    C12             10.699      11.426      11.798      13.742      15.685      16.057      16.784
    C13             10.699      11.426      11.798      13.742      15.685      16.057      16.784
    C14             10.699      11.426      11.798      13.742      15.685      16.057      16.784
    C15             10.699      11.426      11.798      13.742      15.685      16.057      16.784
    C16             10.699      11.426      11.798      13.742      15.685      16.057      16.784
    IP             200.246     217.531     226.372     272.546     318.720     327.562     344.847
    SP               0.403       0.807       1.014       2.093       3.173       3.379       3.783
    IC              35.619      38.041      39.281      45.751      52.222      53.461      55.884
    SC               0.010       0.045       0.064       0.159       0.254       0.273       0.308

New/Additional Parameters
    R_IPIC           0.054       0.089       0.106       0.199       0.291       0.309       0.343
    R_SPSC          -0.371      -0.244      -0.178       0.162       0.503       0.568       0.695
    R_RES_PC        -0.080      -0.059      -0.049       0.006       0.061       0.071       0.092


SAMPLE STATISTICS FOR ESTIMATED FACTOR SCORES


     SAMPLE STATISTICS


           Means
              IP            IP_SE         SP            SP_SE         IC
              ________      ________      ________      ________      ________
 1             69.464         4.809        -1.972         1.123        24.468


           Means
              IC_SE         SC            SC_SE
              ________      ________      ________
 1              2.169        -0.501         0.332


           Covariances
              IP            IP_SE         SP            SP_SE         IC
              ________      ________      ________      ________      ________
 IP           309.226
 IP_SE         -5.279         7.360
 SP            -4.748        -0.074         0.753
 SP_SE         -1.695         0.323         0.016         0.092
 IC            33.992        -2.045         0.861        -0.374        42.858
 IC_SE         -2.953         0.553         0.039         0.108        -0.786
 SC             2.440        -0.034         0.006        -0.011        -0.325
 SC_SE         -0.253         0.048         0.004         0.013        -0.057


           Covariances
              IC_SE         SC            SC_SE
              ________      ________      ________
 IC_SE          0.375
 SC            -0.014         0.052
 SC_SE          0.016        -0.001         0.002


           Correlations
              IP            IP_SE         SP            SP_SE         IC
              ________      ________      ________      ________      ________
 IP             1.000
 IP_SE         -0.111         1.000
 SP            -0.311        -0.031         1.000
 SP_SE         -0.317         0.392         0.060         1.000
 IC             0.295        -0.115         0.152        -0.188         1.000
 IC_SE         -0.274         0.333         0.073         0.581        -0.196
 SC             0.607        -0.055         0.030        -0.156        -0.217
 SC_SE         -0.326         0.399         0.102         0.956        -0.198


           Correlations
              IC_SE         SC            SC_SE
              ________      ________      ________
 IC_SE          1.000
 SC            -0.102         1.000
 SC_SE          0.597        -0.125         1.000


PLOT INFORMATION

The following plots are available:

  Histograms (sample values, estimated factor scores)
  Scatterplots (sample values, estimated factor scores)
  Latent variable distribution plots

     Beginning Time:  21:48:05
        Ending Time:  21:48:48
       Elapsed Time:  00:00:43



MUTHEN & MUTHEN
3463 Stoner Ave.
Los Angeles, CA  90066

Tel: (310) 391-9971
Fax: (310) 391-8971
Web: www.StatModel.com
Support: Support@StatModel.com

Copyright (c) 1998-2014 Muthen & Muthen
