Mplus VERSION 7.3
MUTHEN & MUTHEN
10/04/2015   2:46 AM

INPUT INSTRUCTIONS

  TITLE:
  Your new title
  DATA:
  File = radcMAP_wide.dat;
  VARIABLE:
  Names are
  	projid study_x scaled_to_x agreeableness conscientiousness extraversion
  	neo_altruism neo_conscientiousness neo_trust openness anxiety_10items
  	neuroticism_12 neuroticism_6 age_bl age_death educ msex race spanish q1inc
  	apoe_genotype ldai_bl q3smo_bl q4smo_bl smoking married married2 age_at_visit_00
  	age_at_visit_01 age_at_visit_02 age_at_visit_03 age_at_visit_04 age_at_visit_05
  	age_at_visit_06 age_at_visit_07 age_at_visit_08 age_at_visit_09 age_at_visit_10
  	age_at_visit_11 age_at_visit_12 age_at_visit_13 age_at_visit_14 age_at_visit_15
  	age_at_visit_16 age_at_visit_17 age_at_visit_18 age_at_visit_19 age_at_visit_20
  	alcohol_g_00 alcohol_g_01 alcohol_g_02 alcohol_g_03 alcohol_g_04 alcohol_g_05
  	alcohol_g_06 alcohol_g_07 alcohol_g_08 alcohol_g_09 alcohol_g_10 alcohol_g_11
  	alcohol_g_12 alcohol_g_13 alcohol_g_14 alcohol_g_15 alcohol_g_16 alcohol_g_17
  	alcohol_g_18 alcohol_g_19 alcohol_g_20 bmi_00 bmi_01 bmi_02 bmi_03 bmi_04 bmi_05
  	bmi_06 bmi_07 bmi_08 bmi_09 bmi_10 bmi_11 bmi_12 bmi_13 bmi_14 bmi_15 bmi_16
  	bmi_17 bmi_18 bmi_19 bmi_20 bp11_00 bp11_01 bp11_02 bp11_03 bp11_04 bp11_05
  	bp11_06 bp11_07 bp11_08 bp11_09 bp11_10 bp11_11 bp11_12 bp11_13 bp11_14 bp11_15
  	bp11_16 bp11_17 bp11_18 bp11_19 bp11_20 bp2_00 bp2_01 bp2_02 bp2_03 bp2_04
  	bp2_05 bp2_06 bp2_07 bp2_08 bp2_09 bp2_10 bp2_11 bp2_12 bp2_13 bp2_14 bp2_15
  	bp2_16 bp2_17 bp2_18 bp2_19 bp2_20 bp3_00 bp3_01 bp3_02 bp3_03 bp3_04 bp3_05
  	bp3_06 bp3_07 bp3_08 bp3_09 bp3_10 bp31_00 bp31_01 bp31_02 bp31_03 bp31_04
  	bp31_05 bp31_06 bp31_07 bp31_08 bp31_09 bp3_11 bp31_10 bp31_11 bp31_12 bp31_13
  	bp31_14 bp31_15 bp31_16 bp31_17 bp31_18 bp31_19 bp3_12 bp31_20 bp3_13 bp3_14
  	bp3_15 bp3_16 bp3_17 bp3_18 bp3_19 bp3_20 bun_00 bun_01 bun_02 bun_03 bun_04
  	bun_05 bun_06 bun_07 bun_08 bun_09 bun_10 bun_11 bun_12 bun_13 bun_14 bun_15
  	bun_16 bun_17 bun_18 bun_19 bun_20 ca_00 ca_01 ca_02 ca_03 ca_04 ca_05 ca_06
  	ca_07 ca_08 ca_09 ca_10 ca_11 ca_12 ca_13 ca_14 ca_15 ca_16 ca_17 ca_18 ca_19
  	ca_20 cesdsum_00 cesdsum_01 cesdsum_02 cesdsum_03 cesdsum_04 cesdsum_05
  	cesdsum_06 cesdsum_07 cesdsum_08 cesdsum_09 cesdsum_10 cesdsum_11 cesdsum_12
  	cesdsum_13 cesdsum_14 cesdsum_15 cesdsum_16 cesdsum_17 cesdsum_18 cesdsum_19
  	cesdsum_20 chf_cum_00 chf_cum_01 chf_cum_02 chf_cum_03 chf_cum_04 chf_cum_05
  	chf_cum_06 chf_cum_07 chf_cum_08 chf_cum_09 chf_cum_10 chf_cum_11 chf_cum_12
  	chf_cum_13 chf_cum_14 chf_cum_15 chf_cum_16 chf_cum_17 chf_cum_18 chf_cum_19
  	chf_cum_20 chlstrl_00 chlstrl_01 chlstrl_02 chlstrl_03 chlstrl_04 chlstrl_05
  	chlstrl_06 chlstrl_07 chlstrl_08 chlstrl_09 chlstrl_10 chlstrl_11 chlstrl_12
  	chlstrl_13 chlstrl_14 chlstrl_15 chlstrl_16 chlstrl_17 chlstrl_18 chlstrl_19
  	chlstrl_20 cl_00 cl_01 cl_02 cl_03 cl_04 cl_05 cl_06 cl_07 cl_08 cl_09 cl_10
  	cl_11 cl_12 cl_13 cl_14 cl_15 cl_16 cl_17 cl_18 cl_19 cl_20 claudication_cum_00
  	claudication_cum_01 claudication_cum_02 claudication_cum_03 claudication_cum_04
  	claudication_cum_05 claudication_cum_06 claudication_cum_07 claudication_cum_08
  	claudication_cum_09 claudication_cum_10 claudication_cum_11 claudication_cum_12
  	claudication_cum_13 claudication_cum_14 claudication_cum_15 claudication_cum_16
  	claudication_cum_17 claudication_cum_18 claudication_cum_19 claudication_cum_20
  	co2_00 co2_01 co2_02 co2_03 co2_04 co2_05 co2_06 co2_07 co2_08 co2_09 co2_10
  	co2_11 co2_12 co2_13 co2_14 co2_15 co2_16 co2_17 co2_18 co2_19 co2_20 cogn_ep_00
  	cogn_ep_01 cogn_ep_02 cogn_ep_03 cogn_ep_04 cogn_ep_05 cogn_ep_06 cogn_ep_07
  	cogn_ep_08 cogn_ep_09 cogn_ep_10 cogn_ep_11 cogn_ep_12 cogn_ep_13 cogn_ep_14
  	cogn_ep_15 cogn_ep_16 cogn_ep_17 cogn_ep_18 cogn_ep_19 cogn_ep_20 cogn_global_00
  	cogn_global_01 cogn_global_02 cogn_global_03 cogn_global_04 cogn_global_05
  	cogn_global_06 cogn_global_07 cogn_global_08 cogn_global_09 cogn_global_10
  	cogn_global_11 cogn_global_12 cogn_global_13 cogn_global_14 cogn_global_15
  	cogn_global_16 cogn_global_17 cogn_global_18 cogn_global_19 cogn_global_20
  	cogn_po_00 cogn_po_01 cogn_po_02 cogn_po_03 cogn_po_04 cogn_po_05 cogn_po_06
  	cogn_po_07 cogn_po_08 cogn_po_09 cogn_po_10 cogn_po_11 cogn_po_12 cogn_po_13
  	cogn_po_14 cogn_po_15 cogn_po_16 cogn_po_17 cogn_po_18 cogn_po_19 cogn_po_20
  	cogn_ps_00 cogn_ps_01 cogn_ps_02 cogn_ps_03 cogn_ps_04 cogn_ps_05 cogn_ps_06
  	cogn_ps_07 cogn_ps_08 cogn_ps_09 cogn_ps_10 cogn_ps_11 cogn_ps_12 cogn_ps_13
  	cogn_ps_14 cogn_ps_15 cogn_ps_16 cogn_ps_17 cogn_ps_18 cogn_ps_19 cogn_ps_20
  	cogn_se_00 cogn_se_01 cogn_se_02 cogn_se_03 cogn_se_04 cogn_se_05 cogn_se_06
  	cogn_se_07 cogn_se_08 cogn_se_09 cogn_se_10 cogn_se_11 cogn_se_12 cogn_se_13
  	cogn_se_14 cogn_se_15 cogn_se_16 cogn_se_17 cogn_se_18 cogn_se_19 cogn_se_20
  	cogn_wo_00 cogn_wo_01 cogn_wo_02 cogn_wo_03 cogn_wo_04 cogn_wo_05 cogn_wo_06
  	cogn_wo_07 cogn_wo_08 cogn_wo_09 cogn_wo_10 cogn_wo_11 cogn_wo_12 cogn_wo_13
  	cogn_wo_14 cogn_wo_15 cogn_wo_16 cogn_wo_17 cogn_wo_18 cogn_wo_19 cogn_wo_20
  	crn_00 crn_01 crn_02 crn_03 crn_04 crn_05 crn_06 crn_07 crn_08 crn_09 crn_10
  	crn_11 crn_12 crn_13 crn_14 crn_15 crn_16 crn_17 crn_18 crn_19 crn_20
  	cts_bname_00 cts_bname_01 cts_bname_02 cts_bname_03 cts_bname_04 cts_bname_05
  	cts_bname_06 cts_bname_07 cts_bname_08 cts_bname_09 cts_bname_10 cts_bname_11
  	cts_bname_12 cts_bname_13 cts_bname_14 cts_bname_15 cts_bname_16 cts_bname_17
  	cts_bname_18 cts_bname_19 cts_bname_20 cts_catflu_00 cts_catflu_01 cts_catflu_02
  	cts_catflu_03 cts_catflu_04 cts_catflu_05 cts_catflu_06 cts_catflu_07
  	cts_catflu_08 cts_catflu_09 cts_catflu_10 cts_catflu_11 cts_catflu_12
  	cts_catflu_13 cts_catflu_14 cts_catflu_15 cts_catflu_16 cts_catflu_17
  	cts_catflu_18 cts_catflu_19 cts_catflu_20 cts_db_00 cts_db_01 cts_db_02
  	cts_db_03 cts_db_04 cts_db_05 cts_db_06 cts_db_07 cts_db_08 cts_db_09 cts_db_10
  	cts_db_11 cts_db_12 cts_db_13 cts_db_14 cts_db_15 cts_db_16 cts_db_17 cts_db_18
  	cts_db_19 cts_db_20 cts_delay_00 cts_delay_01 cts_delay_02 cts_delay_03
  	cts_delay_04 cts_delay_05 cts_delay_06 cts_delay_07 cts_delay_08 cts_delay_09
  	cts_delay_10 cts_delay_11 cts_delay_12 cts_delay_13 cts_delay_14 cts_delay_15
  	cts_delay_16 cts_delay_17 cts_delay_18 cts_delay_19 cts_delay_20 cts_df_00
  	cts_df_01 cts_df_02 cts_df_03 cts_df_04 cts_df_05 cts_df_06 cts_df_07 cts_df_08
  	cts_df_09 cts_df_10 cts_df_11 cts_df_12 cts_df_13 cts_df_14 cts_df_15 cts_df_16
  	cts_df_17 cts_df_18 cts_df_19 cts_df_20 cts_doperf_00 cts_doperf_01
  	cts_doperf_02 cts_doperf_03 cts_doperf_04 cts_doperf_05 cts_doperf_06
  	cts_doperf_07 cts_doperf_08 cts_doperf_09 cts_doperf_10 cts_doperf_11
  	cts_doperf_12 cts_doperf_13 cts_doperf_14 cts_doperf_15 cts_doperf_16
  	cts_doperf_17 cts_doperf_18 cts_doperf_19 cts_doperf_20 cts_ebdr_00 cts_ebdr_01
  	cts_ebdr_02 cts_ebdr_03 cts_ebdr_04 cts_ebdr_05 cts_ebdr_06 cts_ebdr_07
  	cts_ebdr_08 cts_ebdr_09 cts_ebdr_10 cts_ebdr_11 cts_ebdr_12 cts_ebdr_13
  	cts_ebdr_14 cts_ebdr_15 cts_ebdr_16 cts_ebdr_17 cts_ebdr_18 cts_ebdr_19
  	cts_ebdr_20 cts_ebmt_00 cts_ebmt_01 cts_ebmt_02 cts_ebmt_03 cts_ebmt_04
  	cts_ebmt_05 cts_ebmt_06 cts_ebmt_07 cts_ebmt_08 cts_ebmt_09 cts_ebmt_10
  	cts_ebmt_11 cts_ebmt_12 cts_ebmt_13 cts_ebmt_14 cts_ebmt_15 cts_ebmt_16
  	cts_ebmt_17 cts_ebmt_18 cts_ebmt_19 cts_ebmt_20 cts_idea_00 cts_idea_01
  	cts_idea_02 cts_idea_03 cts_idea_04 cts_idea_05 cts_idea_06 cts_idea_07
  	cts_idea_08 cts_idea_09 cts_idea_10 cts_idea_11 cts_idea_12 cts_idea_13
  	cts_idea_14 cts_idea_15 cts_idea_16 cts_idea_17 cts_idea_18 cts_idea_19
  	cts_idea_20 cts_lopair_00 cts_lopair_01 cts_lopair_02 cts_lopair_03
  	cts_lopair_04 cts_lopair_05 cts_lopair_06 cts_lopair_07 cts_lopair_08
  	cts_lopair_09 cts_lopair_10 cts_lopair_11 cts_lopair_12 cts_lopair_13
  	cts_lopair_14 cts_lopair_15 cts_lopair_16 cts_lopair_17 cts_lopair_18
  	cts_lopair_19 cts_lopair_20 cts_mmse30_00 cts_mmse30_01 cts_mmse30_02
  	cts_mmse30_03 cts_mmse30_04 cts_mmse30_05 cts_mmse30_06 cts_mmse30_07
  	cts_mmse30_08 cts_mmse30_09 cts_mmse30_10 cts_mmse30_11 cts_mmse30_12
  	cts_mmse30_13 cts_mmse30_14 cts_mmse30_15 cts_mmse30_16 cts_mmse30_17
  	cts_mmse30_18 cts_mmse30_19 cts_mmse30_20 cts_nccrtd_00 cts_nccrtd_01
  	cts_nccrtd_02 cts_nccrtd_03 cts_nccrtd_04 cts_nccrtd_05 cts_nccrtd_06
  	cts_nccrtd_07 cts_nccrtd_08 cts_nccrtd_09 cts_nccrtd_10 cts_nccrtd_11
  	cts_nccrtd_12 cts_nccrtd_13 cts_nccrtd_14 cts_nccrtd_15 cts_nccrtd_16
  	cts_nccrtd_17 cts_nccrtd_18 cts_nccrtd_19 cts_nccrtd_20 cts_pmat_00 cts_pmat_01
  	cts_pmat_02 cts_pmat_03 cts_pmat_04 cts_pmat_05 cts_pmat_06 cts_pmat_07
  	cts_pmat_08 cts_pmat_09 cts_pmat_10 cts_pmat_11 cts_pmat_12 cts_pmat_13
  	cts_pmat_14 cts_pmat_15 cts_pmat_16 cts_pmat_17 cts_pmat_18 cts_pmat_19
  	cts_pmat_20 cts_read_nart_00 cts_read_nart_01 cts_read_nart_02 cts_read_nart_03
  	cts_read_nart_04 cts_read_nart_05 cts_read_nart_06 cts_read_nart_07
  	cts_read_nart_08 cts_read_nart_09 cts_read_nart_10 cts_read_nart_11
  	cts_read_nart_12 cts_read_nart_13 cts_read_nart_14 cts_read_nart_15
  	cts_read_nart_16 cts_read_nart_17 cts_read_nart_18 cts_read_nart_19
  	cts_read_nart_20 cts_read_wrat_00 cts_read_wrat_01 cts_read_wrat_02
  	cts_read_wrat_03 cts_read_wrat_04 cts_read_wrat_05 cts_read_wrat_06
  	cts_read_wrat_07 cts_read_wrat_08 cts_read_wrat_09 cts_read_wrat_10
  	cts_read_wrat_11 cts_read_wrat_12 cts_read_wrat_13 cts_read_wrat_14
  	cts_read_wrat_15 cts_read_wrat_16 cts_read_wrat_17 cts_read_wrat_18
  	cts_read_wrat_19 cts_read_wrat_20 cts_sdmt_00 cts_sdmt_01 cts_sdmt_02
  	cts_sdmt_03 cts_sdmt_04 cts_sdmt_05 cts_sdmt_06 cts_sdmt_07 cts_sdmt_08
  	cts_sdmt_09 cts_sdmt_10 cts_sdmt_11 cts_sdmt_12 cts_sdmt_13 cts_sdmt_14
  	cts_sdmt_15 cts_sdmt_16 cts_sdmt_17 cts_sdmt_18 cts_sdmt_19 cts_sdmt_20
  	cts_story_00 cts_story_01 cts_story_02 cts_story_03 cts_story_04 cts_story_05
  	cts_story_06 cts_story_07 cts_story_08 cts_story_09 cts_story_10 cts_story_11
  	cts_story_12 cts_story_13 cts_story_14 cts_story_15 cts_story_16 cts_story_17
  	cts_story_18 cts_story_19 cts_story_20 cts_wli_00 cts_wli_01 cts_wli_02
  	cts_wli_03 cts_wli_04 cts_wli_05 cts_wli_06 cts_wli_07 cts_wli_08 cts_wli_09
  	cts_wli_10 cts_wli_11 cts_wli_12 cts_wli_13 cts_wli_14 cts_wli_15 cts_wli_16
  	cts_wli_17 cts_wli_18 cts_wli_19 cts_wli_20 cts_wlii_00 cts_wlii_01 cts_wlii_02
  	cts_wlii_03 cts_wlii_04 cts_wlii_05 cts_wlii_06 cts_wlii_07 cts_wlii_08
  	cts_wlii_09 cts_wlii_10 cts_wlii_11 cts_wlii_12 cts_wlii_13 cts_wlii_14
  	cts_wlii_15 cts_wlii_16 cts_wlii_17 cts_wlii_18 cts_wlii_19 cts_wlii_20
  	cts_wliii_00 cts_wliii_01 cts_wliii_02 cts_wliii_03 cts_wliii_04 cts_wliii_05
  	cts_wliii_06 cts_wliii_07 cts_wliii_08 cts_wliii_09 cts_wliii_10 cts_wliii_11
  	cts_wliii_12 cts_wliii_13 cts_wliii_14 cts_wliii_15 cts_wliii_16 cts_wliii_17
  	cts_wliii_18 cts_wliii_19 cts_wliii_20 dcfdx_00 dcfdx_01 dcfdx_02 dcfdx_03
  	dcfdx_04 dcfdx_05 dcfdx_06 dcfdx_07 dcfdx_08 dcfdx_09 dcfdx_10 dcfdx_11 dcfdx_12
  	dcfdx_13 dcfdx_14 dcfdx_15 dcfdx_16 dcfdx_17 dcfdx_18 dcfdx_19 dcfdx_20
  	dementia_00 dementia_01 dementia_02 dementia_03 dementia_04 dementia_05
  	dementia_06 dementia_07 dementia_08 dementia_09 dementia_10 dementia_11
  	dementia_12 dementia_13 dementia_14 dementia_15 dementia_16 dementia_17
  	dementia_18 dementia_19 dementia_20 dm_cum_00 dm_cum_01 dm_cum_02 dm_cum_03
  	dm_cum_04 dm_cum_05 dm_cum_06 dm_cum_07 dm_cum_08 dm_cum_09 dm_cum_10 dm_cum_11
  	dm_cum_12 dm_cum_13 dm_cum_14 dm_cum_15 dm_cum_16 dm_cum_17 dm_cum_18 dm_cum_19
  	dm_cum_20 fasting_00 fasting_01 fasting_02 fasting_03 fasting_04 fasting_05
  	fasting_06 fasting_07 fasting_08 fasting_09 fasting_10 fasting_11 fasting_12
  	fasting_13 fasting_14 fasting_15 fasting_16 fasting_17 fasting_18 fasting_19
  	fasting_20 fev_00 fev_01 fev_02 fev_03 fev_04 fev_05 fev_06 fev_07 fev_08 fev_09
  	fev_10 fev_11 fev_12 fev_13 fev_14 fev_15 fev_16 fev_17 fev_18 fev_19 fev_20
  	fu_year gait_speed_00 gait_speed_01 gait_speed_02 gait_speed_03 gait_speed_04
  	gait_speed_05 gait_speed_06 gait_speed_07 gait_speed_08 gait_speed_09
  	gait_speed_10 gait_speed_11 gait_speed_12 gait_speed_13 gait_speed_14
  	gait_speed_15 gait_speed_16 gait_speed_17 gait_speed_18 gait_speed_19
  	gait_speed_20 glucose_00 glucose_01 glucose_02 glucose_03 glucose_04 glucose_05
  	glucose_06 glucose_07 glucose_08 glucose_09 glucose_10 glucose_11 glucose_12
  	glucose_13 glucose_14 glucose_15 glucose_16 glucose_17 glucose_18 glucose_19
  	glucose_20 gripavg_00 gripavg_01 gripavg_02 gripavg_03 gripavg_04 gripavg_05
  	gripavg_06 gripavg_07 gripavg_08 gripavg_09 gripavg_10 gripavg_11 gripavg_12
  	gripavg_13 gripavg_14 gripavg_15 gripavg_16 gripavg_17 gripavg_18 gripavg_19
  	gripavg_20 hba1c_00 hba1c_01 hba1c_02 hba1c_03 hba1c_04 hba1c_05 hba1c_06
  	hba1c_07 hba1c_08 hba1c_09 hba1c_10 hba1c_11 hba1c_12 hba1c_13 hba1c_14 hba1c_15
  	hba1c_16 hba1c_17 hba1c_18 hba1c_19 hba1c_20 hdlchlstrl_00 hdlchlstrl_01
  	hdlchlstrl_02 hdlchlstrl_03 hdlchlstrl_04 hdlchlstrl_05 hdlchlstrl_06
  	hdlchlstrl_07 hdlchlstrl_08 hdlchlstrl_09 hdlchlstrl_10 hdlchlstrl_11
  	hdlchlstrl_12 hdlchlstrl_13 hdlchlstrl_14 hdlchlstrl_15 hdlchlstrl_16
  	hdlchlstrl_17 hdlchlstrl_18 hdlchlstrl_19 hdlchlstrl_20 hdlratio_00 hdlratio_01
  	hdlratio_02 hdlratio_03 hdlratio_04 hdlratio_05 hdlratio_06 hdlratio_07
  	hdlratio_08 hdlratio_09 hdlratio_10 hdlratio_11 hdlratio_12 hdlratio_13
  	hdlratio_14 hdlratio_15 hdlratio_16 hdlratio_17 hdlratio_18 hdlratio_19
  	hdlratio_20 heart_cum_00 heart_cum_01 heart_cum_02 heart_cum_03 heart_cum_04
  	heart_cum_05 heart_cum_06 heart_cum_07 heart_cum_08 heart_cum_09 heart_cum_10
  	heart_cum_11 heart_cum_12 heart_cum_13 heart_cum_14 heart_cum_15 heart_cum_16
  	heart_cum_17 heart_cum_18 heart_cum_19 heart_cum_20 htm_00 htm_01 htm_02 htm_03
  	htm_04 htm_05 htm_06 htm_07 htm_08 htm_09 htm_10 htm_11 htm_12 htm_13 htm_14
  	htm_15 htm_16 htm_17 htm_18 htm_19 htm_20 hypertension_cum_00
  	hypertension_cum_01 hypertension_cum_02 hypertension_cum_03 hypertension_cum_04
  	hypertension_cum_05 hypertension_cum_06 hypertension_cum_07 hypertension_cum_08
  	hypertension_cum_09 hypertension_cum_10 hypertension_cum_11 hypertension_cum_12
  	hypertension_cum_13 hypertension_cum_14 hypertension_cum_15 hypertension_cum_16
  	hypertension_cum_17 hypertension_cum_18 hypertension_cum_19 hypertension_cum_20
  	iadlsum_00 iadlsum_01 iadlsum_02 iadlsum_03 iadlsum_04 iadlsum_05 iadlsum_06
  	iadlsum_07 iadlsum_08 iadlsum_09 iadlsum_10 iadlsum_11 iadlsum_12 iadlsum_13
  	iadlsum_14 iadlsum_15 iadlsum_16 iadlsum_17 iadlsum_18 iadlsum_19 iadlsum_20
  	intrusion_00 intrusion_01 intrusion_02 intrusion_03 intrusion_04 intrusion_05
  	intrusion_06 intrusion_07 intrusion_08 intrusion_09 intrusion_10 intrusion_11
  	intrusion_12 intrusion_13 intrusion_14 intrusion_15 intrusion_16 intrusion_17
  	intrusion_18 intrusion_19 intrusion_20 k_00 k_01 k_02 k_03 k_04 k_05 k_06 k_07
  	k_08 k_09 k_10 k_11 k_12 k_13 k_14 k_15 k_16 k_17 k_18 k_19 k_20 katzsum_00
  	katzsum_01 katzsum_02 katzsum_03 katzsum_04 katzsum_05 katzsum_06 katzsum_07
  	katzsum_08 katzsum_09 katzsum_10 katzsum_11 katzsum_12 katzsum_13 katzsum_14
  	katzsum_15 katzsum_16 katzsum_17 katzsum_18 katzsum_19 katzsum_20 ldlchlstrl_00
  	ldlchlstrl_01 ldlchlstrl_02 ldlchlstrl_03 ldlchlstrl_04 ldlchlstrl_05
  	ldlchlstrl_06 ldlchlstrl_07 ldlchlstrl_08 ldlchlstrl_09 ldlchlstrl_10
  	ldlchlstrl_11 ldlchlstrl_12 ldlchlstrl_13 ldlchlstrl_14 ldlchlstrl_15
  	ldlchlstrl_16 ldlchlstrl_17 ldlchlstrl_18 ldlchlstrl_19 ldlchlstrl_20 mep_00
  	mep_01 mep_02 mep_03 mep_04 mep_05 mep_06 mep_07 mep_08 mep_09 mep_10 mep_11
  	mep_12 mep_13 mep_14 mep_15 mep_16 mep_17 mep_18 mep_19 mep_20 mip_00 mip_01
  	mip_02 mip_03 mip_04 mip_05 mip_06 mip_07 mip_08 mip_09 mip_10 mip_11 mip_12
  	mip_13 mip_14 mip_15 mip_16 mip_17 mip_18 mip_19 mip_20 na_00 na_01 na_02 na_03
  	na_04 na_05 na_06 na_07 na_08 na_09 na_10 na_11 na_12 na_13 na_14 na_15 na_16
  	na_17 na_18 na_19 na_20 neglifeevents_00 neglifeevents_01 neglifeevents_02
  	neglifeevents_03 neglifeevents_04 neglifeevents_05 neglifeevents_06
  	neglifeevents_07 neglifeevents_08 neglifeevents_09 neglifeevents_10
  	neglifeevents_11 neglifeevents_12 neglifeevents_13 neglifeevents_14
  	neglifeevents_15 neglifeevents_16 neglifeevents_17 neglifeevents_18
  	neglifeevents_19 neglifeevents_20 negsocexchange_00 negsocexchange_01
  	negsocexchange_02 negsocexchange_03 negsocexchange_04 negsocexchange_05
  	negsocexchange_06 negsocexchange_07 negsocexchange_08 negsocexchange_09
  	negsocexchange_10 negsocexchange_11 negsocexchange_12 negsocexchange_13
  	negsocexchange_14 negsocexchange_15 negsocexchange_16 negsocexchange_17
  	negsocexchange_18 negsocexchange_19 negsocexchange_20 nohelp_00 nohelp_01
  	nohelp_02 nohelp_03 nohelp_04 nohelp_05 nohelp_06 nohelp_07 nohelp_08 nohelp_09
  	nohelp_10 nohelp_11 nohelp_12 nohelp_13 nohelp_14 nohelp_15 nohelp_16 nohelp_17
  	nohelp_18 nohelp_19 nohelp_20 panas_00 panas_01 panas_02 panas_03 panas_04
  	panas_05 panas_06 panas_07 panas_08 panas_09 panas_10 panas_11 panas_12 panas_13
  	panas_14 panas_15 panas_16 panas_17 panas_18 panas_19 panas_20
  	perceivedstress_00 perceivedstress_01 perceivedstress_02 perceivedstress_03
  	perceivedstress_04 perceivedstress_05 perceivedstress_06 perceivedstress_07
  	perceivedstress_08 perceivedstress_09 perceivedstress_10 perceivedstress_11
  	perceivedstress_12 perceivedstress_13 perceivedstress_14 perceivedstress_15
  	perceivedstress_16 perceivedstress_17 perceivedstress_18 perceivedstress_19
  	perceivedstress_20 phys5itemsum_00 phys5itemsum_01 phys5itemsum_02
  	phys5itemsum_03 phys5itemsum_04 phys5itemsum_05 phys5itemsum_06 phys5itemsum_07
  	phys5itemsum_08 phys5itemsum_09 phys5itemsum_10 phys5itemsum_11 phys5itemsum_12
  	phys5itemsum_13 phys5itemsum_14 phys5itemsum_15 phys5itemsum_16 phys5itemsum_17
  	phys5itemsum_18 phys5itemsum_19 phys5itemsum_20 pvc_00 pvc_01 pvc_02 pvc_03
  	pvc_04 pvc_05 pvc_06 pvc_07 pvc_08 pvc_09 pvc_10 pvc_11 pvc_12 pvc_13 pvc_14
  	pvc_15 pvc_16 pvc_17 pvc_18 pvc_19 pvc_20 r_depres_00 r_depres_01 r_depres_02
  	r_depres_03 r_depres_04 r_depres_05 r_depres_06 r_depres_07 r_depres_08
  	r_depres_09 r_depres_10 r_depres_11 r_depres_12 r_depres_13 r_depres_14
  	r_depres_15 r_depres_16 r_depres_17 r_depres_18 r_depres_19 r_depres_20
  	rejection_00 rejection_01 rejection_02 rejection_03 rejection_04 rejection_05
  	rejection_06 rejection_07 rejection_08 rejection_09 rejection_10 rejection_11
  	rejection_12 rejection_13 rejection_14 rejection_15 rejection_16 rejection_17
  	rejection_18 rejection_19 rejection_20 rosbscl_00 rosbscl_01 rosbscl_02
  	rosbscl_03 rosbscl_04 rosbscl_05 rosbscl_06 rosbscl_07 rosbscl_08 rosbscl_09
  	rosbscl_10 rosbscl_11 rosbscl_12 rosbscl_13 rosbscl_14 rosbscl_15 rosbscl_16
  	rosbscl_17 rosbscl_18 rosbscl_19 rosbscl_20 rosbsum_00 rosbsum_01 rosbsum_02
  	rosbsum_03 rosbsum_04 rosbsum_05 rosbsum_06 rosbsum_07 rosbsum_08 rosbsum_09
  	rosbsum_10 rosbsum_11 rosbsum_12 rosbsum_13 rosbsum_14 rosbsum_15 rosbsum_16
  	rosbsum_17 rosbsum_18 rosbsum_19 rosbsum_20 r_stroke_00 r_stroke_01 r_stroke_02
  	r_stroke_03 r_stroke_04 r_stroke_05 r_stroke_06 r_stroke_07 r_stroke_08
  	r_stroke_09 r_stroke_10 r_stroke_11 r_stroke_12 r_stroke_13 r_stroke_14
  	r_stroke_15 r_stroke_16 r_stroke_17 r_stroke_18 r_stroke_19 r_stroke_20
  	scaled_to_y stroke_cum_00 stroke_cum_01 stroke_cum_02 stroke_cum_03
  	stroke_cum_04 stroke_cum_05 stroke_cum_06 stroke_cum_07 stroke_cum_08
  	stroke_cum_09 stroke_cum_10 stroke_cum_11 stroke_cum_12 stroke_cum_13
  	stroke_cum_14 stroke_cum_15 stroke_cum_16 stroke_cum_17 stroke_cum_18
  	stroke_cum_19 stroke_cum_20 study_y thyroid_cum_00 thyroid_cum_01 thyroid_cum_02
  	thyroid_cum_03 thyroid_cum_04 thyroid_cum_05 thyroid_cum_06 thyroid_cum_07
  	thyroid_cum_08 thyroid_cum_09 thyroid_cum_10 thyroid_cum_11 thyroid_cum_12
  	thyroid_cum_13 thyroid_cum_14 thyroid_cum_15 thyroid_cum_16 thyroid_cum_17
  	thyroid_cum_18 thyroid_cum_19 thyroid_cum_20 unsympathetic_00 unsympathetic_01
  	unsympathetic_02 unsympathetic_03 unsympathetic_04 unsympathetic_05
  	unsympathetic_06 unsympathetic_07 unsympathetic_08 unsympathetic_09
  	unsympathetic_10 unsympathetic_11 unsympathetic_12 unsympathetic_13
  	unsympathetic_14 unsympathetic_15 unsympathetic_16 unsympathetic_17
  	unsympathetic_18 unsympathetic_19 unsympathetic_20 vasc_3dis_sum_00
  	vasc_3dis_sum_01 vasc_3dis_sum_02 vasc_3dis_sum_03 vasc_3dis_sum_04
  	vasc_3dis_sum_05 vasc_3dis_sum_06 vasc_3dis_sum_07 vasc_3dis_sum_08
  	vasc_3dis_sum_09 vasc_3dis_sum_10 vasc_3dis_sum_11 vasc_3dis_sum_12
  	vasc_3dis_sum_13 vasc_3dis_sum_14 vasc_3dis_sum_15 vasc_3dis_sum_16
  	vasc_3dis_sum_17 vasc_3dis_sum_18 vasc_3dis_sum_19 vasc_3dis_sum_20
  	vasc_4dis_sum_00 vasc_4dis_sum_01 vasc_4dis_sum_02 vasc_4dis_sum_03
  	vasc_4dis_sum_04 vasc_4dis_sum_05 vasc_4dis_sum_06 vasc_4dis_sum_07
  	vasc_4dis_sum_08 vasc_4dis_sum_09 vasc_4dis_sum_10 vasc_4dis_sum_11
  	vasc_4dis_sum_12 vasc_4dis_sum_13 vasc_4dis_sum_14 vasc_4dis_sum_15
  	vasc_4dis_sum_16 vasc_4dis_sum_17 vasc_4dis_sum_18 vasc_4dis_sum_19
  	vasc_4dis_sum_20 vasc_risks_sum_00 vasc_risks_sum_01 vasc_risks_sum_02
  	vasc_risks_sum_03 vasc_risks_sum_04 vasc_risks_sum_05 vasc_risks_sum_06
  	vasc_risks_sum_07 vasc_risks_sum_08 vasc_risks_sum_09 vasc_risks_sum_10
  	vasc_risks_sum_11 vasc_risks_sum_12 vasc_risks_sum_13 vasc_risks_sum_14
  	vasc_risks_sum_15 vasc_risks_sum_16 vasc_risks_sum_17 vasc_risks_sum_18
  	vasc_risks_sum_19 vasc_risks_sum_20 vision_00 vision_01 vision_02 vision_03
  	vision_04 vision_05 vision_06 vision_07 vision_08 vision_09 vision_10 vision_11
  	vision_12 vision_13 vision_14 vision_15 vision_16 vision_17 vision_18 vision_19
  	vision_20 visionlog_00 visionlog_01 visionlog_02 visionlog_03 visionlog_04
  	visionlog_05 visionlog_06 visionlog_07 visionlog_08 visionlog_09 visionlog_10
  	visionlog_11 visionlog_12 visionlog_13 visionlog_14 visionlog_15 visionlog_16
  	visionlog_17 visionlog_18 visionlog_19 visionlog_20 wtkg_00 wtkg_01 wtkg_02
  	wtkg_03 wtkg_04 wtkg_05 wtkg_06 wtkg_07 wtkg_08 wtkg_09 wtkg_10 wtkg_11 wtkg_12
  	wtkg_13 wtkg_14 wtkg_15 wtkg_16 wtkg_17 wtkg_18 wtkg_19 wtkg_20 T0 T1 T2 T3 T4
  	T5 T6 T7 T8 T9 T10 T11 T12 T13 T14 T15 T16 T17 T18 T19 T20;
  Missing are all (-9999);
  USEVAR are
  !define the variables used in the analysis
  	time1-time13
  	p1-p13
  	c1-c13
  	Bage;
  	
  TSCORES are
  !define the time points
  	time1-time13;
  USEOBSERVATIONS are
  !select a subset of observations
  	msex EQ 1 and
  	dementia_00 NE 1 and dementia_01 NE 1 and dementia_02 NE 1 and
  	dementia_03 NE 1 and dementia_04 NE 1 and dementia_05 NE 1 and
  	dementia_06 NE 1 and dementia_07 NE 1 and dementia_08 NE 1 and
  	dementia_09 NE 1 and dementia_10 NE 1 and dementia_11 NE 1 and
  	dementia_12 NE 1 and dementia_13 NE 1 and dementia_14 NE 1 and
  	dementia_15 NE 1 and dementia_16 NE 1 and dementia_17 NE 1 and
  	dementia_18 NE 1 and dementia_19 NE 1 and dementia_20 NE 1;
  DEFINE:
  !assign variables to the process p
  	p1= gripavg_00;
  	p2= gripavg_01;
  	p3= gripavg_02;
  	p4= gripavg_03;
  	p5= gripavg_04;
  	p6= gripavg_05;
  	p7= gripavg_06;
  	p8= gripavg_07;
  	p9= gripavg_08;
  	p10=gripavg_09;
  	p11=gripavg_10;
  	p12=gripavg_11;
  	p13=gripavg_12;
  	p14=gripavg_13;
  	p15=gripavg_14;
  	p16=gripavg_15;
  	p17=gripavg_16;
  	p18=gripavg_17;
  	p19=gripavg_18;
  	p20=gripavg_19;
  	p21=gripavg_20;
  !assign variables to the process c
  	c1= cts_sdmt_00;
  	c2= cts_sdmt_01;
  	c3= cts_sdmt_02;
  	c4= cts_sdmt_03;
  	c5= cts_sdmt_04;
  	c6= cts_sdmt_05;
  	c7= cts_sdmt_06;
  	c8= cts_sdmt_07;
  	c9= cts_sdmt_08;
  	c10=cts_sdmt_09;
  	c11=cts_sdmt_10;
  	c12=cts_sdmt_11;
  	c13=cts_sdmt_12;
  	c14=cts_sdmt_13;
  	c15=cts_sdmt_14;
  	c16=cts_sdmt_15;
  	c17=cts_sdmt_16;
  	c18=cts_sdmt_17;
  	c19=cts_sdmt_18;
  	c20=cts_sdmt_19;
  	c21=cts_sdmt_20;
  !assign variables to time points
  	time1= T0;
  	time2= T1;
  	time3= T2;
  	time4= T3;
  	time5= T4;
  	time6= T5;
  	time7= T6;
  	time8= T7;
  	time9= T8;
  	time10=T9;
  	time11=T10;
  	time12=T11;
  	time13=T12;
  	time14=T13;
  	time15=T14;
  	time16=T15;
  	time17=T16;
  	time18=T17;
  	time19=T18;
  	time20=T19;
  	time21=T20;
  !define the second-level terms
  	Bage=age_bl-70;   !Age centered at 70 baseline
  		!Dage=age_death;
  		!Sex=msex;         !0=female
  	Educ=educ-7;     ! Centered at 7 years
  		!SEP=SESgrp; couldn't find
  		!Marstat;
  	Height=htm_00-1.60;
  		!Weight
  		!BMI
  		!SmokHist=smoking;
  		!Alcohol;
  		!CompExp;
  		!PhysAct;
  		!BP;
  		!DepSymp;
  		!Cardio;
  		!Diab;
  		!MorbInd;
  		!BageEduc=Bage*Educ;
  ANALYSIS:
  TYPE = RANDOM;
  COVERAGE=.00;
  MODEL:
  !first-level equation
  	ip sp | p1-p13 AT time1-time13;
  	ic sc | c1-c13 AT time1-time13;
  !variance of the first-level terms	
  	ip (v_ip);
  	sp (v_sp);
  	ic (v_ic);
  	sc (v_sc);
  !covariance among first-level terms	
  	ip WITH sp (c_ipsp);
  	ip WITH ic (c_ipic);
  	ip WITH sc (c_ipsc);
  	sp WITH ic (c_spic);
  	sp WITH sc (c_spsc);
  	ic WITH sc (c_icsc);
  !second-level equation	
  	ip sp ic sc ON Bage;
  !residual means	
  	p1-p13 (res_p);
  	c1-c13 (res_c);
  !Paired covariances constrained to be equal across t	
  	p1-p13 pwith c1-c13(res_cov);
  MODEL CONSTRAINT:
  !assigns labels to new parameters;
  	NEW r_ipic;
  	NEW r_spsc;
  	NEW r_res_pc;
  !
  	r_ipic = c_ipic/((v_ip**0.5)*(v_ic**0.5));
  	r_spsc = c_spsc/((v_sp**0.5)*(v_sc**0.5));
  	r_res_pc = res_cov/((res_p**0.5)*(res_c**0.5));
  OUTPUT: sampstat cinterval;
  PLOT: Type is Plot1 Plot2 Plot3;



*** WARNING
  Data set contains cases with missing on all variables except
  x-variables.  These cases were not included in the analysis.
  Number of cases with missing on all variables except x-variables:  15
   1 WARNING(S) FOUND IN THE INPUT INSTRUCTIONS




Your new title

SUMMARY OF ANALYSIS

Number of groups                                                 1
Number of observations                                         336

Number of dependent variables                                   26
Number of independent variables                                  1
Number of continuous latent variables                            4

Observed dependent variables

  Continuous
   P1          P2          P3          P4          P5          P6
   P7          P8          P9          P10         P11         P12
   P13         C1          C2          C3          C4          C5
   C6          C7          C8          C9          C10         C11
   C12         C13

Observed independent variables
   BAGE

Continuous latent variables
   IP          SP          IC          SC

Variables with special functions

  Time scores
   TIME1       TIME2       TIME3       TIME4       TIME5       TIME6
   TIME7       TIME8       TIME9       TIME10      TIME11      TIME12
   TIME13


Estimator                                                      MLR
Information matrix                                        OBSERVED
Maximum number of iterations                                   100
Convergence criterion                                    0.100D-05
Maximum number of EM iterations                                500
Convergence criteria for the EM algorithm
  Loglikelihood change                                   0.100D-02
  Relative loglikelihood change                          0.100D-05
  Derivative                                             0.100D-03
Minimum variance                                         0.100D-03
Maximum number of steepest descent iterations                   20
Maximum number of iterations for H1                           2000
Convergence criterion for H1                             0.100D-03
Optimization algorithm                                         EMA

Input data file(s)
  radcMAP_wide.dat
Input data format  FREE


SUMMARY OF DATA

     Number of missing data patterns           141


COVARIANCE COVERAGE OF DATA

Minimum covariance coverage value   0.000


     PROPORTION OF DATA PRESENT


           Covariance Coverage
              P1            P2            P3            P4            P5
              ________      ________      ________      ________      ________
 P1             0.878
 P2             0.607         0.616
 P3             0.473         0.440         0.482
 P4             0.366         0.333         0.327         0.435
 P5             0.226         0.196         0.196         0.256         0.286
 P6             0.110         0.095         0.089         0.125         0.125
 P7             0.095         0.071         0.057         0.083         0.068
 P8             0.146         0.137         0.128         0.131         0.101
 P9             0.164         0.155         0.155         0.131         0.095
 P10            0.119         0.119         0.116         0.122         0.092
 P11            0.089         0.095         0.095         0.092         0.074
 P12            0.039         0.042         0.042         0.042         0.036
 P13            0.000         0.000         0.000         0.012         0.012
 C1             0.872         0.613         0.482         0.435         0.286
 C2             0.690         0.595         0.467         0.423         0.277
 C3             0.586         0.509         0.479         0.423         0.277
 C4             0.485         0.411         0.384         0.420         0.271
 C5             0.423         0.366         0.342         0.351         0.277
 C6             0.304         0.265         0.250         0.253         0.202
 C7             0.262         0.229         0.217         0.226         0.173
 C8             0.226         0.211         0.196         0.182         0.134
 C9             0.188         0.179         0.179         0.152         0.107
 C10            0.134         0.131         0.131         0.128         0.095
 C11            0.095         0.098         0.098         0.110         0.086
 C12            0.039         0.042         0.042         0.057         0.051
 C13            0.000         0.000         0.000         0.015         0.015
 BAGE           0.878         0.616         0.482         0.435         0.286


           Covariance Coverage
              P6            P7            P8            P9            P10
              ________      ________      ________      ________      ________
 P6             0.170
 P7             0.083         0.143
 P8             0.089         0.095         0.185
 P9             0.077         0.071         0.134         0.193
 P10            0.054         0.042         0.098         0.116         0.140
 P11            0.042         0.012         0.062         0.080         0.089
 P12            0.030         0.003         0.024         0.027         0.033
 P13            0.012         0.012         0.012         0.009         0.012
 C1             0.170         0.143         0.185         0.193         0.140
 C2             0.161         0.128         0.179         0.188         0.137
 C3             0.170         0.140         0.185         0.193         0.137
 C4             0.161         0.134         0.179         0.185         0.137
 C5             0.167         0.140         0.182         0.190         0.134
 C6             0.170         0.131         0.179         0.188         0.131
 C7             0.131         0.134         0.179         0.193         0.140
 C8             0.107         0.104         0.179         0.190         0.140
 C9             0.083         0.077         0.146         0.188         0.134
 C10            0.060         0.054         0.113         0.125         0.134
 C11            0.051         0.021         0.077         0.092         0.101
 C12            0.045         0.018         0.039         0.039         0.045
 C13            0.015         0.015         0.015         0.012         0.012
 BAGE           0.170         0.143         0.185         0.193         0.140


           Covariance Coverage
              P11           P12           P13           C1            C2
              ________      ________      ________      ________      ________
 P11            0.098
 P12            0.036         0.042
 P13            0.003         0.000         0.012
 C1             0.098         0.042         0.012         0.994
 C2             0.095         0.042         0.012         0.792         0.792
 C3             0.098         0.042         0.012         0.676         0.649
 C4             0.095         0.042         0.012         0.551         0.527
 C5             0.095         0.042         0.012         0.482         0.467
 C6             0.092         0.042         0.012         0.363         0.348
 C7             0.098         0.042         0.012         0.312         0.298
 C8             0.095         0.042         0.012         0.262         0.256
 C9             0.095         0.039         0.009         0.217         0.211
 C10            0.092         0.039         0.012         0.155         0.152
 C11            0.092         0.042         0.012         0.113         0.113
 C12            0.039         0.042         0.012         0.057         0.057
 C13            0.003         0.000         0.012         0.015         0.015
 BAGE           0.098         0.042         0.012         0.994         0.792


           Covariance Coverage
              C3            C4            C5            C6            C7
              ________      ________      ________      ________      ________
 C3             0.676
 C4             0.533         0.551
 C5             0.470         0.464         0.482
 C6             0.354         0.348         0.354         0.363
 C7             0.307         0.304         0.307         0.298         0.312
 C8             0.256         0.256         0.256         0.253         0.256
 C9             0.214         0.208         0.211         0.208         0.214
 C10            0.152         0.149         0.149         0.146         0.152
 C11            0.113         0.113         0.110         0.107         0.113
 C12            0.057         0.057         0.057         0.057         0.057
 C13            0.015         0.015         0.015         0.015         0.015
 BAGE           0.676         0.551         0.482         0.363         0.312


           Covariance Coverage
              C8            C9            C10           C11           C12
              ________      ________      ________      ________      ________
 C8             0.262
 C9             0.214         0.217
 C10            0.155         0.146         0.155
 C11            0.113         0.107         0.107         0.113
 C12            0.057         0.051         0.051         0.057         0.057
 C13            0.015         0.012         0.012         0.015         0.015
 BAGE           0.262         0.217         0.155         0.113         0.057


           Covariance Coverage
              C13           BAGE
              ________      ________
 C13            0.015
 BAGE           0.015         1.000


SAMPLE STATISTICS


     ESTIMATED SAMPLE STATISTICS


           Means
              P1            P2            P3            P4            P5
              ________      ________      ________      ________      ________
 1             69.089        67.602        66.331        64.087        61.633


           Means
              P6            P7            P8            P9            P10
              ________      ________      ________      ________      ________
 1             60.328        57.431        53.415        53.734        51.118


           Means
              P11           P12           P13           C1            C2
              ________      ________      ________      ________      ________
 1             49.558        46.650        44.995        38.577        37.774


           Means
              C3            C4            C5            C6            C7
              ________      ________      ________      ________      ________
 1             36.716        37.153        36.557        34.937        34.123


           Means
              C8            C9            C10           C11           C12
              ________      ________      ________      ________      ________
 1             32.267        31.362        28.817        30.287        27.456


           Means
              C13           BAGE
              ________      ________
 1             29.566         9.732


           Covariances
              P1            P2            P3            P4            P5
              ________      ________      ________      ________      ________
 P1           374.262
 P2           338.513       372.988
 P3           344.875       345.187       395.456
 P4           304.848       313.795       329.472       347.412
 P5           312.474       314.046       338.826       327.405       369.813
 P6           298.100       305.042       316.684       330.040       338.459
 P7           283.219       285.056       280.094       307.063       320.244
 P8           297.902       289.968       329.464       299.006       330.871
 P9           295.319       312.776       322.268       338.515       350.111
 P10          263.384       253.120       277.476       300.220       316.760
 P11          324.722       322.385       337.360       386.744       399.085
 P12          273.036       296.979       296.257       327.276       326.252
 P13           92.178        97.236       112.077       133.889       143.934
 C1            67.615        72.789        85.062        71.248        76.549
 C2            85.926        94.671       103.267        91.643        87.957
 C3            85.717        95.865       107.543       100.415       113.077
 C4            91.855       104.969       112.300       106.686       102.226
 C5            94.499       110.393       120.213       108.669       116.839
 C6           107.992       115.617       132.961       119.383       127.308
 C7           113.108       107.230       123.292       128.247       133.162
 C8           107.431       105.946       125.001       118.549       125.395
 C9           120.676       127.622       139.823       130.873       151.397
 C10          115.144       105.707       121.289       122.846       121.174
 C11          129.326       142.963       139.429       194.159       205.874
 C12          128.402       144.258       160.417       242.029       225.231
 C13           57.576        64.322        78.501       103.278       121.787
 BAGE         -57.565       -61.162       -61.952       -61.354       -62.133


           Covariances
              P6            P7            P8            P9            P10
              ________      ________      ________      ________      ________
 P6           381.768
 P7           354.548       392.444
 P8           324.956       322.662       363.664
 P9           357.871       354.950       342.035       444.229
 P10          339.119       316.866       318.121       364.178       365.695
 P11          426.217       403.916       366.627       436.056       416.442
 P12          344.784       332.579       293.357       366.392       307.385
 P13          176.316       166.307       150.933       162.583       167.238
 C1            62.427        71.533        72.612        76.367        63.284
 C2            91.945        96.017        88.934        98.737        82.073
 C3           102.256       109.059       118.734       130.393       107.713
 C4           104.828       100.365       103.764       113.734       101.062
 C5           113.732       113.004       104.451       115.940        89.906
 C6           121.841       123.233       126.352       150.019       112.064
 C7           119.249       142.795       134.844       156.451       132.759
 C8           105.129       124.298       125.646       146.289       105.914
 C9           115.753       141.107       138.807       161.132       117.473
 C10          128.344       151.329       150.526       166.662       137.485
 C11          197.004       214.603       168.705       225.105       185.956
 C12          256.805       262.461       218.787       282.601       246.847
 C13          142.505       136.986       125.549       139.682       141.633
 BAGE         -63.965       -61.065       -61.460       -68.691       -51.468


           Covariances
              P11           P12           P13           C1            C2
              ________      ________      ________      ________      ________
 P11          554.060
 P12          396.538       364.930
 P13          192.236       167.313       142.620
 C1            54.388        57.733         3.021       118.487
 C2            76.438        84.434        24.164       101.044       130.273
 C3           125.072        86.523        16.643       104.082       115.555
 C4           112.505        94.296        41.625       100.118       113.080
 C5           109.395       102.241        32.168       110.199       121.267
 C6           126.597       132.839        44.560       102.669       116.177
 C7           145.872       125.282        42.664       104.195       118.216
 C8           103.167       120.917        46.741        99.651       110.895
 C9           132.713       130.451        46.242       112.492       126.095
 C10          132.199       117.421        56.054       112.568       114.121
 C11          258.338       217.663       113.170        89.751       105.911
 C12          310.986       280.257       181.327       100.963       112.554
 C13          169.043       132.016       108.226        27.614        28.552
 BAGE         -69.562       -67.587       -21.774       -21.478       -30.604


           Covariances
              C3            C4            C5            C6            C7
              ________      ________      ________      ________      ________
 C3           147.651
 C4           119.294       130.610
 C5           128.460       128.404       156.973
 C6           123.633       121.816       135.483       151.825
 C7           128.837       123.488       137.493       139.747       164.807
 C8           119.199       114.157       128.098       138.104       141.321
 C9           137.952       135.002       149.775       150.368       159.799
 C10          132.131       128.607       134.039       133.662       144.936
 C11          130.647       137.502       148.078       149.297       162.904
 C12          129.743       154.646       150.432       165.600       169.440
 C13           43.160        48.990        43.349        50.942        47.368
 BAGE         -34.395       -27.504       -36.390       -36.709       -36.411


           Covariances
              C8            C9            C10           C11           C12
              ________      ________      ________      ________      ________
 C8           162.491
 C9           159.082       194.705
 C10          148.969       160.783       195.185
 C11          152.337       184.637       157.213       268.637
 C12          171.585       183.800       202.378       302.968       428.259
 C13           49.078        53.721        68.723       114.321       175.835
 BAGE         -34.441       -39.450       -37.032       -41.796       -60.176


           Covariances
              C13           BAGE
              ________      ________
 C13          103.314
 BAGE         -24.337        51.255


           Correlations
              P1            P2            P3            P4            P5
              ________      ________      ________      ________      ________
 P1             1.000
 P2             0.906         1.000
 P3             0.896         0.899         1.000
 P4             0.845         0.872         0.889         1.000
 P5             0.840         0.846         0.886         0.913         1.000
 P6             0.789         0.808         0.815         0.906         0.901
 P7             0.739         0.745         0.711         0.832         0.841
 P8             0.807         0.787         0.869         0.841         0.902
 P9             0.724         0.768         0.769         0.862         0.864
 P10            0.712         0.685         0.730         0.842         0.861
 P11            0.713         0.709         0.721         0.882         0.882
 P12            0.739         0.805         0.780         0.919         0.888
 P13            0.399         0.422         0.472         0.601         0.627
 C1             0.321         0.346         0.393         0.351         0.366
 C2             0.389         0.429         0.455         0.431         0.401
 C3             0.365         0.409         0.445         0.443         0.484
 C4             0.415         0.476         0.494         0.501         0.465
 C5             0.390         0.456         0.482         0.465         0.485
 C6             0.453         0.486         0.543         0.520         0.537
 C7             0.455         0.432         0.483         0.536         0.539
 C8             0.436         0.430         0.493         0.499         0.512
 C9             0.447         0.474         0.504         0.503         0.564
 C10            0.426         0.392         0.437         0.472         0.451
 C11            0.408         0.452         0.428         0.636         0.653
 C12            0.321         0.361         0.390         0.627         0.566
 C13            0.293         0.328         0.388         0.545         0.623
 BAGE          -0.416        -0.442        -0.435        -0.460        -0.451


           Correlations
              P6            P7            P8            P9            P10
              ________      ________      ________      ________      ________
 P6             1.000
 P7             0.916         1.000
 P8             0.872         0.854         1.000
 P9             0.869         0.850         0.851         1.000
 P10            0.908         0.836         0.872         0.904         1.000
 P11            0.927         0.866         0.817         0.879         0.925
 P12            0.924         0.879         0.805         0.910         0.841
 P13            0.756         0.703         0.663         0.646         0.732
 C1             0.294         0.332         0.350         0.333         0.304
 C2             0.412         0.425         0.409         0.410         0.376
 C3             0.431         0.453         0.512         0.509         0.464
 C4             0.469         0.443         0.476         0.472         0.462
 C5             0.465         0.455         0.437         0.439         0.375
 C6             0.506         0.505         0.538         0.578         0.476
 C7             0.475         0.561         0.551         0.578         0.541
 C8             0.422         0.492         0.517         0.544         0.434
 C9             0.425         0.510         0.522         0.548         0.440
 C10            0.470         0.547         0.565         0.566         0.515
 C11            0.615         0.661         0.540         0.652         0.593
 C12            0.635         0.640         0.554         0.648         0.624
 C13            0.718         0.680         0.648         0.652         0.729
 BAGE          -0.457        -0.431        -0.450        -0.455        -0.376


           Correlations
              P11           P12           P13           C1            C2
              ________      ________      ________      ________      ________
 P11            1.000
 P12            0.882         1.000
 P13            0.684         0.733         1.000
 C1             0.212         0.278         0.023         1.000
 C2             0.285         0.387         0.177         0.813         1.000
 C3             0.437         0.373         0.115         0.787         0.833
 C4             0.418         0.432         0.305         0.805         0.867
 C5             0.371         0.427         0.215         0.808         0.848
 C6             0.436         0.564         0.303         0.765         0.826
 C7             0.483         0.511         0.278         0.746         0.807
 C8             0.344         0.497         0.307         0.718         0.762
 C9             0.404         0.489         0.277         0.741         0.792
 C10            0.402         0.440         0.336         0.740         0.716
 C11            0.670         0.695         0.578         0.503         0.566
 C12            0.638         0.709         0.734         0.448         0.477
 C13            0.707         0.680         0.892         0.250         0.246
 BAGE          -0.413        -0.494        -0.255        -0.276        -0.375


           Correlations
              C3            C4            C5            C6            C7
              ________      ________      ________      ________      ________
 C3             1.000
 C4             0.859         1.000
 C5             0.844         0.897         1.000
 C6             0.826         0.865         0.878         1.000
 C7             0.826         0.842         0.855         0.883         1.000
 C8             0.770         0.784         0.802         0.879         0.864
 C9             0.814         0.847         0.857         0.875         0.892
 C10            0.778         0.805         0.766         0.776         0.808
 C11            0.656         0.734         0.721         0.739         0.774
 C12            0.516         0.654         0.580         0.649         0.638
 C13            0.349         0.422         0.340         0.407         0.363
 BAGE          -0.395        -0.336        -0.406        -0.416        -0.396


           Correlations
              C8            C9            C10           C11           C12
              ________      ________      ________      ________      ________
 C8             1.000
 C9             0.894         1.000
 C10            0.836         0.825         1.000
 C11            0.729         0.807         0.687         1.000
 C12            0.650         0.637         0.700         0.893         1.000
 C13            0.379         0.379         0.484         0.686         0.836
 BAGE          -0.377        -0.395        -0.370        -0.356        -0.406


           Correlations
              C13           BAGE
              ________      ________
 C13            1.000
 BAGE          -0.334         1.000


     MAXIMUM LOG-LIKELIHOOD VALUE FOR THE UNRESTRICTED (H1) MODEL IS -10598.239


UNIVARIATE HIGHER-ORDER MOMENT DESCRIPTIVE STATISTICS


     UNIVARIATE HIGHER-ORDER MOMENT DESCRIPTIVE STATISTICS

         Variable/         Mean/     Skewness/   Minimum/ % with                Percentiles
        Sample Size      Variance    Kurtosis    Maximum  Min/Max      20%/60%    40%/80%    Median

     P1                   69.024      -0.147       0.000    0.34%      53.250     64.250     69.000
             295.000     379.729       0.481     124.250    0.34%      75.500     84.500
     P2                   69.268      -0.028      21.500    0.48%      55.500     65.500     70.500
             207.000     299.037       0.480     130.250    0.48%      74.000     81.250
     P3                   69.685       0.089      18.500    0.62%      56.250     66.500     71.750
             162.000     311.172       0.677     127.500    0.62%      74.500     81.000
     P4                   66.118       0.144      20.250    0.68%      51.250     62.500     67.500
             146.000     311.095       0.528     125.000    0.68%      71.250     78.250
     P5                   65.076      -0.066      25.500    1.04%      50.000     60.500     65.250
              96.000     267.945      -0.262     100.750    1.04%      70.000     77.250
     P6                   64.390      -0.042      25.500    1.75%      47.500     62.000     66.750
              57.000     262.831      -0.084     107.750    1.75%      70.250     76.250
     P7                   65.031       0.409      32.250    2.08%      52.250     58.500     64.625
              48.000     335.330       0.311     112.250    2.08%      69.250     74.000
     P8                   61.448       0.483      23.750    1.61%      47.250     54.250     60.625
              62.000     315.156       0.815     121.750    1.61%      67.000     73.250
     P9                   62.223       0.452      27.500    1.54%      47.250     54.750     59.750
              65.000     275.691      -0.167     106.750    1.54%      65.500     78.250
     P10                  61.543       0.375      27.000    2.13%      42.500     58.000     60.750
              47.000     274.081      -0.203     101.500    2.13%      62.750     77.000
     P11                  60.333       0.722      32.250    3.03%      42.500     49.250     56.500
              33.000     382.347      -0.032     110.000    3.03%      61.250     75.000
     P12                  51.804       0.175      30.250    7.14%      32.000     50.500     53.000
              14.000     264.118      -1.080      80.750    7.14%      53.250     63.500
     P13                  47.438      -0.220      26.500   25.00%      26.500     44.000     48.625
               4.000     207.137      -1.181      66.000   25.00%      44.000     53.250
     C1                   38.605      -0.556       0.000    0.30%      30.000     38.000     40.000
             334.000     118.455       0.615      68.000    0.30%      42.000     48.000
     C2                   38.940      -0.637       1.000    0.38%      30.000     37.000     40.000
             266.000     120.417       0.261      60.000    0.38%      43.000     49.000
     C3                   38.256      -0.575       4.000    0.88%      30.000     36.000     39.000
             227.000     126.305       0.282      63.000    0.44%      42.000     48.000
     C4                   39.546      -0.146      10.000    0.54%      30.000     37.000     40.000
             185.000      97.826      -0.287      65.000    0.54%      42.000     49.000
     C5                   39.321      -0.394       0.000    0.62%      30.000     38.000     40.000
             162.000     108.749       0.576      66.000    0.62%      42.000     49.000
     C6                   38.648      -0.172      18.000    0.82%      30.000     38.000     39.000
             122.000      93.294      -0.621      63.000    0.82%      41.000     48.000
     C7                   37.219      -0.613       4.000    0.95%      30.000     36.000     39.000
             105.000     108.304       0.086      56.000    0.95%      40.000     46.000
     C8                   36.773      -0.594      10.000    2.27%      30.000     34.000     38.000
              88.000     105.494       0.156      60.000    1.14%      40.000     45.000
     C9                   36.685      -0.200      11.000    1.37%      28.000     36.000     38.000
              73.000     116.298       0.095      65.000    1.37%      40.000     45.000
     C10                  33.827      -0.274       7.000    1.92%      23.000     33.000     34.500
              52.000     120.182      -0.450      56.000    1.92%      36.000     43.000
     C11                  34.684      -0.396      16.000    7.89%      28.000     32.000     34.500
              38.000      98.637      -0.719      50.000    5.26%      39.000     44.000
     C12                  32.263      -0.400       8.000    5.26%      19.000     31.000     32.000
              19.000     145.352      -0.856      51.000    5.26%      33.000     43.000
     C13                  31.000       0.173      19.000   20.00%      19.000     28.000     30.000
               5.000      66.400      -0.756      44.000   20.00%      30.000     34.000
     BAGE                  9.732      -0.533     -12.094    0.30%       3.996      8.620     10.735
             336.000      51.255       0.023      25.242    0.30%      12.382     15.744


THE MODEL ESTIMATION TERMINATED NORMALLY



MODEL FIT INFORMATION

Number of Free Parameters                       21

Loglikelihood

          H0 Value                      -10034.063
          H0 Scaling Correction Factor      1.2473
            for MLR

Information Criteria

          Akaike (AIC)                   20110.126
          Bayesian (BIC)                 20190.286
          Sample-Size Adjusted BIC       20123.671
            (n* = (n + 2) / 24)



MODEL RESULTS

                                                    Two-Tailed
                    Estimate       S.E.  Est./S.E.    P-Value

 IP         ON
    BAGE              -1.141      0.135     -8.443      0.000

 SP         ON
    BAGE              -0.024      0.022     -1.065      0.287

 IC         ON
    BAGE              -0.484      0.085     -5.715      0.000

 SC         ON
    BAGE              -0.044      0.013     -3.333      0.001

 IP       WITH
    SP                -7.429      2.562     -2.899      0.004
    IC                47.902     10.877      4.404      0.000
    SC                 2.529      1.474      1.715      0.086

 SP       WITH
    IC                 1.621      1.581      1.025      0.305
    SC                 0.445      0.215      2.071      0.038

 IC       WITH
    SC                 1.433      0.926      1.547      0.122

 P1       WITH
    C1                 1.974      1.187      1.662      0.096

 P2       WITH
    C2                 1.974      1.187      1.662      0.096

 P3       WITH
    C3                 1.974      1.187      1.662      0.096

 P4       WITH
    C4                 1.974      1.187      1.662      0.096

 P5       WITH
    C5                 1.974      1.187      1.662      0.096

 P6       WITH
    C6                 1.974      1.187      1.662      0.096

 P7       WITH
    C7                 1.974      1.187      1.662      0.096

 P8       WITH
    C8                 1.974      1.187      1.662      0.096

 P9       WITH
    C9                 1.974      1.187      1.662      0.096

 P10      WITH
    C10                1.974      1.187      1.662      0.096

 P11      WITH
    C11                1.974      1.187      1.662      0.096

 P12      WITH
    C12                1.974      1.187      1.662      0.096

 P13      WITH
    C13                1.974      1.187      1.662      0.096

 Intercepts
    P1                 0.000      0.000    999.000    999.000
    P2                 0.000      0.000    999.000    999.000
    P3                 0.000      0.000    999.000    999.000
    P4                 0.000      0.000    999.000    999.000
    P5                 0.000      0.000    999.000    999.000
    P6                 0.000      0.000    999.000    999.000
    P7                 0.000      0.000    999.000    999.000
    P8                 0.000      0.000    999.000    999.000
    P9                 0.000      0.000    999.000    999.000
    P10                0.000      0.000    999.000    999.000
    P11                0.000      0.000    999.000    999.000
    P12                0.000      0.000    999.000    999.000
    P13                0.000      0.000    999.000    999.000
    C1                 0.000      0.000    999.000    999.000
    C2                 0.000      0.000    999.000    999.000
    C3                 0.000      0.000    999.000    999.000
    C4                 0.000      0.000    999.000    999.000
    C5                 0.000      0.000    999.000    999.000
    C6                 0.000      0.000    999.000    999.000
    C7                 0.000      0.000    999.000    999.000
    C8                 0.000      0.000    999.000    999.000
    C9                 0.000      0.000    999.000    999.000
    C10                0.000      0.000    999.000    999.000
    C11                0.000      0.000    999.000    999.000
    C12                0.000      0.000    999.000    999.000
    C13                0.000      0.000    999.000    999.000
    IP                80.562      1.783     45.190      0.000
    SP                -1.792      0.248     -7.229      0.000
    IC                43.571      1.030     42.322      0.000
    SC                -0.445      0.150     -2.974      0.003

 Residual Variances
    P1                34.888      2.354     14.823      0.000
    P2                34.888      2.354     14.823      0.000
    P3                34.888      2.354     14.823      0.000
    P4                34.888      2.354     14.823      0.000
    P5                34.888      2.354     14.823      0.000
    P6                34.888      2.354     14.823      0.000
    P7                34.888      2.354     14.823      0.000
    P8                34.888      2.354     14.823      0.000
    P9                34.888      2.354     14.823      0.000
    P10               34.888      2.354     14.823      0.000
    P11               34.888      2.354     14.823      0.000
    P12               34.888      2.354     14.823      0.000
    P13               34.888      2.354     14.823      0.000
    C1                22.378      1.372     16.307      0.000
    C2                22.378      1.372     16.307      0.000
    C3                22.378      1.372     16.307      0.000
    C4                22.378      1.372     16.307      0.000
    C5                22.378      1.372     16.307      0.000
    C6                22.378      1.372     16.307      0.000
    C7                22.378      1.372     16.307      0.000
    C8                22.378      1.372     16.307      0.000
    C9                22.378      1.372     16.307      0.000
    C10               22.378      1.372     16.307      0.000
    C11               22.378      1.372     16.307      0.000
    C12               22.378      1.372     16.307      0.000
    C13               22.378      1.372     16.307      0.000
    IP               272.014     27.860      9.764      0.000
    SP                 2.159      0.673      3.209      0.001
    IC                88.030      8.484     10.376      0.000
    SC                 0.552      0.167      3.297      0.001

New/Additional Parameters
    R_IPIC             0.310      0.059      5.242      0.000
    R_SPSC             0.408      0.138      2.956      0.003
    R_RES_PC           0.071      0.042      1.692      0.091


QUALITY OF NUMERICAL RESULTS

     Condition Number for the Information Matrix              0.160E-04
       (ratio of smallest to largest eigenvalue)


CONFIDENCE INTERVALS OF MODEL RESULTS

                  Lower .5%  Lower 2.5%    Lower 5%    Estimate    Upper 5%  Upper 2.5%   Upper .5%

 IP       ON
    BAGE            -1.490      -1.406      -1.364      -1.141      -0.919      -0.876      -0.793

 SP       ON
    BAGE            -0.081      -0.067      -0.060      -0.024       0.013       0.020       0.034

 IC       ON
    BAGE            -0.703      -0.651      -0.624      -0.484      -0.345      -0.318      -0.266

 SC       ON
    BAGE            -0.078      -0.070      -0.066      -0.044      -0.022      -0.018      -0.010

 IP       WITH
    SP             -14.029     -12.451     -11.644      -7.429      -3.214      -2.407      -0.829
    IC              19.884      26.583      30.009      47.902      65.795      69.222      75.920
    SC              -1.269      -0.361       0.104       2.529       4.955       5.419       6.327

 SP       WITH
    IC              -2.452      -1.478      -0.980       1.621       4.222       4.720       5.693
    SC              -0.109       0.024       0.091       0.445       0.799       0.866       0.999

 IC       WITH
    SC              -0.953      -0.382      -0.091       1.433       2.956       3.248       3.818

 P1       WITH
    C1              -1.084      -0.353       0.021       1.974       3.926       4.300       5.031

 P2       WITH
    C2              -1.084      -0.353       0.021       1.974       3.926       4.300       5.031

 P3       WITH
    C3              -1.084      -0.353       0.021       1.974       3.926       4.300       5.031

 P4       WITH
    C4              -1.084      -0.353       0.021       1.974       3.926       4.300       5.031

 P5       WITH
    C5              -1.084      -0.353       0.021       1.974       3.926       4.300       5.031

 P6       WITH
    C6              -1.084      -0.353       0.021       1.974       3.926       4.300       5.031

 P7       WITH
    C7              -1.084      -0.353       0.021       1.974       3.926       4.300       5.031

 P8       WITH
    C8              -1.084      -0.353       0.021       1.974       3.926       4.300       5.031

 P9       WITH
    C9              -1.084      -0.353       0.021       1.974       3.926       4.300       5.031

 P10      WITH
    C10             -1.084      -0.353       0.021       1.974       3.926       4.300       5.031

 P11      WITH
    C11             -1.084      -0.353       0.021       1.974       3.926       4.300       5.031

 P12      WITH
    C12             -1.084      -0.353       0.021       1.974       3.926       4.300       5.031

 P13      WITH
    C13             -1.084      -0.353       0.021       1.974       3.926       4.300       5.031

 Intercepts
    P1               0.000       0.000       0.000       0.000       0.000       0.000       0.000
    P2               0.000       0.000       0.000       0.000       0.000       0.000       0.000
    P3               0.000       0.000       0.000       0.000       0.000       0.000       0.000
    P4               0.000       0.000       0.000       0.000       0.000       0.000       0.000
    P5               0.000       0.000       0.000       0.000       0.000       0.000       0.000
    P6               0.000       0.000       0.000       0.000       0.000       0.000       0.000
    P7               0.000       0.000       0.000       0.000       0.000       0.000       0.000
    P8               0.000       0.000       0.000       0.000       0.000       0.000       0.000
    P9               0.000       0.000       0.000       0.000       0.000       0.000       0.000
    P10              0.000       0.000       0.000       0.000       0.000       0.000       0.000
    P11              0.000       0.000       0.000       0.000       0.000       0.000       0.000
    P12              0.000       0.000       0.000       0.000       0.000       0.000       0.000
    P13              0.000       0.000       0.000       0.000       0.000       0.000       0.000
    C1               0.000       0.000       0.000       0.000       0.000       0.000       0.000
    C2               0.000       0.000       0.000       0.000       0.000       0.000       0.000
    C3               0.000       0.000       0.000       0.000       0.000       0.000       0.000
    C4               0.000       0.000       0.000       0.000       0.000       0.000       0.000
    C5               0.000       0.000       0.000       0.000       0.000       0.000       0.000
    C6               0.000       0.000       0.000       0.000       0.000       0.000       0.000
    C7               0.000       0.000       0.000       0.000       0.000       0.000       0.000
    C8               0.000       0.000       0.000       0.000       0.000       0.000       0.000
    C9               0.000       0.000       0.000       0.000       0.000       0.000       0.000
    C10              0.000       0.000       0.000       0.000       0.000       0.000       0.000
    C11              0.000       0.000       0.000       0.000       0.000       0.000       0.000
    C12              0.000       0.000       0.000       0.000       0.000       0.000       0.000
    C13              0.000       0.000       0.000       0.000       0.000       0.000       0.000
    IP              75.970      77.068      77.630      80.562      83.495      84.057      85.154
    SP              -2.431      -2.278      -2.200      -1.792      -1.385      -1.307      -1.154
    IC              40.919      41.553      41.877      43.571      45.264      45.589      46.223
    SC              -0.831      -0.739      -0.692      -0.445      -0.199      -0.152      -0.060

 Residual Variances
    P1              28.826      30.275      31.016      34.888      38.760      39.502      40.951
    P2              28.826      30.275      31.016      34.888      38.760      39.502      40.951
    P3              28.826      30.275      31.016      34.888      38.760      39.502      40.951
    P4              28.826      30.275      31.016      34.888      38.760      39.502      40.951
    P5              28.826      30.275      31.016      34.888      38.760      39.502      40.951
    P6              28.826      30.275      31.016      34.888      38.760      39.502      40.951
    P7              28.826      30.275      31.016      34.888      38.760      39.502      40.951
    P8              28.826      30.275      31.016      34.888      38.760      39.502      40.951
    P9              28.826      30.275      31.016      34.888      38.760      39.502      40.951
    P10             28.826      30.275      31.016      34.888      38.760      39.502      40.951
    P11             28.826      30.275      31.016      34.888      38.760      39.502      40.951
    P12             28.826      30.275      31.016      34.888      38.760      39.502      40.951
    P13             28.826      30.275      31.016      34.888      38.760      39.502      40.951
    C1              18.843      19.688      20.120      22.378      24.635      25.067      25.912
    C2              18.843      19.688      20.120      22.378      24.635      25.067      25.912
    C3              18.843      19.688      20.120      22.378      24.635      25.067      25.912
    C4              18.843      19.688      20.120      22.378      24.635      25.067      25.912
    C5              18.843      19.688      20.120      22.378      24.635      25.067      25.912
    C6              18.843      19.688      20.120      22.378      24.635      25.067      25.912
    C7              18.843      19.688      20.120      22.378      24.635      25.067      25.912
    C8              18.843      19.688      20.120      22.378      24.635      25.067      25.912
    C9              18.843      19.688      20.120      22.378      24.635      25.067      25.912
    C10             18.843      19.688      20.120      22.378      24.635      25.067      25.912
    C11             18.843      19.688      20.120      22.378      24.635      25.067      25.912
    C12             18.843      19.688      20.120      22.378      24.635      25.067      25.912
    C13             18.843      19.688      20.120      22.378      24.635      25.067      25.912
    IP             200.252     217.408     226.184     272.014     317.844     326.620     343.776
    SP               0.426       0.840       1.052       2.159       3.265       3.477       3.891
    IC              66.176      71.401      74.074      88.030     101.987     104.660     109.884
    SC               0.121       0.224       0.277       0.552       0.828       0.880       0.983

New/Additional Parameters
    R_IPIC           0.157       0.194       0.212       0.310       0.407       0.425       0.462
    R_SPSC           0.052       0.137       0.181       0.408       0.634       0.678       0.763
    R_RES_PC        -0.037      -0.011       0.002       0.071       0.139       0.152       0.178


SAMPLE STATISTICS FOR ESTIMATED FACTOR SCORES


     SAMPLE STATISTICS


           Means
              IP            IP_SE         SP            SP_SE         IC
              ________      ________      ________      ________      ________
 1             69.455         4.789        -2.023         1.128        38.856


           Means
              IC_SE         SC            SC_SE
              ________      ________      ________
 1              2.833        -0.875         0.592


           Covariances
              IP            IP_SE         SP            SP_SE         IC
              ________      ________      ________      ________      ________
 IP           308.952
 IP_SE         -5.049         6.901
 SP            -3.702        -0.140         0.822
 SP_SE         -1.687         0.322         0.002         0.093
 IC            74.778        -3.452         2.283        -0.667        91.321
 IC_SE         -3.866         0.686         0.010         0.139        -1.910
 SC             5.186        -0.191         0.218        -0.038         2.918
 SC_SE         -0.776         0.119         0.006         0.039        -0.315


           Covariances
              IC_SE         SC            SC_SE
              ________      ________      ________
 IC_SE          0.712
 SC            -0.081         0.284
 SC_SE          0.068        -0.014         0.018


           Correlations
              IP            IP_SE         SP            SP_SE         IC
              ________      ________      ________      ________      ________
 IP             1.000
 IP_SE         -0.109         1.000
 SP            -0.232        -0.059         1.000
 SP_SE         -0.315         0.403         0.008         1.000
 IC             0.445        -0.138         0.263        -0.229         1.000
 IC_SE         -0.261         0.310         0.014         0.540        -0.237
 SC             0.554        -0.137         0.451        -0.233         0.573
 SC_SE         -0.332         0.342         0.051         0.955        -0.248


           Correlations
              IC_SE         SC            SC_SE
              ________      ________      ________
 IC_SE          1.000
 SC            -0.180         1.000
 SC_SE          0.604        -0.201         1.000


PLOT INFORMATION

The following plots are available:

  Histograms (sample values, estimated factor scores)
  Scatterplots (sample values, estimated factor scores)
  Latent variable distribution plots

     Beginning Time:  02:46:37
        Ending Time:  02:47:00
       Elapsed Time:  00:00:23



MUTHEN & MUTHEN
3463 Stoner Ave.
Los Angeles, CA  90066

Tel: (310) 391-9971
Fax: (310) 391-8971
Web: www.StatModel.com
Support: Support@StatModel.com

Copyright (c) 1998-2014 Muthen & Muthen
