Mplus VERSION 7.3
MUTHEN & MUTHEN
10/04/2015   2:47 AM

INPUT INSTRUCTIONS

  TITLE:
  Your new title
  DATA:
  File = radcMAP_wide.dat;
  VARIABLE:
  Names are
  	projid study_x scaled_to_x agreeableness conscientiousness extraversion
  	neo_altruism neo_conscientiousness neo_trust openness anxiety_10items
  	neuroticism_12 neuroticism_6 age_bl age_death educ msex race spanish q1inc
  	apoe_genotype ldai_bl q3smo_bl q4smo_bl smoking married married2 age_at_visit_00
  	age_at_visit_01 age_at_visit_02 age_at_visit_03 age_at_visit_04 age_at_visit_05
  	age_at_visit_06 age_at_visit_07 age_at_visit_08 age_at_visit_09 age_at_visit_10
  	age_at_visit_11 age_at_visit_12 age_at_visit_13 age_at_visit_14 age_at_visit_15
  	age_at_visit_16 age_at_visit_17 age_at_visit_18 age_at_visit_19 age_at_visit_20
  	alcohol_g_00 alcohol_g_01 alcohol_g_02 alcohol_g_03 alcohol_g_04 alcohol_g_05
  	alcohol_g_06 alcohol_g_07 alcohol_g_08 alcohol_g_09 alcohol_g_10 alcohol_g_11
  	alcohol_g_12 alcohol_g_13 alcohol_g_14 alcohol_g_15 alcohol_g_16 alcohol_g_17
  	alcohol_g_18 alcohol_g_19 alcohol_g_20 bmi_00 bmi_01 bmi_02 bmi_03 bmi_04 bmi_05
  	bmi_06 bmi_07 bmi_08 bmi_09 bmi_10 bmi_11 bmi_12 bmi_13 bmi_14 bmi_15 bmi_16
  	bmi_17 bmi_18 bmi_19 bmi_20 bp11_00 bp11_01 bp11_02 bp11_03 bp11_04 bp11_05
  	bp11_06 bp11_07 bp11_08 bp11_09 bp11_10 bp11_11 bp11_12 bp11_13 bp11_14 bp11_15
  	bp11_16 bp11_17 bp11_18 bp11_19 bp11_20 bp2_00 bp2_01 bp2_02 bp2_03 bp2_04
  	bp2_05 bp2_06 bp2_07 bp2_08 bp2_09 bp2_10 bp2_11 bp2_12 bp2_13 bp2_14 bp2_15
  	bp2_16 bp2_17 bp2_18 bp2_19 bp2_20 bp3_00 bp3_01 bp3_02 bp3_03 bp3_04 bp3_05
  	bp3_06 bp3_07 bp3_08 bp3_09 bp3_10 bp31_00 bp31_01 bp31_02 bp31_03 bp31_04
  	bp31_05 bp31_06 bp31_07 bp31_08 bp31_09 bp3_11 bp31_10 bp31_11 bp31_12 bp31_13
  	bp31_14 bp31_15 bp31_16 bp31_17 bp31_18 bp31_19 bp3_12 bp31_20 bp3_13 bp3_14
  	bp3_15 bp3_16 bp3_17 bp3_18 bp3_19 bp3_20 bun_00 bun_01 bun_02 bun_03 bun_04
  	bun_05 bun_06 bun_07 bun_08 bun_09 bun_10 bun_11 bun_12 bun_13 bun_14 bun_15
  	bun_16 bun_17 bun_18 bun_19 bun_20 ca_00 ca_01 ca_02 ca_03 ca_04 ca_05 ca_06
  	ca_07 ca_08 ca_09 ca_10 ca_11 ca_12 ca_13 ca_14 ca_15 ca_16 ca_17 ca_18 ca_19
  	ca_20 cesdsum_00 cesdsum_01 cesdsum_02 cesdsum_03 cesdsum_04 cesdsum_05
  	cesdsum_06 cesdsum_07 cesdsum_08 cesdsum_09 cesdsum_10 cesdsum_11 cesdsum_12
  	cesdsum_13 cesdsum_14 cesdsum_15 cesdsum_16 cesdsum_17 cesdsum_18 cesdsum_19
  	cesdsum_20 chf_cum_00 chf_cum_01 chf_cum_02 chf_cum_03 chf_cum_04 chf_cum_05
  	chf_cum_06 chf_cum_07 chf_cum_08 chf_cum_09 chf_cum_10 chf_cum_11 chf_cum_12
  	chf_cum_13 chf_cum_14 chf_cum_15 chf_cum_16 chf_cum_17 chf_cum_18 chf_cum_19
  	chf_cum_20 chlstrl_00 chlstrl_01 chlstrl_02 chlstrl_03 chlstrl_04 chlstrl_05
  	chlstrl_06 chlstrl_07 chlstrl_08 chlstrl_09 chlstrl_10 chlstrl_11 chlstrl_12
  	chlstrl_13 chlstrl_14 chlstrl_15 chlstrl_16 chlstrl_17 chlstrl_18 chlstrl_19
  	chlstrl_20 cl_00 cl_01 cl_02 cl_03 cl_04 cl_05 cl_06 cl_07 cl_08 cl_09 cl_10
  	cl_11 cl_12 cl_13 cl_14 cl_15 cl_16 cl_17 cl_18 cl_19 cl_20 claudication_cum_00
  	claudication_cum_01 claudication_cum_02 claudication_cum_03 claudication_cum_04
  	claudication_cum_05 claudication_cum_06 claudication_cum_07 claudication_cum_08
  	claudication_cum_09 claudication_cum_10 claudication_cum_11 claudication_cum_12
  	claudication_cum_13 claudication_cum_14 claudication_cum_15 claudication_cum_16
  	claudication_cum_17 claudication_cum_18 claudication_cum_19 claudication_cum_20
  	co2_00 co2_01 co2_02 co2_03 co2_04 co2_05 co2_06 co2_07 co2_08 co2_09 co2_10
  	co2_11 co2_12 co2_13 co2_14 co2_15 co2_16 co2_17 co2_18 co2_19 co2_20 cogn_ep_00
  	cogn_ep_01 cogn_ep_02 cogn_ep_03 cogn_ep_04 cogn_ep_05 cogn_ep_06 cogn_ep_07
  	cogn_ep_08 cogn_ep_09 cogn_ep_10 cogn_ep_11 cogn_ep_12 cogn_ep_13 cogn_ep_14
  	cogn_ep_15 cogn_ep_16 cogn_ep_17 cogn_ep_18 cogn_ep_19 cogn_ep_20 cogn_global_00
  	cogn_global_01 cogn_global_02 cogn_global_03 cogn_global_04 cogn_global_05
  	cogn_global_06 cogn_global_07 cogn_global_08 cogn_global_09 cogn_global_10
  	cogn_global_11 cogn_global_12 cogn_global_13 cogn_global_14 cogn_global_15
  	cogn_global_16 cogn_global_17 cogn_global_18 cogn_global_19 cogn_global_20
  	cogn_po_00 cogn_po_01 cogn_po_02 cogn_po_03 cogn_po_04 cogn_po_05 cogn_po_06
  	cogn_po_07 cogn_po_08 cogn_po_09 cogn_po_10 cogn_po_11 cogn_po_12 cogn_po_13
  	cogn_po_14 cogn_po_15 cogn_po_16 cogn_po_17 cogn_po_18 cogn_po_19 cogn_po_20
  	cogn_ps_00 cogn_ps_01 cogn_ps_02 cogn_ps_03 cogn_ps_04 cogn_ps_05 cogn_ps_06
  	cogn_ps_07 cogn_ps_08 cogn_ps_09 cogn_ps_10 cogn_ps_11 cogn_ps_12 cogn_ps_13
  	cogn_ps_14 cogn_ps_15 cogn_ps_16 cogn_ps_17 cogn_ps_18 cogn_ps_19 cogn_ps_20
  	cogn_se_00 cogn_se_01 cogn_se_02 cogn_se_03 cogn_se_04 cogn_se_05 cogn_se_06
  	cogn_se_07 cogn_se_08 cogn_se_09 cogn_se_10 cogn_se_11 cogn_se_12 cogn_se_13
  	cogn_se_14 cogn_se_15 cogn_se_16 cogn_se_17 cogn_se_18 cogn_se_19 cogn_se_20
  	cogn_wo_00 cogn_wo_01 cogn_wo_02 cogn_wo_03 cogn_wo_04 cogn_wo_05 cogn_wo_06
  	cogn_wo_07 cogn_wo_08 cogn_wo_09 cogn_wo_10 cogn_wo_11 cogn_wo_12 cogn_wo_13
  	cogn_wo_14 cogn_wo_15 cogn_wo_16 cogn_wo_17 cogn_wo_18 cogn_wo_19 cogn_wo_20
  	crn_00 crn_01 crn_02 crn_03 crn_04 crn_05 crn_06 crn_07 crn_08 crn_09 crn_10
  	crn_11 crn_12 crn_13 crn_14 crn_15 crn_16 crn_17 crn_18 crn_19 crn_20
  	cts_bname_00 cts_bname_01 cts_bname_02 cts_bname_03 cts_bname_04 cts_bname_05
  	cts_bname_06 cts_bname_07 cts_bname_08 cts_bname_09 cts_bname_10 cts_bname_11
  	cts_bname_12 cts_bname_13 cts_bname_14 cts_bname_15 cts_bname_16 cts_bname_17
  	cts_bname_18 cts_bname_19 cts_bname_20 cts_catflu_00 cts_catflu_01 cts_catflu_02
  	cts_catflu_03 cts_catflu_04 cts_catflu_05 cts_catflu_06 cts_catflu_07
  	cts_catflu_08 cts_catflu_09 cts_catflu_10 cts_catflu_11 cts_catflu_12
  	cts_catflu_13 cts_catflu_14 cts_catflu_15 cts_catflu_16 cts_catflu_17
  	cts_catflu_18 cts_catflu_19 cts_catflu_20 cts_db_00 cts_db_01 cts_db_02
  	cts_db_03 cts_db_04 cts_db_05 cts_db_06 cts_db_07 cts_db_08 cts_db_09 cts_db_10
  	cts_db_11 cts_db_12 cts_db_13 cts_db_14 cts_db_15 cts_db_16 cts_db_17 cts_db_18
  	cts_db_19 cts_db_20 cts_delay_00 cts_delay_01 cts_delay_02 cts_delay_03
  	cts_delay_04 cts_delay_05 cts_delay_06 cts_delay_07 cts_delay_08 cts_delay_09
  	cts_delay_10 cts_delay_11 cts_delay_12 cts_delay_13 cts_delay_14 cts_delay_15
  	cts_delay_16 cts_delay_17 cts_delay_18 cts_delay_19 cts_delay_20 cts_df_00
  	cts_df_01 cts_df_02 cts_df_03 cts_df_04 cts_df_05 cts_df_06 cts_df_07 cts_df_08
  	cts_df_09 cts_df_10 cts_df_11 cts_df_12 cts_df_13 cts_df_14 cts_df_15 cts_df_16
  	cts_df_17 cts_df_18 cts_df_19 cts_df_20 cts_doperf_00 cts_doperf_01
  	cts_doperf_02 cts_doperf_03 cts_doperf_04 cts_doperf_05 cts_doperf_06
  	cts_doperf_07 cts_doperf_08 cts_doperf_09 cts_doperf_10 cts_doperf_11
  	cts_doperf_12 cts_doperf_13 cts_doperf_14 cts_doperf_15 cts_doperf_16
  	cts_doperf_17 cts_doperf_18 cts_doperf_19 cts_doperf_20 cts_ebdr_00 cts_ebdr_01
  	cts_ebdr_02 cts_ebdr_03 cts_ebdr_04 cts_ebdr_05 cts_ebdr_06 cts_ebdr_07
  	cts_ebdr_08 cts_ebdr_09 cts_ebdr_10 cts_ebdr_11 cts_ebdr_12 cts_ebdr_13
  	cts_ebdr_14 cts_ebdr_15 cts_ebdr_16 cts_ebdr_17 cts_ebdr_18 cts_ebdr_19
  	cts_ebdr_20 cts_ebmt_00 cts_ebmt_01 cts_ebmt_02 cts_ebmt_03 cts_ebmt_04
  	cts_ebmt_05 cts_ebmt_06 cts_ebmt_07 cts_ebmt_08 cts_ebmt_09 cts_ebmt_10
  	cts_ebmt_11 cts_ebmt_12 cts_ebmt_13 cts_ebmt_14 cts_ebmt_15 cts_ebmt_16
  	cts_ebmt_17 cts_ebmt_18 cts_ebmt_19 cts_ebmt_20 cts_idea_00 cts_idea_01
  	cts_idea_02 cts_idea_03 cts_idea_04 cts_idea_05 cts_idea_06 cts_idea_07
  	cts_idea_08 cts_idea_09 cts_idea_10 cts_idea_11 cts_idea_12 cts_idea_13
  	cts_idea_14 cts_idea_15 cts_idea_16 cts_idea_17 cts_idea_18 cts_idea_19
  	cts_idea_20 cts_lopair_00 cts_lopair_01 cts_lopair_02 cts_lopair_03
  	cts_lopair_04 cts_lopair_05 cts_lopair_06 cts_lopair_07 cts_lopair_08
  	cts_lopair_09 cts_lopair_10 cts_lopair_11 cts_lopair_12 cts_lopair_13
  	cts_lopair_14 cts_lopair_15 cts_lopair_16 cts_lopair_17 cts_lopair_18
  	cts_lopair_19 cts_lopair_20 cts_mmse30_00 cts_mmse30_01 cts_mmse30_02
  	cts_mmse30_03 cts_mmse30_04 cts_mmse30_05 cts_mmse30_06 cts_mmse30_07
  	cts_mmse30_08 cts_mmse30_09 cts_mmse30_10 cts_mmse30_11 cts_mmse30_12
  	cts_mmse30_13 cts_mmse30_14 cts_mmse30_15 cts_mmse30_16 cts_mmse30_17
  	cts_mmse30_18 cts_mmse30_19 cts_mmse30_20 cts_nccrtd_00 cts_nccrtd_01
  	cts_nccrtd_02 cts_nccrtd_03 cts_nccrtd_04 cts_nccrtd_05 cts_nccrtd_06
  	cts_nccrtd_07 cts_nccrtd_08 cts_nccrtd_09 cts_nccrtd_10 cts_nccrtd_11
  	cts_nccrtd_12 cts_nccrtd_13 cts_nccrtd_14 cts_nccrtd_15 cts_nccrtd_16
  	cts_nccrtd_17 cts_nccrtd_18 cts_nccrtd_19 cts_nccrtd_20 cts_pmat_00 cts_pmat_01
  	cts_pmat_02 cts_pmat_03 cts_pmat_04 cts_pmat_05 cts_pmat_06 cts_pmat_07
  	cts_pmat_08 cts_pmat_09 cts_pmat_10 cts_pmat_11 cts_pmat_12 cts_pmat_13
  	cts_pmat_14 cts_pmat_15 cts_pmat_16 cts_pmat_17 cts_pmat_18 cts_pmat_19
  	cts_pmat_20 cts_read_nart_00 cts_read_nart_01 cts_read_nart_02 cts_read_nart_03
  	cts_read_nart_04 cts_read_nart_05 cts_read_nart_06 cts_read_nart_07
  	cts_read_nart_08 cts_read_nart_09 cts_read_nart_10 cts_read_nart_11
  	cts_read_nart_12 cts_read_nart_13 cts_read_nart_14 cts_read_nart_15
  	cts_read_nart_16 cts_read_nart_17 cts_read_nart_18 cts_read_nart_19
  	cts_read_nart_20 cts_read_wrat_00 cts_read_wrat_01 cts_read_wrat_02
  	cts_read_wrat_03 cts_read_wrat_04 cts_read_wrat_05 cts_read_wrat_06
  	cts_read_wrat_07 cts_read_wrat_08 cts_read_wrat_09 cts_read_wrat_10
  	cts_read_wrat_11 cts_read_wrat_12 cts_read_wrat_13 cts_read_wrat_14
  	cts_read_wrat_15 cts_read_wrat_16 cts_read_wrat_17 cts_read_wrat_18
  	cts_read_wrat_19 cts_read_wrat_20 cts_sdmt_00 cts_sdmt_01 cts_sdmt_02
  	cts_sdmt_03 cts_sdmt_04 cts_sdmt_05 cts_sdmt_06 cts_sdmt_07 cts_sdmt_08
  	cts_sdmt_09 cts_sdmt_10 cts_sdmt_11 cts_sdmt_12 cts_sdmt_13 cts_sdmt_14
  	cts_sdmt_15 cts_sdmt_16 cts_sdmt_17 cts_sdmt_18 cts_sdmt_19 cts_sdmt_20
  	cts_story_00 cts_story_01 cts_story_02 cts_story_03 cts_story_04 cts_story_05
  	cts_story_06 cts_story_07 cts_story_08 cts_story_09 cts_story_10 cts_story_11
  	cts_story_12 cts_story_13 cts_story_14 cts_story_15 cts_story_16 cts_story_17
  	cts_story_18 cts_story_19 cts_story_20 cts_wli_00 cts_wli_01 cts_wli_02
  	cts_wli_03 cts_wli_04 cts_wli_05 cts_wli_06 cts_wli_07 cts_wli_08 cts_wli_09
  	cts_wli_10 cts_wli_11 cts_wli_12 cts_wli_13 cts_wli_14 cts_wli_15 cts_wli_16
  	cts_wli_17 cts_wli_18 cts_wli_19 cts_wli_20 cts_wlii_00 cts_wlii_01 cts_wlii_02
  	cts_wlii_03 cts_wlii_04 cts_wlii_05 cts_wlii_06 cts_wlii_07 cts_wlii_08
  	cts_wlii_09 cts_wlii_10 cts_wlii_11 cts_wlii_12 cts_wlii_13 cts_wlii_14
  	cts_wlii_15 cts_wlii_16 cts_wlii_17 cts_wlii_18 cts_wlii_19 cts_wlii_20
  	cts_wliii_00 cts_wliii_01 cts_wliii_02 cts_wliii_03 cts_wliii_04 cts_wliii_05
  	cts_wliii_06 cts_wliii_07 cts_wliii_08 cts_wliii_09 cts_wliii_10 cts_wliii_11
  	cts_wliii_12 cts_wliii_13 cts_wliii_14 cts_wliii_15 cts_wliii_16 cts_wliii_17
  	cts_wliii_18 cts_wliii_19 cts_wliii_20 dcfdx_00 dcfdx_01 dcfdx_02 dcfdx_03
  	dcfdx_04 dcfdx_05 dcfdx_06 dcfdx_07 dcfdx_08 dcfdx_09 dcfdx_10 dcfdx_11 dcfdx_12
  	dcfdx_13 dcfdx_14 dcfdx_15 dcfdx_16 dcfdx_17 dcfdx_18 dcfdx_19 dcfdx_20
  	dementia_00 dementia_01 dementia_02 dementia_03 dementia_04 dementia_05
  	dementia_06 dementia_07 dementia_08 dementia_09 dementia_10 dementia_11
  	dementia_12 dementia_13 dementia_14 dementia_15 dementia_16 dementia_17
  	dementia_18 dementia_19 dementia_20 dm_cum_00 dm_cum_01 dm_cum_02 dm_cum_03
  	dm_cum_04 dm_cum_05 dm_cum_06 dm_cum_07 dm_cum_08 dm_cum_09 dm_cum_10 dm_cum_11
  	dm_cum_12 dm_cum_13 dm_cum_14 dm_cum_15 dm_cum_16 dm_cum_17 dm_cum_18 dm_cum_19
  	dm_cum_20 fasting_00 fasting_01 fasting_02 fasting_03 fasting_04 fasting_05
  	fasting_06 fasting_07 fasting_08 fasting_09 fasting_10 fasting_11 fasting_12
  	fasting_13 fasting_14 fasting_15 fasting_16 fasting_17 fasting_18 fasting_19
  	fasting_20 fev_00 fev_01 fev_02 fev_03 fev_04 fev_05 fev_06 fev_07 fev_08 fev_09
  	fev_10 fev_11 fev_12 fev_13 fev_14 fev_15 fev_16 fev_17 fev_18 fev_19 fev_20
  	fu_year gait_speed_00 gait_speed_01 gait_speed_02 gait_speed_03 gait_speed_04
  	gait_speed_05 gait_speed_06 gait_speed_07 gait_speed_08 gait_speed_09
  	gait_speed_10 gait_speed_11 gait_speed_12 gait_speed_13 gait_speed_14
  	gait_speed_15 gait_speed_16 gait_speed_17 gait_speed_18 gait_speed_19
  	gait_speed_20 glucose_00 glucose_01 glucose_02 glucose_03 glucose_04 glucose_05
  	glucose_06 glucose_07 glucose_08 glucose_09 glucose_10 glucose_11 glucose_12
  	glucose_13 glucose_14 glucose_15 glucose_16 glucose_17 glucose_18 glucose_19
  	glucose_20 gripavg_00 gripavg_01 gripavg_02 gripavg_03 gripavg_04 gripavg_05
  	gripavg_06 gripavg_07 gripavg_08 gripavg_09 gripavg_10 gripavg_11 gripavg_12
  	gripavg_13 gripavg_14 gripavg_15 gripavg_16 gripavg_17 gripavg_18 gripavg_19
  	gripavg_20 hba1c_00 hba1c_01 hba1c_02 hba1c_03 hba1c_04 hba1c_05 hba1c_06
  	hba1c_07 hba1c_08 hba1c_09 hba1c_10 hba1c_11 hba1c_12 hba1c_13 hba1c_14 hba1c_15
  	hba1c_16 hba1c_17 hba1c_18 hba1c_19 hba1c_20 hdlchlstrl_00 hdlchlstrl_01
  	hdlchlstrl_02 hdlchlstrl_03 hdlchlstrl_04 hdlchlstrl_05 hdlchlstrl_06
  	hdlchlstrl_07 hdlchlstrl_08 hdlchlstrl_09 hdlchlstrl_10 hdlchlstrl_11
  	hdlchlstrl_12 hdlchlstrl_13 hdlchlstrl_14 hdlchlstrl_15 hdlchlstrl_16
  	hdlchlstrl_17 hdlchlstrl_18 hdlchlstrl_19 hdlchlstrl_20 hdlratio_00 hdlratio_01
  	hdlratio_02 hdlratio_03 hdlratio_04 hdlratio_05 hdlratio_06 hdlratio_07
  	hdlratio_08 hdlratio_09 hdlratio_10 hdlratio_11 hdlratio_12 hdlratio_13
  	hdlratio_14 hdlratio_15 hdlratio_16 hdlratio_17 hdlratio_18 hdlratio_19
  	hdlratio_20 heart_cum_00 heart_cum_01 heart_cum_02 heart_cum_03 heart_cum_04
  	heart_cum_05 heart_cum_06 heart_cum_07 heart_cum_08 heart_cum_09 heart_cum_10
  	heart_cum_11 heart_cum_12 heart_cum_13 heart_cum_14 heart_cum_15 heart_cum_16
  	heart_cum_17 heart_cum_18 heart_cum_19 heart_cum_20 htm_00 htm_01 htm_02 htm_03
  	htm_04 htm_05 htm_06 htm_07 htm_08 htm_09 htm_10 htm_11 htm_12 htm_13 htm_14
  	htm_15 htm_16 htm_17 htm_18 htm_19 htm_20 hypertension_cum_00
  	hypertension_cum_01 hypertension_cum_02 hypertension_cum_03 hypertension_cum_04
  	hypertension_cum_05 hypertension_cum_06 hypertension_cum_07 hypertension_cum_08
  	hypertension_cum_09 hypertension_cum_10 hypertension_cum_11 hypertension_cum_12
  	hypertension_cum_13 hypertension_cum_14 hypertension_cum_15 hypertension_cum_16
  	hypertension_cum_17 hypertension_cum_18 hypertension_cum_19 hypertension_cum_20
  	iadlsum_00 iadlsum_01 iadlsum_02 iadlsum_03 iadlsum_04 iadlsum_05 iadlsum_06
  	iadlsum_07 iadlsum_08 iadlsum_09 iadlsum_10 iadlsum_11 iadlsum_12 iadlsum_13
  	iadlsum_14 iadlsum_15 iadlsum_16 iadlsum_17 iadlsum_18 iadlsum_19 iadlsum_20
  	intrusion_00 intrusion_01 intrusion_02 intrusion_03 intrusion_04 intrusion_05
  	intrusion_06 intrusion_07 intrusion_08 intrusion_09 intrusion_10 intrusion_11
  	intrusion_12 intrusion_13 intrusion_14 intrusion_15 intrusion_16 intrusion_17
  	intrusion_18 intrusion_19 intrusion_20 k_00 k_01 k_02 k_03 k_04 k_05 k_06 k_07
  	k_08 k_09 k_10 k_11 k_12 k_13 k_14 k_15 k_16 k_17 k_18 k_19 k_20 katzsum_00
  	katzsum_01 katzsum_02 katzsum_03 katzsum_04 katzsum_05 katzsum_06 katzsum_07
  	katzsum_08 katzsum_09 katzsum_10 katzsum_11 katzsum_12 katzsum_13 katzsum_14
  	katzsum_15 katzsum_16 katzsum_17 katzsum_18 katzsum_19 katzsum_20 ldlchlstrl_00
  	ldlchlstrl_01 ldlchlstrl_02 ldlchlstrl_03 ldlchlstrl_04 ldlchlstrl_05
  	ldlchlstrl_06 ldlchlstrl_07 ldlchlstrl_08 ldlchlstrl_09 ldlchlstrl_10
  	ldlchlstrl_11 ldlchlstrl_12 ldlchlstrl_13 ldlchlstrl_14 ldlchlstrl_15
  	ldlchlstrl_16 ldlchlstrl_17 ldlchlstrl_18 ldlchlstrl_19 ldlchlstrl_20 mep_00
  	mep_01 mep_02 mep_03 mep_04 mep_05 mep_06 mep_07 mep_08 mep_09 mep_10 mep_11
  	mep_12 mep_13 mep_14 mep_15 mep_16 mep_17 mep_18 mep_19 mep_20 mip_00 mip_01
  	mip_02 mip_03 mip_04 mip_05 mip_06 mip_07 mip_08 mip_09 mip_10 mip_11 mip_12
  	mip_13 mip_14 mip_15 mip_16 mip_17 mip_18 mip_19 mip_20 na_00 na_01 na_02 na_03
  	na_04 na_05 na_06 na_07 na_08 na_09 na_10 na_11 na_12 na_13 na_14 na_15 na_16
  	na_17 na_18 na_19 na_20 neglifeevents_00 neglifeevents_01 neglifeevents_02
  	neglifeevents_03 neglifeevents_04 neglifeevents_05 neglifeevents_06
  	neglifeevents_07 neglifeevents_08 neglifeevents_09 neglifeevents_10
  	neglifeevents_11 neglifeevents_12 neglifeevents_13 neglifeevents_14
  	neglifeevents_15 neglifeevents_16 neglifeevents_17 neglifeevents_18
  	neglifeevents_19 neglifeevents_20 negsocexchange_00 negsocexchange_01
  	negsocexchange_02 negsocexchange_03 negsocexchange_04 negsocexchange_05
  	negsocexchange_06 negsocexchange_07 negsocexchange_08 negsocexchange_09
  	negsocexchange_10 negsocexchange_11 negsocexchange_12 negsocexchange_13
  	negsocexchange_14 negsocexchange_15 negsocexchange_16 negsocexchange_17
  	negsocexchange_18 negsocexchange_19 negsocexchange_20 nohelp_00 nohelp_01
  	nohelp_02 nohelp_03 nohelp_04 nohelp_05 nohelp_06 nohelp_07 nohelp_08 nohelp_09
  	nohelp_10 nohelp_11 nohelp_12 nohelp_13 nohelp_14 nohelp_15 nohelp_16 nohelp_17
  	nohelp_18 nohelp_19 nohelp_20 panas_00 panas_01 panas_02 panas_03 panas_04
  	panas_05 panas_06 panas_07 panas_08 panas_09 panas_10 panas_11 panas_12 panas_13
  	panas_14 panas_15 panas_16 panas_17 panas_18 panas_19 panas_20
  	perceivedstress_00 perceivedstress_01 perceivedstress_02 perceivedstress_03
  	perceivedstress_04 perceivedstress_05 perceivedstress_06 perceivedstress_07
  	perceivedstress_08 perceivedstress_09 perceivedstress_10 perceivedstress_11
  	perceivedstress_12 perceivedstress_13 perceivedstress_14 perceivedstress_15
  	perceivedstress_16 perceivedstress_17 perceivedstress_18 perceivedstress_19
  	perceivedstress_20 phys5itemsum_00 phys5itemsum_01 phys5itemsum_02
  	phys5itemsum_03 phys5itemsum_04 phys5itemsum_05 phys5itemsum_06 phys5itemsum_07
  	phys5itemsum_08 phys5itemsum_09 phys5itemsum_10 phys5itemsum_11 phys5itemsum_12
  	phys5itemsum_13 phys5itemsum_14 phys5itemsum_15 phys5itemsum_16 phys5itemsum_17
  	phys5itemsum_18 phys5itemsum_19 phys5itemsum_20 pvc_00 pvc_01 pvc_02 pvc_03
  	pvc_04 pvc_05 pvc_06 pvc_07 pvc_08 pvc_09 pvc_10 pvc_11 pvc_12 pvc_13 pvc_14
  	pvc_15 pvc_16 pvc_17 pvc_18 pvc_19 pvc_20 r_depres_00 r_depres_01 r_depres_02
  	r_depres_03 r_depres_04 r_depres_05 r_depres_06 r_depres_07 r_depres_08
  	r_depres_09 r_depres_10 r_depres_11 r_depres_12 r_depres_13 r_depres_14
  	r_depres_15 r_depres_16 r_depres_17 r_depres_18 r_depres_19 r_depres_20
  	rejection_00 rejection_01 rejection_02 rejection_03 rejection_04 rejection_05
  	rejection_06 rejection_07 rejection_08 rejection_09 rejection_10 rejection_11
  	rejection_12 rejection_13 rejection_14 rejection_15 rejection_16 rejection_17
  	rejection_18 rejection_19 rejection_20 rosbscl_00 rosbscl_01 rosbscl_02
  	rosbscl_03 rosbscl_04 rosbscl_05 rosbscl_06 rosbscl_07 rosbscl_08 rosbscl_09
  	rosbscl_10 rosbscl_11 rosbscl_12 rosbscl_13 rosbscl_14 rosbscl_15 rosbscl_16
  	rosbscl_17 rosbscl_18 rosbscl_19 rosbscl_20 rosbsum_00 rosbsum_01 rosbsum_02
  	rosbsum_03 rosbsum_04 rosbsum_05 rosbsum_06 rosbsum_07 rosbsum_08 rosbsum_09
  	rosbsum_10 rosbsum_11 rosbsum_12 rosbsum_13 rosbsum_14 rosbsum_15 rosbsum_16
  	rosbsum_17 rosbsum_18 rosbsum_19 rosbsum_20 r_stroke_00 r_stroke_01 r_stroke_02
  	r_stroke_03 r_stroke_04 r_stroke_05 r_stroke_06 r_stroke_07 r_stroke_08
  	r_stroke_09 r_stroke_10 r_stroke_11 r_stroke_12 r_stroke_13 r_stroke_14
  	r_stroke_15 r_stroke_16 r_stroke_17 r_stroke_18 r_stroke_19 r_stroke_20
  	scaled_to_y stroke_cum_00 stroke_cum_01 stroke_cum_02 stroke_cum_03
  	stroke_cum_04 stroke_cum_05 stroke_cum_06 stroke_cum_07 stroke_cum_08
  	stroke_cum_09 stroke_cum_10 stroke_cum_11 stroke_cum_12 stroke_cum_13
  	stroke_cum_14 stroke_cum_15 stroke_cum_16 stroke_cum_17 stroke_cum_18
  	stroke_cum_19 stroke_cum_20 study_y thyroid_cum_00 thyroid_cum_01 thyroid_cum_02
  	thyroid_cum_03 thyroid_cum_04 thyroid_cum_05 thyroid_cum_06 thyroid_cum_07
  	thyroid_cum_08 thyroid_cum_09 thyroid_cum_10 thyroid_cum_11 thyroid_cum_12
  	thyroid_cum_13 thyroid_cum_14 thyroid_cum_15 thyroid_cum_16 thyroid_cum_17
  	thyroid_cum_18 thyroid_cum_19 thyroid_cum_20 unsympathetic_00 unsympathetic_01
  	unsympathetic_02 unsympathetic_03 unsympathetic_04 unsympathetic_05
  	unsympathetic_06 unsympathetic_07 unsympathetic_08 unsympathetic_09
  	unsympathetic_10 unsympathetic_11 unsympathetic_12 unsympathetic_13
  	unsympathetic_14 unsympathetic_15 unsympathetic_16 unsympathetic_17
  	unsympathetic_18 unsympathetic_19 unsympathetic_20 vasc_3dis_sum_00
  	vasc_3dis_sum_01 vasc_3dis_sum_02 vasc_3dis_sum_03 vasc_3dis_sum_04
  	vasc_3dis_sum_05 vasc_3dis_sum_06 vasc_3dis_sum_07 vasc_3dis_sum_08
  	vasc_3dis_sum_09 vasc_3dis_sum_10 vasc_3dis_sum_11 vasc_3dis_sum_12
  	vasc_3dis_sum_13 vasc_3dis_sum_14 vasc_3dis_sum_15 vasc_3dis_sum_16
  	vasc_3dis_sum_17 vasc_3dis_sum_18 vasc_3dis_sum_19 vasc_3dis_sum_20
  	vasc_4dis_sum_00 vasc_4dis_sum_01 vasc_4dis_sum_02 vasc_4dis_sum_03
  	vasc_4dis_sum_04 vasc_4dis_sum_05 vasc_4dis_sum_06 vasc_4dis_sum_07
  	vasc_4dis_sum_08 vasc_4dis_sum_09 vasc_4dis_sum_10 vasc_4dis_sum_11
  	vasc_4dis_sum_12 vasc_4dis_sum_13 vasc_4dis_sum_14 vasc_4dis_sum_15
  	vasc_4dis_sum_16 vasc_4dis_sum_17 vasc_4dis_sum_18 vasc_4dis_sum_19
  	vasc_4dis_sum_20 vasc_risks_sum_00 vasc_risks_sum_01 vasc_risks_sum_02
  	vasc_risks_sum_03 vasc_risks_sum_04 vasc_risks_sum_05 vasc_risks_sum_06
  	vasc_risks_sum_07 vasc_risks_sum_08 vasc_risks_sum_09 vasc_risks_sum_10
  	vasc_risks_sum_11 vasc_risks_sum_12 vasc_risks_sum_13 vasc_risks_sum_14
  	vasc_risks_sum_15 vasc_risks_sum_16 vasc_risks_sum_17 vasc_risks_sum_18
  	vasc_risks_sum_19 vasc_risks_sum_20 vision_00 vision_01 vision_02 vision_03
  	vision_04 vision_05 vision_06 vision_07 vision_08 vision_09 vision_10 vision_11
  	vision_12 vision_13 vision_14 vision_15 vision_16 vision_17 vision_18 vision_19
  	vision_20 visionlog_00 visionlog_01 visionlog_02 visionlog_03 visionlog_04
  	visionlog_05 visionlog_06 visionlog_07 visionlog_08 visionlog_09 visionlog_10
  	visionlog_11 visionlog_12 visionlog_13 visionlog_14 visionlog_15 visionlog_16
  	visionlog_17 visionlog_18 visionlog_19 visionlog_20 wtkg_00 wtkg_01 wtkg_02
  	wtkg_03 wtkg_04 wtkg_05 wtkg_06 wtkg_07 wtkg_08 wtkg_09 wtkg_10 wtkg_11 wtkg_12
  	wtkg_13 wtkg_14 wtkg_15 wtkg_16 wtkg_17 wtkg_18 wtkg_19 wtkg_20 T0 T1 T2 T3 T4
  	T5 T6 T7 T8 T9 T10 T11 T12 T13 T14 T15 T16 T17 T18 T19 T20;
  Missing are all (-9999);
  USEVAR are
  !define the variables used in the analysis
  	time1-time14
  	p1-p14
  	c1-c14
  	Bage;
  	
  TSCORES are
  !define the time points
  	time1-time14;
  USEOBSERVATIONS are
  !select a subset of observations
  	msex EQ 1 and
  	dementia_00 NE 1 and dementia_01 NE 1 and dementia_02 NE 1 and
  	dementia_03 NE 1 and dementia_04 NE 1 and dementia_05 NE 1 and
  	dementia_06 NE 1 and dementia_07 NE 1 and dementia_08 NE 1 and
  	dementia_09 NE 1 and dementia_10 NE 1 and dementia_11 NE 1 and
  	dementia_12 NE 1 and dementia_13 NE 1 and dementia_14 NE 1 and
  	dementia_15 NE 1 and dementia_16 NE 1 and dementia_17 NE 1 and
  	dementia_18 NE 1 and dementia_19 NE 1 and dementia_20 NE 1;
  DEFINE:
  !assign variables to the process p
  	p1= gripavg_00;
  	p2= gripavg_01;
  	p3= gripavg_02;
  	p4= gripavg_03;
  	p5= gripavg_04;
  	p6= gripavg_05;
  	p7= gripavg_06;
  	p8= gripavg_07;
  	p9= gripavg_08;
  	p10=gripavg_09;
  	p11=gripavg_10;
  	p12=gripavg_11;
  	p13=gripavg_12;
  	p14=gripavg_13;
  	p15=gripavg_14;
  	p16=gripavg_15;
  	p17=gripavg_16;
  	p18=gripavg_17;
  	p19=gripavg_18;
  	p20=gripavg_19;
  	p21=gripavg_20;
  !assign variables to the process c
  	c1= cts_sdmt_00;
  	c2= cts_sdmt_01;
  	c3= cts_sdmt_02;
  	c4= cts_sdmt_03;
  	c5= cts_sdmt_04;
  	c6= cts_sdmt_05;
  	c7= cts_sdmt_06;
  	c8= cts_sdmt_07;
  	c9= cts_sdmt_08;
  	c10=cts_sdmt_09;
  	c11=cts_sdmt_10;
  	c12=cts_sdmt_11;
  	c13=cts_sdmt_12;
  	c14=cts_sdmt_13;
  	c15=cts_sdmt_14;
  	c16=cts_sdmt_15;
  	c17=cts_sdmt_16;
  	c18=cts_sdmt_17;
  	c19=cts_sdmt_18;
  	c20=cts_sdmt_19;
  	c21=cts_sdmt_20;
  !assign variables to time points
  	time1= T0;
  	time2= T1;
  	time3= T2;
  	time4= T3;
  	time5= T4;
  	time6= T5;
  	time7= T6;
  	time8= T7;
  	time9= T8;
  	time10=T9;
  	time11=T10;
  	time12=T11;
  	time13=T12;
  	time14=T13;
  	time15=T14;
  	time16=T15;
  	time17=T16;
  	time18=T17;
  	time19=T18;
  	time20=T19;
  	time21=T20;
  !define the second-level terms
  	Bage=age_bl-70;   !Age centered at 70 baseline
  		!Dage=age_death;
  		!Sex=msex;         !0=female
  	Educ=educ-7;     ! Centered at 7 years
  		!SEP=SESgrp; couldn't find
  		!Marstat;
  	Height=htm_00-1.60;
  		!Weight
  		!BMI
  		!SmokHist=smoking;
  		!Alcohol;
  		!CompExp;
  		!PhysAct;
  		!BP;
  		!DepSymp;
  		!Cardio;
  		!Diab;
  		!MorbInd;
  		!BageEduc=Bage*Educ;
  ANALYSIS:
  TYPE = RANDOM;
  COVERAGE=.00;
  MODEL:
  !first-level equation
  	ip sp | p1-p14 AT time1-time14;
  	ic sc | c1-c14 AT time1-time14;
  !variance of the first-level terms	
  	ip (v_ip);
  	sp (v_sp);
  	ic (v_ic);
  	sc (v_sc);
  !covariance among first-level terms	
  	ip WITH sp (c_ipsp);
  	ip WITH ic (c_ipic);
  	ip WITH sc (c_ipsc);
  	sp WITH ic (c_spic);
  	sp WITH sc (c_spsc);
  	ic WITH sc (c_icsc);
  !second-level equation	
  	ip sp ic sc ON Bage;
  !residual means	
  	p1-p14 (res_p);
  	c1-c14 (res_c);
  !Paired covariances constrained to be equal across t	
  	p1-p14 pwith c1-c14(res_cov);
  MODEL CONSTRAINT:
  !assigns labels to new parameters;
  	NEW r_ipic;
  	NEW r_spsc;
  	NEW r_res_pc;
  !
  	r_ipic = c_ipic/((v_ip**0.5)*(v_ic**0.5));
  	r_spsc = c_spsc/((v_sp**0.5)*(v_sc**0.5));
  	r_res_pc = res_cov/((res_p**0.5)*(res_c**0.5));
  OUTPUT: sampstat cinterval;
  PLOT: Type is Plot1 Plot2 Plot3;



*** WARNING
  Data set contains cases with missing on all variables except
  x-variables.  These cases were not included in the analysis.
  Number of cases with missing on all variables except x-variables:  15
   1 WARNING(S) FOUND IN THE INPUT INSTRUCTIONS




Your new title

SUMMARY OF ANALYSIS

Number of groups                                                 1
Number of observations                                         336

Number of dependent variables                                   28
Number of independent variables                                  1
Number of continuous latent variables                            4

Observed dependent variables

  Continuous
   P1          P2          P3          P4          P5          P6
   P7          P8          P9          P10         P11         P12
   P13         P14         C1          C2          C3          C4
   C5          C6          C7          C8          C9          C10
   C11         C12         C13         C14

Observed independent variables
   BAGE

Continuous latent variables
   IP          SP          IC          SC

Variables with special functions

  Time scores
   TIME1       TIME2       TIME3       TIME4       TIME5       TIME6
   TIME7       TIME8       TIME9       TIME10      TIME11      TIME12
   TIME13      TIME14


Estimator                                                      MLR
Information matrix                                        OBSERVED
Maximum number of iterations                                   100
Convergence criterion                                    0.100D-05
Maximum number of EM iterations                                500
Convergence criteria for the EM algorithm
  Loglikelihood change                                   0.100D-02
  Relative loglikelihood change                          0.100D-05
  Derivative                                             0.100D-03
Minimum variance                                         0.100D-03
Maximum number of steepest descent iterations                   20
Maximum number of iterations for H1                           2000
Convergence criterion for H1                             0.100D-03
Optimization algorithm                                         EMA

Input data file(s)
  radcMAP_wide.dat
Input data format  FREE


SUMMARY OF DATA

     Number of missing data patterns           141


COVARIANCE COVERAGE OF DATA

Minimum covariance coverage value   0.000


     PROPORTION OF DATA PRESENT


           Covariance Coverage
              P1            P2            P3            P4            P5
              ________      ________      ________      ________      ________
 P1             0.878
 P2             0.607         0.616
 P3             0.473         0.440         0.482
 P4             0.366         0.333         0.327         0.435
 P5             0.226         0.196         0.196         0.256         0.286
 P6             0.110         0.095         0.089         0.125         0.125
 P7             0.095         0.071         0.057         0.083         0.068
 P8             0.146         0.137         0.128         0.131         0.101
 P9             0.164         0.155         0.155         0.131         0.095
 P10            0.119         0.119         0.116         0.122         0.092
 P11            0.089         0.095         0.095         0.092         0.074
 P12            0.039         0.042         0.042         0.042         0.036
 P13            0.000         0.000         0.000         0.012         0.012
 P14            0.000         0.000         0.000         0.012         0.012
 C1             0.872         0.613         0.482         0.435         0.286
 C2             0.690         0.595         0.467         0.423         0.277
 C3             0.586         0.509         0.479         0.423         0.277
 C4             0.485         0.411         0.384         0.420         0.271
 C5             0.423         0.366         0.342         0.351         0.277
 C6             0.304         0.265         0.250         0.253         0.202
 C7             0.262         0.229         0.217         0.226         0.173
 C8             0.226         0.211         0.196         0.182         0.134
 C9             0.188         0.179         0.179         0.152         0.107
 C10            0.134         0.131         0.131         0.128         0.095
 C11            0.095         0.098         0.098         0.110         0.086
 C12            0.039         0.042         0.042         0.057         0.051
 C13            0.000         0.000         0.000         0.015         0.015
 C14            0.000         0.000         0.000         0.012         0.012
 BAGE           0.878         0.616         0.482         0.435         0.286


           Covariance Coverage
              P6            P7            P8            P9            P10
              ________      ________      ________      ________      ________
 P6             0.170
 P7             0.083         0.143
 P8             0.089         0.095         0.185
 P9             0.077         0.071         0.134         0.193
 P10            0.054         0.042         0.098         0.116         0.140
 P11            0.042         0.012         0.062         0.080         0.089
 P12            0.030         0.003         0.024         0.027         0.033
 P13            0.012         0.012         0.012         0.009         0.012
 P14            0.012         0.012         0.012         0.009         0.009
 C1             0.170         0.143         0.185         0.193         0.140
 C2             0.161         0.128         0.179         0.188         0.137
 C3             0.170         0.140         0.185         0.193         0.137
 C4             0.161         0.134         0.179         0.185         0.137
 C5             0.167         0.140         0.182         0.190         0.134
 C6             0.170         0.131         0.179         0.188         0.131
 C7             0.131         0.134         0.179         0.193         0.140
 C8             0.107         0.104         0.179         0.190         0.140
 C9             0.083         0.077         0.146         0.188         0.134
 C10            0.060         0.054         0.113         0.125         0.134
 C11            0.051         0.021         0.077         0.092         0.101
 C12            0.045         0.018         0.039         0.039         0.045
 C13            0.015         0.015         0.015         0.012         0.012
 C14            0.012         0.012         0.012         0.009         0.009
 BAGE           0.170         0.143         0.185         0.193         0.140


           Covariance Coverage
              P11           P12           P13           P14           C1
              ________      ________      ________      ________      ________
 P11            0.098
 P12            0.036         0.042
 P13            0.003         0.000         0.012
 P14            0.000         0.000         0.009         0.012
 C1             0.098         0.042         0.012         0.012         0.994
 C2             0.095         0.042         0.012         0.012         0.792
 C3             0.098         0.042         0.012         0.012         0.676
 C4             0.095         0.042         0.012         0.012         0.551
 C5             0.095         0.042         0.012         0.012         0.482
 C6             0.092         0.042         0.012         0.012         0.363
 C7             0.098         0.042         0.012         0.012         0.312
 C8             0.095         0.042         0.012         0.012         0.262
 C9             0.095         0.039         0.009         0.009         0.217
 C10            0.092         0.039         0.012         0.009         0.155
 C11            0.092         0.042         0.012         0.012         0.113
 C12            0.039         0.042         0.012         0.012         0.057
 C13            0.003         0.000         0.012         0.012         0.015
 C14            0.000         0.000         0.009         0.012         0.012
 BAGE           0.098         0.042         0.012         0.012         0.994


           Covariance Coverage
              C2            C3            C4            C5            C6
              ________      ________      ________      ________      ________
 C2             0.792
 C3             0.649         0.676
 C4             0.527         0.533         0.551
 C5             0.467         0.470         0.464         0.482
 C6             0.348         0.354         0.348         0.354         0.363
 C7             0.298         0.307         0.304         0.307         0.298
 C8             0.256         0.256         0.256         0.256         0.253
 C9             0.211         0.214         0.208         0.211         0.208
 C10            0.152         0.152         0.149         0.149         0.146
 C11            0.113         0.113         0.113         0.110         0.107
 C12            0.057         0.057         0.057         0.057         0.057
 C13            0.015         0.015         0.015         0.015         0.015
 C14            0.012         0.012         0.012         0.012         0.012
 BAGE           0.792         0.676         0.551         0.482         0.363


           Covariance Coverage
              C7            C8            C9            C10           C11
              ________      ________      ________      ________      ________
 C7             0.312
 C8             0.256         0.262
 C9             0.214         0.214         0.217
 C10            0.152         0.155         0.146         0.155
 C11            0.113         0.113         0.107         0.107         0.113
 C12            0.057         0.057         0.051         0.051         0.057
 C13            0.015         0.015         0.012         0.012         0.015
 C14            0.012         0.012         0.009         0.009         0.012
 BAGE           0.312         0.262         0.217         0.155         0.113


           Covariance Coverage
              C12           C13           C14           BAGE
              ________      ________      ________      ________
 C12            0.057
 C13            0.015         0.015
 C14            0.012         0.012         0.012
 BAGE           0.057         0.015         0.012         1.000


SAMPLE STATISTICS


     ESTIMATED SAMPLE STATISTICS


           Means
              P1            P2            P3            P4            P5
              ________      ________      ________      ________      ________
 1             69.089        67.605        66.327        64.088        61.633


           Means
              P6            P7            P8            P9            P10
              ________      ________      ________      ________      ________
 1             60.309        57.466        53.416        53.737        51.161


           Means
              P11           P12           P13           P14           C1
              ________      ________      ________      ________      ________
 1             49.570        46.647        44.854        52.886        38.577


           Means
              C2            C3            C4            C5            C6
              ________      ________      ________      ________      ________
 1             37.775        36.716        37.153        36.558        34.938


           Means
              C7            C8            C9            C10           C11
              ________      ________      ________      ________      ________
 1             34.122        32.264        31.351        28.832        30.295


           Means
              C12           C13           C14           BAGE
              ________      ________      ________      ________
 1             27.474        29.600        36.731         9.732


           Covariances
              P1            P2            P3            P4            P5
              ________      ________      ________      ________      ________
 P1           374.214
 P2           338.543       373.145
 P3           344.881       345.228       395.354
 P4           304.840       313.915       329.477       347.497
 P5           312.622       314.407       339.066       327.605       370.205
 P6           298.410       305.205       317.095       330.509       339.185
 P7           282.797       284.744       279.550       306.486       319.772
 P8           297.788       289.719       329.467       298.910       330.985
 P9           295.535       312.822       322.430       338.472       350.380
 P10          263.289       252.950       277.607       300.100       316.233
 P11          324.754       322.568       337.333       386.855       399.145
 P12          273.433       297.480       296.840       327.959       327.241
 P13           92.091        97.487       112.426       135.092       146.144
 P14           16.412        21.664        21.523        29.738        30.933
 C1            67.623        72.785        85.075        71.238        76.619
 C2            85.928        94.646       103.265        91.650        88.018
 C3            85.699        95.862       107.549       100.406       113.154
 C4            91.834       104.947       112.253       106.690       102.302
 C5            94.499       110.392       120.179       108.660       116.940
 C6           107.987       115.593       132.935       119.368       127.415
 C7           113.172       107.255       123.356       128.236       133.302
 C8           107.495       105.972       124.999       118.509       125.567
 C9           120.838       127.806       139.951       130.882       151.724
 C10          115.264       105.609       121.409       122.679       120.972
 C11          129.479       143.340       139.442       194.215       206.217
 C12          128.735       144.591       160.835       242.490       226.074
 C13           57.169        64.200        78.510       103.406       121.780
 C14            0.693         3.423        10.895        18.201        22.847
 BAGE         -57.560       -61.174       -61.971       -61.359       -62.177


           Covariances
              P6            P7            P8            P9            P10
              ________      ________      ________      ________      ________
 P6           382.479
 P7           354.719       392.628
 P8           325.549       322.539       363.680
 P9           358.192       354.949       342.001       444.433
 P10          339.098       315.848       317.410       363.636       364.097
 P11          426.953       403.298       366.493       436.043       415.242
 P12          345.619       332.774       293.966       366.852       307.657
 P13          178.179       168.468       153.049       163.642       168.572
 P14           36.040        31.422        23.776        16.650        18.495
 C1            62.381        71.341        72.678        76.316        63.407
 C2            91.735        95.898        88.878        98.729        82.148
 C3           102.204       109.079       118.708       130.413       107.416
 C4           104.725       100.244       103.810       113.714       101.285
 C5           113.514       112.993       104.499       115.868        90.122
 C6           121.678       123.157       126.366       150.038       112.279
 C7           119.280       142.871       134.914       156.489       132.796
 C8           104.987       124.458       125.642       146.390       106.309
 C9           115.929       141.360       138.993       161.303       117.760
 C10          128.059       151.378       150.379       166.281       137.242
 C11          197.364       214.614       168.982       225.201       185.912
 C12          257.518       263.039       219.799       282.637       247.613
 C13          142.478       136.999       125.690       139.596       141.199
 C14           30.292        27.514        25.685        41.133        38.029
 BAGE         -63.809       -60.997       -61.342       -68.552       -51.614


           Covariances
              P11           P12           P13           P14           C1
              ________      ________      ________      ________      ________
 P11          553.868
 P12          397.458       365.970
 P13          196.177       169.085       145.428
 P14           45.802        38.174        27.682        19.765
 C1            54.555        58.032         2.615       -10.270       118.487
 C2            76.528        84.676        23.357       -14.063       101.042
 C3           125.162        86.942        17.075       -12.898       104.076
 C4           112.819        94.531        41.719        -4.802       100.107
 C5           109.646       102.588        31.820        -4.287       110.197
 C6           126.867       133.137        44.572        -2.338       102.656
 C7           146.032       125.687        42.736        -7.189       104.192
 C8           103.486       121.146        45.687       -12.354        99.571
 C9           133.153       130.945        46.563       -10.375       112.478
 C10          131.840       117.402        55.274       -16.213       112.584
 C11          258.982       218.280       115.432        19.164        89.945
 C12          312.500       280.937       183.571        30.630       101.543
 C13          169.155       132.154       109.624        20.564        27.904
 C14           31.618        23.790        16.086        -5.655        34.549
 BAGE         -69.564       -67.713       -21.614        -3.440       -21.478


           Covariances
              C2            C3            C4            C5            C6
              ________      ________      ________      ________      ________
 C2           130.267
 C3           115.546       147.643
 C4           113.067       119.283       130.595
 C5           121.264       128.450       128.393       156.970
 C6           116.157       123.609       121.793       135.468       151.800
 C7           118.200       128.853       123.462       137.477       139.715
 C8           110.807       119.120       114.043       127.985       137.994
 C9           126.012       137.952       134.900       149.682       150.261
 C10          114.123       131.893       128.560       134.056       133.631
 C11          106.113       131.007       137.748       148.403       149.519
 C12          113.064       130.522       155.143       151.104       166.027
 C13           28.938        43.683        49.246        43.744        51.282
 C14           25.561        36.875        28.982        34.114        30.465
 BAGE         -30.602       -34.386       -27.503       -36.393       -36.702


           Covariances
              C7            C8            C9            C10           C11
              ________      ________      ________      ________      ________
 C7           164.788
 C8           141.236       162.340
 C9           159.724       158.920       194.551
 C10          144.847       148.974       160.684       195.228
 C11          163.099       152.375       184.822       157.054       269.273
 C12          170.128       171.590       184.202       202.481       303.702
 C13           47.936        49.392        54.279        68.585       114.651
 C14           28.998        35.857        31.074        48.309        35.942
 BAGE         -36.407       -34.435       -39.378       -37.109       -41.879


           Covariances
              C12           C13           C14           BAGE
              ________      ________      ________      ________
 C12          428.864
 C13          176.012       102.838
 C14           60.612        29.913        27.598
 BAGE         -60.329       -24.432       -15.180        51.255


           Correlations
              P1            P2            P3            P4            P5
              ________      ________      ________      ________      ________
 P1             1.000
 P2             0.906         1.000
 P3             0.897         0.899         1.000
 P4             0.845         0.872         0.889         1.000
 P5             0.840         0.846         0.886         0.913         1.000
 P6             0.789         0.808         0.815         0.907         0.901
 P7             0.738         0.744         0.710         0.830         0.839
 P8             0.807         0.786         0.869         0.841         0.902
 P9             0.725         0.768         0.769         0.861         0.864
 P10            0.713         0.686         0.732         0.844         0.861
 P11            0.713         0.710         0.721         0.882         0.881
 P12            0.739         0.805         0.780         0.920         0.889
 P13            0.395         0.418         0.469         0.601         0.630
 P14            0.191         0.252         0.243         0.359         0.362
 C1             0.321         0.346         0.393         0.351         0.366
 C2             0.389         0.429         0.455         0.431         0.401
 C3             0.365         0.408         0.445         0.443         0.484
 C4             0.415         0.475         0.494         0.501         0.465
 C5             0.390         0.456         0.482         0.465         0.485
 C6             0.453         0.486         0.543         0.520         0.537
 C7             0.456         0.433         0.483         0.536         0.540
 C8             0.436         0.431         0.493         0.499         0.512
 C9             0.448         0.474         0.505         0.503         0.565
 C10            0.426         0.391         0.437         0.471         0.450
 C11            0.408         0.452         0.427         0.635         0.653
 C12            0.321         0.361         0.391         0.628         0.567
 C13            0.291         0.328         0.389         0.547         0.624
 C14            0.007         0.034         0.104         0.186         0.226
 BAGE          -0.416        -0.442        -0.435        -0.460        -0.451


           Correlations
              P6            P7            P8            P9            P10
              ________      ________      ________      ________      ________
 P6             1.000
 P7             0.915         1.000
 P8             0.873         0.854         1.000
 P9             0.869         0.850         0.851         1.000
 P10            0.909         0.835         0.872         0.904         1.000
 P11            0.928         0.865         0.817         0.879         0.925
 P12            0.924         0.878         0.806         0.910         0.843
 P13            0.755         0.705         0.665         0.644         0.733
 P14            0.414         0.357         0.280         0.178         0.218
 C1             0.293         0.331         0.350         0.333         0.305
 C2             0.411         0.424         0.408         0.410         0.377
 C3             0.430         0.453         0.512         0.509         0.463
 C4             0.469         0.443         0.476         0.472         0.464
 C5             0.463         0.455         0.437         0.439         0.377
 C6             0.505         0.504         0.538         0.578         0.478
 C7             0.475         0.562         0.551         0.578         0.542
 C8             0.421         0.493         0.517         0.545         0.437
 C9             0.425         0.511         0.523         0.549         0.442
 C10            0.469         0.547         0.564         0.565         0.515
 C11            0.615         0.660         0.540         0.651         0.594
 C12            0.636         0.641         0.557         0.647         0.627
 C13            0.718         0.682         0.650         0.653         0.730
 C14            0.295         0.264         0.256         0.371         0.379
 BAGE          -0.456        -0.430        -0.449        -0.454        -0.378


           Correlations
              P11           P12           P13           P14           C1
              ________      ________      ________      ________      ________
 P11            1.000
 P12            0.883         1.000
 P13            0.691         0.733         1.000
 P14            0.438         0.449         0.516         1.000
 C1             0.213         0.279         0.020        -0.212         1.000
 C2             0.285         0.388         0.170        -0.277         0.813
 C3             0.438         0.374         0.117        -0.239         0.787
 C4             0.419         0.432         0.303        -0.095         0.805
 C5             0.372         0.428         0.211        -0.077         0.808
 C6             0.438         0.565         0.300        -0.043         0.765
 C7             0.483         0.512         0.276        -0.126         0.746
 C8             0.345         0.497         0.297        -0.218         0.718
 C9             0.406         0.491         0.277        -0.167         0.741
 C10            0.401         0.439         0.328        -0.261         0.740
 C11            0.671         0.695         0.583         0.263         0.504
 C12            0.641         0.709         0.735         0.333         0.450
 C13            0.709         0.681         0.896         0.456         0.253
 C14            0.256         0.237         0.254        -0.242         0.604
 BAGE          -0.413        -0.494        -0.250        -0.108        -0.276


           Correlations
              C2            C3            C4            C5            C6
              ________      ________      ________      ________      ________
 C2             1.000
 C3             0.833         1.000
 C4             0.867         0.859         1.000
 C5             0.848         0.844         0.897         1.000
 C6             0.826         0.826         0.865         0.878         1.000
 C7             0.807         0.826         0.842         0.855         0.883
 C8             0.762         0.769         0.783         0.802         0.879
 C9             0.792         0.814         0.846         0.857         0.874
 C10            0.716         0.777         0.805         0.766         0.776
 C11            0.567         0.657         0.735         0.722         0.740
 C12            0.478         0.519         0.656         0.582         0.651
 C13            0.250         0.355         0.425         0.344         0.410
 C14            0.426         0.578         0.483         0.518         0.471
 BAGE          -0.375        -0.395        -0.336        -0.406        -0.416


           Correlations
              C7            C8            C9            C10           C11
              ________      ________      ________      ________      ________
 C7             1.000
 C8             0.864         1.000
 C9             0.892         0.894         1.000
 C10            0.808         0.837         0.824         1.000
 C11            0.774         0.729         0.807         0.685         1.000
 C12            0.640         0.650         0.638         0.700         0.894
 C13            0.368         0.382         0.384         0.484         0.689
 C14            0.430         0.536         0.424         0.658         0.417
 BAGE          -0.396        -0.378        -0.394        -0.371        -0.356


           Correlations
              C12           C13           C14           BAGE
              ________      ________      ________      ________
 C12            1.000
 C13            0.838         1.000
 C14            0.557         0.561         1.000
 BAGE          -0.407        -0.337        -0.404         1.000


     MAXIMUM LOG-LIKELIHOOD VALUE FOR THE UNRESTRICTED (H1) MODEL IS -10567.521


UNIVARIATE HIGHER-ORDER MOMENT DESCRIPTIVE STATISTICS


     UNIVARIATE HIGHER-ORDER MOMENT DESCRIPTIVE STATISTICS

         Variable/         Mean/     Skewness/   Minimum/ % with                Percentiles
        Sample Size      Variance    Kurtosis    Maximum  Min/Max      20%/60%    40%/80%    Median

     P1                   69.024      -0.147       0.000    0.34%      53.250     64.250     69.000
             295.000     379.729       0.481     124.250    0.34%      75.500     84.500
     P2                   69.268      -0.028      21.500    0.48%      55.500     65.500     70.500
             207.000     299.037       0.480     130.250    0.48%      74.000     81.250
     P3                   69.685       0.089      18.500    0.62%      56.250     66.500     71.750
             162.000     311.172       0.677     127.500    0.62%      74.500     81.000
     P4                   66.118       0.144      20.250    0.68%      51.250     62.500     67.500
             146.000     311.095       0.528     125.000    0.68%      71.250     78.250
     P5                   65.076      -0.066      25.500    1.04%      50.000     60.500     65.250
              96.000     267.945      -0.262     100.750    1.04%      70.000     77.250
     P6                   64.390      -0.042      25.500    1.75%      47.500     62.000     66.750
              57.000     262.831      -0.084     107.750    1.75%      70.250     76.250
     P7                   65.031       0.409      32.250    2.08%      52.250     58.500     64.625
              48.000     335.330       0.311     112.250    2.08%      69.250     74.000
     P8                   61.448       0.483      23.750    1.61%      47.250     54.250     60.625
              62.000     315.156       0.815     121.750    1.61%      67.000     73.250
     P9                   62.223       0.452      27.500    1.54%      47.250     54.750     59.750
              65.000     275.691      -0.167     106.750    1.54%      65.500     78.250
     P10                  61.543       0.375      27.000    2.13%      42.500     58.000     60.750
              47.000     274.081      -0.203     101.500    2.13%      62.750     77.000
     P11                  60.333       0.722      32.250    3.03%      42.500     49.250     56.500
              33.000     382.347      -0.032     110.000    3.03%      61.250     75.000
     P12                  51.804       0.175      30.250    7.14%      32.000     50.500     53.000
              14.000     264.118      -1.080      80.750    7.14%      53.250     63.500
     P13                  47.438      -0.220      26.500   25.00%      26.500     44.000     48.625
               4.000     207.137      -1.181      66.000   25.00%      44.000     53.250
     P14                  54.188       0.153      47.750   25.00%      47.750     51.750     53.875
               4.000      25.137      -1.318      61.250   25.00%      51.750     56.000
     C1                   38.605      -0.556       0.000    0.30%      30.000     38.000     40.000
             334.000     118.455       0.615      68.000    0.30%      42.000     48.000
     C2                   38.940      -0.637       1.000    0.38%      30.000     37.000     40.000
             266.000     120.417       0.261      60.000    0.38%      43.000     49.000
     C3                   38.256      -0.575       4.000    0.88%      30.000     36.000     39.000
             227.000     126.305       0.282      63.000    0.44%      42.000     48.000
     C4                   39.546      -0.146      10.000    0.54%      30.000     37.000     40.000
             185.000      97.826      -0.287      65.000    0.54%      42.000     49.000
     C5                   39.321      -0.394       0.000    0.62%      30.000     38.000     40.000
             162.000     108.749       0.576      66.000    0.62%      42.000     49.000
     C6                   38.648      -0.172      18.000    0.82%      30.000     38.000     39.000
             122.000      93.294      -0.621      63.000    0.82%      41.000     48.000
     C7                   37.219      -0.613       4.000    0.95%      30.000     36.000     39.000
             105.000     108.304       0.086      56.000    0.95%      40.000     46.000
     C8                   36.773      -0.594      10.000    2.27%      30.000     34.000     38.000
              88.000     105.494       0.156      60.000    1.14%      40.000     45.000
     C9                   36.685      -0.200      11.000    1.37%      28.000     36.000     38.000
              73.000     116.298       0.095      65.000    1.37%      40.000     45.000
     C10                  33.827      -0.274       7.000    1.92%      23.000     33.000     34.500
              52.000     120.182      -0.450      56.000    1.92%      36.000     43.000
     C11                  34.684      -0.396      16.000    7.89%      28.000     32.000     34.500
              38.000      98.637      -0.719      50.000    5.26%      39.000     44.000
     C12                  32.263      -0.400       8.000    5.26%      19.000     31.000     32.000
              19.000     145.352      -0.856      51.000    5.26%      33.000     43.000
     C13                  31.000       0.173      19.000   20.00%      19.000     28.000     30.000
               5.000      66.400      -0.756      44.000   20.00%      30.000     34.000
     C14                  35.250       0.296      26.000   25.00%      26.000     33.000     34.500
               4.000      51.688      -1.063      46.000   25.00%      33.000     36.000
     BAGE                  9.732      -0.533     -12.094    0.30%       3.996      8.620     10.735
             336.000      51.255       0.023      25.242    0.30%      12.382     15.744


THE MODEL ESTIMATION TERMINATED NORMALLY



MODEL FIT INFORMATION

Number of Free Parameters                       21

Loglikelihood

          H0 Value                      -10058.319
          H0 Scaling Correction Factor      1.2514
            for MLR

Information Criteria

          Akaike (AIC)                   20158.639
          Bayesian (BIC)                 20238.798
          Sample-Size Adjusted BIC       20172.184
            (n* = (n + 2) / 24)



MODEL RESULTS

                                                    Two-Tailed
                    Estimate       S.E.  Est./S.E.    P-Value

 IP         ON
    BAGE              -1.141      0.135     -8.443      0.000

 SP         ON
    BAGE              -0.024      0.022     -1.070      0.285

 IC         ON
    BAGE              -0.484      0.085     -5.710      0.000

 SC         ON
    BAGE              -0.045      0.013     -3.363      0.001

 IP       WITH
    SP                -7.372      2.542     -2.900      0.004
    IC                47.969     10.863      4.416      0.000
    SC                 2.480      1.466      1.691      0.091

 SP       WITH
    IC                 1.631      1.579      1.033      0.302
    SC                 0.447      0.215      2.078      0.038

 IC       WITH
    SC                 1.473      0.926      1.591      0.112

 P1       WITH
    C1                 1.991      1.183      1.683      0.092

 P2       WITH
    C2                 1.991      1.183      1.683      0.092

 P3       WITH
    C3                 1.991      1.183      1.683      0.092

 P4       WITH
    C4                 1.991      1.183      1.683      0.092

 P5       WITH
    C5                 1.991      1.183      1.683      0.092

 P6       WITH
    C6                 1.991      1.183      1.683      0.092

 P7       WITH
    C7                 1.991      1.183      1.683      0.092

 P8       WITH
    C8                 1.991      1.183      1.683      0.092

 P9       WITH
    C9                 1.991      1.183      1.683      0.092

 P10      WITH
    C10                1.991      1.183      1.683      0.092

 P11      WITH
    C11                1.991      1.183      1.683      0.092

 P12      WITH
    C12                1.991      1.183      1.683      0.092

 P13      WITH
    C13                1.991      1.183      1.683      0.092

 P14      WITH
    C14                1.991      1.183      1.683      0.092

 Intercepts
    P1                 0.000      0.000    999.000    999.000
    P2                 0.000      0.000    999.000    999.000
    P3                 0.000      0.000    999.000    999.000
    P4                 0.000      0.000    999.000    999.000
    P5                 0.000      0.000    999.000    999.000
    P6                 0.000      0.000    999.000    999.000
    P7                 0.000      0.000    999.000    999.000
    P8                 0.000      0.000    999.000    999.000
    P9                 0.000      0.000    999.000    999.000
    P10                0.000      0.000    999.000    999.000
    P11                0.000      0.000    999.000    999.000
    P12                0.000      0.000    999.000    999.000
    P13                0.000      0.000    999.000    999.000
    P14                0.000      0.000    999.000    999.000
    C1                 0.000      0.000    999.000    999.000
    C2                 0.000      0.000    999.000    999.000
    C3                 0.000      0.000    999.000    999.000
    C4                 0.000      0.000    999.000    999.000
    C5                 0.000      0.000    999.000    999.000
    C6                 0.000      0.000    999.000    999.000
    C7                 0.000      0.000    999.000    999.000
    C8                 0.000      0.000    999.000    999.000
    C9                 0.000      0.000    999.000    999.000
    C10                0.000      0.000    999.000    999.000
    C11                0.000      0.000    999.000    999.000
    C12                0.000      0.000    999.000    999.000
    C13                0.000      0.000    999.000    999.000
    C14                0.000      0.000    999.000    999.000
    IP                80.564      1.782     45.199      0.000
    SP                -1.794      0.247     -7.254      0.000
    IC                43.562      1.029     42.340      0.000
    SC                -0.440      0.150     -2.939      0.003

 Residual Variances
    P1                34.773      2.353     14.781      0.000
    P2                34.773      2.353     14.781      0.000
    P3                34.773      2.353     14.781      0.000
    P4                34.773      2.353     14.781      0.000
    P5                34.773      2.353     14.781      0.000
    P6                34.773      2.353     14.781      0.000
    P7                34.773      2.353     14.781      0.000
    P8                34.773      2.353     14.781      0.000
    P9                34.773      2.353     14.781      0.000
    P10               34.773      2.353     14.781      0.000
    P11               34.773      2.353     14.781      0.000
    P12               34.773      2.353     14.781      0.000
    P13               34.773      2.353     14.781      0.000
    P14               34.773      2.353     14.781      0.000
    C1                22.382      1.368     16.360      0.000
    C2                22.382      1.368     16.360      0.000
    C3                22.382      1.368     16.360      0.000
    C4                22.382      1.368     16.360      0.000
    C5                22.382      1.368     16.360      0.000
    C6                22.382      1.368     16.360      0.000
    C7                22.382      1.368     16.360      0.000
    C8                22.382      1.368     16.360      0.000
    C9                22.382      1.368     16.360      0.000
    C10               22.382      1.368     16.360      0.000
    C11               22.382      1.368     16.360      0.000
    C12               22.382      1.368     16.360      0.000
    C13               22.382      1.368     16.360      0.000
    C14               22.382      1.368     16.360      0.000
    IP               271.983     27.833      9.772      0.000
    SP                 2.141      0.671      3.190      0.001
    IC                87.903      8.483     10.362      0.000
    SC                 0.548      0.168      3.253      0.001

New/Additional Parameters
    R_IPIC             0.310      0.059      5.265      0.000
    R_SPSC             0.413      0.138      2.981      0.003
    R_RES_PC           0.071      0.042      1.713      0.087


QUALITY OF NUMERICAL RESULTS

     Condition Number for the Information Matrix              0.161E-04
       (ratio of smallest to largest eigenvalue)


CONFIDENCE INTERVALS OF MODEL RESULTS

                  Lower .5%  Lower 2.5%    Lower 5%    Estimate    Upper 5%  Upper 2.5%   Upper .5%

 IP       ON
    BAGE            -1.489      -1.406      -1.364      -1.141      -0.919      -0.876      -0.793

 SP       ON
    BAGE            -0.081      -0.067      -0.060      -0.024       0.013       0.020       0.033

 IC       ON
    BAGE            -0.702      -0.650      -0.623      -0.484      -0.345      -0.318      -0.266

 SC       ON
    BAGE            -0.079      -0.070      -0.066      -0.045      -0.023      -0.019      -0.010

 IP       WITH
    SP             -13.920     -12.354     -11.554      -7.372      -3.190      -2.389      -0.824
    IC              19.989      26.678      30.100      47.969      65.838      69.260      75.949
    SC              -1.297      -0.394       0.068       2.480       4.892       5.354       6.257

 SP       WITH
    IC              -2.437      -1.464      -0.967       1.631       4.229       4.726       5.698
    SC              -0.107       0.025       0.093       0.447       0.801       0.869       1.001

 IC       WITH
    SC              -0.911      -0.341      -0.050       1.473       2.996       3.287       3.857

 P1       WITH
    C1              -1.055      -0.327       0.045       1.991       3.936       4.308       5.037

 P2       WITH
    C2              -1.055      -0.327       0.045       1.991       3.936       4.308       5.037

 P3       WITH
    C3              -1.055      -0.327       0.045       1.991       3.936       4.308       5.037

 P4       WITH
    C4              -1.055      -0.327       0.045       1.991       3.936       4.308       5.037

 P5       WITH
    C5              -1.055      -0.327       0.045       1.991       3.936       4.308       5.037

 P6       WITH
    C6              -1.055      -0.327       0.045       1.991       3.936       4.308       5.037

 P7       WITH
    C7              -1.055      -0.327       0.045       1.991       3.936       4.308       5.037

 P8       WITH
    C8              -1.055      -0.327       0.045       1.991       3.936       4.308       5.037

 P9       WITH
    C9              -1.055      -0.327       0.045       1.991       3.936       4.308       5.037

 P10      WITH
    C10             -1.055      -0.327       0.045       1.991       3.936       4.308       5.037

 P11      WITH
    C11             -1.055      -0.327       0.045       1.991       3.936       4.308       5.037

 P12      WITH
    C12             -1.055      -0.327       0.045       1.991       3.936       4.308       5.037

 P13      WITH
    C13             -1.055      -0.327       0.045       1.991       3.936       4.308       5.037

 P14      WITH
    C14             -1.055      -0.327       0.045       1.991       3.936       4.308       5.037

 Intercepts
    P1               0.000       0.000       0.000       0.000       0.000       0.000       0.000
    P2               0.000       0.000       0.000       0.000       0.000       0.000       0.000
    P3               0.000       0.000       0.000       0.000       0.000       0.000       0.000
    P4               0.000       0.000       0.000       0.000       0.000       0.000       0.000
    P5               0.000       0.000       0.000       0.000       0.000       0.000       0.000
    P6               0.000       0.000       0.000       0.000       0.000       0.000       0.000
    P7               0.000       0.000       0.000       0.000       0.000       0.000       0.000
    P8               0.000       0.000       0.000       0.000       0.000       0.000       0.000
    P9               0.000       0.000       0.000       0.000       0.000       0.000       0.000
    P10              0.000       0.000       0.000       0.000       0.000       0.000       0.000
    P11              0.000       0.000       0.000       0.000       0.000       0.000       0.000
    P12              0.000       0.000       0.000       0.000       0.000       0.000       0.000
    P13              0.000       0.000       0.000       0.000       0.000       0.000       0.000
    P14              0.000       0.000       0.000       0.000       0.000       0.000       0.000
    C1               0.000       0.000       0.000       0.000       0.000       0.000       0.000
    C2               0.000       0.000       0.000       0.000       0.000       0.000       0.000
    C3               0.000       0.000       0.000       0.000       0.000       0.000       0.000
    C4               0.000       0.000       0.000       0.000       0.000       0.000       0.000
    C5               0.000       0.000       0.000       0.000       0.000       0.000       0.000
    C6               0.000       0.000       0.000       0.000       0.000       0.000       0.000
    C7               0.000       0.000       0.000       0.000       0.000       0.000       0.000
    C8               0.000       0.000       0.000       0.000       0.000       0.000       0.000
    C9               0.000       0.000       0.000       0.000       0.000       0.000       0.000
    C10              0.000       0.000       0.000       0.000       0.000       0.000       0.000
    C11              0.000       0.000       0.000       0.000       0.000       0.000       0.000
    C12              0.000       0.000       0.000       0.000       0.000       0.000       0.000
    C13              0.000       0.000       0.000       0.000       0.000       0.000       0.000
    C14              0.000       0.000       0.000       0.000       0.000       0.000       0.000
    IP              75.973      77.070      77.632      80.564      83.496      84.057      85.155
    SP              -2.431      -2.279      -2.201      -1.794      -1.387      -1.309      -1.157
    IC              40.912      41.546      41.870      43.562      45.255      45.579      46.212
    SC              -0.826      -0.734      -0.687      -0.440      -0.194      -0.147      -0.054

 Residual Variances
    P1              28.713      30.162      30.903      34.773      38.643      39.384      40.833
    P2              28.713      30.162      30.903      34.773      38.643      39.384      40.833
    P3              28.713      30.162      30.903      34.773      38.643      39.384      40.833
    P4              28.713      30.162      30.903      34.773      38.643      39.384      40.833
    P5              28.713      30.162      30.903      34.773      38.643      39.384      40.833
    P6              28.713      30.162      30.903      34.773      38.643      39.384      40.833
    P7              28.713      30.162      30.903      34.773      38.643      39.384      40.833
    P8              28.713      30.162      30.903      34.773      38.643      39.384      40.833
    P9              28.713      30.162      30.903      34.773      38.643      39.384      40.833
    P10             28.713      30.162      30.903      34.773      38.643      39.384      40.833
    P11             28.713      30.162      30.903      34.773      38.643      39.384      40.833
    P12             28.713      30.162      30.903      34.773      38.643      39.384      40.833
    P13             28.713      30.162      30.903      34.773      38.643      39.384      40.833
    P14             28.713      30.162      30.903      34.773      38.643      39.384      40.833
    C1              18.858      19.700      20.131      22.382      24.632      25.063      25.905
    C2              18.858      19.700      20.131      22.382      24.632      25.063      25.905
    C3              18.858      19.700      20.131      22.382      24.632      25.063      25.905
    C4              18.858      19.700      20.131      22.382      24.632      25.063      25.905
    C5              18.858      19.700      20.131      22.382      24.632      25.063      25.905
    C6              18.858      19.700      20.131      22.382      24.632      25.063      25.905
    C7              18.858      19.700      20.131      22.382      24.632      25.063      25.905
    C8              18.858      19.700      20.131      22.382      24.632      25.063      25.905
    C9              18.858      19.700      20.131      22.382      24.632      25.063      25.905
    C10             18.858      19.700      20.131      22.382      24.632      25.063      25.905
    C11             18.858      19.700      20.131      22.382      24.632      25.063      25.905
    C12             18.858      19.700      20.131      22.382      24.632      25.063      25.905
    C13             18.858      19.700      20.131      22.382      24.632      25.063      25.905
    C14             18.858      19.700      20.131      22.382      24.632      25.063      25.905
    IP             200.291     217.431     226.198     271.983     317.768     326.536     343.675
    SP               0.412       0.825       1.037       2.141       3.245       3.457       3.870
    IC              66.053      71.277      73.949      87.903     101.858     104.530     109.754
    SC               0.114       0.218       0.271       0.548       0.825       0.878       0.982

New/Additional Parameters
    R_IPIC           0.158       0.195       0.213       0.310       0.407       0.426       0.462
    R_SPSC           0.056       0.141       0.185       0.413       0.640       0.684       0.769
    R_RES_PC        -0.036      -0.010       0.003       0.071       0.140       0.153       0.179


SAMPLE STATISTICS FOR ESTIMATED FACTOR SCORES


     SAMPLE STATISTICS


           Means
              IP            IP_SE         SP            SP_SE         IC
              ________      ________      ________      ________      ________
 1             69.457         4.774        -2.025         1.122        38.853


           Means
              IC_SE         SC            SC_SE
              ________      ________      ________
 1              2.830        -0.873         0.590


           Covariances
              IP            IP_SE         SP            SP_SE         IC
              ________      ________      ________      ________      ________
 IP           309.050
 IP_SE         -5.170         6.901
 SP            -3.670        -0.137         0.818
 SP_SE         -1.714         0.323         0.003         0.093
 IC            74.800        -3.477         2.294        -0.670        91.183
 IC_SE         -3.884         0.693         0.010         0.140        -1.914
 SC             5.166        -0.193         0.221        -0.038         2.958
 SC_SE         -0.778         0.120         0.006         0.039        -0.314


           Covariances
              IC_SE         SC            SC_SE
              ________      ________      ________
 IC_SE          0.714
 SC            -0.082         0.284
 SC_SE          0.068        -0.014         0.018


           Correlations
              IP            IP_SE         SP            SP_SE         IC
              ________      ________      ________      ________      ________
 IP             1.000
 IP_SE         -0.112         1.000
 SP            -0.231        -0.058         1.000
 SP_SE         -0.319         0.402         0.011         1.000
 IC             0.446        -0.139         0.266        -0.230         1.000
 IC_SE         -0.261         0.312         0.013         0.542        -0.237
 SC             0.551        -0.138         0.458        -0.233         0.581
 SC_SE         -0.333         0.346         0.052         0.960        -0.248


           Correlations
              IC_SE         SC            SC_SE
              ________      ________      ________
 IC_SE          1.000
 SC            -0.181         1.000
 SC_SE          0.605        -0.201         1.000


PLOT INFORMATION

The following plots are available:

  Histograms (sample values, estimated factor scores)
  Scatterplots (sample values, estimated factor scores)
  Latent variable distribution plots

     Beginning Time:  02:47:00
        Ending Time:  02:47:28
       Elapsed Time:  00:00:28



MUTHEN & MUTHEN
3463 Stoner Ave.
Los Angeles, CA  90066

Tel: (310) 391-9971
Fax: (310) 391-8971
Web: www.StatModel.com
Support: Support@StatModel.com

Copyright (c) 1998-2014 Muthen & Muthen
